#
# There is insufficient memory for the Java Runtime Environment to continue.
# Native memory allocation (malloc) failed to allocate 32744 bytes for ChunkPool::allocate
# Possible reasons:
#   The system is out of physical RAM or swap space
#   The process is running with CompressedOops enabled, and the Java Heap may be blocking the growth of the native heap
# Possible solutions:
#   Reduce memory load on the system
#   Increase physical memory or swap space
#   Check if swap backing store is full
#   Decrease Java heap size (-Xmx/-Xms)
#   Decrease number of Java threads
#   Decrease Java thread stack sizes (-Xss)
#   Set larger code cache with -XX:ReservedCodeCacheSize=
#   JVM is running with Unscaled Compressed Oops mode in which the Java heap is
#     placed in the first 4GB address space. The Java Heap base address is the
#     maximum limit for the native heap growth. Please use -XX:HeapBaseMinAddress
#     to set the Java Heap base and to place the Java Heap above 4GB virtual address.
# This output file may be truncated or incomplete.
#
#  Out of Memory Error (arena.cpp:79), pid=30260, tid=29760
#
# JRE version: OpenJDK Runtime Environment Temurin-17.0.9+9 (17.0.9+9) (build 17.0.9+9)
# Java VM: OpenJDK 64-Bit Server VM Temurin-17.0.9+9 (17.0.9+9, mixed mode, tiered, compressed oops, compressed class ptrs, parallel gc, windows-amd64)
# No core dump will be written. Minidumps are not enabled by default on client versions of Windows
#

---------------  S U M M A R Y ------------

Command Line: --add-modules=ALL-SYSTEM --add-opens=java.base/java.util=ALL-UNNAMED --add-opens=java.base/java.lang=ALL-UNNAMED --add-opens=java.base/sun.nio.fs=ALL-UNNAMED -Declipse.application=org.eclipse.jdt.ls.core.id1 -Dosgi.bundles.defaultStartLevel=4 -Declipse.product=org.eclipse.jdt.ls.core.product -Djava.import.generatesMetadataFilesAtProjectRoot=false -DDetectVMInstallationsJob.disabled=true -Dfile.encoding=utf8 -XX:+UseParallelGC -XX:GCTimeRatio=4 -XX:AdaptiveSizePolicyWeight=90 -Dsun.zip.disableMemoryMapping=true -Xmx1G -Xms100m -Xlog:disable -javaagent:c:\Users\samue\.vscode\extensions\redhat.java-1.26.0-win32-x64\lombok\lombok-1.18.31-3454.jar c:\Users\samue\.vscode\extensions\redhat.java-1.26.0-win32-x64\server\plugins\org.eclipse.equinox.launcher_1.6.700.v20231214-2017.jar -configuration c:\Users\samue\AppData\Roaming\Code\User\globalStorage\redhat.java\1.26.0\config_ss_win -data c:\Users\samue\AppData\Roaming\Code\User\workspaceStorage\56351bc7bcbd1d74bf766ebbbfb55092\redhat.java\ss_ws --stdio

Host: AMD Ryzen 5 5500U with Radeon Graphics         , 12 cores, 5G,  Windows 11 , 64 bit Build 22621 (10.0.22621.2506)
Time: Thu Jan 25 18:16:27 2024 Mitteleuropäische Zeit elapsed time: 0.137368 seconds (0d 0h 0m 0s)

---------------  T H R E A D  ---------------

Current thread (0x0000029dfab5dfc0):  JavaThread "C2 CompilerThread0" daemon [_thread_in_native, id=29760, stack(0x000000ad17400000,0x000000ad17500000)]


Current CompileTask:
C2:    137  125       4       java.lang.String::hashCode (60 bytes)

Stack: [0x000000ad17400000,0x000000ad17500000]
Native frames: (J=compiled Java code, j=interpreted, Vv=VM code, C=native code)
V  [jvm.dll+0x67cf49]
V  [jvm.dll+0x83478a]
V  [jvm.dll+0x83624e]
V  [jvm.dll+0x8368b3]
V  [jvm.dll+0x247f1f]
V  [jvm.dll+0xac65c]
V  [jvm.dll+0xaca8c]
V  [jvm.dll+0x6089d0]
V  [jvm.dll+0x608b69]
V  [jvm.dll+0x608b69]
V  [jvm.dll+0x608b69]
V  [jvm.dll+0x60e737]
V  [jvm.dll+0x60f5c2]
V  [jvm.dll+0x60db14]
V  [jvm.dll+0x21a428]
V  [jvm.dll+0x2199d1]
V  [jvm.dll+0x1a57cd]
V  [jvm.dll+0x2297ae]
V  [jvm.dll+0x22797c]
V  [jvm.dll+0x7e9877]
V  [jvm.dll+0x7e3c3a]
V  [jvm.dll+0x67be35]
C  [ucrtbase.dll+0x29363]
C  [KERNEL32.DLL+0x1257d]
C  [ntdll.dll+0x5aa58]


---------------  P R O C E S S  ---------------

Threads class SMR info:
_java_thread_list=0x0000029dfac69d00, length=11, elements={
0x0000029de1bea6f0, 0x0000029df5a75020, 0x0000029df5a75af0, 0x0000029df5a7b700,
0x0000029df5a7c1d0, 0x0000029df5a7d440, 0x0000029df5a7e4b0, 0x0000029dfab5dfc0,
0x0000029dfab5e8d0, 0x0000029dfab639a0, 0x0000029dfac6bb90
}

Java Threads: ( => current thread )
  0x0000029de1bea6f0 JavaThread "main" [_thread_in_vm, id=28044, stack(0x000000ad16b00000,0x000000ad16c00000)]
  0x0000029df5a75020 JavaThread "Reference Handler" daemon [_thread_blocked, id=19164, stack(0x000000ad16e00000,0x000000ad16f00000)]
  0x0000029df5a75af0 JavaThread "Finalizer" daemon [_thread_blocked, id=29476, stack(0x000000ad16f00000,0x000000ad17000000)]
  0x0000029df5a7b700 JavaThread "Signal Dispatcher" daemon [_thread_blocked, id=30520, stack(0x000000ad17000000,0x000000ad17100000)]
  0x0000029df5a7c1d0 JavaThread "Attach Listener" daemon [_thread_blocked, id=9316, stack(0x000000ad17100000,0x000000ad17200000)]
  0x0000029df5a7d440 JavaThread "Service Thread" daemon [_thread_blocked, id=24716, stack(0x000000ad17200000,0x000000ad17300000)]
  0x0000029df5a7e4b0 JavaThread "Monitor Deflation Thread" daemon [_thread_blocked, id=28356, stack(0x000000ad17300000,0x000000ad17400000)]
=>0x0000029dfab5dfc0 JavaThread "C2 CompilerThread0" daemon [_thread_in_native, id=29760, stack(0x000000ad17400000,0x000000ad17500000)]
  0x0000029dfab5e8d0 JavaThread "C1 CompilerThread0" daemon [_thread_blocked, id=23488, stack(0x000000ad17500000,0x000000ad17600000)]
  0x0000029dfab639a0 JavaThread "Sweeper thread" daemon [_thread_blocked, id=20896, stack(0x000000ad17600000,0x000000ad17700000)]
  0x0000029dfac6bb90 JavaThread "Common-Cleaner" daemon [_thread_blocked, id=27340, stack(0x000000ad17700000,0x000000ad17800000)]

Other Threads:
  0x0000029df5a60a90 VMThread "VM Thread" [stack: 0x000000ad16d00000,0x000000ad16e00000] [id=24020]
  0x0000029de1bffb00 GCTaskThread "GC Thread#0" [stack: 0x000000ad16c00000,0x000000ad16d00000] [id=22352]

Threads with active compile tasks:
C2 CompilerThread0      151  125       4       java.lang.String::hashCode (60 bytes)

VM state: not at safepoint (normal execution)

VM Mutex/Monitor currently owned by a thread: None

Heap address: 0x00000000c0000000, size: 1024 MB, Compressed Oops mode: 32-bit

CDS archive(s) not mapped
Compressed class space mapped at: 0x0000000100000000-0x0000000140000000, reserved size: 1073741824
Narrow klass base: 0x0000000000000000, Narrow klass shift: 3, Narrow klass range: 0x140000000

GC Precious Log:
 CPUs: 12 total, 12 available
 Memory: 6005M
 Large Page Support: Disabled
 NUMA Support: Disabled
 Compressed Oops: Enabled (32-bit)
 Alignments: Space 512K, Generation 512K, Heap 2M
 Heap Min Capacity: 100M
 Heap Initial Capacity: 100M
 Heap Max Capacity: 1G
 Pre-touch: Disabled
 Parallel Workers: 10

Heap:
 PSYoungGen      total 29696K, used 2560K [0x00000000eab00000, 0x00000000ecc00000, 0x0000000100000000)
  eden space 25600K, 10% used [0x00000000eab00000,0x00000000ead801e8,0x00000000ec400000)
  from space 4096K, 0% used [0x00000000ec800000,0x00000000ec800000,0x00000000ecc00000)
  to   space 4096K, 0% used [0x00000000ec400000,0x00000000ec400000,0x00000000ec800000)
 ParOldGen       total 68608K, used 0K [0x00000000c0000000, 0x00000000c4300000, 0x00000000eab00000)
  object space 68608K, 0% used [0x00000000c0000000,0x00000000c0000000,0x00000000c4300000)
 Metaspace       used 4528K, committed 4736K, reserved 1114112K
  class space    used 419K, committed 512K, reserved 1048576K

Card table byte_map: [0x0000029de15b0000,0x0000029de17c0000] _byte_map_base: 0x0000029de0fb0000

Marking Bits: (ParMarkBitMap*) 0x00007ff81803d0b0
 Begin Bits: [0x0000029df3880000, 0x0000029df4880000)
 End Bits:   [0x0000029df4880000, 0x0000029df5880000)

Polling page: 0x0000029de13a0000

Metaspace:

Usage:
  Non-class:      4.02 MB used.
      Class:    419.99 KB used.
       Both:      4.43 MB used.

Virtual space:
  Non-class space:       64.00 MB reserved,       4.12 MB (  6%) committed,  1 nodes.
      Class space:        1.00 GB reserved,     512.00 KB ( <1%) committed,  1 nodes.
             Both:        1.06 GB reserved,       4.62 MB ( <1%) committed. 

Chunk freelists:
   Non-Class:  11.00 MB
       Class:  15.56 MB
        Both:  26.56 MB

MaxMetaspaceSize: unlimited
CompressedClassSpaceSize: 1.00 GB
Initial GC threshold: 21.00 MB
Current GC threshold: 21.00 MB
CDS: off
MetaspaceReclaimPolicy: balanced
 - commit_granule_bytes: 65536.
 - commit_granule_words: 8192.
 - virtual_space_node_default_size: 8388608.
 - enlarge_chunks_in_place: 1.
 - new_chunks_are_fully_committed: 0.
 - uncommit_free_chunks: 1.
 - use_allocation_guard: 0.
 - handle_deallocations: 1.


Internal statistics:

num_allocs_failed_limit: 0.
num_arena_births: 6.
num_arena_deaths: 0.
num_vsnodes_births: 2.
num_vsnodes_deaths: 0.
num_space_committed: 74.
num_space_uncommitted: 0.
num_chunks_returned_to_freelist: 0.
num_chunks_taken_from_freelist: 10.
num_chunk_merges: 0.
num_chunk_splits: 5.
num_chunks_enlarged: 2.
num_inconsistent_stats: 0.

CodeHeap 'non-profiled nmethods': size=120000Kb used=48Kb max_used=48Kb free=119951Kb
 bounds [0x0000029dec350000, 0x0000029dec5c0000, 0x0000029df3880000]
CodeHeap 'profiled nmethods': size=120000Kb used=210Kb max_used=210Kb free=119789Kb
 bounds [0x0000029de4880000, 0x0000029de4af0000, 0x0000029debdb0000]
CodeHeap 'non-nmethods': size=5760Kb used=1070Kb max_used=1070Kb free=4689Kb
 bounds [0x0000029debdb0000, 0x0000029dec020000, 0x0000029dec350000]
 total_blobs=523 nmethods=184 adapters=254
 compilation: enabled
              stopped_count=0, restarted_count=0
 full_count=0

Compilation events (20 events):
Event: 0.132 Thread 0x0000029dfab5e8d0 nmethod 122 0x0000029dec357d90 code [0x0000029dec357f20, 0x0000029dec357ff8]
Event: 0.132 Thread 0x0000029dfab5e8d0  123       1       java.lang.module.ModuleDescriptor$Exports::targets (5 bytes)
Event: 0.132 Thread 0x0000029dfab5e8d0 nmethod 123 0x0000029dec358090 code [0x0000029dec358220, 0x0000029dec3582f8]
Event: 0.132 Thread 0x0000029dfab5e8d0  124       1       java.lang.module.ModuleDescriptor$Exports::source (5 bytes)
Event: 0.132 Thread 0x0000029dfab5e8d0 nmethod 124 0x0000029dec358390 code [0x0000029dec358520, 0x0000029dec3585f8]
Event: 0.132 Thread 0x0000029dfab5e8d0  121       3       java.lang.module.ResolvedModule::hashCode (16 bytes)
Event: 0.132 Thread 0x0000029dfab5e8d0 nmethod 121 0x0000029de48a3710 code [0x0000029de48a38c0, 0x0000029de48a3ad8]
Event: 0.132 Thread 0x0000029dfab5e8d0  126       3       java.lang.module.ModuleDescriptor$Exports::isQualified (18 bytes)
Event: 0.133 Thread 0x0000029dfab5e8d0 nmethod 126 0x0000029de48a3c10 code [0x0000029de48a3dc0, 0x0000029de48a3fe8]
Event: 0.133 Thread 0x0000029dfab5e8d0  128       3       java.util.ImmutableCollections$SetN::isEmpty (13 bytes)
Event: 0.133 Thread 0x0000029dfab5e8d0 nmethod 128 0x0000029de48a4090 code [0x0000029de48a4220, 0x0000029de48a4398]
Event: 0.133 Thread 0x0000029dfab5e8d0  131       3       java.util.HashMap::putIfAbsent (13 bytes)
Event: 0.133 Thread 0x0000029dfab5e8d0 nmethod 131 0x0000029de48a4410 code [0x0000029de48a45c0, 0x0000029de48a48b8]
Event: 0.133 Thread 0x0000029dfab5e8d0  129       3       java.util.ImmutableCollections$Set12::contains (28 bytes)
Event: 0.133 Thread 0x0000029dfab5e8d0 nmethod 129 0x0000029de48a4a10 code [0x0000029de48a4bc0, 0x0000029de48a4ef8]
Event: 0.133 Thread 0x0000029dfab5e8d0  130       3       java.lang.Object::equals (11 bytes)
Event: 0.133 Thread 0x0000029dfab5e8d0 nmethod 130 0x0000029de48a5010 code [0x0000029de48a51a0, 0x0000029de48a5318]
Event: 0.133 Thread 0x0000029dfab5e8d0  118       1       java.lang.module.ModuleDescriptor::isAutomatic (5 bytes)
Event: 0.133 Thread 0x0000029dfab5e8d0 nmethod 118 0x0000029dec358690 code [0x0000029dec358820, 0x0000029dec3588f8]
Event: 0.133 Thread 0x0000029dfab5e8d0  135       3       java.util.HashMap::resize (358 bytes)

GC Heap History (0 events):
No events

Dll operation events (1 events):
Event: 0.009 Loaded shared library c:\Users\samue\.vscode\extensions\redhat.java-1.26.0-win32-x64\jre\17.0.9-win32-x86_64\bin\java.dll

Deoptimization events (0 events):
No events

Classes unloaded (0 events):
No events

Classes redefined (0 events):
No events

Internal exceptions (1 events):
Event: 0.125 Thread 0x0000029de1bea6f0 Exception <a 'java/lang/NoSuchMethodError'{0x00000000eacb26e0}: 'void java.lang.invoke.DirectMethodHandle$Holder.invokeStatic(java.lang.Object, java.lang.Object, java.lang.Object)'> (0x00000000eacb26e0) 
thrown [s\src\hotspot\share\interpreter\linkResolver.cpp, line 759]

VM Operations (2 events):
Event: 0.130 Executing VM operation: HandshakeAllThreads
Event: 0.130 Executing VM operation: HandshakeAllThreads done

Events (20 events):
Event: 0.127 loading class java/lang/module/ModuleFinder$1
Event: 0.127 loading class java/lang/module/ModuleFinder$1 done
Event: 0.128 loading class java/util/ImmutableCollections$ListItr
Event: 0.128 loading class java/util/ListIterator
Event: 0.128 loading class java/util/ListIterator done
Event: 0.128 loading class java/util/ImmutableCollections$ListItr done
Event: 0.129 loading class java/lang/ModuleLayer
Event: 0.129 loading class java/lang/ModuleLayer done
Event: 0.129 loading class java/util/HashMap$Values
Event: 0.129 loading class java/util/HashMap$Values done
Event: 0.129 loading class java/util/HashMap$ValueIterator
Event: 0.129 loading class java/util/HashMap$ValueIterator done
Event: 0.129 loading class java/util/LinkedHashSet
Event: 0.129 loading class java/util/LinkedHashSet done
Event: 0.129 loading class java/util/LinkedHashMap
Event: 0.129 loading class java/util/LinkedHashMap done
Event: 0.130 loading class java/util/Collections$UnmodifiableCollection$1
Event: 0.130 loading class java/util/Collections$UnmodifiableCollection$1 done
Event: 0.130 loading class java/lang/module/ResolvedModule
Event: 0.130 loading class java/lang/module/ResolvedModule done


Dynamic libraries:
0x00007ff639130000 - 0x00007ff63913e000 	c:\Users\samue\.vscode\extensions\redhat.java-1.26.0-win32-x64\jre\17.0.9-win32-x86_64\bin\java.exe
0x00007ff907ab0000 - 0x00007ff907cc7000 	C:\WINDOWS\SYSTEM32\ntdll.dll
0x00007ff905980000 - 0x00007ff905a44000 	C:\WINDOWS\System32\KERNEL32.DLL
0x00007ff9051f0000 - 0x00007ff905596000 	C:\WINDOWS\System32\KERNELBASE.dll
0x00007ff9055a0000 - 0x00007ff9056b1000 	C:\WINDOWS\System32\ucrtbase.dll
0x00007ff8c6360000 - 0x00007ff8c637b000 	c:\Users\samue\.vscode\extensions\redhat.java-1.26.0-win32-x64\jre\17.0.9-win32-x86_64\bin\VCRUNTIME140.dll
0x00007ff8dbbc0000 - 0x00007ff8dbbd7000 	c:\Users\samue\.vscode\extensions\redhat.java-1.26.0-win32-x64\jre\17.0.9-win32-x86_64\bin\jli.dll
0x00007ff906100000 - 0x00007ff9062ae000 	C:\WINDOWS\System32\USER32.dll
0x00007ff8f2e70000 - 0x00007ff8f3103000 	C:\WINDOWS\WinSxS\amd64_microsoft.windows.common-controls_6595b64144ccf1df_6.0.22621.2506_none_270c5ae97388e100\COMCTL32.dll
0x00007ff904e20000 - 0x00007ff904e46000 	C:\WINDOWS\System32\win32u.dll
0x00007ff905fa0000 - 0x00007ff905fc9000 	C:\WINDOWS\System32\GDI32.dll
0x00007ff905ac0000 - 0x00007ff905b67000 	C:\WINDOWS\System32\msvcrt.dll
0x00007ff9050d0000 - 0x00007ff9051e8000 	C:\WINDOWS\System32\gdi32full.dll
0x00007ff904fc0000 - 0x00007ff90505a000 	C:\WINDOWS\System32\msvcp_win.dll
0x00007ff9062b0000 - 0x00007ff9062e1000 	C:\WINDOWS\System32\IMM32.DLL
0x00007ff8dc2b0000 - 0x00007ff8dc2bc000 	c:\Users\samue\.vscode\extensions\redhat.java-1.26.0-win32-x64\jre\17.0.9-win32-x86_64\bin\vcruntime140_1.dll
0x00007ff881150000 - 0x00007ff8811dd000 	c:\Users\samue\.vscode\extensions\redhat.java-1.26.0-win32-x64\jre\17.0.9-win32-x86_64\bin\msvcp140.dll
0x00007ff8174a0000 - 0x00007ff818101000 	c:\Users\samue\.vscode\extensions\redhat.java-1.26.0-win32-x64\jre\17.0.9-win32-x86_64\bin\server\jvm.dll
0x00007ff906320000 - 0x00007ff9063d1000 	C:\WINDOWS\System32\ADVAPI32.dll
0x00007ff9079c0000 - 0x00007ff907a65000 	C:\WINDOWS\System32\sechost.dll
0x00007ff905fd0000 - 0x00007ff9060e7000 	C:\WINDOWS\System32\RPCRT4.dll
0x00007ff904780000 - 0x00007ff9047cd000 	C:\WINDOWS\SYSTEM32\POWRPROF.dll
0x00007ff8f8dc0000 - 0x00007ff8f8dca000 	C:\WINDOWS\SYSTEM32\VERSION.dll
0x00007ff8e5a10000 - 0x00007ff8e5a19000 	C:\WINDOWS\SYSTEM32\WSOCK32.dll
0x00007ff8fd410000 - 0x00007ff8fd444000 	C:\WINDOWS\SYSTEM32\WINMM.dll
0x00007ff905b70000 - 0x00007ff905be1000 	C:\WINDOWS\System32\WS2_32.dll
0x00007ff9046f0000 - 0x00007ff904703000 	C:\WINDOWS\SYSTEM32\UMPDC.dll
0x00007ff903df0000 - 0x00007ff903e08000 	C:\WINDOWS\SYSTEM32\kernel.appcore.dll
0x00007ff8dbd90000 - 0x00007ff8dbd9a000 	c:\Users\samue\.vscode\extensions\redhat.java-1.26.0-win32-x64\jre\17.0.9-win32-x86_64\bin\jimage.dll
0x00007ff902720000 - 0x00007ff902953000 	C:\WINDOWS\SYSTEM32\DBGHELP.DLL
0x00007ff907120000 - 0x00007ff9074a9000 	C:\WINDOWS\System32\combase.dll
0x00007ff905dc0000 - 0x00007ff905e97000 	C:\WINDOWS\System32\OLEAUT32.dll
0x00007ff8e07f0000 - 0x00007ff8e0822000 	C:\WINDOWS\SYSTEM32\dbgcore.DLL
0x00007ff9056c0000 - 0x00007ff90573a000 	C:\WINDOWS\System32\bcryptPrimitives.dll
0x00007ff8dbb50000 - 0x00007ff8dbb5e000 	c:\Users\samue\.vscode\extensions\redhat.java-1.26.0-win32-x64\jre\17.0.9-win32-x86_64\bin\instrument.dll
0x00007ff8a9a50000 - 0x00007ff8a9a75000 	c:\Users\samue\.vscode\extensions\redhat.java-1.26.0-win32-x64\jre\17.0.9-win32-x86_64\bin\java.dll
0x00007ff8c5880000 - 0x00007ff8c5898000 	c:\Users\samue\.vscode\extensions\redhat.java-1.26.0-win32-x64\jre\17.0.9-win32-x86_64\bin\zip.dll
0x00007ff9063f0000 - 0x00007ff906c4a000 	C:\WINDOWS\System32\SHELL32.dll
0x00007ff902cf0000 - 0x00007ff9035e6000 	C:\WINDOWS\SYSTEM32\windows.storage.dll
0x00007ff902bb0000 - 0x00007ff902cee000 	C:\WINDOWS\SYSTEM32\wintypes.dll
0x00007ff9074b0000 - 0x00007ff9075a3000 	C:\WINDOWS\System32\SHCORE.dll
0x00007ff905920000 - 0x00007ff90597e000 	C:\WINDOWS\System32\shlwapi.dll
0x00007ff904d50000 - 0x00007ff904d76000 	C:\WINDOWS\SYSTEM32\profapi.dll

dbghelp: loaded successfully - version: 4.0.5 - missing functions: none
symbol engine: initialized successfully - sym options: 0x614 - pdb path: .;c:\Users\samue\.vscode\extensions\redhat.java-1.26.0-win32-x64\jre\17.0.9-win32-x86_64\bin;C:\WINDOWS\SYSTEM32;C:\WINDOWS\WinSxS\amd64_microsoft.windows.common-controls_6595b64144ccf1df_6.0.22621.2506_none_270c5ae97388e100;c:\Users\samue\.vscode\extensions\redhat.java-1.26.0-win32-x64\jre\17.0.9-win32-x86_64\bin\server

VM Arguments:
jvm_args: --add-modules=ALL-SYSTEM --add-opens=java.base/java.util=ALL-UNNAMED --add-opens=java.base/java.lang=ALL-UNNAMED --add-opens=java.base/sun.nio.fs=ALL-UNNAMED -Declipse.application=org.eclipse.jdt.ls.core.id1 -Dosgi.bundles.defaultStartLevel=4 -Declipse.product=org.eclipse.jdt.ls.core.product -Djava.import.generatesMetadataFilesAtProjectRoot=false -DDetectVMInstallationsJob.disabled=true -Dfile.encoding=utf8 -XX:+UseParallelGC -XX:GCTimeRatio=4 -XX:AdaptiveSizePolicyWeight=90 -Dsun.zip.disableMemoryMapping=true -Xmx1G -Xms100m -Xlog:disable -javaagent:c:\Users\samue\.vscode\extensions\redhat.java-1.26.0-win32-x64\lombok\lombok-1.18.31-3454.jar 
java_command: c:\Users\samue\.vscode\extensions\redhat.java-1.26.0-win32-x64\server\plugins\org.eclipse.equinox.launcher_1.6.700.v20231214-2017.jar -configuration c:\Users\samue\AppData\Roaming\Code\User\globalStorage\redhat.java\1.26.0\config_ss_win -data c:\Users\samue\AppData\Roaming\Code\User\workspaceStorage\56351bc7bcbd1d74bf766ebbbfb55092\redhat.java\ss_ws --stdio
java_class_path (initial): c:\Users\samue\.vscode\extensions\redhat.java-1.26.0-win32-x64\server\plugins\org.eclipse.equinox.launcher_1.6.700.v20231214-2017.jar
Launcher Type: SUN_STANDARD

[Global flags]
    uintx AdaptiveSizePolicyWeight                 = 90                                        {product} {command line}
     intx CICompilerCount                          = 4                                         {product} {ergonomic}
    uintx GCTimeRatio                              = 4                                         {product} {command line}
   size_t InitialHeapSize                          = 104857600                                 {product} {command line}
   size_t MaxHeapSize                              = 1073741824                                {product} {command line}
   size_t MaxNewSize                               = 357564416                                 {product} {ergonomic}
   size_t MinHeapDeltaBytes                        = 524288                                    {product} {ergonomic}
   size_t MinHeapSize                              = 104857600                                 {product} {command line}
   size_t NewSize                                  = 34603008                                  {product} {ergonomic}
    uintx NonNMethodCodeHeapSize                   = 5839372                                {pd product} {ergonomic}
    uintx NonProfiledCodeHeapSize                  = 122909434                              {pd product} {ergonomic}
   size_t OldSize                                  = 70254592                                  {product} {ergonomic}
    uintx ProfiledCodeHeapSize                     = 122909434                              {pd product} {ergonomic}
    uintx ReservedCodeCacheSize                    = 251658240                              {pd product} {ergonomic}
     bool SegmentedCodeCache                       = true                                      {product} {ergonomic}
   size_t SoftMaxHeapSize                          = 1073741824                             {manageable} {ergonomic}
     bool UseCompressedClassPointers               = true                           {product lp64_product} {ergonomic}
     bool UseCompressedOops                        = true                           {product lp64_product} {ergonomic}
     bool UseLargePagesIndividualAllocation        = false                                  {pd product} {ergonomic}
     bool UseParallelGC                            = true                                      {product} {command line}

Logging:
Log output configuration:
 #0: stdout all=off uptime,level,tags
 #1: stderr all=off uptime,level,tags

Environment Variables:
JAVA_HOME=C:\Program Files\Java\jdk-17
PATH=C:\Program Files\Eclipse Adoptium\jdk-17.0.9.9-hotspot\bin;C:\Program Files\Common Files\Oracle\Java\javapath;C:\Program Files (x86)\Common Files\Oracle\Java\javapath;C:\WINDOWS\system32;C:\WINDOWS;C:\WINDOWS\System32\Wbem;C:\WINDOWS\System32\WindowsPowerShell\v1.0\;C:\WINDOWS\System32\OpenSSH\;C:\Program Files\Git\cmd;C:\Program Files\dotnet\;C:\Program Files\apache-maven-3.8.8\bin;C:\Program Files\Docker\Docker\resources\bin;C:\Program Files\PuTTY\;C:\Program Files\Java\jdk-17\bin;C:\Program Files\MySQL\MySQL Shell 8.0\bin\;C:\Users\samue\AppData\Local\Microsoft\WindowsApps;C:\Program Files\JetBrains\IntelliJ IDEA Community Edition 2021.2.2\bin;;C:\Users\samue\AppData\Local\Programs\Microsoft VS Code\bin;C:\Program Files\CodeBlocks\MinGW\bin;C:\MinGW\bin;C:\Program Files\javafx-sdk-17.0.0.1\lib;C:\Users\samue\AppData\Local\GitHubDesktop\bin;C:\Users\samue\AppData\Local\Google\Cloud SDK\google-cloud-sdk\bin;C:\Program Files\Java\jdk-17\bin;
USERNAME=samue
OS=Windows_NT
PROCESSOR_IDENTIFIER=AMD64 Family 23 Model 104 Stepping 1, AuthenticAMD
TMP=C:\Users\samue\AppData\Local\Temp
TEMP=C:\Users\samue\AppData\Local\Temp



Periodic native trim disabled


---------------  S Y S T E M  ---------------

OS:
 Windows 11 , 64 bit Build 22621 (10.0.22621.2506)
OS uptime: 4 days 22:41 hours
Hyper-V role detected

CPU: total 12 (initial active 12) (12 cores per cpu, 2 threads per core) family 23 model 104 stepping 1 microcode 0x0, cx8, cmov, fxsr, ht, mmx, 3dnowpref, sse, sse2, sse3, ssse3, sse4a, sse4.1, sse4.2, popcnt, lzcnt, tsc, tscinvbit, avx, avx2, aes, clmul, bmi1, bmi2, adx, sha, fma, vzeroupper, clflush, clflushopt, hv
Processor Information for processor 0
  Max Mhz: 2100, Current Mhz: 2100, Mhz Limit: 2100
Processor Information for processor 1
  Max Mhz: 2100, Current Mhz: 2100, Mhz Limit: 2100
Processor Information for processor 2
  Max Mhz: 2100, Current Mhz: 2100, Mhz Limit: 2100
Processor Information for processor 3
  Max Mhz: 2100, Current Mhz: 1988, Mhz Limit: 2100
Processor Information for processor 4
  Max Mhz: 2100, Current Mhz: 1988, Mhz Limit: 2100
Processor Information for processor 5
  Max Mhz: 2100, Current Mhz: 2100, Mhz Limit: 2100
Processor Information for processor 6
  Max Mhz: 2100, Current Mhz: 2100, Mhz Limit: 2100
Processor Information for processor 7
  Max Mhz: 2100, Current Mhz: 2100, Mhz Limit: 2100
Processor Information for processor 8
  Max Mhz: 2100, Current Mhz: 2100, Mhz Limit: 2100
Processor Information for processor 9
  Max Mhz: 2100, Current Mhz: 2100, Mhz Limit: 2100
Processor Information for processor 10
  Max Mhz: 2100, Current Mhz: 2100, Mhz Limit: 2100
Processor Information for processor 11
  Max Mhz: 2100, Current Mhz: 2100, Mhz Limit: 2100

Memory: 4k page, system-wide physical 6005M (321M free)
TotalPageFile size 24437M (AvailPageFile size 0M)
current process WorkingSet (physical memory assigned to process): 30M, peak: 30M
current process commit charge ("private bytes"): 190M, peak: 190M

vm_info: OpenJDK 64-Bit Server VM (17.0.9+9) for windows-amd64 JRE (17.0.9+9), built on Oct 26 2023 14:01:42 by "admin" with MS VC++ 16.10 / 16.11 (VS2019)

END.
