#
# There is insufficient memory for the Java Runtime Environment to continue.
# Native memory allocation (malloc) failed to allocate 2174416 bytes for Chunk::new
# Possible reasons:
#   The system is out of physical RAM or swap space
#   The process is running with CompressedOops enabled, and the Java Heap may be blocking the growth of the native heap
# Possible solutions:
#   Reduce memory load on the system
#   Increase physical memory or swap space
#   Check if swap backing store is full
#   Decrease Java heap size (-Xmx/-Xms)
#   Decrease number of Java threads
#   Decrease Java thread stack sizes (-Xss)
#   Set larger code cache with -XX:ReservedCodeCacheSize=
#   JVM is running with Unscaled Compressed Oops mode in which the Java heap is
#     placed in the first 4GB address space. The Java Heap base address is the
#     maximum limit for the native heap growth. Please use -XX:HeapBaseMinAddress
#     to set the Java Heap base and to place the Java Heap above 4GB virtual address.
# This output file may be truncated or incomplete.
#
#  Out of Memory Error (arena.cpp:191), pid=25648, tid=29980
#
# JRE version: OpenJDK Runtime Environment Temurin-17.0.9+9 (17.0.9+9) (build 17.0.9+9)
# Java VM: OpenJDK 64-Bit Server VM Temurin-17.0.9+9 (17.0.9+9, mixed mode, tiered, compressed oops, compressed class ptrs, parallel gc, windows-amd64)
# No core dump will be written. Minidumps are not enabled by default on client versions of Windows
#

---------------  S U M M A R Y ------------

Command Line: --add-modules=ALL-SYSTEM --add-opens=java.base/java.util=ALL-UNNAMED --add-opens=java.base/java.lang=ALL-UNNAMED --add-opens=java.base/sun.nio.fs=ALL-UNNAMED -Declipse.application=org.eclipse.jdt.ls.core.id1 -Dosgi.bundles.defaultStartLevel=4 -Declipse.product=org.eclipse.jdt.ls.core.product -Djava.import.generatesMetadataFilesAtProjectRoot=false -DDetectVMInstallationsJob.disabled=true -Dfile.encoding=utf8 -XX:+UseParallelGC -XX:GCTimeRatio=4 -XX:AdaptiveSizePolicyWeight=90 -Dsun.zip.disableMemoryMapping=true -Xmx1G -Xms100m -Xlog:disable -javaagent:c:\Users\samue\.vscode\extensions\redhat.java-1.26.0-win32-x64\lombok\lombok-1.18.31-3454.jar -XX:+HeapDumpOnOutOfMemoryError -XX:HeapDumpPath=c:\Users\samue\AppData\Roaming\Code\User\workspaceStorage\56351bc7bcbd1d74bf766ebbbfb55092\redhat.java -Daether.dependencyCollector.impl=bf c:\Users\samue\.vscode\extensions\redhat.java-1.26.0-win32-x64\server\plugins\org.eclipse.equinox.launcher_1.6.700.v20231214-2017.jar -configuration c:\Users\samue\AppData\Roaming\Code\User\globalStorage\redhat.java\1.26.0\config_win -data c:\Users\samue\AppData\Roaming\Code\User\workspaceStorage\56351bc7bcbd1d74bf766ebbbfb55092\redhat.java\jdt_ws --stdio

Host: AMD Ryzen 5 5500U with Radeon Graphics         , 12 cores, 5G,  Windows 11 , 64 bit Build 22621 (10.0.22621.2506)
Time: Thu Jan 25 18:21:19 2024 Mitteleuropäische Zeit elapsed time: 14.720150 seconds (0d 0h 0m 14s)

---------------  T H R E A D  ---------------

Current thread (0x000001f1b62e31e0):  JavaThread "C2 CompilerThread0" daemon [_thread_in_native, id=29980, stack(0x00000010a9e00000,0x00000010a9f00000)]


Current CompileTask:
C2:  14720 3976       4       org.lombokweb.asm.ClassReader::readMethod (1066 bytes)

Stack: [0x00000010a9e00000,0x00000010a9f00000]
Native frames: (J=compiled Java code, j=interpreted, Vv=VM code, C=native code)
V  [jvm.dll+0x67cf49]
V  [jvm.dll+0x83478a]
V  [jvm.dll+0x83624e]
V  [jvm.dll+0x8368b3]
V  [jvm.dll+0x247f1f]
V  [jvm.dll+0xac43c]
V  [jvm.dll+0xaca8c]
V  [jvm.dll+0x367012]
V  [jvm.dll+0x1bd722]
V  [jvm.dll+0x21a709]
V  [jvm.dll+0x2199d1]
V  [jvm.dll+0x1a57cd]
V  [jvm.dll+0x2297ae]
V  [jvm.dll+0x22797c]
V  [jvm.dll+0x7e9877]
V  [jvm.dll+0x7e3c3a]
V  [jvm.dll+0x67be35]
C  [ucrtbase.dll+0x29363]
C  [KERNEL32.DLL+0x1257d]
C  [ntdll.dll+0x5aa58]


---------------  P R O C E S S  ---------------

Threads class SMR info:
_java_thread_list=0x000001f1b94ea7b0, length=24, elements={
0x000001f19d0a81d0, 0x000001f1b0f38660, 0x000001f1b0f39c80, 0x000001f1b62dd270,
0x000001f1b62de0f0, 0x000001f1b62df710, 0x000001f1b62e0430, 0x000001f1b62e31e0,
0x000001f1b62ee4f0, 0x000001f1b62ef690, 0x000001f1b6475fd0, 0x000001f1b78f7fb0,
0x000001f1b7fba8f0, 0x000001f1b7fc8b70, 0x000001f1b802c5c0, 0x000001f1b7e825d0,
0x000001f1b838bf90, 0x000001f1b7c44300, 0x000001f1b840fdd0, 0x000001f1b8413580,
0x000001f1b8412650, 0x000001f1b84107f0, 0x000001f1b84102e0, 0x000001f1b8410d00
}

Java Threads: ( => current thread )
  0x000001f19d0a81d0 JavaThread "main" [_thread_blocked, id=28816, stack(0x00000010a9500000,0x00000010a9600000)]
  0x000001f1b0f38660 JavaThread "Reference Handler" daemon [_thread_blocked, id=24044, stack(0x00000010a9800000,0x00000010a9900000)]
  0x000001f1b0f39c80 JavaThread "Finalizer" daemon [_thread_blocked, id=20724, stack(0x00000010a9900000,0x00000010a9a00000)]
  0x000001f1b62dd270 JavaThread "Signal Dispatcher" daemon [_thread_blocked, id=15240, stack(0x00000010a9a00000,0x00000010a9b00000)]
  0x000001f1b62de0f0 JavaThread "Attach Listener" daemon [_thread_blocked, id=21260, stack(0x00000010a9b00000,0x00000010a9c00000)]
  0x000001f1b62df710 JavaThread "Service Thread" daemon [_thread_blocked, id=27436, stack(0x00000010a9c00000,0x00000010a9d00000)]
  0x000001f1b62e0430 JavaThread "Monitor Deflation Thread" daemon [_thread_blocked, id=23800, stack(0x00000010a9d00000,0x00000010a9e00000)]
=>0x000001f1b62e31e0 JavaThread "C2 CompilerThread0" daemon [_thread_in_native, id=29980, stack(0x00000010a9e00000,0x00000010a9f00000)]
  0x000001f1b62ee4f0 JavaThread "C1 CompilerThread0" daemon [_thread_in_native, id=26796, stack(0x00000010a9f00000,0x00000010aa000000)]
  0x000001f1b62ef690 JavaThread "Sweeper thread" daemon [_thread_blocked, id=18888, stack(0x00000010aa000000,0x00000010aa100000)]
  0x000001f1b6475fd0 JavaThread "Common-Cleaner" daemon [_thread_blocked, id=7860, stack(0x00000010aa100000,0x00000010aa200000)]
  0x000001f1b78f7fb0 JavaThread "Notification Thread" daemon [_thread_blocked, id=1604, stack(0x00000010aa200000,0x00000010aa300000)]
  0x000001f1b7fba8f0 JavaThread "Active Thread: Equinox Container: fd1425ee-7044-4c63-b074-99a8b7190c67" [_thread_blocked, id=22904, stack(0x00000010aaa00000,0x00000010aab00000)]
  0x000001f1b7fc8b70 JavaThread "Framework Event Dispatcher: Equinox Container: fd1425ee-7044-4c63-b074-99a8b7190c67" daemon [_thread_blocked, id=6328, stack(0x00000010aab00000,0x00000010aac00000)]
  0x000001f1b802c5c0 JavaThread "Start Level: Equinox Container: fd1425ee-7044-4c63-b074-99a8b7190c67" daemon [_thread_in_Java, id=14180, stack(0x00000010aac00000,0x00000010aad00000)]
  0x000001f1b7e825d0 JavaThread "Bundle File Closer" daemon [_thread_blocked, id=1812, stack(0x00000010aae00000,0x00000010aaf00000)]
  0x000001f1b838bf90 JavaThread "SCR Component Actor" daemon [_thread_blocked, id=28452, stack(0x00000010aaf00000,0x00000010ab000000)]
  0x000001f1b7c44300 JavaThread "SCR Component Registry" daemon [_thread_blocked, id=15448, stack(0x00000010ab200000,0x00000010ab300000)]
  0x000001f1b840fdd0 JavaThread "Worker-JM" [_thread_blocked, id=21368, stack(0x00000010ab300000,0x00000010ab400000)]
  0x000001f1b8413580 JavaThread "Worker-0: Processing Java changes since last activation" [_thread_blocked, id=25816, stack(0x00000010ab400000,0x00000010ab500000)]
  0x000001f1b8412650 JavaThread "Worker-1: Building" [_thread_in_native, id=11080, stack(0x00000010ab500000,0x00000010ab600000)]
  0x000001f1b84107f0 JavaThread "Worker-2" [_thread_blocked, id=14000, stack(0x00000010ab600000,0x00000010ab700000)]
  0x000001f1b84102e0 JavaThread "Java indexing" daemon [_thread_blocked, id=24580, stack(0x00000010ab700000,0x00000010ab800000)]
  0x000001f1b8410d00 JavaThread "Worker-3" [_thread_blocked, id=24752, stack(0x00000010ab800000,0x00000010ab900000)]

Other Threads:
  0x000001f1b62a11b0 VMThread "VM Thread" [stack: 0x00000010a9700000,0x00000010a9800000] [id=26280]
  0x000001f1b78f8490 WatcherThread [stack: 0x00000010aa300000,0x00000010aa400000] [id=29464]
  0x000001f19d0bcac0 GCTaskThread "GC Thread#0" [stack: 0x00000010a9600000,0x00000010a9700000] [id=28964]
  0x000001f1b7ea0b80 GCTaskThread "GC Thread#1" [stack: 0x00000010aa400000,0x00000010aa500000] [id=24224]
  0x000001f1b7e87300 GCTaskThread "GC Thread#2" [stack: 0x00000010aa500000,0x00000010aa600000] [id=17844]
  0x000001f1b7f947a0 GCTaskThread "GC Thread#3" [stack: 0x00000010aa600000,0x00000010aa700000] [id=25380]
  0x000001f1b7f94a60 GCTaskThread "GC Thread#4" [stack: 0x00000010aa700000,0x00000010aa800000] [id=14588]
  0x000001f1b7d18060 GCTaskThread "GC Thread#5" [stack: 0x00000010aa800000,0x00000010aa900000] [id=18620]
  0x000001f1b7d18320 GCTaskThread "GC Thread#6" [stack: 0x00000010aa900000,0x00000010aaa00000] [id=8904]
  0x000001f1b824c800 GCTaskThread "GC Thread#7" [stack: 0x00000010aad00000,0x00000010aae00000] [id=8368]
  0x000001f1b8379740 GCTaskThread "GC Thread#8" [stack: 0x00000010ab000000,0x00000010ab100000] [id=2100]
  0x000001f1b8379a00 GCTaskThread "GC Thread#9" [stack: 0x00000010ab100000,0x00000010ab200000] [id=27372]

Threads with active compile tasks:
C2 CompilerThread0    14757 3976       4       org.lombokweb.asm.ClassReader::readMethod (1066 bytes)
C1 CompilerThread0    14757 4283       3       java.util.TreeMap::fixAfterInsertion (267 bytes)

VM state: not at safepoint (normal execution)

VM Mutex/Monitor currently owned by a thread:  ([mutex/lock_event])
[0x000001f19aec6800] CodeCache_lock - owner thread: 0x000001f1b62ee4f0
[0x000001f19d0a39f0] Compile_lock - owner thread: 0x000001f1b62ee4f0
[0x000001f19d0a4e30] MethodCompileQueue_lock - owner thread: 0x000001f1b62ee4f0

Heap address: 0x00000000c0000000, size: 1024 MB, Compressed Oops mode: 32-bit

CDS archive(s) not mapped
Compressed class space mapped at: 0x0000000100000000-0x0000000140000000, reserved size: 1073741824
Narrow klass base: 0x0000000000000000, Narrow klass shift: 3, Narrow klass range: 0x140000000

GC Precious Log:
 CPUs: 12 total, 12 available
 Memory: 6005M
 Large Page Support: Disabled
 NUMA Support: Disabled
 Compressed Oops: Enabled (32-bit)
 Alignments: Space 512K, Generation 512K, Heap 2M
 Heap Min Capacity: 100M
 Heap Initial Capacity: 100M
 Heap Max Capacity: 1G
 Pre-touch: Disabled
 Parallel Workers: 10

Heap:
 PSYoungGen      total 25600K, used 7965K [0x00000000eab00000, 0x00000000ec800000, 0x0000000100000000)
  eden space 23552K, 33% used [0x00000000eab00000,0x00000000eb2c7448,0x00000000ec200000)
  from space 2048K, 0% used [0x00000000ec600000,0x00000000ec600000,0x00000000ec800000)
  to   space 2048K, 0% used [0x00000000ec400000,0x00000000ec400000,0x00000000ec600000)
 ParOldGen       total 68608K, used 14105K [0x00000000c0000000, 0x00000000c4300000, 0x00000000eab00000)
  object space 68608K, 20% used [0x00000000c0000000,0x00000000c0dc6568,0x00000000c4300000)
 Metaspace       used 36208K, committed 37120K, reserved 1114112K
  class space    used 3589K, committed 3968K, reserved 1048576K

Card table byte_map: [0x000001f19ca70000,0x000001f19cc80000] _byte_map_base: 0x000001f19c470000

Marking Bits: (ParMarkBitMap*) 0x00007ff81a82d0b0
 Begin Bits: [0x000001f1aed40000, 0x000001f1afd40000)
 End Bits:   [0x000001f1afd40000, 0x000001f1b0d40000)

Polling page: 0x000001f19c860000

Metaspace:

Usage:
  Non-class:     31.86 MB used.
      Class:      3.51 MB used.
       Both:     35.36 MB used.

Virtual space:
  Non-class space:       64.00 MB reserved,      32.38 MB ( 51%) committed,  1 nodes.
      Class space:        1.00 GB reserved,       3.88 MB ( <1%) committed,  1 nodes.
             Both:        1.06 GB reserved,      36.25 MB (  3%) committed. 

Chunk freelists:
   Non-Class:  15.47 MB
       Class:  12.06 MB
        Both:  27.53 MB

MaxMetaspaceSize: unlimited
CompressedClassSpaceSize: 1.00 GB
Initial GC threshold: 21.00 MB
Current GC threshold: 58.38 MB
CDS: off
MetaspaceReclaimPolicy: balanced
 - commit_granule_bytes: 65536.
 - commit_granule_words: 8192.
 - virtual_space_node_default_size: 8388608.
 - enlarge_chunks_in_place: 1.
 - new_chunks_are_fully_committed: 0.
 - uncommit_free_chunks: 1.
 - use_allocation_guard: 0.
 - handle_deallocations: 1.


Internal statistics:

num_allocs_failed_limit: 6.
num_arena_births: 626.
num_arena_deaths: 14.
num_vsnodes_births: 2.
num_vsnodes_deaths: 0.
num_space_committed: 580.
num_space_uncommitted: 0.
num_chunks_returned_to_freelist: 20.
num_chunks_taken_from_freelist: 1819.
num_chunk_merges: 9.
num_chunk_splits: 1134.
num_chunks_enlarged: 682.
num_inconsistent_stats: 0.

CodeHeap 'non-profiled nmethods': size=120000Kb used=1643Kb max_used=1643Kb free=118356Kb
 bounds [0x000001f1a7810000, 0x000001f1a7a80000, 0x000001f1aed40000]
CodeHeap 'profiled nmethods': size=120000Kb used=9011Kb max_used=9011Kb free=110988Kb
 bounds [0x000001f19fd40000, 0x000001f1a0610000, 0x000001f1a7270000]
CodeHeap 'non-nmethods': size=5760Kb used=1259Kb max_used=1262Kb free=4500Kb
 bounds [0x000001f1a7270000, 0x000001f1a74e0000, 0x000001f1a7810000]
 total_blobs=4842 nmethods=4260 adapters=495
 compilation: enabled
              stopped_count=0, restarted_count=0
 full_count=0

Compilation events (20 events):
Event: 14.704 Thread 0x000001f1b62ee4f0 4214       2       com.sun.org.apache.xerces.internal.util.XMLChar::isName (23 bytes)
Event: 14.704 Thread 0x000001f1b62ee4f0 nmethod 4214 0x000001f1a05f2c90 code [0x000001f1a05f2e20, 0x000001f1a05f2f58]
Event: 14.704 Thread 0x000001f1b62ee4f0 4215       2       com.sun.org.apache.xerces.internal.dom.NodeImpl::isOwned (27 bytes)
Event: 14.705 Thread 0x000001f1b62ee4f0 nmethod 4215 0x000001f1a05f3010 code [0x000001f1a05f31a0, 0x000001f1a05f32b8]
Event: 14.705 Thread 0x000001f1b62ee4f0 4217       2       com.sun.org.apache.xerces.internal.dom.NodeImpl::<init> (10 bytes)
Event: 14.705 Thread 0x000001f1b62ee4f0 nmethod 4217 0x000001f1a05f3390 code [0x000001f1a05f3520, 0x000001f1a05f3638]
Event: 14.705 Thread 0x000001f1b62ee4f0 4213       1       com.sun.org.apache.xerces.internal.dom.AttrImpl::getNodeType (2 bytes)
Event: 14.705 Thread 0x000001f1b62ee4f0 nmethod 4213 0x000001f1a79a8990 code [0x000001f1a79a8b20, 0x000001f1a79a8bf8]
Event: 14.705 Thread 0x000001f1b62ee4f0 4216       2       com.sun.org.apache.xerces.internal.dom.NamedNodeMapImpl::isReadOnly (15 bytes)
Event: 14.705 Thread 0x000001f1b62ee4f0 nmethod 4216 0x000001f1a05f3710 code [0x000001f1a05f38a0, 0x000001f1a05f39b8]
Event: 14.705 Thread 0x000001f1b62ee4f0 4218       2       com.sun.org.apache.xerces.internal.dom.NodeImpl::ownerDocument (23 bytes)
Event: 14.705 Thread 0x000001f1b62ee4f0 nmethod 4218 0x000001f1a05f3a90 code [0x000001f1a05f3c40, 0x000001f1a05f3de8]
Event: 14.707 Thread 0x000001f1b62ee4f0 4219       2       java.lang.invoke.DirectMethodHandle$Holder::invokeStatic (20 bytes)
Event: 14.707 Thread 0x000001f1b62ee4f0 nmethod 4219 0x000001f1a05f3e90 code [0x000001f1a05f4040, 0x000001f1a05f4198]
Event: 14.707 Thread 0x000001f1b62ee4f0 4220       2       java.lang.invoke.BoundMethodHandle$Species_LL::make (12 bytes)
Event: 14.707 Thread 0x000001f1b62ee4f0 nmethod 4220 0x000001f1a05f4290 code [0x000001f1a05f4420, 0x000001f1a05f45e8]
Event: 14.707 Thread 0x000001f1b62ee4f0 4222       2       java.lang.Module::isStaticallyExportedOrOpen (70 bytes)
Event: 14.708 Thread 0x000001f1b62ee4f0 nmethod 4222 0x000001f1a05f4710 code [0x000001f1a05f48e0, 0x000001f1a05f4bd8]
Event: 14.708 Thread 0x000001f1b62ee4f0 4221       2       java.lang.invoke.BoundMethodHandle$Species_LL::<init> (18 bytes)
Event: 14.708 Thread 0x000001f1b62ee4f0 nmethod 4221 0x000001f1a05f4d10 code [0x000001f1a05f4ea0, 0x000001f1a05f5028]

GC Heap History (20 events):
Event: 12.308 GC heap before
{Heap before GC invocations=3 (full 0):
 PSYoungGen      total 29696K, used 29689K [0x00000000eab00000, 0x00000000ecc00000, 0x0000000100000000)
  eden space 25600K, 100% used [0x00000000eab00000,0x00000000ec400000,0x00000000ec400000)
  from space 4096K, 99% used [0x00000000ec800000,0x00000000ecbfe7c0,0x00000000ecc00000)
  to   space 4096K, 0% used [0x00000000ec400000,0x00000000ec400000,0x00000000ec800000)
 ParOldGen       total 68608K, used 1512K [0x00000000c0000000, 0x00000000c4300000, 0x00000000eab00000)
  object space 68608K, 2% used [0x00000000c0000000,0x00000000c017a030,0x00000000c4300000)
 Metaspace       used 16375K, committed 16640K, reserved 1114112K
  class space    used 1649K, committed 1728K, reserved 1048576K
}
Event: 12.313 GC heap after
{Heap after GC invocations=3 (full 0):
 PSYoungGen      total 29696K, used 4072K [0x00000000eab00000, 0x00000000ecc00000, 0x0000000100000000)
  eden space 25600K, 0% used [0x00000000eab00000,0x00000000eab00000,0x00000000ec400000)
  from space 4096K, 99% used [0x00000000ec400000,0x00000000ec7fa320,0x00000000ec800000)
  to   space 4096K, 0% used [0x00000000ec800000,0x00000000ec800000,0x00000000ecc00000)
 ParOldGen       total 68608K, used 5300K [0x00000000c0000000, 0x00000000c4300000, 0x00000000eab00000)
  object space 68608K, 7% used [0x00000000c0000000,0x00000000c052d148,0x00000000c4300000)
 Metaspace       used 16375K, committed 16640K, reserved 1114112K
  class space    used 1649K, committed 1728K, reserved 1048576K
}
Event: 12.768 GC heap before
{Heap before GC invocations=4 (full 0):
 PSYoungGen      total 29696K, used 29672K [0x00000000eab00000, 0x00000000ecc00000, 0x0000000100000000)
  eden space 25600K, 100% used [0x00000000eab00000,0x00000000ec400000,0x00000000ec400000)
  from space 4096K, 99% used [0x00000000ec400000,0x00000000ec7fa320,0x00000000ec800000)
  to   space 4096K, 0% used [0x00000000ec800000,0x00000000ec800000,0x00000000ecc00000)
 ParOldGen       total 68608K, used 5300K [0x00000000c0000000, 0x00000000c4300000, 0x00000000eab00000)
  object space 68608K, 7% used [0x00000000c0000000,0x00000000c052d148,0x00000000c4300000)
 Metaspace       used 20150K, committed 20608K, reserved 1114112K
  class space    used 2024K, committed 2240K, reserved 1048576K
}
Event: 12.773 GC heap after
{Heap after GC invocations=4 (full 0):
 PSYoungGen      total 29696K, used 4076K [0x00000000eab00000, 0x00000000ecc00000, 0x0000000100000000)
  eden space 25600K, 0% used [0x00000000eab00000,0x00000000eab00000,0x00000000ec400000)
  from space 4096K, 99% used [0x00000000ec800000,0x00000000ecbfb3a8,0x00000000ecc00000)
  to   space 4096K, 0% used [0x00000000ec400000,0x00000000ec400000,0x00000000ec800000)
 ParOldGen       total 68608K, used 6550K [0x00000000c0000000, 0x00000000c4300000, 0x00000000eab00000)
  object space 68608K, 9% used [0x00000000c0000000,0x00000000c0665800,0x00000000c4300000)
 Metaspace       used 20150K, committed 20608K, reserved 1114112K
  class space    used 2024K, committed 2240K, reserved 1048576K
}
Event: 12.854 GC heap before
{Heap before GC invocations=5 (full 0):
 PSYoungGen      total 29696K, used 10078K [0x00000000eab00000, 0x00000000ecc00000, 0x0000000100000000)
  eden space 25600K, 23% used [0x00000000eab00000,0x00000000eb0dc470,0x00000000ec400000)
  from space 4096K, 99% used [0x00000000ec800000,0x00000000ecbfb3a8,0x00000000ecc00000)
  to   space 4096K, 0% used [0x00000000ec400000,0x00000000ec400000,0x00000000ec800000)
 ParOldGen       total 68608K, used 6550K [0x00000000c0000000, 0x00000000c4300000, 0x00000000eab00000)
  object space 68608K, 9% used [0x00000000c0000000,0x00000000c0665800,0x00000000c4300000)
 Metaspace       used 21124K, committed 21504K, reserved 1114112K
  class space    used 2135K, committed 2304K, reserved 1048576K
}
Event: 12.858 GC heap after
{Heap after GC invocations=5 (full 0):
 PSYoungGen      total 29696K, used 4085K [0x00000000eab00000, 0x00000000ece00000, 0x0000000100000000)
  eden space 25600K, 0% used [0x00000000eab00000,0x00000000eab00000,0x00000000ec400000)
  from space 4096K, 99% used [0x00000000ec400000,0x00000000ec7fd7b0,0x00000000ec800000)
  to   space 5120K, 0% used [0x00000000ec900000,0x00000000ec900000,0x00000000ece00000)
 ParOldGen       total 68608K, used 6933K [0x00000000c0000000, 0x00000000c4300000, 0x00000000eab00000)
  object space 68608K, 10% used [0x00000000c0000000,0x00000000c06c5590,0x00000000c4300000)
 Metaspace       used 21124K, committed 21504K, reserved 1114112K
  class space    used 2135K, committed 2304K, reserved 1048576K
}
Event: 12.858 GC heap before
{Heap before GC invocations=6 (full 1):
 PSYoungGen      total 29696K, used 4085K [0x00000000eab00000, 0x00000000ece00000, 0x0000000100000000)
  eden space 25600K, 0% used [0x00000000eab00000,0x00000000eab00000,0x00000000ec400000)
  from space 4096K, 99% used [0x00000000ec400000,0x00000000ec7fd7b0,0x00000000ec800000)
  to   space 5120K, 0% used [0x00000000ec900000,0x00000000ec900000,0x00000000ece00000)
 ParOldGen       total 68608K, used 6933K [0x00000000c0000000, 0x00000000c4300000, 0x00000000eab00000)
  object space 68608K, 10% used [0x00000000c0000000,0x00000000c06c5590,0x00000000c4300000)
 Metaspace       used 21124K, committed 21504K, reserved 1114112K
  class space    used 2135K, committed 2304K, reserved 1048576K
}
Event: 12.879 GC heap after
{Heap after GC invocations=6 (full 1):
 PSYoungGen      total 29696K, used 0K [0x00000000eab00000, 0x00000000ece00000, 0x0000000100000000)
  eden space 25600K, 0% used [0x00000000eab00000,0x00000000eab00000,0x00000000ec400000)
  from space 4096K, 0% used [0x00000000ec400000,0x00000000ec400000,0x00000000ec800000)
  to   space 5120K, 0% used [0x00000000ec900000,0x00000000ec900000,0x00000000ece00000)
 ParOldGen       total 68608K, used 10738K [0x00000000c0000000, 0x00000000c4300000, 0x00000000eab00000)
  object space 68608K, 15% used [0x00000000c0000000,0x00000000c0a7cbd8,0x00000000c4300000)
 Metaspace       used 21124K, committed 21504K, reserved 1114112K
  class space    used 2135K, committed 2304K, reserved 1048576K
}
Event: 13.386 GC heap before
{Heap before GC invocations=7 (full 1):
 PSYoungGen      total 29696K, used 25600K [0x00000000eab00000, 0x00000000ece00000, 0x0000000100000000)
  eden space 25600K, 100% used [0x00000000eab00000,0x00000000ec400000,0x00000000ec400000)
  from space 4096K, 0% used [0x00000000ec400000,0x00000000ec400000,0x00000000ec800000)
  to   space 5120K, 0% used [0x00000000ec900000,0x00000000ec900000,0x00000000ece00000)
 ParOldGen       total 68608K, used 10738K [0x00000000c0000000, 0x00000000c4300000, 0x00000000eab00000)
  object space 68608K, 15% used [0x00000000c0000000,0x00000000c0a7cbd8,0x00000000c4300000)
 Metaspace       used 24509K, committed 25152K, reserved 1114112K
  class space    used 2487K, committed 2752K, reserved 1048576K
}
Event: 13.388 GC heap after
{Heap after GC invocations=7 (full 1):
 PSYoungGen      total 26624K, used 1232K [0x00000000eab00000, 0x00000000eca80000, 0x0000000100000000)
  eden space 25088K, 0% used [0x00000000eab00000,0x00000000eab00000,0x00000000ec380000)
  from space 1536K, 80% used [0x00000000ec900000,0x00000000eca340a8,0x00000000eca80000)
  to   space 2560K, 0% used [0x00000000ec580000,0x00000000ec580000,0x00000000ec800000)
 ParOldGen       total 68608K, used 10746K [0x00000000c0000000, 0x00000000c4300000, 0x00000000eab00000)
  object space 68608K, 15% used [0x00000000c0000000,0x00000000c0a7ebd8,0x00000000c4300000)
 Metaspace       used 24509K, committed 25152K, reserved 1114112K
  class space    used 2487K, committed 2752K, reserved 1048576K
}
Event: 13.805 GC heap before
{Heap before GC invocations=8 (full 1):
 PSYoungGen      total 26624K, used 26301K [0x00000000eab00000, 0x00000000eca80000, 0x0000000100000000)
  eden space 25088K, 99% used [0x00000000eab00000,0x00000000ec37b590,0x00000000ec380000)
  from space 1536K, 80% used [0x00000000ec900000,0x00000000eca340a8,0x00000000eca80000)
  to   space 2560K, 0% used [0x00000000ec580000,0x00000000ec580000,0x00000000ec800000)
 ParOldGen       total 68608K, used 10746K [0x00000000c0000000, 0x00000000c4300000, 0x00000000eab00000)
  object space 68608K, 15% used [0x00000000c0000000,0x00000000c0a7ebd8,0x00000000c4300000)
 Metaspace       used 27384K, committed 28224K, reserved 1114112K
  class space    used 2831K, committed 3200K, reserved 1048576K
}
Event: 13.807 GC heap after
{Heap after GC invocations=8 (full 1):
 PSYoungGen      total 27136K, used 2554K [0x00000000eab00000, 0x00000000eca00000, 0x0000000100000000)
  eden space 24576K, 0% used [0x00000000eab00000,0x00000000eab00000,0x00000000ec300000)
  from space 2560K, 99% used [0x00000000ec580000,0x00000000ec7fea38,0x00000000ec800000)
  to   space 2048K, 0% used [0x00000000ec800000,0x00000000ec800000,0x00000000eca00000)
 ParOldGen       total 68608K, used 11402K [0x00000000c0000000, 0x00000000c4300000, 0x00000000eab00000)
  object space 68608K, 16% used [0x00000000c0000000,0x00000000c0b22bd8,0x00000000c4300000)
 Metaspace       used 27384K, committed 28224K, reserved 1114112K
  class space    used 2831K, committed 3200K, reserved 1048576K
}
Event: 14.044 GC heap before
{Heap before GC invocations=9 (full 1):
 PSYoungGen      total 27136K, used 27130K [0x00000000eab00000, 0x00000000eca00000, 0x0000000100000000)
  eden space 24576K, 100% used [0x00000000eab00000,0x00000000ec300000,0x00000000ec300000)
  from space 2560K, 99% used [0x00000000ec580000,0x00000000ec7fea38,0x00000000ec800000)
  to   space 2048K, 0% used [0x00000000ec800000,0x00000000ec800000,0x00000000eca00000)
 ParOldGen       total 68608K, used 11402K [0x00000000c0000000, 0x00000000c4300000, 0x00000000eab00000)
  object space 68608K, 16% used [0x00000000c0000000,0x00000000c0b22bd8,0x00000000c4300000)
 Metaspace       used 29449K, committed 30272K, reserved 1114112K
  class space    used 2964K, committed 3328K, reserved 1048576K
}
Event: 14.046 GC heap after
{Heap after GC invocations=9 (full 1):
 PSYoungGen      total 26112K, used 2044K [0x00000000eab00000, 0x00000000eca00000, 0x0000000100000000)
  eden space 24064K, 0% used [0x00000000eab00000,0x00000000eab00000,0x00000000ec280000)
  from space 2048K, 99% used [0x00000000ec800000,0x00000000ec9ff000,0x00000000eca00000)
  to   space 3072K, 0% used [0x00000000ec400000,0x00000000ec400000,0x00000000ec700000)
 ParOldGen       total 68608K, used 12219K [0x00000000c0000000, 0x00000000c4300000, 0x00000000eab00000)
  object space 68608K, 17% used [0x00000000c0000000,0x00000000c0beecb8,0x00000000c4300000)
 Metaspace       used 29449K, committed 30272K, reserved 1114112K
  class space    used 2964K, committed 3328K, reserved 1048576K
}
Event: 14.334 GC heap before
{Heap before GC invocations=10 (full 1):
 PSYoungGen      total 26112K, used 26106K [0x00000000eab00000, 0x00000000eca00000, 0x0000000100000000)
  eden space 24064K, 99% used [0x00000000eab00000,0x00000000ec27f838,0x00000000ec280000)
  from space 2048K, 99% used [0x00000000ec800000,0x00000000ec9ff000,0x00000000eca00000)
  to   space 3072K, 0% used [0x00000000ec400000,0x00000000ec400000,0x00000000ec700000)
 ParOldGen       total 68608K, used 12219K [0x00000000c0000000, 0x00000000c4300000, 0x00000000eab00000)
  object space 68608K, 17% used [0x00000000c0000000,0x00000000c0beecb8,0x00000000c4300000)
 Metaspace       used 32848K, committed 33728K, reserved 1114112K
  class space    used 3232K, committed 3584K, reserved 1048576K
}
Event: 14.336 GC heap after
{Heap after GC invocations=10 (full 1):
 PSYoungGen      total 25600K, used 2037K [0x00000000eab00000, 0x00000000ec880000, 0x0000000100000000)
  eden space 23552K, 0% used [0x00000000eab00000,0x00000000eab00000,0x00000000ec200000)
  from space 2048K, 99% used [0x00000000ec400000,0x00000000ec5fd6f8,0x00000000ec600000)
  to   space 2560K, 0% used [0x00000000ec600000,0x00000000ec600000,0x00000000ec880000)
 ParOldGen       total 68608K, used 12764K [0x00000000c0000000, 0x00000000c4300000, 0x00000000eab00000)
  object space 68608K, 18% used [0x00000000c0000000,0x00000000c0c77198,0x00000000c4300000)
 Metaspace       used 32848K, committed 33728K, reserved 1114112K
  class space    used 3232K, committed 3584K, reserved 1048576K
}
Event: 14.616 GC heap before
{Heap before GC invocations=11 (full 1):
 PSYoungGen      total 25600K, used 24945K [0x00000000eab00000, 0x00000000ec880000, 0x0000000100000000)
  eden space 23552K, 97% used [0x00000000eab00000,0x00000000ec15f030,0x00000000ec200000)
  from space 2048K, 99% used [0x00000000ec400000,0x00000000ec5fd6f8,0x00000000ec600000)
  to   space 2560K, 0% used [0x00000000ec600000,0x00000000ec600000,0x00000000ec880000)
 ParOldGen       total 68608K, used 12764K [0x00000000c0000000, 0x00000000c4300000, 0x00000000eab00000)
  object space 68608K, 18% used [0x00000000c0000000,0x00000000c0c77198,0x00000000c4300000)
 Metaspace       used 34941K, committed 35840K, reserved 1114112K
  class space    used 3443K, committed 3840K, reserved 1048576K
}
Event: 14.618 GC heap after
{Heap after GC invocations=11 (full 1):
 PSYoungGen      total 25600K, used 1665K [0x00000000eab00000, 0x00000000ec800000, 0x0000000100000000)
  eden space 23552K, 0% used [0x00000000eab00000,0x00000000eab00000,0x00000000ec200000)
  from space 2048K, 81% used [0x00000000ec600000,0x00000000ec7a0550,0x00000000ec800000)
  to   space 2048K, 0% used [0x00000000ec400000,0x00000000ec400000,0x00000000ec600000)
 ParOldGen       total 68608K, used 14325K [0x00000000c0000000, 0x00000000c4300000, 0x00000000eab00000)
  object space 68608K, 20% used [0x00000000c0000000,0x00000000c0dfd770,0x00000000c4300000)
 Metaspace       used 34941K, committed 35840K, reserved 1114112K
  class space    used 3443K, committed 3840K, reserved 1048576K
}
Event: 14.618 GC heap before
{Heap before GC invocations=12 (full 2):
 PSYoungGen      total 25600K, used 1665K [0x00000000eab00000, 0x00000000ec800000, 0x0000000100000000)
  eden space 23552K, 0% used [0x00000000eab00000,0x00000000eab00000,0x00000000ec200000)
  from space 2048K, 81% used [0x00000000ec600000,0x00000000ec7a0550,0x00000000ec800000)
  to   space 2048K, 0% used [0x00000000ec400000,0x00000000ec400000,0x00000000ec600000)
 ParOldGen       total 68608K, used 14325K [0x00000000c0000000, 0x00000000c4300000, 0x00000000eab00000)
  object space 68608K, 20% used [0x00000000c0000000,0x00000000c0dfd770,0x00000000c4300000)
 Metaspace       used 34941K, committed 35840K, reserved 1114112K
  class space    used 3443K, committed 3840K, reserved 1048576K
}
Event: 14.653 GC heap after
{Heap after GC invocations=12 (full 2):
 PSYoungGen      total 25600K, used 0K [0x00000000eab00000, 0x00000000ec800000, 0x0000000100000000)
  eden space 23552K, 0% used [0x00000000eab00000,0x00000000eab00000,0x00000000ec200000)
  from space 2048K, 0% used [0x00000000ec600000,0x00000000ec600000,0x00000000ec800000)
  to   space 2048K, 0% used [0x00000000ec400000,0x00000000ec400000,0x00000000ec600000)
 ParOldGen       total 68608K, used 14105K [0x00000000c0000000, 0x00000000c4300000, 0x00000000eab00000)
  object space 68608K, 20% used [0x00000000c0000000,0x00000000c0dc6568,0x00000000c4300000)
 Metaspace       used 34927K, committed 35840K, reserved 1114112K
  class space    used 3439K, committed 3840K, reserved 1048576K
}

Dll operation events (9 events):
Event: 0.012 Loaded shared library c:\Users\samue\.vscode\extensions\redhat.java-1.26.0-win32-x64\jre\17.0.9-win32-x86_64\bin\java.dll
Event: 0.199 Loaded shared library c:\Users\samue\.vscode\extensions\redhat.java-1.26.0-win32-x64\jre\17.0.9-win32-x86_64\bin\zip.dll
Event: 0.206 Loaded shared library C:\Users\samue\.vscode\extensions\redhat.java-1.26.0-win32-x64\jre\17.0.9-win32-x86_64\bin\instrument.dll
Event: 0.226 Loaded shared library C:\Users\samue\.vscode\extensions\redhat.java-1.26.0-win32-x64\jre\17.0.9-win32-x86_64\bin\net.dll
Event: 0.229 Loaded shared library C:\Users\samue\.vscode\extensions\redhat.java-1.26.0-win32-x64\jre\17.0.9-win32-x86_64\bin\nio.dll
Event: 0.236 Loaded shared library C:\Users\samue\.vscode\extensions\redhat.java-1.26.0-win32-x64\jre\17.0.9-win32-x86_64\bin\zip.dll
Event: 0.263 Loaded shared library C:\Users\samue\.vscode\extensions\redhat.java-1.26.0-win32-x64\jre\17.0.9-win32-x86_64\bin\jimage.dll
Event: 0.379 Loaded shared library c:\Users\samue\.vscode\extensions\redhat.java-1.26.0-win32-x64\jre\17.0.9-win32-x86_64\bin\verify.dll
Event: 5.269 Loaded shared library C:\Users\samue\AppData\Roaming\Code\User\globalStorage\redhat.java\1.26.0\config_win\org.eclipse.equinox.launcher\org.eclipse.equinox.launcher.win32.win32.x86_64_1.2.800.v20231003-1442\eclipse_11802.dll

Deoptimization events (20 events):
Event: 14.556 Thread 0x000001f1b8412650 DEOPT PACKING pc=0x000001f1a04c409e sp=0x00000010ab5fdc90
Event: 14.556 Thread 0x000001f1b8412650 DEOPT UNPACKING pc=0x000001f1a72c6e43 sp=0x00000010ab5fd180 mode 0
Event: 14.556 Thread 0x000001f1b8412650 DEOPT PACKING pc=0x000001f1a04c409e sp=0x00000010ab5fdc90
Event: 14.556 Thread 0x000001f1b8412650 DEOPT UNPACKING pc=0x000001f1a72c6e43 sp=0x00000010ab5fd180 mode 0
Event: 14.569 Thread 0x000001f1b8412650 Uncommon trap: trap_request=0xffffffc6 fr.pc=0x000001f1a7981680 relative=0x0000000000000840
Event: 14.569 Thread 0x000001f1b8412650 Uncommon trap: reason=bimorphic_or_optimized_type_check action=maybe_recompile pc=0x000001f1a7981680 method=java.io.BufferedInputStream.read([BII)I @ 101 c2
Event: 14.569 Thread 0x000001f1b8412650 DEOPT PACKING pc=0x000001f1a7981680 sp=0x00000010ab5fe200
Event: 14.569 Thread 0x000001f1b8412650 DEOPT UNPACKING pc=0x000001f1a72c66a3 sp=0x00000010ab5fe1b8 mode 2
Event: 14.570 Thread 0x000001f1b8412650 Uncommon trap: trap_request=0xffffffc6 fr.pc=0x000001f1a79816c8 relative=0x0000000000000888
Event: 14.570 Thread 0x000001f1b8412650 Uncommon trap: reason=bimorphic_or_optimized_type_check action=maybe_recompile pc=0x000001f1a79816c8 method=java.io.BufferedInputStream.read1([BII)I @ 39 c2
Event: 14.570 Thread 0x000001f1b8412650 DEOPT PACKING pc=0x000001f1a79816c8 sp=0x00000010ab5fe200
Event: 14.570 Thread 0x000001f1b8412650 DEOPT UNPACKING pc=0x000001f1a72c66a3 sp=0x00000010ab5fe118 mode 2
Event: 14.591 Thread 0x000001f1b802c5c0 DEOPT PACKING pc=0x000001f1a00cf156 sp=0x00000010aacfd1f0
Event: 14.591 Thread 0x000001f1b802c5c0 DEOPT UNPACKING pc=0x000001f1a72c6e43 sp=0x00000010aacfc690 mode 0
Event: 14.596 Thread 0x000001f1b802c5c0 DEOPT PACKING pc=0x000001f1a00cf156 sp=0x00000010aacfd270
Event: 14.596 Thread 0x000001f1b802c5c0 DEOPT UNPACKING pc=0x000001f1a72c6e43 sp=0x00000010aacfc6f8 mode 0
Event: 14.682 Thread 0x000001f1b8412650 DEOPT PACKING pc=0x000001f1a0166d88 sp=0x00000010ab5fea30
Event: 14.682 Thread 0x000001f1b8412650 DEOPT UNPACKING pc=0x000001f1a72c6e43 sp=0x00000010ab5fdf38 mode 0
Event: 14.692 Thread 0x000001f1b802c5c0 DEOPT PACKING pc=0x000001f1a00cf156 sp=0x00000010aacfcf80
Event: 14.692 Thread 0x000001f1b802c5c0 DEOPT UNPACKING pc=0x000001f1a72c6e43 sp=0x00000010aacfc408 mode 0

Classes unloaded (7 events):
Event: 14.623 Thread 0x000001f1b62a11b0 Unloading class 0x0000000100250400 'java/lang/invoke/LambdaForm$MH+0x0000000100250400'
Event: 14.623 Thread 0x000001f1b62a11b0 Unloading class 0x0000000100250000 'java/lang/invoke/LambdaForm$MH+0x0000000100250000'
Event: 14.623 Thread 0x000001f1b62a11b0 Unloading class 0x000000010024bc00 'java/lang/invoke/LambdaForm$MH+0x000000010024bc00'
Event: 14.623 Thread 0x000001f1b62a11b0 Unloading class 0x000000010024b800 'java/lang/invoke/LambdaForm$MH+0x000000010024b800'
Event: 14.623 Thread 0x000001f1b62a11b0 Unloading class 0x000000010024b400 'java/lang/invoke/LambdaForm$BMH+0x000000010024b400'
Event: 14.623 Thread 0x000001f1b62a11b0 Unloading class 0x000000010024b000 'java/lang/invoke/LambdaForm$DMH+0x000000010024b000'
Event: 14.623 Thread 0x000001f1b62a11b0 Unloading class 0x0000000100248400 'java/lang/invoke/LambdaForm$DMH+0x0000000100248400'

Classes redefined (0 events):
No events

Internal exceptions (20 events):
Event: 13.669 Thread 0x000001f1b802c5c0 Exception <a 'java/lang/NoSuchMethodError'{0x00000000ebc29180}: 'int java.lang.invoke.Invokers$Holder.linkToTargetMethod(java.lang.Object, java.lang.Object)'> (0x00000000ebc29180) 
thrown [s\src\hotspot\share\interpreter\linkResolver.cpp, line 759]
Event: 13.697 Thread 0x000001f1b802c5c0 Exception <a 'java/lang/NoSuchMethodError'{0x00000000ebcf5588}: 'java.lang.Object java.lang.invoke.DirectMethodHandle$Holder.newInvokeSpecial(java.lang.Object, java.lang.Object, java.lang.Object, java.lang.Object, java.lang.Object)'> (0x00000000ebcf5588) 
thrown [s\src\hotspot\share\interpreter\linkResolver.cpp, line 759]
Event: 13.700 Thread 0x000001f1b802c5c0 Exception <a 'java/lang/NoSuchMethodError'{0x00000000ebd18878}: 'java.lang.Object java.lang.invoke.DirectMethodHandle$Holder.invokeSpecial(java.lang.Object, java.lang.Object, java.lang.Object, java.lang.Object, java.lang.Object, java.lang.Object, java.lang.Object, java.lang.Object, java.lang.Object, java.lang.Object, java.lang.Object)'> (0x00000000ebd18878) 
thrown [s\src\hotspot\share\interpreter\linkResolver.cpp, line 759]
Event: 13.701 Thread 0x000001f1b802c5c0 Exception <a 'java/lang/NoSuchMethodError'{0x00000000ebd1dd90}: 'java.lang.Object java.lang.invoke.Invokers$Holder.invoke_MT(java.lang.Object, java.lang.Object, java.lang.Object, java.lang.Object, java.lang.Object, java.lang.Object, java.lang.Object, java.lang.Object, java.lang.Object, java.lang.Object, java.lang.Object)'> (0x00000000ebd1dd90) 
thrown [s\src\hotspot\share\interpreter\linkResolver.cpp, line 759]
Event: 13.712 Thread 0x000001f1b802c5c0 Exception <a 'java/lang/NoSuchMethodError'{0x00000000ebdaccb0}: 'java.lang.Object java.lang.invoke.DirectMethodHandle$Holder.invokeSpecial(java.lang.Object, java.lang.Object, java.lang.Object, java.lang.Object, java.lang.Object, java.lang.Object, java.lang.Object, java.lang.Object, java.lang.Object, java.lang.Object)'> (0x00000000ebdaccb0) 
thrown [s\src\hotspot\share\interpreter\linkResolver.cpp, line 759]
Event: 13.712 Thread 0x000001f1b802c5c0 Exception <a 'java/lang/NoSuchMethodError'{0x00000000ebdb1f00}: 'java.lang.Object java.lang.invoke.Invokers$Holder.invoke_MT(java.lang.Object, java.lang.Object, java.lang.Object, java.lang.Object, java.lang.Object, java.lang.Object, java.lang.Object, java.lang.Object, java.lang.Object, java.lang.Object)'> (0x00000000ebdb1f00) 
thrown [s\src\hotspot\share\interpreter\linkResolver.cpp, line 759]
Event: 13.725 Thread 0x000001f1b802c5c0 Exception <a 'java/lang/NoSuchMethodError'{0x00000000ebe51a38}: 'java.lang.Object java.lang.invoke.DirectMethodHandle$Holder.newInvokeSpecial(java.lang.Object, java.lang.Object, java.lang.Object, java.lang.Object, java.lang.Object, java.lang.Object, java.lang.Object)'> (0x00000000ebe51a38) 
thrown [s\src\hotspot\share\interpreter\linkResolver.cpp, line 759]
Event: 13.733 Thread 0x000001f1b802c5c0 Exception <a 'java/lang/NoSuchMethodError'{0x00000000ebebf1d8}: 'java.lang.Object java.lang.invoke.DirectMethodHandle$Holder.invokeSpecial(java.lang.Object, java.lang.Object, java.lang.Object, java.lang.Object, java.lang.Object, java.lang.Object, java.lang.Object, java.lang.Object, java.lang.Object, java.lang.Object, java.lang.Object, java.lang.Object, java.lang.Object)'> (0x00000000ebebf1d8) 
thrown [s\src\hotspot\share\interpreter\linkResolver.cpp, line 759]
Event: 13.734 Thread 0x000001f1b802c5c0 Exception <a 'java/lang/NoSuchMethodError'{0x00000000ebec4d08}: 'java.lang.Object java.lang.invoke.Invokers$Holder.invoker(java.lang.Object, java.lang.Object, java.lang.Object, java.lang.Object, java.lang.Object, java.lang.Object, java.lang.Object, java.lang.Object, java.lang.Object, java.lang.Object, java.lang.Object, java.lang.Object, java.lang.Object)'> (0x00000000ebec4d08) 
thrown [s\src\hotspot\share\interpreter\linkResolver.cpp, line 759]
Event: 13.734 Thread 0x000001f1b802c5c0 Exception <a 'java/lang/NoSuchMethodError'{0x00000000ebecba08}: 'java.lang.Object java.lang.invoke.DirectMethodHandle$Holder.invokeSpecial(java.lang.Object, java.lang.Object, java.lang.Object, java.lang.Object, java.lang.Object, java.lang.Object, java.lang.Object, java.lang.Object, java.lang.Object, java.lang.Object, java.lang.Object, java.lang.Object, java.lang.Object, java.lang.Object)'> (0x00000000ebecba08) 
thrown [s\src\hotspot\share\interpreter\linkResolver.cpp, line 759]
Event: 13.740 Thread 0x000001f1b802c5c0 Exception <a 'java/lang/NoSuchMethodError'{0x00000000ebf32cb0}: static Lorg/eclipse/m2e/core/internal/lifecyclemapping/model/PluginExecutionMetadata;.<clinit>()V> (0x00000000ebf32cb0) 
thrown [s\src\hotspot\share\prims\jni.cpp, line 1107]
Event: 13.748 Thread 0x000001f1b802c5c0 Exception <a 'java/lang/NoSuchMethodError'{0x00000000ebf95a18}: static Lorg/eclipse/m2e/core/internal/lifecyclemapping/model/PluginExecutionFilter;.<clinit>()V> (0x00000000ebf95a18) 
thrown [s\src\hotspot\share\prims\jni.cpp, line 1107]
Event: 13.752 Thread 0x000001f1b802c5c0 Exception <a 'java/lang/NoSuchMethodError'{0x00000000ebfc9bb8}: static Lorg/eclipse/m2e/core/internal/project/registry/MavenProjectFacade$MavenProjectConfiguration;.<clinit>()V> (0x00000000ebfc9bb8) 
thrown [s\src\hotspot\share\prims\jni.cpp, line 1107]
Event: 14.355 Thread 0x000001f1b802c5c0 Exception <a 'java/lang/NoSuchMethodError'{0x00000000eb455ef0}: 'java.lang.Object java.lang.invoke.DirectMethodHandle$Holder.newInvokeSpecial(java.lang.Object, int, java.lang.Object, java.lang.Object)'> (0x00000000eb455ef0) 
thrown [s\src\hotspot\share\interpreter\linkResolver.cpp, line 759]
Event: 14.427 Thread 0x000001f1b802c5c0 Exception <a 'java/lang/ClassNotFoundException'{0x00000000eb6ed010}: com/sun/org/apache/xerces/internal/impl/msg/spi/DOMMessagesProvider> (0x00000000eb6ed010) 
thrown [s\src\hotspot\share\classfile\systemDictionary.cpp, line 256]
Event: 14.430 Thread 0x000001f1b802c5c0 Exception <a 'java/lang/ClassNotFoundException'{0x00000000eb711678}: com/sun/org/apache/xerces/internal/impl/msg/spi/XMLSerializerMessagesProvider> (0x00000000eb711678) 
thrown [s\src\hotspot\share\classfile\systemDictionary.cpp, line 256]
Event: 14.431 Thread 0x000001f1b802c5c0 Exception <a 'java/lang/ClassNotFoundException'{0x00000000eb729890}: com/sun/org/apache/xerces/internal/impl/msg/spi/XMLMessagesProvider> (0x00000000eb729890) 
thrown [s\src\hotspot\share\classfile\systemDictionary.cpp, line 256]
Event: 14.499 Thread 0x000001f1b802c5c0 Exception <a 'java/lang/NoSuchMethodError'{0x00000000ebc125c8}: 'java.lang.Object java.lang.invoke.DirectMethodHandle$Holder.invokeStaticInit(java.lang.Object, int, int, int, int)'> (0x00000000ebc125c8) 
thrown [s\src\hotspot\share\interpreter\linkResolver.cpp, line 759]
Event: 14.603 Thread 0x000001f1b802c5c0 Exception <a 'java/lang/NoSuchMethodError'{0x00000000ec058eb8}: 'java.lang.Object java.lang.invoke.DirectMethodHandle$Holder.invokeStaticInit(java.lang.Object, java.lang.Object, int, int, int, int)'> (0x00000000ec058eb8) 
thrown [s\src\hotspot\share\interpreter\linkResolver.cpp, line 759]
Event: 14.688 Thread 0x000001f1b8412650 Exception <a 'java/io/FileNotFoundException'{0x00000000ead87498}> (0x00000000ead87498) 
thrown [s\src\hotspot\share\prims\jni.cpp, line 516]

VM Operations (20 events):
Event: 13.386 Executing VM operation: ParallelGCFailedAllocation
Event: 13.389 Executing VM operation: ParallelGCFailedAllocation done
Event: 13.645 Executing VM operation: HandshakeAllThreads
Event: 13.645 Executing VM operation: HandshakeAllThreads done
Event: 13.645 Executing VM operation: HandshakeAllThreads
Event: 13.645 Executing VM operation: HandshakeAllThreads done
Event: 13.805 Executing VM operation: ParallelGCFailedAllocation
Event: 13.808 Executing VM operation: ParallelGCFailedAllocation done
Event: 14.044 Executing VM operation: ParallelGCFailedAllocation
Event: 14.046 Executing VM operation: ParallelGCFailedAllocation done
Event: 14.334 Executing VM operation: ParallelGCFailedAllocation
Event: 14.336 Executing VM operation: ParallelGCFailedAllocation done
Event: 14.483 Executing VM operation: HandshakeAllThreads
Event: 14.483 Executing VM operation: HandshakeAllThreads done
Event: 14.588 Executing VM operation: HandshakeAllThreads
Event: 14.588 Executing VM operation: HandshakeAllThreads done
Event: 14.616 Executing VM operation: CollectForMetadataAllocation
Event: 14.653 Executing VM operation: CollectForMetadataAllocation done
Event: 14.690 Executing VM operation: HandshakeAllThreads
Event: 14.690 Executing VM operation: HandshakeAllThreads done

Events (20 events):
Event: 14.712 loading class jdk/xml/internal/JdkXmlFeatures
Event: 14.712 loading class jdk/xml/internal/JdkXmlFeatures done
Event: 14.712 loading class jdk/xml/internal/JdkXmlFeatures$XmlFeature
Event: 14.712 loading class jdk/xml/internal/JdkXmlFeatures$XmlFeature done
Event: 14.712 loading class jdk/xml/internal/JdkProperty$ImplPropMap
Event: 14.713 loading class jdk/xml/internal/JdkProperty$ImplPropMap done
Event: 14.713 loading class com/sun/org/apache/xalan/internal/utils/XMLSecurityPropertyManager
Event: 14.713 loading class com/sun/org/apache/xalan/internal/utils/FeaturePropertyBase
Event: 14.713 loading class com/sun/org/apache/xalan/internal/utils/FeaturePropertyBase done
Event: 14.713 loading class com/sun/org/apache/xalan/internal/utils/XMLSecurityPropertyManager done
Event: 14.714 loading class com/sun/org/apache/xalan/internal/utils/FeaturePropertyBase$State
Event: 14.714 loading class com/sun/org/apache/xalan/internal/utils/FeaturePropertyBase$State done
Event: 14.714 loading class com/sun/org/apache/xalan/internal/utils/XMLSecurityPropertyManager$Property
Event: 14.714 loading class com/sun/org/apache/xalan/internal/utils/XMLSecurityPropertyManager$Property done
Event: 14.714 loading class jdk/xml/internal/XMLSecurityManager
Event: 14.714 loading class jdk/xml/internal/XMLSecurityManager done
Event: 14.715 loading class jdk/xml/internal/XMLSecurityManager$Limit
Event: 14.715 loading class jdk/xml/internal/XMLSecurityManager$Limit done
Event: 14.715 loading class jdk/xml/internal/XMLSecurityManager$Processor
Event: 14.716 loading class jdk/xml/internal/XMLSecurityManager$Processor done


Dynamic libraries:
0x00007ff72c810000 - 0x00007ff72c81e000 	c:\Users\samue\.vscode\extensions\redhat.java-1.26.0-win32-x64\jre\17.0.9-win32-x86_64\bin\java.exe
0x00007ff907ab0000 - 0x00007ff907cc7000 	C:\WINDOWS\SYSTEM32\ntdll.dll
0x00007ff905980000 - 0x00007ff905a44000 	C:\WINDOWS\System32\KERNEL32.DLL
0x00007ff9051f0000 - 0x00007ff905596000 	C:\WINDOWS\System32\KERNELBASE.dll
0x00007ff9055a0000 - 0x00007ff9056b1000 	C:\WINDOWS\System32\ucrtbase.dll
0x00007ff8e30f0000 - 0x00007ff8e3107000 	c:\Users\samue\.vscode\extensions\redhat.java-1.26.0-win32-x64\jre\17.0.9-win32-x86_64\bin\jli.dll
0x00007ff8e2000000 - 0x00007ff8e201b000 	c:\Users\samue\.vscode\extensions\redhat.java-1.26.0-win32-x64\jre\17.0.9-win32-x86_64\bin\VCRUNTIME140.dll
0x00007ff906100000 - 0x00007ff9062ae000 	C:\WINDOWS\System32\USER32.dll
0x00007ff8f2e70000 - 0x00007ff8f3103000 	C:\WINDOWS\WinSxS\amd64_microsoft.windows.common-controls_6595b64144ccf1df_6.0.22621.2506_none_270c5ae97388e100\COMCTL32.dll
0x00007ff904e20000 - 0x00007ff904e46000 	C:\WINDOWS\System32\win32u.dll
0x00007ff905fa0000 - 0x00007ff905fc9000 	C:\WINDOWS\System32\GDI32.dll
0x00007ff905ac0000 - 0x00007ff905b67000 	C:\WINDOWS\System32\msvcrt.dll
0x00007ff9050d0000 - 0x00007ff9051e8000 	C:\WINDOWS\System32\gdi32full.dll
0x00007ff904fc0000 - 0x00007ff90505a000 	C:\WINDOWS\System32\msvcp_win.dll
0x00007ff9062b0000 - 0x00007ff9062e1000 	C:\WINDOWS\System32\IMM32.DLL
0x00007ff8eb390000 - 0x00007ff8eb39c000 	c:\Users\samue\.vscode\extensions\redhat.java-1.26.0-win32-x64\jre\17.0.9-win32-x86_64\bin\vcruntime140_1.dll
0x00007ff8ce360000 - 0x00007ff8ce3ed000 	c:\Users\samue\.vscode\extensions\redhat.java-1.26.0-win32-x64\jre\17.0.9-win32-x86_64\bin\msvcp140.dll
0x00007ff819c90000 - 0x00007ff81a8f1000 	c:\Users\samue\.vscode\extensions\redhat.java-1.26.0-win32-x64\jre\17.0.9-win32-x86_64\bin\server\jvm.dll
0x00007ff906320000 - 0x00007ff9063d1000 	C:\WINDOWS\System32\ADVAPI32.dll
0x00007ff9079c0000 - 0x00007ff907a65000 	C:\WINDOWS\System32\sechost.dll
0x00007ff905fd0000 - 0x00007ff9060e7000 	C:\WINDOWS\System32\RPCRT4.dll
0x00007ff904780000 - 0x00007ff9047cd000 	C:\WINDOWS\SYSTEM32\POWRPROF.dll
0x00007ff8fd410000 - 0x00007ff8fd444000 	C:\WINDOWS\SYSTEM32\WINMM.dll
0x00007ff8e5a10000 - 0x00007ff8e5a19000 	C:\WINDOWS\SYSTEM32\WSOCK32.dll
0x00007ff905b70000 - 0x00007ff905be1000 	C:\WINDOWS\System32\WS2_32.dll
0x00007ff8f8dc0000 - 0x00007ff8f8dca000 	C:\WINDOWS\SYSTEM32\VERSION.dll
0x00007ff9046f0000 - 0x00007ff904703000 	C:\WINDOWS\SYSTEM32\UMPDC.dll
0x00007ff903df0000 - 0x00007ff903e08000 	C:\WINDOWS\SYSTEM32\kernel.appcore.dll
0x00007ff8e2ee0000 - 0x00007ff8e2eea000 	c:\Users\samue\.vscode\extensions\redhat.java-1.26.0-win32-x64\jre\17.0.9-win32-x86_64\bin\jimage.dll
0x00007ff902720000 - 0x00007ff902953000 	C:\WINDOWS\SYSTEM32\DBGHELP.DLL
0x00007ff907120000 - 0x00007ff9074a9000 	C:\WINDOWS\System32\combase.dll
0x00007ff905dc0000 - 0x00007ff905e97000 	C:\WINDOWS\System32\OLEAUT32.dll
0x00007ff8e07f0000 - 0x00007ff8e0822000 	C:\WINDOWS\SYSTEM32\dbgcore.DLL
0x00007ff9056c0000 - 0x00007ff90573a000 	C:\WINDOWS\System32\bcryptPrimitives.dll
0x00007ff8e07b0000 - 0x00007ff8e07be000 	c:\Users\samue\.vscode\extensions\redhat.java-1.26.0-win32-x64\jre\17.0.9-win32-x86_64\bin\instrument.dll
0x00007ff8d01a0000 - 0x00007ff8d01c5000 	c:\Users\samue\.vscode\extensions\redhat.java-1.26.0-win32-x64\jre\17.0.9-win32-x86_64\bin\java.dll
0x00007ff8dbbc0000 - 0x00007ff8dbbd8000 	c:\Users\samue\.vscode\extensions\redhat.java-1.26.0-win32-x64\jre\17.0.9-win32-x86_64\bin\zip.dll
0x00007ff9063f0000 - 0x00007ff906c4a000 	C:\WINDOWS\System32\SHELL32.dll
0x00007ff902cf0000 - 0x00007ff9035e6000 	C:\WINDOWS\SYSTEM32\windows.storage.dll
0x00007ff902bb0000 - 0x00007ff902cee000 	C:\WINDOWS\SYSTEM32\wintypes.dll
0x00007ff9074b0000 - 0x00007ff9075a3000 	C:\WINDOWS\System32\SHCORE.dll
0x00007ff905920000 - 0x00007ff90597e000 	C:\WINDOWS\System32\shlwapi.dll
0x00007ff904d50000 - 0x00007ff904d76000 	C:\WINDOWS\SYSTEM32\profapi.dll
0x00007ff8d3230000 - 0x00007ff8d3249000 	C:\Users\samue\.vscode\extensions\redhat.java-1.26.0-win32-x64\jre\17.0.9-win32-x86_64\bin\net.dll
0x00007ff8fdf50000 - 0x00007ff8fe087000 	C:\WINDOWS\SYSTEM32\WINHTTP.dll
0x00007ff9042a0000 - 0x00007ff904309000 	C:\WINDOWS\system32\mswsock.dll
0x00007ff8d2600000 - 0x00007ff8d2616000 	C:\Users\samue\.vscode\extensions\redhat.java-1.26.0-win32-x64\jre\17.0.9-win32-x86_64\bin\nio.dll
0x00007ff8e0680000 - 0x00007ff8e0690000 	c:\Users\samue\.vscode\extensions\redhat.java-1.26.0-win32-x64\jre\17.0.9-win32-x86_64\bin\verify.dll
0x00007ff8cead0000 - 0x00007ff8ceb0e000 	C:\Users\samue\AppData\Roaming\Code\User\globalStorage\redhat.java\1.26.0\config_win\org.eclipse.equinox.launcher\org.eclipse.equinox.launcher.win32.win32.x86_64_1.2.800.v20231003-1442\eclipse_11802.dll
0x00007ff907660000 - 0x00007ff907800000 	C:\WINDOWS\System32\ole32.dll
0x00007ff904560000 - 0x00007ff90457b000 	C:\WINDOWS\SYSTEM32\CRYPTSP.dll
0x00007ff903d50000 - 0x00007ff903d85000 	C:\WINDOWS\system32\rsaenh.dll
0x00007ff904400000 - 0x00007ff90442c000 	C:\WINDOWS\SYSTEM32\USERENV.dll
0x00007ff9047d0000 - 0x00007ff9047f8000 	C:\WINDOWS\SYSTEM32\bcrypt.dll
0x00007ff904580000 - 0x00007ff90458c000 	C:\WINDOWS\SYSTEM32\CRYPTBASE.dll
0x00007ff903890000 - 0x00007ff9038bd000 	C:\WINDOWS\SYSTEM32\IPHLPAPI.DLL
0x00007ff905f90000 - 0x00007ff905f99000 	C:\WINDOWS\System32\NSI.dll
0x00007ff8fe190000 - 0x00007ff8fe1a9000 	C:\WINDOWS\SYSTEM32\dhcpcsvc6.DLL
0x00007ff8fdaf0000 - 0x00007ff8fdb0f000 	C:\WINDOWS\SYSTEM32\dhcpcsvc.DLL
0x00007ff903910000 - 0x00007ff903a09000 	C:\WINDOWS\SYSTEM32\DNSAPI.dll

dbghelp: loaded successfully - version: 4.0.5 - missing functions: none
symbol engine: initialized successfully - sym options: 0x614 - pdb path: .;c:\Users\samue\.vscode\extensions\redhat.java-1.26.0-win32-x64\jre\17.0.9-win32-x86_64\bin;C:\WINDOWS\SYSTEM32;C:\WINDOWS\WinSxS\amd64_microsoft.windows.common-controls_6595b64144ccf1df_6.0.22621.2506_none_270c5ae97388e100;c:\Users\samue\.vscode\extensions\redhat.java-1.26.0-win32-x64\jre\17.0.9-win32-x86_64\bin\server;C:\Users\samue\AppData\Roaming\Code\User\globalStorage\redhat.java\1.26.0\config_win\org.eclipse.equinox.launcher\org.eclipse.equinox.launcher.win32.win32.x86_64_1.2.800.v20231003-1442

VM Arguments:
jvm_args: --add-modules=ALL-SYSTEM --add-opens=java.base/java.util=ALL-UNNAMED --add-opens=java.base/java.lang=ALL-UNNAMED --add-opens=java.base/sun.nio.fs=ALL-UNNAMED -Declipse.application=org.eclipse.jdt.ls.core.id1 -Dosgi.bundles.defaultStartLevel=4 -Declipse.product=org.eclipse.jdt.ls.core.product -Djava.import.generatesMetadataFilesAtProjectRoot=false -DDetectVMInstallationsJob.disabled=true -Dfile.encoding=utf8 -XX:+UseParallelGC -XX:GCTimeRatio=4 -XX:AdaptiveSizePolicyWeight=90 -Dsun.zip.disableMemoryMapping=true -Xmx1G -Xms100m -Xlog:disable -javaagent:c:\Users\samue\.vscode\extensions\redhat.java-1.26.0-win32-x64\lombok\lombok-1.18.31-3454.jar -XX:+HeapDumpOnOutOfMemoryError -XX:HeapDumpPath=c:\Users\samue\AppData\Roaming\Code\User\workspaceStorage\56351bc7bcbd1d74bf766ebbbfb55092\redhat.java -Daether.dependencyCollector.impl=bf 
java_command: c:\Users\samue\.vscode\extensions\redhat.java-1.26.0-win32-x64\server\plugins\org.eclipse.equinox.launcher_1.6.700.v20231214-2017.jar -configuration c:\Users\samue\AppData\Roaming\Code\User\globalStorage\redhat.java\1.26.0\config_win -data c:\Users\samue\AppData\Roaming\Code\User\workspaceStorage\56351bc7bcbd1d74bf766ebbbfb55092\redhat.java\jdt_ws --stdio
java_class_path (initial): c:\Users\samue\.vscode\extensions\redhat.java-1.26.0-win32-x64\server\plugins\org.eclipse.equinox.launcher_1.6.700.v20231214-2017.jar
Launcher Type: SUN_STANDARD

[Global flags]
    uintx AdaptiveSizePolicyWeight                 = 90                                        {product} {command line}
     intx CICompilerCount                          = 4                                         {product} {ergonomic}
    uintx GCTimeRatio                              = 4                                         {product} {command line}
     bool HeapDumpOnOutOfMemoryError               = true                                   {manageable} {command line}
    ccstr HeapDumpPath                             = c:\Users\samue\AppData\Roaming\Code\User\workspaceStorage\56351bc7bcbd1d74bf766ebbbfb55092\redhat.java         {manageable} {command line}
   size_t InitialHeapSize                          = 104857600                                 {product} {command line}
   size_t MaxHeapSize                              = 1073741824                                {product} {command line}
   size_t MaxNewSize                               = 357564416                                 {product} {ergonomic}
   size_t MinHeapDeltaBytes                        = 524288                                    {product} {ergonomic}
   size_t MinHeapSize                              = 104857600                                 {product} {command line}
   size_t NewSize                                  = 34603008                                  {product} {ergonomic}
    uintx NonNMethodCodeHeapSize                   = 5839372                                {pd product} {ergonomic}
    uintx NonProfiledCodeHeapSize                  = 122909434                              {pd product} {ergonomic}
   size_t OldSize                                  = 70254592                                  {product} {ergonomic}
    uintx ProfiledCodeHeapSize                     = 122909434                              {pd product} {ergonomic}
    uintx ReservedCodeCacheSize                    = 251658240                              {pd product} {ergonomic}
     bool SegmentedCodeCache                       = true                                      {product} {ergonomic}
   size_t SoftMaxHeapSize                          = 1073741824                             {manageable} {ergonomic}
     bool UseCompressedClassPointers               = true                           {product lp64_product} {ergonomic}
     bool UseCompressedOops                        = true                           {product lp64_product} {ergonomic}
     bool UseLargePagesIndividualAllocation        = false                                  {pd product} {ergonomic}
     bool UseParallelGC                            = true                                      {product} {command line}

Logging:
Log output configuration:
 #0: stdout all=off uptime,level,tags
 #1: stderr all=off uptime,level,tags

Environment Variables:
JAVA_HOME=C:\Program Files\Java\jdk-17
PATH=C:\Program Files\Eclipse Adoptium\jdk-17.0.9.9-hotspot\bin;C:\Program Files\Common Files\Oracle\Java\javapath;C:\Program Files (x86)\Common Files\Oracle\Java\javapath;C:\WINDOWS\system32;C:\WINDOWS;C:\WINDOWS\System32\Wbem;C:\WINDOWS\System32\WindowsPowerShell\v1.0\;C:\WINDOWS\System32\OpenSSH\;C:\Program Files\Git\cmd;C:\Program Files\dotnet\;C:\Program Files\apache-maven-3.8.8\bin;C:\Program Files\Docker\Docker\resources\bin;C:\Program Files\PuTTY\;C:\Program Files\Java\jdk-17\bin;C:\Program Files\MySQL\MySQL Shell 8.0\bin\;C:\Users\samue\AppData\Local\Microsoft\WindowsApps;C:\Program Files\JetBrains\IntelliJ IDEA Community Edition 2021.2.2\bin;;C:\Users\samue\AppData\Local\Programs\Microsoft VS Code\bin;C:\Program Files\CodeBlocks\MinGW\bin;C:\MinGW\bin;C:\Program Files\javafx-sdk-17.0.0.1\lib;C:\Users\samue\AppData\Local\GitHubDesktop\bin;C:\Users\samue\AppData\Local\Google\Cloud SDK\google-cloud-sdk\bin;C:\Program Files\Java\jdk-17\bin;
USERNAME=samue
OS=Windows_NT
PROCESSOR_IDENTIFIER=AMD64 Family 23 Model 104 Stepping 1, AuthenticAMD
TMP=C:\Users\samue\AppData\Local\Temp
TEMP=C:\Users\samue\AppData\Local\Temp



Periodic native trim disabled


---------------  S Y S T E M  ---------------

OS:
 Windows 11 , 64 bit Build 22621 (10.0.22621.2506)
OS uptime: 4 days 22:46 hours
Hyper-V role detected

CPU: total 12 (initial active 12) (12 cores per cpu, 2 threads per core) family 23 model 104 stepping 1 microcode 0x0, cx8, cmov, fxsr, ht, mmx, 3dnowpref, sse, sse2, sse3, ssse3, sse4a, sse4.1, sse4.2, popcnt, lzcnt, tsc, tscinvbit, avx, avx2, aes, clmul, bmi1, bmi2, adx, sha, fma, vzeroupper, clflush, clflushopt, hv
Processor Information for processor 0
  Max Mhz: 2100, Current Mhz: 1988, Mhz Limit: 2100
Processor Information for processor 1
  Max Mhz: 2100, Current Mhz: 2100, Mhz Limit: 2100
Processor Information for processor 2
  Max Mhz: 2100, Current Mhz: 2100, Mhz Limit: 2100
Processor Information for processor 3
  Max Mhz: 2100, Current Mhz: 2100, Mhz Limit: 2100
Processor Information for processor 4
  Max Mhz: 2100, Current Mhz: 2100, Mhz Limit: 2100
Processor Information for processor 5
  Max Mhz: 2100, Current Mhz: 2100, Mhz Limit: 2100
Processor Information for processor 6
  Max Mhz: 2100, Current Mhz: 2100, Mhz Limit: 2100
Processor Information for processor 7
  Max Mhz: 2100, Current Mhz: 2100, Mhz Limit: 2100
Processor Information for processor 8
  Max Mhz: 2100, Current Mhz: 2100, Mhz Limit: 2100
Processor Information for processor 9
  Max Mhz: 2100, Current Mhz: 2100, Mhz Limit: 2100
Processor Information for processor 10
  Max Mhz: 2100, Current Mhz: 2100, Mhz Limit: 2100
Processor Information for processor 11
  Max Mhz: 2100, Current Mhz: 2100, Mhz Limit: 2100

Memory: 4k page, system-wide physical 6005M (169M free)
TotalPageFile size 24437M (AvailPageFile size 6M)
current process WorkingSet (physical memory assigned to process): 158M, peak: 160M
current process commit charge ("private bytes"): 262M, peak: 266M

vm_info: OpenJDK 64-Bit Server VM (17.0.9+9) for windows-amd64 JRE (17.0.9+9), built on Oct 26 2023 14:01:42 by "admin" with MS VC++ 16.10 / 16.11 (VS2019)

END.
