#
# There is insufficient memory for the Java Runtime Environment to continue.
# Native memory allocation (malloc) failed to allocate 577120 bytes for Chunk::new
# Possible reasons:
#   The system is out of physical RAM or swap space
#   The process is running with CompressedOops enabled, and the Java Heap may be blocking the growth of the native heap
# Possible solutions:
#   Reduce memory load on the system
#   Increase physical memory or swap space
#   Check if swap backing store is full
#   Decrease Java heap size (-Xmx/-Xms)
#   Decrease number of Java threads
#   Decrease Java thread stack sizes (-Xss)
#   Set larger code cache with -XX:ReservedCodeCacheSize=
#   JVM is running with Unscaled Compressed Oops mode in which the Java heap is
#     placed in the first 4GB address space. The Java Heap base address is the
#     maximum limit for the native heap growth. Please use -XX:HeapBaseMinAddress
#     to set the Java Heap base and to place the Java Heap above 4GB virtual address.
# This output file may be truncated or incomplete.
#
#  Out of Memory Error (arena.cpp:191), pid=6604, tid=27108
#
# JRE version: OpenJDK Runtime Environment Temurin-17.0.9+9 (17.0.9+9) (build 17.0.9+9)
# Java VM: OpenJDK 64-Bit Server VM Temurin-17.0.9+9 (17.0.9+9, mixed mode, tiered, compressed oops, compressed class ptrs, parallel gc, windows-amd64)
# No core dump will be written. Minidumps are not enabled by default on client versions of Windows
#

---------------  S U M M A R Y ------------

Command Line: --add-modules=ALL-SYSTEM --add-opens=java.base/java.util=ALL-UNNAMED --add-opens=java.base/java.lang=ALL-UNNAMED --add-opens=java.base/sun.nio.fs=ALL-UNNAMED -Declipse.application=org.eclipse.jdt.ls.core.id1 -Dosgi.bundles.defaultStartLevel=4 -Declipse.product=org.eclipse.jdt.ls.core.product -Djava.import.generatesMetadataFilesAtProjectRoot=false -DDetectVMInstallationsJob.disabled=true -Dfile.encoding=utf8 -XX:+UseParallelGC -XX:GCTimeRatio=4 -XX:AdaptiveSizePolicyWeight=90 -Dsun.zip.disableMemoryMapping=true -Xmx1G -Xms100m -Xlog:disable -javaagent:c:\Users\samue\.vscode\extensions\redhat.java-1.26.0-win32-x64\lombok\lombok-1.18.31-3454.jar c:\Users\samue\.vscode\extensions\redhat.java-1.26.0-win32-x64\server\plugins\org.eclipse.equinox.launcher_1.6.700.v20231214-2017.jar -configuration c:\Users\samue\AppData\Roaming\Code\User\globalStorage\redhat.java\1.26.0\config_ss_win -data c:\Users\samue\AppData\Roaming\Code\User\workspaceStorage\56351bc7bcbd1d74bf766ebbbfb55092\redhat.java\ss_ws --stdio

Host: AMD Ryzen 5 5500U with Radeon Graphics         , 12 cores, 5G,  Windows 11 , 64 bit Build 22621 (10.0.22621.2506)
Time: Thu Jan 25 18:16:27 2024 Mitteleuropäische Zeit elapsed time: 0.733322 seconds (0d 0h 0m 0s)

---------------  T H R E A D  ---------------

Current thread (0x0000023184b79380):  JavaThread "C2 CompilerThread1" daemon [_thread_in_native, id=27108, stack(0x00000046f5c00000,0x00000046f5d00000)]


Current CompileTask:
C2:    733  787   !   4       java.util.jar.Attributes::read (498 bytes)

Stack: [0x00000046f5c00000,0x00000046f5d00000]
Native frames: (J=compiled Java code, j=interpreted, Vv=VM code, C=native code)
V  [jvm.dll+0x67cf49]
V  [jvm.dll+0x83478a]
V  [jvm.dll+0x83624e]
V  [jvm.dll+0x8368b3]
V  [jvm.dll+0x247f1f]
V  [jvm.dll+0xac43c]
V  [jvm.dll+0xaca8c]
V  [jvm.dll+0x367067]
V  [jvm.dll+0x1bd722]
V  [jvm.dll+0x21a709]
V  [jvm.dll+0x2199d1]
V  [jvm.dll+0x1a57cd]
V  [jvm.dll+0x2297ae]
V  [jvm.dll+0x22797c]
V  [jvm.dll+0x7e9877]
V  [jvm.dll+0x7e3c3a]
V  [jvm.dll+0x67be35]
C  [ucrtbase.dll+0x29363]
C  [KERNEL32.DLL+0x1257d]
C  [ntdll.dll+0x5aa58]


---------------  P R O C E S S  ---------------

Threads class SMR info:
_java_thread_list=0x0000023185fffeb0, length=13, elements={
0x00000231eb8ab560, 0x00000231eb957ea0, 0x00000231eb958a60, 0x000002318482b940,
0x000002318482c500, 0x0000023184833130, 0x00000231848368b0, 0x00000231848394a0,
0x0000023184839f50, 0x0000023184848ec0, 0x00000231849c5030, 0x0000023184b79380,
0x0000023185ffac20
}

Java Threads: ( => current thread )
  0x00000231eb8ab560 JavaThread "main" [_thread_in_vm, id=19460, stack(0x00000046f4f00000,0x00000046f5000000)]
  0x00000231eb957ea0 JavaThread "Reference Handler" daemon [_thread_blocked, id=12560, stack(0x00000046f5200000,0x00000046f5300000)]
  0x00000231eb958a60 JavaThread "Finalizer" daemon [_thread_blocked, id=12268, stack(0x00000046f5300000,0x00000046f5400000)]
  0x000002318482b940 JavaThread "Signal Dispatcher" daemon [_thread_blocked, id=15584, stack(0x00000046f5400000,0x00000046f5500000)]
  0x000002318482c500 JavaThread "Attach Listener" daemon [_thread_blocked, id=27024, stack(0x00000046f5500000,0x00000046f5600000)]
  0x0000023184833130 JavaThread "Service Thread" daemon [_thread_blocked, id=19680, stack(0x00000046f5600000,0x00000046f5700000)]
  0x00000231848368b0 JavaThread "Monitor Deflation Thread" daemon [_thread_blocked, id=5568, stack(0x00000046f5700000,0x00000046f5800000)]
  0x00000231848394a0 JavaThread "C2 CompilerThread0" daemon [_thread_blocked, id=4892, stack(0x00000046f5800000,0x00000046f5900000)]
  0x0000023184839f50 JavaThread "C1 CompilerThread0" daemon [_thread_in_native, id=3376, stack(0x00000046f5900000,0x00000046f5a00000)]
  0x0000023184848ec0 JavaThread "Sweeper thread" daemon [_thread_blocked, id=10036, stack(0x00000046f5a00000,0x00000046f5b00000)]
  0x00000231849c5030 JavaThread "Common-Cleaner" daemon [_thread_blocked, id=26280, stack(0x00000046f5b00000,0x00000046f5c00000)]
=>0x0000023184b79380 JavaThread "C2 CompilerThread1" daemon [_thread_in_native, id=27108, stack(0x00000046f5c00000,0x00000046f5d00000)]
  0x0000023185ffac20 JavaThread "Notification Thread" daemon [_thread_blocked, id=26988, stack(0x00000046f5d00000,0x00000046f5e00000)]

Other Threads:
  0x00000231eb956ae0 VMThread "VM Thread" [stack: 0x00000046f5100000,0x00000046f5200000] [id=14188]
  0x0000023185ff8be0 WatcherThread [stack: 0x00000046f5e00000,0x00000046f5f00000] [id=24192]
  0x00000231eb8c0a50 GCTaskThread "GC Thread#0" [stack: 0x00000046f5000000,0x00000046f5100000] [id=10904]

Threads with active compile tasks:
C1 CompilerThread0      751  873   !   3       java.net.URL::set (114 bytes)
C2 CompilerThread1      751  787   !   4       java.util.jar.Attributes::read (498 bytes)

VM state: not at safepoint (normal execution)

VM Mutex/Monitor currently owned by a thread: None

Heap address: 0x00000000c0000000, size: 1024 MB, Compressed Oops mode: 32-bit

CDS archive(s) not mapped
Compressed class space mapped at: 0x0000000100000000-0x0000000140000000, reserved size: 1073741824
Narrow klass base: 0x0000000000000000, Narrow klass shift: 3, Narrow klass range: 0x140000000

GC Precious Log:
 CPUs: 12 total, 12 available
 Memory: 6005M
 Large Page Support: Disabled
 NUMA Support: Disabled
 Compressed Oops: Enabled (32-bit)
 Alignments: Space 512K, Generation 512K, Heap 2M
 Heap Min Capacity: 100M
 Heap Initial Capacity: 100M
 Heap Max Capacity: 1G
 Pre-touch: Disabled
 Parallel Workers: 10

Heap:
 PSYoungGen      total 29696K, used 23985K [0x00000000eab00000, 0x00000000ecc00000, 0x0000000100000000)
  eden space 25600K, 93% used [0x00000000eab00000,0x00000000ec26c588,0x00000000ec400000)
  from space 4096K, 0% used [0x00000000ec800000,0x00000000ec800000,0x00000000ecc00000)
  to   space 4096K, 0% used [0x00000000ec400000,0x00000000ec400000,0x00000000ec800000)
 ParOldGen       total 68608K, used 0K [0x00000000c0000000, 0x00000000c4300000, 0x00000000eab00000)
  object space 68608K, 0% used [0x00000000c0000000,0x00000000c0000000,0x00000000c4300000)
 Metaspace       used 10506K, committed 10624K, reserved 1114112K
  class space    used 1047K, committed 1088K, reserved 1048576K

Card table byte_map: [0x00000231eb270000,0x00000231eb480000] _byte_map_base: 0x00000231eac70000

Marking Bits: (ParMarkBitMap*) 0x00007ff81803d0b0
 Begin Bits: [0x00000231fd540000, 0x00000231fe540000)
 End Bits:   [0x00000231fe540000, 0x00000231ff540000)

Polling page: 0x00000231eb060000

Metaspace:

Usage:
  Non-class:      9.24 MB used.
      Class:      1.02 MB used.
       Both:     10.26 MB used.

Virtual space:
  Non-class space:       64.00 MB reserved,       9.31 MB ( 15%) committed,  1 nodes.
      Class space:        1.00 GB reserved,       1.06 MB ( <1%) committed,  1 nodes.
             Both:        1.06 GB reserved,      10.38 MB ( <1%) committed. 

Chunk freelists:
   Non-Class:  6.41 MB
       Class:  14.95 MB
        Both:  21.36 MB

MaxMetaspaceSize: unlimited
CompressedClassSpaceSize: 1.00 GB
Initial GC threshold: 21.00 MB
Current GC threshold: 21.00 MB
CDS: off
MetaspaceReclaimPolicy: balanced
 - commit_granule_bytes: 65536.
 - commit_granule_words: 8192.
 - virtual_space_node_default_size: 8388608.
 - enlarge_chunks_in_place: 1.
 - new_chunks_are_fully_committed: 0.
 - uncommit_free_chunks: 1.
 - use_allocation_guard: 0.
 - handle_deallocations: 1.


Internal statistics:

num_allocs_failed_limit: 0.
num_arena_births: 14.
num_arena_deaths: 0.
num_vsnodes_births: 2.
num_vsnodes_deaths: 0.
num_space_committed: 166.
num_space_uncommitted: 0.
num_chunks_returned_to_freelist: 0.
num_chunks_taken_from_freelist: 78.
num_chunk_merges: 0.
num_chunk_splits: 50.
num_chunks_enlarged: 43.
num_inconsistent_stats: 0.

CodeHeap 'non-profiled nmethods': size=120000Kb used=357Kb max_used=357Kb free=119643Kb
 bounds [0x00000231f6010000, 0x00000231f6280000, 0x00000231fd540000]
CodeHeap 'profiled nmethods': size=120000Kb used=1440Kb max_used=1440Kb free=118559Kb
 bounds [0x00000231ee540000, 0x00000231ee7b0000, 0x00000231f5a70000]
CodeHeap 'non-nmethods': size=5760Kb used=1139Kb max_used=1164Kb free=4620Kb
 bounds [0x00000231f5a70000, 0x00000231f5ce0000, 0x00000231f6010000]
 total_blobs=1302 nmethods=872 adapters=345
 compilation: enabled
              stopped_count=0, restarted_count=0
 full_count=0

Compilation events (20 events):
Event: 0.721 Thread 0x0000023184839f50  843       3       jdk.internal.loader.BuiltinClassLoader::loadClass (22 bytes)
Event: 0.722 Thread 0x0000023184839f50 nmethod 843 0x00000231ee696d90 code [0x00000231ee696f40, 0x00000231ee6971d8]
Event: 0.722 Thread 0x0000023184839f50  844       3       java.util.LinkedHashMap::get (29 bytes)
Event: 0.722 Thread 0x0000023184839f50 nmethod 844 0x00000231ee697310 code [0x00000231ee6974c0, 0x00000231ee697718]
Event: 0.722 Thread 0x0000023184839f50  845       3       sun.security.provider.DigestBase::engineUpdate (189 bytes)
Event: 0.723 Thread 0x0000023184839f50 nmethod 845 0x00000231ee697810 code [0x00000231ee697a80, 0x00000231ee698738]
Event: 0.725 Thread 0x0000023184839f50  847   !   3       java.util.zip.ZipFile$Source::getEntryPos (173 bytes)
Event: 0.727 Thread 0x0000023184839f50 nmethod 847 0x00000231ee698a90 code [0x00000231ee698d80, 0x00000231ee699e28]
Event: 0.727 Thread 0x0000023184839f50  848       3       java.util.jar.JarFile::maybeInstantiateVerifier (42 bytes)
Event: 0.728 Thread 0x0000023184839f50 nmethod 848 0x00000231ee69a890 code [0x00000231ee69aa60, 0x00000231ee69adf8]
Event: 0.728 Thread 0x0000023184839f50  849       3       java.util.jar.JarVerifier::update (43 bytes)
Event: 0.729 Thread 0x0000023184839f50 nmethod 849 0x00000231ee69af10 code [0x00000231ee69b0e0, 0x00000231ee69b428]
Event: 0.729 Thread 0x0000023184839f50  850       3       java.util.zip.ZipCoder::hash (36 bytes)
Event: 0.729 Thread 0x0000023184839f50 nmethod 850 0x00000231ee69b590 code [0x00000231ee69b7a0, 0x00000231ee69bec8]
Event: 0.729 Thread 0x0000023184839f50  851  s    3       jdk.internal.perf.PerfCounter::add (18 bytes)
Event: 0.730 Thread 0x0000023184839f50 nmethod 851 0x00000231ee69c210 code [0x00000231ee69c3e0, 0x00000231ee69c798]
Event: 0.730 Thread 0x0000023184839f50  852  s    3       jdk.internal.perf.PerfCounter::get (9 bytes)
Event: 0.730 Thread 0x0000023184839f50 nmethod 852 0x00000231ee69c990 code [0x00000231ee69cb40, 0x00000231ee69cd48]
Event: 0.730 Thread 0x0000023184839f50  853   !   3       java.util.zip.ZipFile::getEntry (59 bytes)
Event: 0.730 Thread 0x0000023184839f50 nmethod 853 0x00000231ee69ce90 code [0x00000231ee69d080, 0x00000231ee69d4d8]

GC Heap History (0 events):
No events

Dll operation events (8 events):
Event: 0.011 Loaded shared library c:\Users\samue\.vscode\extensions\redhat.java-1.26.0-win32-x64\jre\17.0.9-win32-x86_64\bin\java.dll
Event: 0.152 Loaded shared library c:\Users\samue\.vscode\extensions\redhat.java-1.26.0-win32-x64\jre\17.0.9-win32-x86_64\bin\zip.dll
Event: 0.156 Loaded shared library C:\Users\samue\.vscode\extensions\redhat.java-1.26.0-win32-x64\jre\17.0.9-win32-x86_64\bin\instrument.dll
Event: 0.168 Loaded shared library C:\Users\samue\.vscode\extensions\redhat.java-1.26.0-win32-x64\jre\17.0.9-win32-x86_64\bin\net.dll
Event: 0.170 Loaded shared library C:\Users\samue\.vscode\extensions\redhat.java-1.26.0-win32-x64\jre\17.0.9-win32-x86_64\bin\nio.dll
Event: 0.178 Loaded shared library C:\Users\samue\.vscode\extensions\redhat.java-1.26.0-win32-x64\jre\17.0.9-win32-x86_64\bin\zip.dll
Event: 0.192 Loaded shared library C:\Users\samue\.vscode\extensions\redhat.java-1.26.0-win32-x64\jre\17.0.9-win32-x86_64\bin\jimage.dll
Event: 0.256 Loaded shared library c:\Users\samue\.vscode\extensions\redhat.java-1.26.0-win32-x64\jre\17.0.9-win32-x86_64\bin\verify.dll

Deoptimization events (20 events):
Event: 0.677 Thread 0x00000231eb8ab560 Uncommon trap: trap_request=0xffffffde fr.pc=0x00000231f6058478 relative=0x00000000000009b8
Event: 0.677 Thread 0x00000231eb8ab560 Uncommon trap: reason=class_check action=maybe_recompile pc=0x00000231f6058478 method=java.util.HashMap.putVal(ILjava/lang/Object;Ljava/lang/Object;ZZ)Ljava/lang/Object; @ 203 c2
Event: 0.677 Thread 0x00000231eb8ab560 DEOPT PACKING pc=0x00000231f6058478 sp=0x00000046f4ffda40
Event: 0.677 Thread 0x00000231eb8ab560 DEOPT UNPACKING pc=0x00000231f5ac66a3 sp=0x00000046f4ffd958 mode 2
Event: 0.677 Thread 0x00000231eb8ab560 Uncommon trap: trap_request=0xffffffde fr.pc=0x00000231f6058478 relative=0x00000000000009b8
Event: 0.677 Thread 0x00000231eb8ab560 Uncommon trap: reason=class_check action=maybe_recompile pc=0x00000231f6058478 method=java.util.HashMap.putVal(ILjava/lang/Object;Ljava/lang/Object;ZZ)Ljava/lang/Object; @ 203 c2
Event: 0.677 Thread 0x00000231eb8ab560 DEOPT PACKING pc=0x00000231f6058478 sp=0x00000046f4ffda40
Event: 0.677 Thread 0x00000231eb8ab560 DEOPT UNPACKING pc=0x00000231f5ac66a3 sp=0x00000046f4ffd958 mode 2
Event: 0.706 Thread 0x00000231eb8ab560 Uncommon trap: trap_request=0xffffffde fr.pc=0x00000231f6045e10 relative=0x0000000000000530
Event: 0.706 Thread 0x00000231eb8ab560 Uncommon trap: reason=class_check action=maybe_recompile pc=0x00000231f6045e10 method=java.util.Collections$UnmodifiableCollection$1.<init>(Ljava/util/Collections$UnmodifiableCollection;)V @ 17 c2
Event: 0.706 Thread 0x00000231eb8ab560 DEOPT PACKING pc=0x00000231f6045e10 sp=0x00000046f4ffe2a0
Event: 0.706 Thread 0x00000231eb8ab560 DEOPT UNPACKING pc=0x00000231f5ac66a3 sp=0x00000046f4ffe1e8 mode 2
Event: 0.706 Thread 0x00000231eb8ab560 Uncommon trap: trap_request=0xffffffde fr.pc=0x00000231f603a20c relative=0x00000000000001ec
Event: 0.706 Thread 0x00000231eb8ab560 Uncommon trap: reason=class_check action=maybe_recompile pc=0x00000231f603a20c method=java.util.Collections$UnmodifiableCollection$1.next()Ljava/lang/Object; @ 4 c2
Event: 0.706 Thread 0x00000231eb8ab560 DEOPT PACKING pc=0x00000231f603a20c sp=0x00000046f4ffe2b0
Event: 0.706 Thread 0x00000231eb8ab560 DEOPT UNPACKING pc=0x00000231f5ac66a3 sp=0x00000046f4ffe260 mode 2
Event: 0.706 Thread 0x00000231eb8ab560 Uncommon trap: trap_request=0xffffffde fr.pc=0x00000231f603a20c relative=0x00000000000001ec
Event: 0.706 Thread 0x00000231eb8ab560 Uncommon trap: reason=class_check action=maybe_recompile pc=0x00000231f603a20c method=java.util.Collections$UnmodifiableCollection$1.next()Ljava/lang/Object; @ 4 c2
Event: 0.706 Thread 0x00000231eb8ab560 DEOPT PACKING pc=0x00000231f603a20c sp=0x00000046f4ffe2b0
Event: 0.706 Thread 0x00000231eb8ab560 DEOPT UNPACKING pc=0x00000231f5ac66a3 sp=0x00000046f4ffe260 mode 2

Classes unloaded (0 events):
No events

Classes redefined (0 events):
No events

Internal exceptions (13 events):
Event: 0.129 Thread 0x00000231eb8ab560 Exception <a 'java/lang/NoSuchMethodError'{0x00000000eacb26e0}: 'void java.lang.invoke.DirectMethodHandle$Holder.invokeStatic(java.lang.Object, java.lang.Object, java.lang.Object)'> (0x00000000eacb26e0) 
thrown [s\src\hotspot\share\interpreter\linkResolver.cpp, line 759]
Event: 0.284 Thread 0x00000231eb8ab560 Exception <a 'java/lang/reflect/InvocationTargetException'{0x00000000eafe4808}> (0x00000000eafe4808) 
thrown [s\src\hotspot\share\runtime\reflection.cpp, line 1121]
Event: 0.513 Thread 0x00000231eb8ab560 Exception <a 'java/lang/ClassNotFoundException'{0x00000000eb856c48}: sun/net/www/protocol/c/Handler> (0x00000000eb856c48) 
thrown [s\src\hotspot\share\classfile\systemDictionary.cpp, line 256]
Event: 0.516 Thread 0x00000231eb8ab560 Exception <a 'java/io/FileNotFoundException'{0x00000000eb86e818}> (0x00000000eb86e818) 
thrown [s\src\hotspot\share\prims\jni.cpp, line 516]
Event: 0.516 Thread 0x00000231eb8ab560 Exception <a 'java/io/FileNotFoundException'{0x00000000eb86f558}> (0x00000000eb86f558) 
thrown [s\src\hotspot\share\prims\jni.cpp, line 516]
Event: 0.516 Thread 0x00000231eb8ab560 Exception <a 'java/io/FileNotFoundException'{0x00000000eb870278}> (0x00000000eb870278) 
thrown [s\src\hotspot\share\prims\jni.cpp, line 516]
Event: 0.516 Thread 0x00000231eb8ab560 Exception <a 'java/io/FileNotFoundException'{0x00000000eb870f68}> (0x00000000eb870f68) 
thrown [s\src\hotspot\share\prims\jni.cpp, line 516]
Event: 0.520 Thread 0x00000231eb8ab560 Implicit null exception at 0x00000231f6033972 to 0x00000231f6033e90
Event: 0.523 Thread 0x00000231eb8ab560 Exception <a 'java/io/FileNotFoundException'{0x00000000eb8abad8}> (0x00000000eb8abad8) 
thrown [s\src\hotspot\share\prims\jni.cpp, line 516]
Event: 0.695 Thread 0x00000231eb8ab560 Exception <a 'java/lang/ClassNotFoundException'{0x00000000ec0ae7f0}: sun/net/www/protocol/c/Handler> (0x00000000ec0ae7f0) 
thrown [s\src\hotspot\share\classfile\systemDictionary.cpp, line 256]
Event: 0.696 Thread 0x00000231eb8ab560 Exception <a 'java/lang/ClassNotFoundException'{0x00000000ec0afbf8}: sun/net/www/protocol/c/Handler> (0x00000000ec0afbf8) 
thrown [s\src\hotspot\share\classfile\systemDictionary.cpp, line 256]
Event: 0.696 Thread 0x00000231eb8ab560 Exception <a 'java/lang/ClassNotFoundException'{0x00000000ec0b0eb0}: sun/net/www/protocol/c/Handler> (0x00000000ec0b0eb0) 
thrown [s\src\hotspot\share\classfile\systemDictionary.cpp, line 256]
Event: 0.705 Thread 0x00000231eb8ab560 Exception <a 'java/io/FileNotFoundException'{0x00000000ec0d40a8}> (0x00000000ec0d40a8) 
thrown [s\src\hotspot\share\prims\jni.cpp, line 516]

VM Operations (10 events):
Event: 0.134 Executing VM operation: HandshakeAllThreads
Event: 0.134 Executing VM operation: HandshakeAllThreads done
Event: 0.206 Executing VM operation: HandshakeAllThreads
Event: 0.206 Executing VM operation: HandshakeAllThreads done
Event: 0.494 Executing VM operation: HandshakeAllThreads
Event: 0.494 Executing VM operation: HandshakeAllThreads done
Event: 0.508 Executing VM operation: HandshakeAllThreads
Event: 0.508 Executing VM operation: HandshakeAllThreads done
Event: 0.674 Executing VM operation: HandshakeAllThreads
Event: 0.674 Executing VM operation: HandshakeAllThreads done

Events (20 events):
Event: 0.673 loading class sun/nio/cs/UTF_8$Decoder
Event: 0.674 loading class sun/nio/cs/UTF_8$Decoder done
Event: 0.674 loading class java/nio/charset/CoderResult
Event: 0.674 loading class java/nio/charset/CoderResult done
Event: 0.687 loading class java/util/Random
Event: 0.687 loading class java/util/random/RandomGenerator
Event: 0.687 loading class java/util/random/RandomGenerator done
Event: 0.687 loading class java/util/Random done
Event: 0.687 loading class java/util/UUID
Event: 0.688 loading class java/util/UUID done
Event: 0.688 loading class java/util/concurrent/atomic/AtomicBoolean
Event: 0.688 loading class java/util/concurrent/atomic/AtomicBoolean done
Event: 0.688 loading class java/lang/invoke/VarHandleInts$FieldInstanceReadWrite
Event: 0.688 loading class java/lang/invoke/VarHandleInts$FieldInstanceReadOnly
Event: 0.688 loading class java/lang/invoke/VarHandleInts$FieldInstanceReadOnly done
Event: 0.689 loading class java/lang/invoke/VarHandleInts$FieldInstanceReadWrite done
Event: 0.700 loading class java/nio/file/FileVisitor
Event: 0.701 loading class java/nio/file/FileVisitor done
Event: 0.724 loading class java/io/StringWriter
Event: 0.725 loading class java/io/StringWriter done


Dynamic libraries:
0x00007ff639130000 - 0x00007ff63913e000 	c:\Users\samue\.vscode\extensions\redhat.java-1.26.0-win32-x64\jre\17.0.9-win32-x86_64\bin\java.exe
0x00007ff907ab0000 - 0x00007ff907cc7000 	C:\WINDOWS\SYSTEM32\ntdll.dll
0x00007ff905980000 - 0x00007ff905a44000 	C:\WINDOWS\System32\KERNEL32.DLL
0x00007ff9051f0000 - 0x00007ff905596000 	C:\WINDOWS\System32\KERNELBASE.dll
0x00007ff9055a0000 - 0x00007ff9056b1000 	C:\WINDOWS\System32\ucrtbase.dll
0x00007ff8dbbc0000 - 0x00007ff8dbbdb000 	c:\Users\samue\.vscode\extensions\redhat.java-1.26.0-win32-x64\jre\17.0.9-win32-x86_64\bin\VCRUNTIME140.dll
0x00007ff8c6360000 - 0x00007ff8c6377000 	c:\Users\samue\.vscode\extensions\redhat.java-1.26.0-win32-x64\jre\17.0.9-win32-x86_64\bin\jli.dll
0x00007ff906100000 - 0x00007ff9062ae000 	C:\WINDOWS\System32\USER32.dll
0x00007ff8f2e70000 - 0x00007ff8f3103000 	C:\WINDOWS\WinSxS\amd64_microsoft.windows.common-controls_6595b64144ccf1df_6.0.22621.2506_none_270c5ae97388e100\COMCTL32.dll
0x00007ff904e20000 - 0x00007ff904e46000 	C:\WINDOWS\System32\win32u.dll
0x00007ff905ac0000 - 0x00007ff905b67000 	C:\WINDOWS\System32\msvcrt.dll
0x00007ff905fa0000 - 0x00007ff905fc9000 	C:\WINDOWS\System32\GDI32.dll
0x00007ff9050d0000 - 0x00007ff9051e8000 	C:\WINDOWS\System32\gdi32full.dll
0x00007ff904fc0000 - 0x00007ff90505a000 	C:\WINDOWS\System32\msvcp_win.dll
0x00007ff9062b0000 - 0x00007ff9062e1000 	C:\WINDOWS\System32\IMM32.DLL
0x00007ff8dc2b0000 - 0x00007ff8dc2bc000 	c:\Users\samue\.vscode\extensions\redhat.java-1.26.0-win32-x64\jre\17.0.9-win32-x86_64\bin\vcruntime140_1.dll
0x00007ff881150000 - 0x00007ff8811dd000 	c:\Users\samue\.vscode\extensions\redhat.java-1.26.0-win32-x64\jre\17.0.9-win32-x86_64\bin\msvcp140.dll
0x00007ff8174a0000 - 0x00007ff818101000 	c:\Users\samue\.vscode\extensions\redhat.java-1.26.0-win32-x64\jre\17.0.9-win32-x86_64\bin\server\jvm.dll
0x00007ff906320000 - 0x00007ff9063d1000 	C:\WINDOWS\System32\ADVAPI32.dll
0x00007ff9079c0000 - 0x00007ff907a65000 	C:\WINDOWS\System32\sechost.dll
0x00007ff905fd0000 - 0x00007ff9060e7000 	C:\WINDOWS\System32\RPCRT4.dll
0x00007ff8e5a10000 - 0x00007ff8e5a19000 	C:\WINDOWS\SYSTEM32\WSOCK32.dll
0x00007ff904780000 - 0x00007ff9047cd000 	C:\WINDOWS\SYSTEM32\POWRPROF.dll
0x00007ff8fd410000 - 0x00007ff8fd444000 	C:\WINDOWS\SYSTEM32\WINMM.dll
0x00007ff8f8dc0000 - 0x00007ff8f8dca000 	C:\WINDOWS\SYSTEM32\VERSION.dll
0x00007ff905b70000 - 0x00007ff905be1000 	C:\WINDOWS\System32\WS2_32.dll
0x00007ff9046f0000 - 0x00007ff904703000 	C:\WINDOWS\SYSTEM32\UMPDC.dll
0x00007ff903df0000 - 0x00007ff903e08000 	C:\WINDOWS\SYSTEM32\kernel.appcore.dll
0x00007ff8dbd90000 - 0x00007ff8dbd9a000 	c:\Users\samue\.vscode\extensions\redhat.java-1.26.0-win32-x64\jre\17.0.9-win32-x86_64\bin\jimage.dll
0x00007ff902720000 - 0x00007ff902953000 	C:\WINDOWS\SYSTEM32\DBGHELP.DLL
0x00007ff907120000 - 0x00007ff9074a9000 	C:\WINDOWS\System32\combase.dll
0x00007ff905dc0000 - 0x00007ff905e97000 	C:\WINDOWS\System32\OLEAUT32.dll
0x00007ff8e07f0000 - 0x00007ff8e0822000 	C:\WINDOWS\SYSTEM32\dbgcore.DLL
0x00007ff9056c0000 - 0x00007ff90573a000 	C:\WINDOWS\System32\bcryptPrimitives.dll
0x00007ff8dbb50000 - 0x00007ff8dbb5e000 	c:\Users\samue\.vscode\extensions\redhat.java-1.26.0-win32-x64\jre\17.0.9-win32-x86_64\bin\instrument.dll
0x00007ff8a9a50000 - 0x00007ff8a9a75000 	c:\Users\samue\.vscode\extensions\redhat.java-1.26.0-win32-x64\jre\17.0.9-win32-x86_64\bin\java.dll
0x00007ff8c5880000 - 0x00007ff8c5898000 	c:\Users\samue\.vscode\extensions\redhat.java-1.26.0-win32-x64\jre\17.0.9-win32-x86_64\bin\zip.dll
0x00007ff9063f0000 - 0x00007ff906c4a000 	C:\WINDOWS\System32\SHELL32.dll
0x00007ff902cf0000 - 0x00007ff9035e6000 	C:\WINDOWS\SYSTEM32\windows.storage.dll
0x00007ff902bb0000 - 0x00007ff902cee000 	C:\WINDOWS\SYSTEM32\wintypes.dll
0x00007ff9074b0000 - 0x00007ff9075a3000 	C:\WINDOWS\System32\SHCORE.dll
0x00007ff905920000 - 0x00007ff90597e000 	C:\WINDOWS\System32\shlwapi.dll
0x00007ff904d50000 - 0x00007ff904d76000 	C:\WINDOWS\SYSTEM32\profapi.dll
0x00007ff8c2a60000 - 0x00007ff8c2a79000 	C:\Users\samue\.vscode\extensions\redhat.java-1.26.0-win32-x64\jre\17.0.9-win32-x86_64\bin\net.dll
0x00007ff8fdf50000 - 0x00007ff8fe087000 	C:\WINDOWS\SYSTEM32\WINHTTP.dll
0x00007ff9042a0000 - 0x00007ff904309000 	C:\WINDOWS\system32\mswsock.dll
0x00007ff8c0020000 - 0x00007ff8c0036000 	C:\Users\samue\.vscode\extensions\redhat.java-1.26.0-win32-x64\jre\17.0.9-win32-x86_64\bin\nio.dll
0x00007ff8db700000 - 0x00007ff8db710000 	c:\Users\samue\.vscode\extensions\redhat.java-1.26.0-win32-x64\jre\17.0.9-win32-x86_64\bin\verify.dll

dbghelp: loaded successfully - version: 4.0.5 - missing functions: none
symbol engine: initialized successfully - sym options: 0x614 - pdb path: .;c:\Users\samue\.vscode\extensions\redhat.java-1.26.0-win32-x64\jre\17.0.9-win32-x86_64\bin;C:\WINDOWS\SYSTEM32;C:\WINDOWS\WinSxS\amd64_microsoft.windows.common-controls_6595b64144ccf1df_6.0.22621.2506_none_270c5ae97388e100;c:\Users\samue\.vscode\extensions\redhat.java-1.26.0-win32-x64\jre\17.0.9-win32-x86_64\bin\server

VM Arguments:
jvm_args: --add-modules=ALL-SYSTEM --add-opens=java.base/java.util=ALL-UNNAMED --add-opens=java.base/java.lang=ALL-UNNAMED --add-opens=java.base/sun.nio.fs=ALL-UNNAMED -Declipse.application=org.eclipse.jdt.ls.core.id1 -Dosgi.bundles.defaultStartLevel=4 -Declipse.product=org.eclipse.jdt.ls.core.product -Djava.import.generatesMetadataFilesAtProjectRoot=false -DDetectVMInstallationsJob.disabled=true -Dfile.encoding=utf8 -XX:+UseParallelGC -XX:GCTimeRatio=4 -XX:AdaptiveSizePolicyWeight=90 -Dsun.zip.disableMemoryMapping=true -Xmx1G -Xms100m -Xlog:disable -javaagent:c:\Users\samue\.vscode\extensions\redhat.java-1.26.0-win32-x64\lombok\lombok-1.18.31-3454.jar 
java_command: c:\Users\samue\.vscode\extensions\redhat.java-1.26.0-win32-x64\server\plugins\org.eclipse.equinox.launcher_1.6.700.v20231214-2017.jar -configuration c:\Users\samue\AppData\Roaming\Code\User\globalStorage\redhat.java\1.26.0\config_ss_win -data c:\Users\samue\AppData\Roaming\Code\User\workspaceStorage\56351bc7bcbd1d74bf766ebbbfb55092\redhat.java\ss_ws --stdio
java_class_path (initial): c:\Users\samue\.vscode\extensions\redhat.java-1.26.0-win32-x64\server\plugins\org.eclipse.equinox.launcher_1.6.700.v20231214-2017.jar
Launcher Type: SUN_STANDARD

[Global flags]
    uintx AdaptiveSizePolicyWeight                 = 90                                        {product} {command line}
     intx CICompilerCount                          = 4                                         {product} {ergonomic}
    uintx GCTimeRatio                              = 4                                         {product} {command line}
   size_t InitialHeapSize                          = 104857600                                 {product} {command line}
   size_t MaxHeapSize                              = 1073741824                                {product} {command line}
   size_t MaxNewSize                               = 357564416                                 {product} {ergonomic}
   size_t MinHeapDeltaBytes                        = 524288                                    {product} {ergonomic}
   size_t MinHeapSize                              = 104857600                                 {product} {command line}
   size_t NewSize                                  = 34603008                                  {product} {ergonomic}
    uintx NonNMethodCodeHeapSize                   = 5839372                                {pd product} {ergonomic}
    uintx NonProfiledCodeHeapSize                  = 122909434                              {pd product} {ergonomic}
   size_t OldSize                                  = 70254592                                  {product} {ergonomic}
    uintx ProfiledCodeHeapSize                     = 122909434                              {pd product} {ergonomic}
    uintx ReservedCodeCacheSize                    = 251658240                              {pd product} {ergonomic}
     bool SegmentedCodeCache                       = true                                      {product} {ergonomic}
   size_t SoftMaxHeapSize                          = 1073741824                             {manageable} {ergonomic}
     bool UseCompressedClassPointers               = true                           {product lp64_product} {ergonomic}
     bool UseCompressedOops                        = true                           {product lp64_product} {ergonomic}
     bool UseLargePagesIndividualAllocation        = false                                  {pd product} {ergonomic}
     bool UseParallelGC                            = true                                      {product} {command line}

Logging:
Log output configuration:
 #0: stdout all=off uptime,level,tags
 #1: stderr all=off uptime,level,tags

Environment Variables:
JAVA_HOME=C:\Program Files\Java\jdk-17
PATH=C:\Program Files\Eclipse Adoptium\jdk-17.0.9.9-hotspot\bin;C:\Program Files\Common Files\Oracle\Java\javapath;C:\Program Files (x86)\Common Files\Oracle\Java\javapath;C:\WINDOWS\system32;C:\WINDOWS;C:\WINDOWS\System32\Wbem;C:\WINDOWS\System32\WindowsPowerShell\v1.0\;C:\WINDOWS\System32\OpenSSH\;C:\Program Files\Git\cmd;C:\Program Files\dotnet\;C:\Program Files\apache-maven-3.8.8\bin;C:\Program Files\Docker\Docker\resources\bin;C:\Program Files\PuTTY\;C:\Program Files\Java\jdk-17\bin;C:\Program Files\MySQL\MySQL Shell 8.0\bin\;C:\Users\samue\AppData\Local\Microsoft\WindowsApps;C:\Program Files\JetBrains\IntelliJ IDEA Community Edition 2021.2.2\bin;;C:\Users\samue\AppData\Local\Programs\Microsoft VS Code\bin;C:\Program Files\CodeBlocks\MinGW\bin;C:\MinGW\bin;C:\Program Files\javafx-sdk-17.0.0.1\lib;C:\Users\samue\AppData\Local\GitHubDesktop\bin;C:\Users\samue\AppData\Local\Google\Cloud SDK\google-cloud-sdk\bin;C:\Program Files\Java\jdk-17\bin;
USERNAME=samue
OS=Windows_NT
PROCESSOR_IDENTIFIER=AMD64 Family 23 Model 104 Stepping 1, AuthenticAMD
TMP=C:\Users\samue\AppData\Local\Temp
TEMP=C:\Users\samue\AppData\Local\Temp



Periodic native trim disabled


---------------  S Y S T E M  ---------------

OS:
 Windows 11 , 64 bit Build 22621 (10.0.22621.2506)
OS uptime: 4 days 22:41 hours
Hyper-V role detected

CPU: total 12 (initial active 12) (12 cores per cpu, 2 threads per core) family 23 model 104 stepping 1 microcode 0x0, cx8, cmov, fxsr, ht, mmx, 3dnowpref, sse, sse2, sse3, ssse3, sse4a, sse4.1, sse4.2, popcnt, lzcnt, tsc, tscinvbit, avx, avx2, aes, clmul, bmi1, bmi2, adx, sha, fma, vzeroupper, clflush, clflushopt, hv
Processor Information for processor 0
  Max Mhz: 2100, Current Mhz: 2100, Mhz Limit: 2100
Processor Information for processor 1
  Max Mhz: 2100, Current Mhz: 2100, Mhz Limit: 2100
Processor Information for processor 2
  Max Mhz: 2100, Current Mhz: 2100, Mhz Limit: 2100
Processor Information for processor 3
  Max Mhz: 2100, Current Mhz: 2100, Mhz Limit: 2100
Processor Information for processor 4
  Max Mhz: 2100, Current Mhz: 2100, Mhz Limit: 2100
Processor Information for processor 5
  Max Mhz: 2100, Current Mhz: 2100, Mhz Limit: 2100
Processor Information for processor 6
  Max Mhz: 2100, Current Mhz: 2100, Mhz Limit: 2100
Processor Information for processor 7
  Max Mhz: 2100, Current Mhz: 2100, Mhz Limit: 2100
Processor Information for processor 8
  Max Mhz: 2100, Current Mhz: 2100, Mhz Limit: 2100
Processor Information for processor 9
  Max Mhz: 2100, Current Mhz: 2100, Mhz Limit: 2100
Processor Information for processor 10
  Max Mhz: 2100, Current Mhz: 2100, Mhz Limit: 2100
Processor Information for processor 11
  Max Mhz: 2100, Current Mhz: 1988, Mhz Limit: 2100

Memory: 4k page, system-wide physical 6005M (301M free)
TotalPageFile size 24437M (AvailPageFile size 0M)
current process WorkingSet (physical memory assigned to process): 69M, peak: 69M
current process commit charge ("private bytes"): 204M, peak: 205M

vm_info: OpenJDK 64-Bit Server VM (17.0.9+9) for windows-amd64 JRE (17.0.9+9), built on Oct 26 2023 14:01:42 by "admin" with MS VC++ 16.10 / 16.11 (VS2019)

END.
