#
# There is insufficient memory for the Java Runtime Environment to continue.
# Native memory allocation (malloc) failed to allocate 1048576 bytes for AllocateHeap
# Possible reasons:
#   The system is out of physical RAM or swap space
#   The process is running with CompressedOops enabled, and the Java Heap may be blocking the growth of the native heap
# Possible solutions:
#   Reduce memory load on the system
#   Increase physical memory or swap space
#   Check if swap backing store is full
#   Decrease Java heap size (-Xmx/-Xms)
#   Decrease number of Java threads
#   Decrease Java thread stack sizes (-Xss)
#   Set larger code cache with -XX:ReservedCodeCacheSize=
#   JVM is running with Unscaled Compressed Oops mode in which the Java heap is
#     placed in the first 4GB address space. The Java Heap base address is the
#     maximum limit for the native heap growth. Please use -XX:HeapBaseMinAddress
#     to set the Java Heap base and to place the Java Heap above 4GB virtual address.
# This output file may be truncated or incomplete.
#
#  Out of Memory Error (allocation.cpp:44), pid=24420, tid=28208
#
# JRE version: OpenJDK Runtime Environment Temurin-17.0.9+9 (17.0.9+9) (build 17.0.9+9)
# Java VM: OpenJDK 64-Bit Server VM Temurin-17.0.9+9 (17.0.9+9, mixed mode, emulated-client, tiered, compressed oops, compressed class ptrs, g1 gc, windows-amd64)
# No core dump will be written. Minidumps are not enabled by default on client versions of Windows
#

---------------  S U M M A R Y ------------

Command Line: -XX:+HeapDumpOnOutOfMemoryError -Xmx1024m -Dsts.lsp.client=vscode -Dsts.log.file=/dev/null -XX:TieredStopAtLevel=1 -Xlog:jni+resolve=off -Dspring.config.location=file:c:\Users\samue\.vscode\extensions\vmware.vscode-spring-boot-1.51.0\language-server\BOOT-INF\classes\application.properties org.springframework.ide.vscode.boot.app.BootLanguageServerBootApp

Host: AMD Ryzen 5 5500U with Radeon Graphics         , 12 cores, 5G,  Windows 11 , 64 bit Build 22621 (10.0.22621.2506)
Time: Tue Jan 16 20:52:39 2024 Mitteleuropäische Zeit elapsed time: 666.562244 seconds (0d 0h 11m 6s)

---------------  T H R E A D  ---------------

Current thread (0x000001ca4822b120):  VMThread "VM Thread" [stack: 0x0000005affc00000,0x0000005affd00000] [id=28208]

Stack: [0x0000005affc00000,0x0000005affd00000]
Native frames: (J=compiled Java code, j=interpreted, Vv=VM code, C=native code)
V  [jvm.dll+0x67cf49]
V  [jvm.dll+0x83478a]
V  [jvm.dll+0x83624e]
V  [jvm.dll+0x8368b3]
V  [jvm.dll+0x247f1f]
V  [jvm.dll+0xa6b4b]
V  [jvm.dll+0x2f8e73]
V  [jvm.dll+0x2f4af0]
V  [jvm.dll+0x2dd0d7]
V  [jvm.dll+0x320357]
V  [jvm.dll+0x83adab]
V  [jvm.dll+0x83baf1]
V  [jvm.dll+0x83c00d]
V  [jvm.dll+0x83c3e4]
V  [jvm.dll+0x83c4b0]
V  [jvm.dll+0x7e3c3a]
V  [jvm.dll+0x67be35]
C  [ucrtbase.dll+0x29363]
C  [KERNEL32.DLL+0x1257d]
C  [ntdll.dll+0x5aa58]

VM_Operation (0x0000005a815ff170): G1CollectFull, mode: safepoint, requested by thread 0x000001ca48df2cb0


---------------  P R O C E S S  ---------------

Threads class SMR info:
_java_thread_list=0x000001ca3b033030, length=24, elements={
0x000001ca48248530, 0x000001ca4824ab60, 0x000001ca4827d680, 0x000001ca4827e140,
0x000001ca483da080, 0x000001ca483da650, 0x000001ca483db010, 0x000001ca483dd140,
0x000001ca485ea0a0, 0x000001ca485faa90, 0x000001ca48e77430, 0x000001ca48df2cb0,
0x000001ca4dcf28b0, 0x000001ca3b031fe0, 0x000001ca48561660, 0x000001ca4dd3d400,
0x000001ca4ddac190, 0x000001ca4ddacbb0, 0x000001ca4ddac6a0, 0x000001ca4ddabc80,
0x000001ca4ddaad50, 0x000001ca4ddadae0, 0x000001ca4ddadff0, 0x000001ca4ddaa840
}

Java Threads: ( => current thread )
  0x000001ca48248530 JavaThread "Reference Handler" daemon [_thread_blocked, id=20956, stack(0x0000005affd00000,0x0000005affe00000)]
  0x000001ca4824ab60 JavaThread "Finalizer" daemon [_thread_blocked, id=30268, stack(0x0000005affe00000,0x0000005afff00000)]
  0x000001ca4827d680 JavaThread "Signal Dispatcher" daemon [_thread_blocked, id=20040, stack(0x0000005afff00000,0x0000005b00000000)]
  0x000001ca4827e140 JavaThread "Attach Listener" daemon [_thread_blocked, id=26880, stack(0x0000005a80000000,0x0000005a80100000)]
  0x000001ca483da080 JavaThread "Service Thread" daemon [_thread_blocked, id=25852, stack(0x0000005a80100000,0x0000005a80200000)]
  0x000001ca483da650 JavaThread "Monitor Deflation Thread" daemon [_thread_blocked, id=6412, stack(0x0000005a80200000,0x0000005a80300000)]
  0x000001ca483db010 JavaThread "C1 CompilerThread0" daemon [_thread_blocked, id=30328, stack(0x0000005a80300000,0x0000005a80400000)]
  0x000001ca483dd140 JavaThread "Sweeper thread" daemon [_thread_blocked, id=22128, stack(0x0000005a80400000,0x0000005a80500000)]
  0x000001ca485ea0a0 JavaThread "Notification Thread" daemon [_thread_blocked, id=348, stack(0x0000005a80500000,0x0000005a80600000)]
  0x000001ca485faa90 JavaThread "Common-Cleaner" daemon [_thread_blocked, id=24032, stack(0x0000005a80700000,0x0000005a80800000)]
  0x000001ca48e77430 JavaThread "boundedElastic-evictor-1" daemon [_thread_blocked, id=23108, stack(0x0000005a80e00000,0x0000005a80f00000)]
  0x000001ca48df2cb0 JavaThread "pool-12-thread-1" [_thread_blocked, id=19532, stack(0x0000005a81500000,0x0000005a81600000)]
  0x000001ca4dcf28b0 JavaThread "LanguageServerApp-lifecycle" [_thread_blocked, id=26160, stack(0x0000005a81600000,0x0000005a81700000)]
  0x000001ca3b031fe0 JavaThread "DestroyJavaVM" [_thread_blocked, id=21212, stack(0x0000005aff600000,0x0000005aff700000)]
  0x000001ca48561660 JavaThread "pool-13-thread-1" [_thread_in_native, id=24860, stack(0x0000005a81700000,0x0000005a81800000)]
  0x000001ca4dd3d400 JavaThread "Simple-Language-Server main thread" daemon [_thread_blocked, id=24524, stack(0x0000005a81800000,0x0000005a81900000)]
  0x000001ca4ddac190 JavaThread "pool-8-thread-1" [_thread_blocked, id=2976, stack(0x0000005a81c00000,0x0000005a81d00000)]
  0x000001ca4ddacbb0 JavaThread "parallel-1" daemon [_thread_blocked, id=21696, stack(0x0000005a81d00000,0x0000005a81e00000)]
  0x000001ca4ddac6a0 JavaThread "pool-6-thread-1" [_thread_blocked, id=19084, stack(0x0000005a81e00000,0x0000005a81f00000)]
  0x000001ca4ddabc80 JavaThread "parallel-2" daemon [_thread_blocked, id=16144, stack(0x0000005a81f00000,0x0000005a82000000)]
  0x000001ca4ddaad50 JavaThread "parallel-3" daemon [_thread_blocked, id=25132, stack(0x0000005a82000000,0x0000005a82100000)]
  0x000001ca4ddadae0 JavaThread "parallel-4" daemon [_thread_blocked, id=29276, stack(0x0000005a82500000,0x0000005a82600000)]
  0x000001ca4ddadff0 JavaThread "parallel-5" daemon [_thread_blocked, id=13000, stack(0x0000005a82600000,0x0000005a82700000)]
  0x000001ca4ddaa840 JavaThread "Reconciler-1" daemon [_thread_blocked, id=28156, stack(0x0000005a82700000,0x0000005a82800000)]

Other Threads:
=>0x000001ca4822b120 VMThread "VM Thread" [stack: 0x0000005affc00000,0x0000005affd00000] [id=28208]
  0x000001ca485ee590 WatcherThread [stack: 0x0000005a80600000,0x0000005a80700000] [id=23548]
  0x000001ca3b070ae0 GCTaskThread "GC Thread#0" [stack: 0x0000005aff700000,0x0000005aff800000] [id=23360]
  0x000001ca48e9a480 GCTaskThread "GC Thread#1" [stack: 0x0000005a80900000,0x0000005a80a00000] [id=29456]
  0x000001ca4d1af890 GCTaskThread "GC Thread#2" [stack: 0x0000005a80a00000,0x0000005a80b00000] [id=22596]
  0x000001ca4d1afb50 GCTaskThread "GC Thread#3" [stack: 0x0000005a80b00000,0x0000005a80c00000] [id=17024]
  0x000001ca4d2fbbf0 GCTaskThread "GC Thread#4" [stack: 0x0000005a80c00000,0x0000005a80d00000] [id=5164]
  0x000001ca4d455070 GCTaskThread "GC Thread#5" [stack: 0x0000005a80d00000,0x0000005a80e00000] [id=11208]
  0x000001ca4d6646f0 GCTaskThread "GC Thread#6" [stack: 0x0000005a80f00000,0x0000005a81000000] [id=22732]
  0x000001ca4d5e57d0 GCTaskThread "GC Thread#7" [stack: 0x0000005a81000000,0x0000005a81100000] [id=20092]
  0x000001ca4d6df870 GCTaskThread "GC Thread#8" [stack: 0x0000005a81100000,0x0000005a81200000] [id=25380]
  0x000001ca4d5eab30 GCTaskThread "GC Thread#9" [stack: 0x0000005a81200000,0x0000005a81300000] [id=28064]
  0x000001ca3b079a30 ConcurrentGCThread "G1 Main Marker" [stack: 0x0000005aff800000,0x0000005aff900000] [id=28780]
  0x000001ca3b07a450 ConcurrentGCThread "G1 Conc#0" [stack: 0x0000005aff900000,0x0000005affa00000] [id=26124]
  0x000001ca4d5eb610 ConcurrentGCThread "G1 Conc#1" [stack: 0x0000005a81300000,0x0000005a81400000] [id=7204]
  0x000001ca4d564ff0 ConcurrentGCThread "G1 Conc#2" [stack: 0x0000005a81400000,0x0000005a81500000] [id=22532]
  0x000001ca3b0d49d0 ConcurrentGCThread "G1 Refine#0" [stack: 0x0000005affa00000,0x0000005affb00000] [id=10124]
  0x000001ca3b0d5400 ConcurrentGCThread "G1 Service" [stack: 0x0000005affb00000,0x0000005affc00000] [id=22896]

Threads with active compile tasks:

VM state: at safepoint (normal execution)

VM Mutex/Monitor currently owned by a thread:  ([mutex/lock_event])
[0x000001ca3ad512d0] Threads_lock - owner thread: 0x000001ca4822b120
[0x000001ca3b0310d0] Heap_lock - owner thread: 0x000001ca48df2cb0

Heap address: 0x00000000c0000000, size: 1024 MB, Compressed Oops mode: 32-bit

CDS archive(s) not mapped
Compressed class space mapped at: 0x0000000100000000-0x0000000140000000, reserved size: 1073741824
Narrow klass base: 0x0000000000000000, Narrow klass shift: 3, Narrow klass range: 0x140000000

GC Precious Log:
 CPUs: 12 total, 12 available
 Memory: 6005M
 Large Page Support: Disabled
 NUMA Support: Disabled
 Compressed Oops: Enabled (32-bit)
 Heap Region Size: 1M
 Heap Min Capacity: 8M
 Heap Initial Capacity: 94M
 Heap Max Capacity: 1G
 Pre-touch: Disabled
 Parallel Workers: 10
 Concurrent Workers: 3
 Concurrent Refinement Workers: 10
 Periodic GC: Disabled

Heap:
 garbage-first heap   total 101376K, used 36463K [0x00000000c0000000, 0x0000000100000000)
  region size 1024K, 1 young (1024K), 0 survivors (0K)
 Metaspace       used 56960K, committed 57728K, reserved 1114112K
  class space    used 7034K, committed 7360K, reserved 1048576K

Heap Regions: E=young(eden), S=young(survivor), O=old, HS=humongous(starts), HC=humongous(continues), CS=collection set, F=free, OA=open archive, CA=closed archive, TAMS=top-at-mark-start (previous, next)
|   0|0x00000000c0000000, 0x00000000c0100000, 0x00000000c0100000|100%|HS|  |TAMS 0x00000000c0100000, 0x00000000c0000000| Untracked 
|   1|0x00000000c0100000, 0x00000000c0200000, 0x00000000c0200000|100%|HC|  |TAMS 0x00000000c0200000, 0x00000000c0100000| Untracked 
|   2|0x00000000c0200000, 0x00000000c0300000, 0x00000000c0300000|100%|HC|  |TAMS 0x00000000c0300000, 0x00000000c0200000| Untracked 
|   3|0x00000000c0300000, 0x00000000c0400000, 0x00000000c0400000|100%|HC|  |TAMS 0x00000000c0400000, 0x00000000c0300000| Untracked 
|   4|0x00000000c0400000, 0x00000000c0500000, 0x00000000c0500000|100%| O|  |TAMS 0x00000000c0500000, 0x00000000c0400000| Untracked 
|   5|0x00000000c0500000, 0x00000000c0600000, 0x00000000c0600000|100%| O|  |TAMS 0x00000000c0600000, 0x00000000c0500000| Untracked 
|   6|0x00000000c0600000, 0x00000000c0700000, 0x00000000c0700000|100%| O|  |TAMS 0x00000000c0700000, 0x00000000c0600000| Untracked 
|   7|0x00000000c0700000, 0x00000000c07ffff0, 0x00000000c0800000| 99%| O|  |TAMS 0x00000000c07ffff0, 0x00000000c0700000| Untracked 
|   8|0x00000000c0800000, 0x00000000c0900000, 0x00000000c0900000|100%| O|  |TAMS 0x00000000c0900000, 0x00000000c0800000| Untracked 
|   9|0x00000000c0900000, 0x00000000c0a00000, 0x00000000c0a00000|100%| O|  |TAMS 0x00000000c0a00000, 0x00000000c0900000| Untracked 
|  10|0x00000000c0a00000, 0x00000000c0affff0, 0x00000000c0b00000| 99%| O|  |TAMS 0x00000000c0affff0, 0x00000000c0a00000| Untracked 
|  11|0x00000000c0b00000, 0x00000000c0bffe50, 0x00000000c0c00000| 99%| O|  |TAMS 0x00000000c0bffe50, 0x00000000c0b00000| Untracked 
|  12|0x00000000c0c00000, 0x00000000c0d00000, 0x00000000c0d00000|100%| O|  |TAMS 0x00000000c0d00000, 0x00000000c0c00000| Untracked 
|  13|0x00000000c0d00000, 0x00000000c0e00000, 0x00000000c0e00000|100%| O|  |TAMS 0x00000000c0e00000, 0x00000000c0d00000| Untracked 
|  14|0x00000000c0e00000, 0x00000000c0effff8, 0x00000000c0f00000| 99%| O|  |TAMS 0x00000000c0effff8, 0x00000000c0e00000| Untracked 
|  15|0x00000000c0f00000, 0x00000000c0fffff8, 0x00000000c1000000| 99%| O|  |TAMS 0x00000000c0fffff8, 0x00000000c0f00000| Untracked 
|  16|0x00000000c1000000, 0x00000000c10ffff8, 0x00000000c1100000| 99%| O|  |TAMS 0x00000000c10ffff8, 0x00000000c1000000| Untracked 
|  17|0x00000000c1100000, 0x00000000c11fffc8, 0x00000000c1200000| 99%| O|  |TAMS 0x00000000c11fffc8, 0x00000000c1100000| Untracked 
|  18|0x00000000c1200000, 0x00000000c12fffe8, 0x00000000c1300000| 99%| O|  |TAMS 0x00000000c12fffe8, 0x00000000c1200000| Untracked 
|  19|0x00000000c1300000, 0x00000000c1400000, 0x00000000c1400000|100%| O|  |TAMS 0x00000000c1400000, 0x00000000c1300000| Untracked 
|  20|0x00000000c1400000, 0x00000000c14fc458, 0x00000000c1500000| 98%| O|  |TAMS 0x00000000c14fc458, 0x00000000c1400000| Untracked 
|  21|0x00000000c1500000, 0x00000000c15ffff0, 0x00000000c1600000| 99%| O|  |TAMS 0x00000000c15ffff0, 0x00000000c1500000| Untracked 
|  22|0x00000000c1600000, 0x00000000c16ffff8, 0x00000000c1700000| 99%| O|  |TAMS 0x00000000c16ffff8, 0x00000000c1600000| Untracked 
|  23|0x00000000c1700000, 0x00000000c17f97c0, 0x00000000c1800000| 97%| O|  |TAMS 0x00000000c17f97c0, 0x00000000c1700000| Untracked 
|  24|0x00000000c1800000, 0x00000000c1900000, 0x00000000c1900000|100%| O|  |TAMS 0x00000000c1900000, 0x00000000c1800000| Untracked 
|  25|0x00000000c1900000, 0x00000000c19fffa8, 0x00000000c1a00000| 99%| O|  |TAMS 0x00000000c19fffa8, 0x00000000c1900000| Untracked 
|  26|0x00000000c1a00000, 0x00000000c1b00000, 0x00000000c1b00000|100%|HS|  |TAMS 0x00000000c1b00000, 0x00000000c1a00000| Untracked 
|  27|0x00000000c1b00000, 0x00000000c1c00000, 0x00000000c1c00000|100%|HC|  |TAMS 0x00000000c1c00000, 0x00000000c1b00000| Untracked 
|  28|0x00000000c1c00000, 0x00000000c1d00000, 0x00000000c1d00000|100%|HS|  |TAMS 0x00000000c1d00000, 0x00000000c1c00000| Untracked 
|  29|0x00000000c1d00000, 0x00000000c1e00000, 0x00000000c1e00000|100%|HS|  |TAMS 0x00000000c1e00000, 0x00000000c1d00000| Untracked 
|  30|0x00000000c1e00000, 0x00000000c1effff0, 0x00000000c1f00000| 99%| O|  |TAMS 0x00000000c1effff0, 0x00000000c1e00000| Untracked 
|  31|0x00000000c1f00000, 0x00000000c1ff4150, 0x00000000c2000000| 95%| O|  |TAMS 0x00000000c1ff4150, 0x00000000c1f00000| Untracked 
|  32|0x00000000c2000000, 0x00000000c20fffd0, 0x00000000c2100000| 99%| O|  |TAMS 0x00000000c20fffd0, 0x00000000c2000000| Untracked 
|  33|0x00000000c2100000, 0x00000000c21f0110, 0x00000000c2200000| 93%| O|  |TAMS 0x00000000c2100000, 0x00000000c2100000| Untracked 
|  34|0x00000000c2200000, 0x00000000c22c2170, 0x00000000c2300000| 75%| O|  |TAMS 0x00000000c2200000, 0x00000000c2200000| Untracked 
|  35|0x00000000c2300000, 0x00000000c2300000, 0x00000000c2400000|  0%| F|  |TAMS 0x00000000c2300000, 0x00000000c2300000| Untracked 
|  36|0x00000000c2400000, 0x00000000c2400000, 0x00000000c2500000|  0%| F|  |TAMS 0x00000000c2400000, 0x00000000c2400000| Untracked 
|  37|0x00000000c2500000, 0x00000000c2500000, 0x00000000c2600000|  0%| F|  |TAMS 0x00000000c2500000, 0x00000000c2500000| Untracked 
|  38|0x00000000c2600000, 0x00000000c2600000, 0x00000000c2700000|  0%| F|  |TAMS 0x00000000c2600000, 0x00000000c2600000| Untracked 
|  39|0x00000000c2700000, 0x00000000c2700000, 0x00000000c2800000|  0%| F|  |TAMS 0x00000000c2700000, 0x00000000c2700000| Untracked 
|  40|0x00000000c2800000, 0x00000000c2800000, 0x00000000c2900000|  0%| F|  |TAMS 0x00000000c2800000, 0x00000000c2800000| Untracked 
|  41|0x00000000c2900000, 0x00000000c2900000, 0x00000000c2a00000|  0%| F|  |TAMS 0x00000000c2900000, 0x00000000c2900000| Untracked 
|  42|0x00000000c2a00000, 0x00000000c2a00000, 0x00000000c2b00000|  0%| F|  |TAMS 0x00000000c2a00000, 0x00000000c2a00000| Untracked 
|  43|0x00000000c2b00000, 0x00000000c2b00000, 0x00000000c2c00000|  0%| F|  |TAMS 0x00000000c2b00000, 0x00000000c2b00000| Untracked 
|  44|0x00000000c2c00000, 0x00000000c2c00000, 0x00000000c2d00000|  0%| F|  |TAMS 0x00000000c2c00000, 0x00000000c2c00000| Untracked 
|  45|0x00000000c2d00000, 0x00000000c2dfffd8, 0x00000000c2e00000| 99%| O|  |TAMS 0x00000000c2dfffd8, 0x00000000c2d00000| Untracked 
|  46|0x00000000c2e00000, 0x00000000c2e00000, 0x00000000c2f00000|  0%| F|  |TAMS 0x00000000c2e00000, 0x00000000c2e00000| Untracked 
|  47|0x00000000c2f00000, 0x00000000c2f00000, 0x00000000c3000000|  0%| F|  |TAMS 0x00000000c2f00000, 0x00000000c2f00000| Untracked 
|  48|0x00000000c3000000, 0x00000000c3000000, 0x00000000c3100000|  0%| F|  |TAMS 0x00000000c3000000, 0x00000000c3000000| Untracked 
|  49|0x00000000c3100000, 0x00000000c3100000, 0x00000000c3200000|  0%| F|  |TAMS 0x00000000c3100000, 0x00000000c3100000| Untracked 
|  50|0x00000000c3200000, 0x00000000c3200000, 0x00000000c3300000|  0%| F|  |TAMS 0x00000000c3200000, 0x00000000c3200000| Untracked 
|  51|0x00000000c3300000, 0x00000000c3300000, 0x00000000c3400000|  0%| F|  |TAMS 0x00000000c3300000, 0x00000000c3300000| Untracked 
|  52|0x00000000c3400000, 0x00000000c3400000, 0x00000000c3500000|  0%| F|  |TAMS 0x00000000c3400000, 0x00000000c3400000| Untracked 
|  53|0x00000000c3500000, 0x00000000c3500000, 0x00000000c3600000|  0%| F|  |TAMS 0x00000000c3500000, 0x00000000c3500000| Untracked 
|  54|0x00000000c3600000, 0x00000000c3600000, 0x00000000c3700000|  0%| F|  |TAMS 0x00000000c3600000, 0x00000000c3600000| Untracked 
|  55|0x00000000c3700000, 0x00000000c3700000, 0x00000000c3800000|  0%| F|  |TAMS 0x00000000c3700000, 0x00000000c3700000| Untracked 
|  56|0x00000000c3800000, 0x00000000c3800000, 0x00000000c3900000|  0%| F|  |TAMS 0x00000000c3800000, 0x00000000c3800000| Untracked 
|  57|0x00000000c3900000, 0x00000000c3900000, 0x00000000c3a00000|  0%| F|  |TAMS 0x00000000c3900000, 0x00000000c3900000| Untracked 
|  58|0x00000000c3a00000, 0x00000000c3a00000, 0x00000000c3b00000|  0%| F|  |TAMS 0x00000000c3a00000, 0x00000000c3a00000| Untracked 
|  59|0x00000000c3b00000, 0x00000000c3b00000, 0x00000000c3c00000|  0%| F|  |TAMS 0x00000000c3b00000, 0x00000000c3b00000| Untracked 
|  60|0x00000000c3c00000, 0x00000000c3c00000, 0x00000000c3d00000|  0%| F|  |TAMS 0x00000000c3c00000, 0x00000000c3c00000| Untracked 
|  61|0x00000000c3d00000, 0x00000000c3d00000, 0x00000000c3e00000|  0%| F|  |TAMS 0x00000000c3d00000, 0x00000000c3d00000| Untracked 
|  62|0x00000000c3e00000, 0x00000000c3e00000, 0x00000000c3f00000|  0%| F|  |TAMS 0x00000000c3e00000, 0x00000000c3e00000| Untracked 
|  63|0x00000000c3f00000, 0x00000000c3f00000, 0x00000000c4000000|  0%| F|  |TAMS 0x00000000c3f00000, 0x00000000c3f00000| Untracked 
|  64|0x00000000c4000000, 0x00000000c4000000, 0x00000000c4100000|  0%| F|  |TAMS 0x00000000c4000000, 0x00000000c4000000| Untracked 
|  65|0x00000000c4100000, 0x00000000c4100000, 0x00000000c4200000|  0%| F|  |TAMS 0x00000000c4100000, 0x00000000c4100000| Untracked 
|  66|0x00000000c4200000, 0x00000000c4200000, 0x00000000c4300000|  0%| F|  |TAMS 0x00000000c4200000, 0x00000000c4200000| Untracked 
|  67|0x00000000c4300000, 0x00000000c4300000, 0x00000000c4400000|  0%| F|  |TAMS 0x00000000c4300000, 0x00000000c4300000| Untracked 
|  68|0x00000000c4400000, 0x00000000c4400000, 0x00000000c4500000|  0%| F|  |TAMS 0x00000000c4400000, 0x00000000c4400000| Untracked 
|  69|0x00000000c4500000, 0x00000000c4500000, 0x00000000c4600000|  0%| F|  |TAMS 0x00000000c4500000, 0x00000000c4500000| Untracked 
|  70|0x00000000c4600000, 0x00000000c4600000, 0x00000000c4700000|  0%| F|  |TAMS 0x00000000c4600000, 0x00000000c4600000| Untracked 
|  71|0x00000000c4700000, 0x00000000c4700000, 0x00000000c4800000|  0%| F|  |TAMS 0x00000000c4700000, 0x00000000c4700000| Untracked 
|  72|0x00000000c4800000, 0x00000000c4800000, 0x00000000c4900000|  0%| F|  |TAMS 0x00000000c4800000, 0x00000000c4800000| Untracked 
|  73|0x00000000c4900000, 0x00000000c4900000, 0x00000000c4a00000|  0%| F|  |TAMS 0x00000000c4900000, 0x00000000c4900000| Untracked 
|  74|0x00000000c4a00000, 0x00000000c4a00000, 0x00000000c4b00000|  0%| F|  |TAMS 0x00000000c4a00000, 0x00000000c4a00000| Untracked 
|  75|0x00000000c4b00000, 0x00000000c4b00000, 0x00000000c4c00000|  0%| F|  |TAMS 0x00000000c4b00000, 0x00000000c4b00000| Untracked 
|  76|0x00000000c4c00000, 0x00000000c4c00000, 0x00000000c4d00000|  0%| F|  |TAMS 0x00000000c4c00000, 0x00000000c4c00000| Untracked 
|  77|0x00000000c4d00000, 0x00000000c4d00000, 0x00000000c4e00000|  0%| F|  |TAMS 0x00000000c4d00000, 0x00000000c4d00000| Untracked 
|  78|0x00000000c4e00000, 0x00000000c4e00000, 0x00000000c4f00000|  0%| F|  |TAMS 0x00000000c4e00000, 0x00000000c4e00000| Untracked 
|  79|0x00000000c4f00000, 0x00000000c4f00000, 0x00000000c5000000|  0%| F|  |TAMS 0x00000000c4f00000, 0x00000000c4f00000| Untracked 
|  80|0x00000000c5000000, 0x00000000c5000000, 0x00000000c5100000|  0%| F|  |TAMS 0x00000000c5000000, 0x00000000c5000000| Untracked 
|  81|0x00000000c5100000, 0x00000000c5100000, 0x00000000c5200000|  0%| F|  |TAMS 0x00000000c5100000, 0x00000000c5100000| Untracked 
|  82|0x00000000c5200000, 0x00000000c5200000, 0x00000000c5300000|  0%| F|  |TAMS 0x00000000c5200000, 0x00000000c5200000| Untracked 
|  83|0x00000000c5300000, 0x00000000c5300000, 0x00000000c5400000|  0%| F|  |TAMS 0x00000000c5300000, 0x00000000c5300000| Untracked 
|  84|0x00000000c5400000, 0x00000000c5400000, 0x00000000c5500000|  0%| F|  |TAMS 0x00000000c5400000, 0x00000000c5400000| Untracked 
|  85|0x00000000c5500000, 0x00000000c5500000, 0x00000000c5600000|  0%| F|  |TAMS 0x00000000c5500000, 0x00000000c5500000| Untracked 
|  86|0x00000000c5600000, 0x00000000c5600000, 0x00000000c5700000|  0%| F|  |TAMS 0x00000000c5600000, 0x00000000c5600000| Untracked 
|  87|0x00000000c5700000, 0x00000000c5700000, 0x00000000c5800000|  0%| F|  |TAMS 0x00000000c5700000, 0x00000000c5700000| Untracked 
|  88|0x00000000c5800000, 0x00000000c5800000, 0x00000000c5900000|  0%| F|  |TAMS 0x00000000c5800000, 0x00000000c5800000| Untracked 
|  89|0x00000000c5900000, 0x00000000c5900000, 0x00000000c5a00000|  0%| F|  |TAMS 0x00000000c5900000, 0x00000000c5900000| Untracked 
|  90|0x00000000c5a00000, 0x00000000c5a00000, 0x00000000c5b00000|  0%| F|  |TAMS 0x00000000c5a00000, 0x00000000c5a00000| Untracked 
|  91|0x00000000c5b00000, 0x00000000c5b00000, 0x00000000c5c00000|  0%| F|  |TAMS 0x00000000c5b00000, 0x00000000c5b00000| Untracked 
|  92|0x00000000c5c00000, 0x00000000c5c00000, 0x00000000c5d00000|  0%| F|  |TAMS 0x00000000c5c00000, 0x00000000c5c00000| Untracked 
|  93|0x00000000c5d00000, 0x00000000c5d00000, 0x00000000c5e00000|  0%| F|  |TAMS 0x00000000c5d00000, 0x00000000c5d00000| Untracked 
|  94|0x00000000c5e00000, 0x00000000c5e00000, 0x00000000c5f00000|  0%| F|  |TAMS 0x00000000c5e00000, 0x00000000c5e00000| Untracked 
|  95|0x00000000c5f00000, 0x00000000c5f00000, 0x00000000c6000000|  0%| F|  |TAMS 0x00000000c5f00000, 0x00000000c5f00000| Untracked 
|  96|0x00000000c6000000, 0x00000000c6000000, 0x00000000c6100000|  0%| F|  |TAMS 0x00000000c6000000, 0x00000000c6000000| Untracked 
|  97|0x00000000c6100000, 0x00000000c6100000, 0x00000000c6200000|  0%| F|  |TAMS 0x00000000c6100000, 0x00000000c6100000| Untracked 
|  98|0x00000000c6200000, 0x00000000c6251ed8, 0x00000000c6300000| 32%| E|  |TAMS 0x00000000c6200000, 0x00000000c6200000| Complete 

Card table byte_map: [0x000001ca43190000,0x000001ca43390000] _byte_map_base: 0x000001ca42b90000

Marking Bits (Prev, Next): (CMBitMap*) 0x000001ca3b071100, (CMBitMap*) 0x000001ca3b071140
 Prev Bits: [0x000001ca43590000, 0x000001ca44590000)
 Next Bits: [0x000001ca44590000, 0x000001ca45590000)

Polling page: 0x000001ca3b0e0000

Metaspace:

Usage:
  Non-class:     48.76 MB used.
      Class:      6.87 MB used.
       Both:     55.63 MB used.

Virtual space:
  Non-class space:       64.00 MB reserved,      49.19 MB ( 77%) committed,  1 nodes.
      Class space:        1.00 GB reserved,       7.19 MB ( <1%) committed,  1 nodes.
             Both:        1.06 GB reserved,      56.38 MB (  5%) committed. 

Chunk freelists:
   Non-Class:  14.95 MB
       Class:  8.89 MB
        Both:  23.85 MB

MaxMetaspaceSize: unlimited
CompressedClassSpaceSize: 1.00 GB
Initial GC threshold: 21.00 MB
Current GC threshold: 93.88 MB
CDS: off
MetaspaceReclaimPolicy: balanced
 - commit_granule_bytes: 65536.
 - commit_granule_words: 8192.
 - virtual_space_node_default_size: 8388608.
 - enlarge_chunks_in_place: 1.
 - new_chunks_are_fully_committed: 0.
 - uncommit_free_chunks: 1.
 - use_allocation_guard: 0.
 - handle_deallocations: 1.


Internal statistics:

num_allocs_failed_limit: 8.
num_arena_births: 638.
num_arena_deaths: 220.
num_vsnodes_births: 2.
num_vsnodes_deaths: 0.
num_space_committed: 902.
num_space_uncommitted: 0.
num_chunks_returned_to_freelist: 252.
num_chunks_taken_from_freelist: 2378.
num_chunk_merges: 87.
num_chunk_splits: 1703.
num_chunks_enlarged: 1311.
num_inconsistent_stats: 0.

CodeCache: size=49152Kb used=9699Kb max_used=10557Kb free=39452Kb
 bounds [0x000001ca3f490000, 0x000001ca3ff00000, 0x000001ca42490000]
 total_blobs=5925 nmethods=5258 adapters=593
 compilation: enabled
              stopped_count=0, restarted_count=0
 full_count=0

Compilation events (20 events):
Event: 533.972 Thread 0x000001ca483db010 5248       1       java.time.LocalDateTime::getLong (47 bytes)
Event: 534.019 Thread 0x000001ca483db010 nmethod 5248 0x000001ca3fed5510 code [0x000001ca3fed56e0, 0x000001ca3fed5908]
Event: 534.019 Thread 0x000001ca483db010 5249       1       java.time.format.DateTimePrintContext::getValue (36 bytes)
Event: 534.019 Thread 0x000001ca483db010 nmethod 5249 0x000001ca3fed5110 code [0x000001ca3fed52c0, 0x000001ca3fed5448]
Event: 534.019 Thread 0x000001ca483db010 5250       1       java.time.ZonedDateTime::getLong (79 bytes)
Event: 534.023 Thread 0x000001ca483db010 nmethod 5250 0x000001ca3fed4b10 code [0x000001ca3fed4ce0, 0x000001ca3fed4f68]
Event: 534.023 Thread 0x000001ca483db010 5251       1       java.time.temporal.ChronoField::isTimeBased (19 bytes)
Event: 534.023 Thread 0x000001ca483db010 nmethod 5251 0x000001ca3fed4810 code [0x000001ca3fed49a0, 0x000001ca3fed4a78]
Event: 534.023 Thread 0x000001ca483db010 5252       1       java.time.format.DecimalStyle::convertNumberToI18N (60 bytes)
Event: 534.026 Thread 0x000001ca483db010 nmethod 5252 0x000001ca3fed4010 code [0x000001ca3fed41e0, 0x000001ca3fed45a8]
Event: 565.599 Thread 0x000001ca483db010 5253       1       java.util.concurrent.TimeUnit::convert (77 bytes)
Event: 565.602 Thread 0x000001ca483db010 nmethod 5253 0x000001ca3fed3a10 code [0x000001ca3fed3c00, 0x000001ca3fed3e88]
Event: 575.598 Thread 0x000001ca483db010 5254       1       java.util.concurrent.ThreadPoolExecutor::getQueue (5 bytes)
Event: 575.601 Thread 0x000001ca483db010 nmethod 5254 0x000001ca3fed3710 code [0x000001ca3fed38a0, 0x000001ca3fed3978]
Event: 585.024 Thread 0x000001ca483db010 5255       1       java.util.concurrent.ScheduledThreadPoolExecutor$DelayedWorkQueue::setIndex (16 bytes)
Event: 585.025 Thread 0x000001ca483db010 nmethod 5255 0x000001ca3fed3390 code [0x000001ca3fed3520, 0x000001ca3fed3638]
Event: 615.461 Thread 0x000001ca483db010 5257       1       java.util.concurrent.ScheduledThreadPoolExecutor$ScheduledFutureTask::getDelay (16 bytes)
Event: 615.461 Thread 0x000001ca483db010 nmethod 5257 0x000001ca3fed2c10 code [0x000001ca3fed2da0, 0x000001ca3fed2ec8]
Event: 646.106 Thread 0x000001ca483db010 5258       1       java.lang.invoke.LambdaForm$MH/0x000000010008ec00::invoke (148 bytes)
Event: 646.113 Thread 0x000001ca483db010 nmethod 5258 0x000001ca3fed2190 code [0x000001ca3fed23c0, 0x000001ca3fed27c8]

GC Heap History (20 events):
Event: 564.586 GC heap before
{Heap before GC invocations=62 (full 41):
 garbage-first heap   total 101376K, used 36463K [0x00000000c0000000, 0x0000000100000000)
  region size 1024K, 1 young (1024K), 0 survivors (0K)
 Metaspace       used 56960K, committed 57728K, reserved 1114112K
  class space    used 7034K, committed 7360K, reserved 1048576K
}
Event: 564.609 GC heap after
{Heap after GC invocations=63 (full 42):
 garbage-first heap   total 101376K, used 36463K [0x00000000c0000000, 0x0000000100000000)
  region size 1024K, 0 young (0K), 0 survivors (0K)
 Metaspace       used 56960K, committed 57728K, reserved 1114112K
  class space    used 7034K, committed 7360K, reserved 1048576K
}
Event: 574.791 GC heap before
{Heap before GC invocations=63 (full 42):
 garbage-first heap   total 101376K, used 36463K [0x00000000c0000000, 0x0000000100000000)
  region size 1024K, 1 young (1024K), 0 survivors (0K)
 Metaspace       used 56960K, committed 57728K, reserved 1114112K
  class space    used 7034K, committed 7360K, reserved 1048576K
}
Event: 574.819 GC heap after
{Heap after GC invocations=64 (full 43):
 garbage-first heap   total 101376K, used 36463K [0x00000000c0000000, 0x0000000100000000)
  region size 1024K, 0 young (0K), 0 survivors (0K)
 Metaspace       used 56960K, committed 57728K, reserved 1114112K
  class space    used 7034K, committed 7360K, reserved 1048576K
}
Event: 585.001 GC heap before
{Heap before GC invocations=64 (full 43):
 garbage-first heap   total 101376K, used 36463K [0x00000000c0000000, 0x0000000100000000)
  region size 1024K, 1 young (1024K), 0 survivors (0K)
 Metaspace       used 56960K, committed 57728K, reserved 1114112K
  class space    used 7034K, committed 7360K, reserved 1048576K
}
Event: 585.024 GC heap after
{Heap after GC invocations=65 (full 44):
 garbage-first heap   total 101376K, used 36463K [0x00000000c0000000, 0x0000000100000000)
  region size 1024K, 0 young (0K), 0 survivors (0K)
 Metaspace       used 56960K, committed 57728K, reserved 1114112K
  class space    used 7034K, committed 7360K, reserved 1048576K
}
Event: 595.217 GC heap before
{Heap before GC invocations=65 (full 44):
 garbage-first heap   total 101376K, used 36463K [0x00000000c0000000, 0x0000000100000000)
  region size 1024K, 1 young (1024K), 0 survivors (0K)
 Metaspace       used 56960K, committed 57728K, reserved 1114112K
  class space    used 7034K, committed 7360K, reserved 1048576K
}
Event: 595.244 GC heap after
{Heap after GC invocations=66 (full 45):
 garbage-first heap   total 101376K, used 36463K [0x00000000c0000000, 0x0000000100000000)
  region size 1024K, 0 young (0K), 0 survivors (0K)
 Metaspace       used 56960K, committed 57728K, reserved 1114112K
  class space    used 7034K, committed 7360K, reserved 1048576K
}
Event: 605.424 GC heap before
{Heap before GC invocations=66 (full 45):
 garbage-first heap   total 101376K, used 36463K [0x00000000c0000000, 0x0000000100000000)
  region size 1024K, 1 young (1024K), 0 survivors (0K)
 Metaspace       used 56960K, committed 57728K, reserved 1114112K
  class space    used 7034K, committed 7360K, reserved 1048576K
}
Event: 605.447 GC heap after
{Heap after GC invocations=67 (full 46):
 garbage-first heap   total 101376K, used 36463K [0x00000000c0000000, 0x0000000100000000)
  region size 1024K, 0 young (0K), 0 survivors (0K)
 Metaspace       used 56960K, committed 57728K, reserved 1114112K
  class space    used 7034K, committed 7360K, reserved 1048576K
}
Event: 615.637 GC heap before
{Heap before GC invocations=67 (full 46):
 garbage-first heap   total 101376K, used 36463K [0x00000000c0000000, 0x0000000100000000)
  region size 1024K, 1 young (1024K), 0 survivors (0K)
 Metaspace       used 56960K, committed 57728K, reserved 1114112K
  class space    used 7034K, committed 7360K, reserved 1048576K
}
Event: 615.659 GC heap after
{Heap after GC invocations=68 (full 47):
 garbage-first heap   total 101376K, used 36463K [0x00000000c0000000, 0x0000000100000000)
  region size 1024K, 0 young (0K), 0 survivors (0K)
 Metaspace       used 56960K, committed 57728K, reserved 1114112K
  class space    used 7034K, committed 7360K, reserved 1048576K
}
Event: 625.831 GC heap before
{Heap before GC invocations=68 (full 47):
 garbage-first heap   total 101376K, used 36463K [0x00000000c0000000, 0x0000000100000000)
  region size 1024K, 1 young (1024K), 0 survivors (0K)
 Metaspace       used 56960K, committed 57728K, reserved 1114112K
  class space    used 7034K, committed 7360K, reserved 1048576K
}
Event: 625.853 GC heap after
{Heap after GC invocations=69 (full 48):
 garbage-first heap   total 101376K, used 36463K [0x00000000c0000000, 0x0000000100000000)
  region size 1024K, 0 young (0K), 0 survivors (0K)
 Metaspace       used 56960K, committed 57728K, reserved 1114112K
  class space    used 7034K, committed 7360K, reserved 1048576K
}
Event: 636.073 GC heap before
{Heap before GC invocations=69 (full 48):
 garbage-first heap   total 101376K, used 36463K [0x00000000c0000000, 0x0000000100000000)
  region size 1024K, 1 young (1024K), 0 survivors (0K)
 Metaspace       used 56960K, committed 57728K, reserved 1114112K
  class space    used 7034K, committed 7360K, reserved 1048576K
}
Event: 636.101 GC heap after
{Heap after GC invocations=70 (full 49):
 garbage-first heap   total 101376K, used 36463K [0x00000000c0000000, 0x0000000100000000)
  region size 1024K, 0 young (0K), 0 survivors (0K)
 Metaspace       used 56960K, committed 57728K, reserved 1114112K
  class space    used 7034K, committed 7360K, reserved 1048576K
}
Event: 646.284 GC heap before
{Heap before GC invocations=70 (full 49):
 garbage-first heap   total 101376K, used 36463K [0x00000000c0000000, 0x0000000100000000)
  region size 1024K, 1 young (1024K), 0 survivors (0K)
 Metaspace       used 56960K, committed 57728K, reserved 1114112K
  class space    used 7034K, committed 7360K, reserved 1048576K
}
Event: 646.308 GC heap after
{Heap after GC invocations=71 (full 50):
 garbage-first heap   total 101376K, used 36463K [0x00000000c0000000, 0x0000000100000000)
  region size 1024K, 0 young (0K), 0 survivors (0K)
 Metaspace       used 56960K, committed 57728K, reserved 1114112K
  class space    used 7034K, committed 7360K, reserved 1048576K
}
Event: 656.480 GC heap before
{Heap before GC invocations=71 (full 50):
 garbage-first heap   total 101376K, used 36463K [0x00000000c0000000, 0x0000000100000000)
  region size 1024K, 1 young (1024K), 0 survivors (0K)
 Metaspace       used 56960K, committed 57728K, reserved 1114112K
  class space    used 7034K, committed 7360K, reserved 1048576K
}
Event: 656.504 GC heap after
{Heap after GC invocations=72 (full 51):
 garbage-first heap   total 101376K, used 36463K [0x00000000c0000000, 0x0000000100000000)
  region size 1024K, 0 young (0K), 0 survivors (0K)
 Metaspace       used 56960K, committed 57728K, reserved 1114112K
  class space    used 7034K, committed 7360K, reserved 1048576K
}

Dll operation events (9 events):
Event: 0.012 Loaded shared library c:\Users\samue\.vscode\extensions\redhat.java-1.26.0-win32-x64\jre\17.0.9-win32-x86_64\bin\java.dll
Event: 0.250 Loaded shared library C:\Users\samue\.vscode\extensions\redhat.java-1.26.0-win32-x64\jre\17.0.9-win32-x86_64\bin\net.dll
Event: 0.253 Loaded shared library C:\Users\samue\.vscode\extensions\redhat.java-1.26.0-win32-x64\jre\17.0.9-win32-x86_64\bin\nio.dll
Event: 0.263 Loaded shared library C:\Users\samue\.vscode\extensions\redhat.java-1.26.0-win32-x64\jre\17.0.9-win32-x86_64\bin\zip.dll
Event: 0.931 Loaded shared library C:\Users\samue\.vscode\extensions\redhat.java-1.26.0-win32-x64\jre\17.0.9-win32-x86_64\bin\jimage.dll
Event: 5.215 Loaded shared library c:\Users\samue\.vscode\extensions\redhat.java-1.26.0-win32-x64\jre\17.0.9-win32-x86_64\bin\verify.dll
Event: 5.677 Loaded shared library C:\Users\samue\.vscode\extensions\redhat.java-1.26.0-win32-x64\jre\17.0.9-win32-x86_64\bin\management.dll
Event: 5.680 Loaded shared library C:\Users\samue\.vscode\extensions\redhat.java-1.26.0-win32-x64\jre\17.0.9-win32-x86_64\bin\management_ext.dll
Event: 6.866 Loaded shared library C:\Users\samue\.vscode\extensions\redhat.java-1.26.0-win32-x64\jre\17.0.9-win32-x86_64\bin\sunmscapi.dll

Deoptimization events (18 events):
Event: 3.154 Thread 0x000001ca3b031fe0 DEOPT PACKING pc=0x000001ca3f97b619 sp=0x0000005aff6fd6a0
Event: 3.154 Thread 0x000001ca3b031fe0 DEOPT UNPACKING pc=0x000001ca3f4e7143 sp=0x0000005aff6fcb80 mode 3
Event: 3.602 Thread 0x000001ca3b031fe0 DEOPT PACKING pc=0x000001ca3f9f69d5 sp=0x0000005aff6fece0
Event: 3.603 Thread 0x000001ca3b031fe0 DEOPT UNPACKING pc=0x000001ca3f4e7143 sp=0x0000005aff6fe188 mode 3
Event: 5.964 Thread 0x000001ca4dd3d400 DEOPT PACKING pc=0x000001ca3fb84935 sp=0x0000005a818fe030
Event: 5.964 Thread 0x000001ca4dd3d400 DEOPT UNPACKING pc=0x000001ca3f4e7143 sp=0x0000005a818fd548 mode 3
Event: 6.011 Thread 0x000001ca48561660 DEOPT PACKING pc=0x000001ca3f90a581 sp=0x0000005a817fdfb0
Event: 6.011 Thread 0x000001ca48561660 DEOPT UNPACKING pc=0x000001ca3f4e7143 sp=0x0000005a817fd440 mode 3
Event: 6.019 Thread 0x000001ca4dd3d400 DEOPT PACKING pc=0x000001ca3f90a097 sp=0x0000005a818ff040
Event: 6.019 Thread 0x000001ca4dd3d400 DEOPT UNPACKING pc=0x000001ca3f4e7143 sp=0x0000005a818fe498 mode 3
Event: 6.919 Thread 0x000001ca4e6cdb20 DEOPT PACKING pc=0x000001ca3f672e0c sp=0x0000005a828fae50
Event: 6.919 Thread 0x000001ca4e6cdb20 DEOPT UNPACKING pc=0x000001ca3f4e7143 sp=0x0000005a828fa318 mode 0
Event: 12.019 Thread 0x000001ca4ddad0c0 DEOPT PACKING pc=0x000001ca3fd0736e sp=0x0000005a824fd5b0
Event: 12.019 Thread 0x000001ca4ddad0c0 DEOPT UNPACKING pc=0x000001ca3f4e7143 sp=0x0000005a824fcaa8 mode 3
Event: 136.824 Thread 0x000001ca48561660 DEOPT PACKING pc=0x000001ca3f9fec54 sp=0x0000005a817ff280
Event: 136.824 Thread 0x000001ca48561660 DEOPT UNPACKING pc=0x000001ca3f4e7143 sp=0x0000005a817fe708 mode 0
Event: 176.315 Thread 0x000001ca4e6cf980 DEOPT PACKING pc=0x000001ca3f5bffcf sp=0x0000005a81afdc90
Event: 176.315 Thread 0x000001ca4e6cf980 DEOPT UNPACKING pc=0x000001ca3f4e7143 sp=0x0000005a81afd180 mode 3

Classes unloaded (20 events):
Event: 76.194 Thread 0x000001ca4822b120 Unloading class 0x000000010008c000 'java/lang/invoke/LambdaForm$MH+0x000000010008c000'
Event: 76.194 Thread 0x000001ca4822b120 Unloading class 0x000000010008ac00 'java/lang/invoke/LambdaForm$MH+0x000000010008ac00'
Event: 76.194 Thread 0x000001ca4822b120 Unloading class 0x000000010008a400 'java/lang/invoke/LambdaForm$MH+0x000000010008a400'
Event: 76.194 Thread 0x000001ca4822b120 Unloading class 0x000000010008a000 'java/lang/invoke/LambdaForm$MH+0x000000010008a000'
Event: 76.194 Thread 0x000001ca4822b120 Unloading class 0x0000000100089c00 'java/lang/invoke/LambdaForm$MH+0x0000000100089c00'
Event: 76.194 Thread 0x000001ca4822b120 Unloading class 0x0000000100089800 'java/lang/invoke/LambdaForm$MH+0x0000000100089800'
Event: 76.194 Thread 0x000001ca4822b120 Unloading class 0x0000000100089400 'java/lang/invoke/LambdaForm$MH+0x0000000100089400'
Event: 76.194 Thread 0x000001ca4822b120 Unloading class 0x0000000100088c00 'java/lang/invoke/LambdaForm$MH+0x0000000100088c00'
Event: 76.194 Thread 0x000001ca4822b120 Unloading class 0x0000000100088400 'java/lang/invoke/LambdaForm$MH+0x0000000100088400'
Event: 86.561 Thread 0x000001ca4822b120 Unloading class 0x0000000100735800 'java/lang/invoke/LambdaForm$MH+0x0000000100735800'
Event: 86.561 Thread 0x000001ca4822b120 Unloading class 0x0000000100735400 'java/lang/invoke/LambdaForm$MH+0x0000000100735400'
Event: 86.561 Thread 0x000001ca4822b120 Unloading class 0x0000000100735000 'java/lang/invoke/LambdaForm$MH+0x0000000100735000'
Event: 86.561 Thread 0x000001ca4822b120 Unloading class 0x00000001003b0c00 'java/lang/invoke/LambdaForm$MH+0x00000001003b0c00'
Event: 86.561 Thread 0x000001ca4822b120 Unloading class 0x000000010008e800 'java/lang/invoke/LambdaForm$MH+0x000000010008e800'
Event: 86.561 Thread 0x000001ca4822b120 Unloading class 0x000000010008e400 'java/lang/invoke/LambdaForm$MH+0x000000010008e400'
Event: 86.561 Thread 0x000001ca4822b120 Unloading class 0x000000010008e000 'java/lang/invoke/LambdaForm$MH+0x000000010008e000'
Event: 86.561 Thread 0x000001ca4822b120 Unloading class 0x000000010008dc00 'java/lang/invoke/LambdaForm$MH+0x000000010008dc00'
Event: 86.561 Thread 0x000001ca4822b120 Unloading class 0x000000010008d800 'java/lang/invoke/LambdaForm$MH+0x000000010008d800'
Event: 86.561 Thread 0x000001ca4822b120 Unloading class 0x000000010008d400 'java/lang/invoke/LambdaForm$MH+0x000000010008d400'
Event: 86.561 Thread 0x000001ca4822b120 Unloading class 0x000000010008bc00 'java/lang/invoke/LambdaForm$MH+0x000000010008bc00'

Classes redefined (0 events):
No events

Internal exceptions (20 events):
Event: 6.283 Thread 0x000001ca4ddac6a0 Exception <a 'sun/nio/fs/WindowsException'{0x00000000c49deff0}> (0x00000000c49deff0) 
thrown [s\src\hotspot\share\prims\jni.cpp, line 516]
Event: 6.283 Thread 0x000001ca4ddac6a0 Exception <a 'sun/nio/fs/WindowsException'{0x00000000c49dfe58}> (0x00000000c49dfe58) 
thrown [s\src\hotspot\share\prims\jni.cpp, line 516]
Event: 6.289 Thread 0x000001ca4ddac6a0 Exception <a 'sun/nio/fs/WindowsException'{0x00000000c4850f60}> (0x00000000c4850f60) 
thrown [s\src\hotspot\share\prims\jni.cpp, line 516]
Event: 6.671 Thread 0x000001ca4ddaa840 Exception <a 'java/lang/NoSuchMethodError'{0x00000000c4bb84e0}: 'java.lang.Object java.lang.invoke.DirectMethodHandle$Holder.newInvokeSpecial(java.lang.Object, java.lang.Object, java.lang.Object, java.lang.Object, java.lang.Object, long)'> (0x00000000c4bb84e0) 
thrown [s\src\hotspot\share\interpreter\linkResolver.cpp, line 759]
Event: 6.671 Thread 0x000001ca4ddaa840 Exception <a 'java/lang/NoSuchMethodError'{0x00000000c4bbcb50}: 'java.lang.Object java.lang.invoke.DirectMethodHandle$Holder.invokeSpecial(java.lang.Object, java.lang.Object, java.lang.Object, java.lang.Object, java.lang.Object, java.lang.Object, long)'> (0x00000000c4bbcb50) 
thrown [s\src\hotspot\share\interpreter\linkResolver.cpp, line 759]
Event: 6.673 Thread 0x000001ca4ddad0c0 Exception <a 'java/lang/IncompatibleClassChangeError'{0x00000000c4b77df0}: Found class java.lang.Object, but interface was expected> (0x00000000c4b77df0) 
thrown [s\src\hotspot\share\interpreter\linkResolver.cpp, line 826]
Event: 6.686 Thread 0x000001ca4e6cdb20 Exception <a 'java/lang/NoSuchMethodError'{0x00000000c423ba20}: 'void java.lang.invoke.DirectMethodHandle$Holder.invokeVirtual(java.lang.Object, java.lang.Object, java.lang.Object, java.lang.Object)'> (0x00000000c423ba20) 
thrown [s\src\hotspot\share\interpreter\linkResolver.cpp, line 759]
Event: 6.718 Thread 0x000001ca4ddad0c0 Exception <a 'java/lang/NoSuchMethodError'{0x00000000c4cf0b10}: 'int java.lang.invoke.DirectMethodHandle$Holder.invokeSpecialIFC(java.lang.Object, java.lang.Object, java.lang.Object)'> (0x00000000c4cf0b10) 
thrown [s\src\hotspot\share\interpreter\linkResolver.cpp, line 759]
Event: 6.801 Thread 0x000001ca4e6cdb20 Exception <a 'java/lang/NoSuchMethodError'{0x00000000c4df7e90}: 'java.lang.Object java.lang.invoke.DirectMethodHandle$Holder.invokeStatic(java.lang.Object, java.lang.Object, int, java.lang.Object)'> (0x00000000c4df7e90) 
thrown [s\src\hotspot\share\interpreter\linkResolver.cpp, line 759]
Event: 6.801 Thread 0x000001ca4e6cdb20 Exception <a 'java/lang/NoSuchMethodError'{0x00000000c4dfe290}: 'java.lang.Object java.lang.invoke.DirectMethodHandle$Holder.newInvokeSpecial(java.lang.Object, java.lang.Object, int)'> (0x00000000c4dfe290) 
thrown [s\src\hotspot\share\interpreter\linkResolver.cpp, line 759]
Event: 6.868 Thread 0x000001ca4ddad0c0 Exception <a 'java/lang/NoSuchMethodError'{0x00000000c457d740}: 'int java.lang.invoke.DirectMethodHandle$Holder.invokeStatic(java.lang.Object, int, java.lang.Object)'> (0x00000000c457d740) 
thrown [s\src\hotspot\share\interpreter\linkResolver.cpp, line 759]
Event: 6.914 Thread 0x000001ca4e6cdb20 Exception <a 'sun/nio/fs/WindowsException'{0x00000000c3d4d5a8}> (0x00000000c3d4d5a8) 
thrown [s\src\hotspot\share\prims\jni.cpp, line 516]
Event: 7.037 Thread 0x000001ca4ddab260 Exception <a 'java/lang/ArrayIndexOutOfBoundsException'{0x00000000c4a7c488}: Index 2 out of bounds for length 2> (0x00000000c4a7c488) 
thrown [s\src\hotspot\share\interpreter\interpreterRuntime.cpp, line 428]
Event: 12.019 Thread 0x000001ca4ddad0c0 Implicit null exception at 0x000001ca3fd07144 to 0x000001ca3fd07369
Event: 65.692 Thread 0x000001ca48df2cb0 Exception <a 'java/lang/NoSuchMethodError'{0x00000000c5faa4f8}: 'void java.lang.invoke.DirectMethodHandle$Holder.invokeStatic(java.lang.Object, long)'> (0x00000000c5faa4f8) 
thrown [s\src\hotspot\share\interpreter\linkResolver.cpp, line 759]
Event: 65.693 Thread 0x000001ca48df2cb0 Exception <a 'java/lang/NoSuchMethodError'{0x00000000c5faf8a8}: 'java.lang.Object java.lang.invoke.DirectMethodHandle$Holder.newInvokeSpecial(java.lang.Object, long)'> (0x00000000c5faf8a8) 
thrown [s\src\hotspot\share\interpreter\linkResolver.cpp, line 759]
Event: 176.315 Thread 0x000001ca4e6cf980 Implicit null exception at 0x000001ca3f5bfa10 to 0x000001ca3f5bffca
Event: 307.927 Thread 0x000001ca4e6cd610 Exception <a 'java/io/IOException'{0x00000000c62abfe8}> (0x00000000c62abfe8) 
thrown [s\src\hotspot\share\prims\jni.cpp, line 516]
Event: 308.352 Thread 0x000001ca4e6ccbf0 Exception <a 'java/io/IOException'{0x00000000c62bab70}> (0x00000000c62bab70) 
thrown [s\src\hotspot\share\prims\jni.cpp, line 516]
Event: 308.793 Thread 0x000001ca4e6ca370 Exception <a 'java/io/IOException'{0x00000000c62c83d8}> (0x00000000c62c83d8) 
thrown [s\src\hotspot\share\prims\jni.cpp, line 516]

VM Operations (20 events):
Event: 564.609 Executing VM operation: G1CollectFull done
Event: 574.791 Executing VM operation: G1CollectFull
Event: 574.819 Executing VM operation: G1CollectFull done
Event: 585.001 Executing VM operation: G1CollectFull
Event: 585.024 Executing VM operation: G1CollectFull done
Event: 595.217 Executing VM operation: G1CollectFull
Event: 595.244 Executing VM operation: G1CollectFull done
Event: 605.424 Executing VM operation: G1CollectFull
Event: 605.447 Executing VM operation: G1CollectFull done
Event: 615.637 Executing VM operation: G1CollectFull
Event: 615.659 Executing VM operation: G1CollectFull done
Event: 625.831 Executing VM operation: G1CollectFull
Event: 625.854 Executing VM operation: G1CollectFull done
Event: 636.073 Executing VM operation: G1CollectFull
Event: 636.101 Executing VM operation: G1CollectFull done
Event: 646.284 Executing VM operation: G1CollectFull
Event: 646.308 Executing VM operation: G1CollectFull done
Event: 656.480 Executing VM operation: G1CollectFull
Event: 656.504 Executing VM operation: G1CollectFull done
Event: 666.553 Executing VM operation: G1CollectFull

Events (20 events):
Event: 307.903 loading class sun/nio/ch/SocketOptionRegistry$LazyInitialization done
Event: 307.903 loading class sun/nio/ch/OptionKey
Event: 307.903 loading class sun/nio/ch/OptionKey done
Event: 307.904 loading class sun/nio/ch/ExtendedSocketOption
Event: 307.904 loading class sun/nio/ch/ExtendedSocketOption done
Event: 307.904 loading class sun/nio/ch/ExtendedSocketOption$1
Event: 307.906 loading class sun/nio/ch/ExtendedSocketOption$1 done
Event: 307.908 loading class sun/security/ssl/Alert
Event: 307.918 loading class sun/security/ssl/Alert done
Event: 307.919 loading class sun/security/ssl/Alert$AlertConsumer
Event: 307.922 loading class sun/security/ssl/Alert$AlertConsumer done
Event: 307.922 loading class sun/security/ssl/Alert$Level
Event: 307.923 loading class sun/security/ssl/Alert$Level done
Event: 307.927 loading class sun/net/ConnectionResetException
Event: 307.928 loading class sun/net/ConnectionResetException done
Event: 367.933 Thread 0x000001ca4e6cf470 Thread exited: 0x000001ca4e6cf470
Event: 368.361 Thread 0x000001ca4e6cdb20 Thread exited: 0x000001ca4e6cdb20
Event: 368.362 Thread 0x000001ca4e6ccbf0 Thread exited: 0x000001ca4e6ccbf0
Event: 368.805 Thread 0x000001ca4e6cd610 Thread exited: 0x000001ca4e6cd610
Event: 368.807 Thread 0x000001ca4e6ca370 Thread exited: 0x000001ca4e6ca370


Dynamic libraries:
0x00007ff7007c0000 - 0x00007ff7007ce000 	c:\Users\samue\.vscode\extensions\redhat.java-1.26.0-win32-x64\jre\17.0.9-win32-x86_64\bin\java.exe
0x00007ff8b2330000 - 0x00007ff8b2547000 	C:\WINDOWS\SYSTEM32\ntdll.dll
0x00007ff8b1370000 - 0x00007ff8b1434000 	C:\WINDOWS\System32\KERNEL32.DLL
0x00007ff8af9a0000 - 0x00007ff8afd46000 	C:\WINDOWS\System32\KERNELBASE.dll
0x00007ff8afd80000 - 0x00007ff8afe91000 	C:\WINDOWS\System32\ucrtbase.dll
0x00007ff88acc0000 - 0x00007ff88acd7000 	c:\Users\samue\.vscode\extensions\redhat.java-1.26.0-win32-x64\jre\17.0.9-win32-x86_64\bin\jli.dll
0x00007ff86fdf0000 - 0x00007ff86fe0b000 	c:\Users\samue\.vscode\extensions\redhat.java-1.26.0-win32-x64\jre\17.0.9-win32-x86_64\bin\VCRUNTIME140.dll
0x00007ff8b04b0000 - 0x00007ff8b065e000 	C:\WINDOWS\System32\USER32.dll
0x00007ff8afd50000 - 0x00007ff8afd76000 	C:\WINDOWS\System32\win32u.dll
0x00007ff89dc90000 - 0x00007ff89df23000 	C:\WINDOWS\WinSxS\amd64_microsoft.windows.common-controls_6595b64144ccf1df_6.0.22621.2506_none_270c5ae97388e100\COMCTL32.dll
0x00007ff8b22c0000 - 0x00007ff8b22e9000 	C:\WINDOWS\System32\GDI32.dll
0x00007ff8b20a0000 - 0x00007ff8b2147000 	C:\WINDOWS\System32\msvcrt.dll
0x00007ff8aff60000 - 0x00007ff8b0078000 	C:\WINDOWS\System32\gdi32full.dll
0x00007ff8af810000 - 0x00007ff8af8aa000 	C:\WINDOWS\System32\msvcp_win.dll
0x00007ff8b14c0000 - 0x00007ff8b14f1000 	C:\WINDOWS\System32\IMM32.DLL
0x00007ff8908e0000 - 0x00007ff8908ec000 	c:\Users\samue\.vscode\extensions\redhat.java-1.26.0-win32-x64\jre\17.0.9-win32-x86_64\bin\vcruntime140_1.dll
0x00007ff8552a0000 - 0x00007ff85532d000 	c:\Users\samue\.vscode\extensions\redhat.java-1.26.0-win32-x64\jre\17.0.9-win32-x86_64\bin\msvcp140.dll
0x00007fffccdf0000 - 0x00007fffcda51000 	c:\Users\samue\.vscode\extensions\redhat.java-1.26.0-win32-x64\jre\17.0.9-win32-x86_64\bin\server\jvm.dll
0x00007ff8b0240000 - 0x00007ff8b02f1000 	C:\WINDOWS\System32\ADVAPI32.dll
0x00007ff8b0400000 - 0x00007ff8b04a5000 	C:\WINDOWS\System32\sechost.dll
0x00007ff8b0ec0000 - 0x00007ff8b0fd7000 	C:\WINDOWS\System32\RPCRT4.dll
0x00007ff8a7e30000 - 0x00007ff8a7e64000 	C:\WINDOWS\SYSTEM32\WINMM.dll
0x00007ff8af3c0000 - 0x00007ff8af40d000 	C:\WINDOWS\SYSTEM32\POWRPROF.dll
0x00007ff89bed0000 - 0x00007ff89bed9000 	C:\WINDOWS\SYSTEM32\WSOCK32.dll
0x00007ff8b1f20000 - 0x00007ff8b1f91000 	C:\WINDOWS\System32\WS2_32.dll
0x00007ff8a5650000 - 0x00007ff8a565a000 	C:\WINDOWS\SYSTEM32\VERSION.dll
0x00007ff8af3a0000 - 0x00007ff8af3b3000 	C:\WINDOWS\SYSTEM32\UMPDC.dll
0x00007ff8ae680000 - 0x00007ff8ae698000 	C:\WINDOWS\SYSTEM32\kernel.appcore.dll
0x00007ff88c480000 - 0x00007ff88c48a000 	c:\Users\samue\.vscode\extensions\redhat.java-1.26.0-win32-x64\jre\17.0.9-win32-x86_64\bin\jimage.dll
0x00007ff8acfa0000 - 0x00007ff8ad1d3000 	C:\WINDOWS\SYSTEM32\DBGHELP.DLL
0x00007ff8b0fe0000 - 0x00007ff8b1369000 	C:\WINDOWS\System32\combase.dll
0x00007ff8b1680000 - 0x00007ff8b1757000 	C:\WINDOWS\System32\OLEAUT32.dll
0x00007ff890c90000 - 0x00007ff890cc2000 	C:\WINDOWS\SYSTEM32\dbgcore.DLL
0x00007ff8af920000 - 0x00007ff8af99a000 	C:\WINDOWS\System32\bcryptPrimitives.dll
0x00007ff8696e0000 - 0x00007ff869705000 	c:\Users\samue\.vscode\extensions\redhat.java-1.26.0-win32-x64\jre\17.0.9-win32-x86_64\bin\java.dll
0x00007ff86b7c0000 - 0x00007ff86b7d8000 	c:\Users\samue\.vscode\extensions\redhat.java-1.26.0-win32-x64\jre\17.0.9-win32-x86_64\bin\zip.dll
0x00007ff8b0660000 - 0x00007ff8b0eba000 	C:\WINDOWS\System32\SHELL32.dll
0x00007ff8ad570000 - 0x00007ff8ade66000 	C:\WINDOWS\SYSTEM32\windows.storage.dll
0x00007ff8ad430000 - 0x00007ff8ad56e000 	C:\WINDOWS\SYSTEM32\wintypes.dll
0x00007ff8b1fa0000 - 0x00007ff8b2093000 	C:\WINDOWS\System32\SHCORE.dll
0x00007ff8b15d0000 - 0x00007ff8b162e000 	C:\WINDOWS\System32\shlwapi.dll
0x00007ff8af5d0000 - 0x00007ff8af5f6000 	C:\WINDOWS\SYSTEM32\profapi.dll
0x00007ff86cd90000 - 0x00007ff86cda9000 	C:\Users\samue\.vscode\extensions\redhat.java-1.26.0-win32-x64\jre\17.0.9-win32-x86_64\bin\net.dll
0x00007ff8a80a0000 - 0x00007ff8a81d7000 	C:\WINDOWS\SYSTEM32\WINHTTP.dll
0x00007ff8aeb20000 - 0x00007ff8aeb89000 	C:\WINDOWS\system32\mswsock.dll
0x00007ff86aa10000 - 0x00007ff86aa26000 	C:\Users\samue\.vscode\extensions\redhat.java-1.26.0-win32-x64\jre\17.0.9-win32-x86_64\bin\nio.dll
0x00007ff8aed80000 - 0x00007ff8aed9b000 	C:\WINDOWS\SYSTEM32\CRYPTSP.dll
0x00007ff8ae5d0000 - 0x00007ff8ae605000 	C:\WINDOWS\system32\rsaenh.dll
0x00007ff8aec10000 - 0x00007ff8aec3c000 	C:\WINDOWS\SYSTEM32\USERENV.dll
0x00007ff8aef60000 - 0x00007ff8aef88000 	C:\WINDOWS\SYSTEM32\bcrypt.dll
0x00007ff8aed70000 - 0x00007ff8aed7c000 	C:\WINDOWS\SYSTEM32\CRYPTBASE.dll
0x00007ff8ae0d0000 - 0x00007ff8ae0fd000 	C:\WINDOWS\SYSTEM32\IPHLPAPI.DLL
0x00007ff8b17f0000 - 0x00007ff8b17f9000 	C:\WINDOWS\System32\NSI.dll
0x00007ff8a8080000 - 0x00007ff8a8099000 	C:\WINDOWS\SYSTEM32\dhcpcsvc6.DLL
0x00007ff8a7e70000 - 0x00007ff8a7e8f000 	C:\WINDOWS\SYSTEM32\dhcpcsvc.DLL
0x00007ff8ae140000 - 0x00007ff8ae239000 	C:\WINDOWS\SYSTEM32\DNSAPI.dll
0x00007ff881300000 - 0x00007ff881310000 	c:\Users\samue\.vscode\extensions\redhat.java-1.26.0-win32-x64\jre\17.0.9-win32-x86_64\bin\verify.dll
0x00007ff8811d0000 - 0x00007ff8811d9000 	C:\Users\samue\.vscode\extensions\redhat.java-1.26.0-win32-x64\jre\17.0.9-win32-x86_64\bin\management.dll
0x00007ff871130000 - 0x00007ff87113b000 	C:\Users\samue\.vscode\extensions\redhat.java-1.26.0-win32-x64\jre\17.0.9-win32-x86_64\bin\management_ext.dll
0x00007ff8b1450000 - 0x00007ff8b1458000 	C:\WINDOWS\System32\PSAPI.DLL
0x00007ff881290000 - 0x00007ff88129e000 	C:\Users\samue\.vscode\extensions\redhat.java-1.26.0-win32-x64\jre\17.0.9-win32-x86_64\bin\sunmscapi.dll
0x00007ff8af6a0000 - 0x00007ff8af806000 	C:\WINDOWS\System32\CRYPT32.dll
0x00007ff8aef30000 - 0x00007ff8aef5d000 	C:\WINDOWS\SYSTEM32\ncrypt.dll
0x00007ff8aeef0000 - 0x00007ff8aef27000 	C:\WINDOWS\SYSTEM32\NTASN1.dll
0x00007ff8a57c0000 - 0x00007ff8a57ca000 	C:\Windows\System32\rasadhlp.dll
0x00007ff8a5d50000 - 0x00007ff8a5dd3000 	C:\WINDOWS\System32\fwpuclnt.dll

dbghelp: loaded successfully - version: 4.0.5 - missing functions: none
symbol engine: initialized successfully - sym options: 0x614 - pdb path: .;c:\Users\samue\.vscode\extensions\redhat.java-1.26.0-win32-x64\jre\17.0.9-win32-x86_64\bin;C:\WINDOWS\SYSTEM32;C:\WINDOWS\WinSxS\amd64_microsoft.windows.common-controls_6595b64144ccf1df_6.0.22621.2506_none_270c5ae97388e100;c:\Users\samue\.vscode\extensions\redhat.java-1.26.0-win32-x64\jre\17.0.9-win32-x86_64\bin\server

VM Arguments:
jvm_args: -XX:+HeapDumpOnOutOfMemoryError -Xmx1024m -Dsts.lsp.client=vscode -Dsts.log.file=/dev/null -XX:TieredStopAtLevel=1 -Xlog:jni+resolve=off -Dspring.config.location=file:c:\Users\samue\.vscode\extensions\vmware.vscode-spring-boot-1.51.0\language-server\BOOT-INF\classes\application.properties 
java_command: org.springframework.ide.vscode.boot.app.BootLanguageServerBootApp
java_class_path (initial): c:\Users\samue\.vscode\extensions\vmware.vscode-spring-boot-1.51.0\language-server\BOOT-INF\classes;c:\Users\samue\.vscode\extensions\vmware.vscode-spring-boot-1.51.0\language-server\BOOT-INF\lib\annotations-24.1.0.jar;c:\Users\samue\.vscode\extensions\vmware.vscode-spring-boot-1.51.0\language-server\BOOT-INF\lib\antlr-runtime-3.5.3.jar;c:\Users\samue\.vscode\extensions\vmware.vscode-spring-boot-1.51.0\language-server\BOOT-INF\lib\antlr4-4.11.1.jar;c:\Users\samue\.vscode\extensions\vmware.vscode-spring-boot-1.51.0\language-server\BOOT-INF\lib\antlr4-runtime-4.11.1.jar;c:\Users\samue\.vscode\extensions\vmware.vscode-spring-boot-1.51.0\language-server\BOOT-INF\lib\asm-9.6.jar;c:\Users\samue\.vscode\extensions\vmware.vscode-spring-boot-1.51.0\language-server\BOOT-INF\lib\asm-analysis-9.6.jar;c:\Users\samue\.vscode\extensions\vmware.vscode-spring-boot-1.51.0\language-server\BOOT-INF\lib\asm-tree-9.6.jar;c:\Users\samue\.vscode\extensions\vmware.vscode-spring-boot-1.51.0\language-server\BOOT-INF\lib\asm-util-9.6.jar;c:\Users\samue\.vscode\extensions\vmware.vscode-spring-boot-1.51.0\language-server\BOOT-INF\lib\bosh-language-server-1.51.0-SNAPSHOT.jar;c:\Users\samue\.vscode\extensions\vmware.vscode-spring-boot-1.51.0\language-server\BOOT-INF\lib\caffeine-3.1.8.jar;c:\Users\samue\.vscode\extensions\vmware.vscode-spring-boot-1.51.0\language-server\BOOT-INF\lib\checker-qual-3.12.0.jar;c:\Users\samue\.vscode\extensions\vmware.vscode-spring-boot-1.51.0\language-server\BOOT-INF\lib\classgraph-4.8.149.jar;c:\Users\samue\.vscode\extensions\vmware.vscode-spring-boot-1.51.0\language-server\BOOT-INF\lib\commons-codec-1.15.jar;c:\Users\samue\.vscode\extensions\vmware.vscode-spring-boot-1.51.0\language-server\BOOT-INF\lib\commons-compress-1.25.0.jar;c:\Users\samue\.vscode\extensions\vmware.vscode-spring-boot-1.51.0\language-server\BOOT-INF\lib\commons-io-2.4.jar;c:\Users\samue\.vscode\extensions\vmware.vscode-spring-boot-1.51.0\language-server\BOOT-INF\lib\
Launcher Type: SUN_STANDARD

[Global flags]
     intx CICompilerCount                          = 4                                         {product} {ergonomic}
     uint ConcGCThreads                            = 3                                         {product} {ergonomic}
     uint G1ConcRefinementThreads                  = 10                                        {product} {ergonomic}
   size_t G1HeapRegionSize                         = 1048576                                   {product} {ergonomic}
    uintx GCDrainStackTargetSize                   = 64                                        {product} {ergonomic}
     bool HeapDumpOnOutOfMemoryError               = true                                   {manageable} {command line}
   size_t InitialHeapSize                          = 98566144                                  {product} {ergonomic}
   size_t MarkStackSize                            = 4194304                                   {product} {ergonomic}
   size_t MaxHeapSize                              = 1073741824                                {product} {command line}
   size_t MaxNewSize                               = 643825664                                 {product} {ergonomic}
   size_t MinHeapDeltaBytes                        = 1048576                                   {product} {ergonomic}
   size_t MinHeapSize                              = 8388608                                   {product} {ergonomic}
    uintx NonProfiledCodeHeapSize                  = 0                                      {pd product} {ergonomic}
     bool ProfileInterpreter                       = false                                  {pd product} {command line}
    uintx ProfiledCodeHeapSize                     = 0                                      {pd product} {ergonomic}
   size_t SoftMaxHeapSize                          = 1073741824                             {manageable} {ergonomic}
     intx TieredStopAtLevel                        = 1                                         {product} {command line}
     bool UseCompressedClassPointers               = true                           {product lp64_product} {ergonomic}
     bool UseCompressedOops                        = true                           {product lp64_product} {ergonomic}
     bool UseG1GC                                  = true                                      {product} {ergonomic}
     bool UseLargePagesIndividualAllocation        = false                                  {pd product} {ergonomic}

Logging:
Log output configuration:
 #0: stdout all=warning,jni+resolve=off uptime,level,tags
 #1: stderr all=off uptime,level,tags

Environment Variables:
PATH=C:\Users\samue\AppData\Local\cloud-code\installer\google-cloud-sdk\bin;C:\Program Files (x86)\Common Files\Oracle\Java\javapath;C:\WINDOWS\system32;C:\WINDOWS;C:\WINDOWS\System32\Wbem;C:\WINDOWS\System32\WindowsPowerShell\v1.0\;C:\WINDOWS\System32\OpenSSH\;C:\Program Files\Git\cmd;C:\Program Files\dotnet\;C:\Program Files\apache-maven-3.8.8\bin;;C:\Program Files\Docker\Docker\resources\bin;C:\Program Files\PuTTY\;C:\Program Files\MySQL\MySQL Shell 8.0\bin\;C:\Users\samue\AppData\Local\Microsoft\WindowsApps;C:\Program Files\JetBrains\IntelliJ IDEA Community Edition 2021.2.2\bin;;C:\Users\samue\AppData\Local\Programs\Microsoft VS Code\bin;C:\Program Files\CodeBlocks\MinGW\bin;C:\MinGW\bin;C:\Program Files\javafx-sdk-17.0.0.1\lib;C:\Users\samue\AppData\Local\GitHubDesktop\bin;C:\Users\samue\AppData\Local\Google\Cloud SDK\google-cloud-sdk\bin;C:\Users\samue\AppData\Local\Google\Cloud SDK\google-cloud-sdk\bin;C:\Program Files (x86)\Google\Cloud SDK\google-cloud-sdk\bin;C:\Program Files\Google\Cloud SDK\google-cloud-sdk\bin
USERNAME=samue
OS=Windows_NT
PROCESSOR_IDENTIFIER=AMD64 Family 23 Model 104 Stepping 1, AuthenticAMD
TMP=C:\Users\samue\AppData\Local\Temp
TEMP=C:\Users\samue\AppData\Local\Temp



Periodic native trim disabled


---------------  S Y S T E M  ---------------

OS:
 Windows 11 , 64 bit Build 22621 (10.0.22621.2506)
OS uptime: 3 days 5:36 hours
Hyper-V role detected

CPU: total 12 (initial active 12) (12 cores per cpu, 2 threads per core) family 23 model 104 stepping 1 microcode 0x0, cx8, cmov, fxsr, ht, mmx, 3dnowpref, sse, sse2, sse3, ssse3, sse4a, sse4.1, sse4.2, popcnt, lzcnt, tsc, tscinvbit, avx, avx2, aes, clmul, bmi1, bmi2, adx, sha, fma, vzeroupper, clflush, clflushopt, hv
Processor Information for processor 0
  Max Mhz: 2100, Current Mhz: 2100, Mhz Limit: 2100
Processor Information for processor 1
  Max Mhz: 2100, Current Mhz: 2100, Mhz Limit: 2100
Processor Information for processor 2
  Max Mhz: 2100, Current Mhz: 1988, Mhz Limit: 2100
Processor Information for processor 3
  Max Mhz: 2100, Current Mhz: 1988, Mhz Limit: 2100
Processor Information for processor 4
  Max Mhz: 2100, Current Mhz: 1988, Mhz Limit: 2100
Processor Information for processor 5
  Max Mhz: 2100, Current Mhz: 2100, Mhz Limit: 2100
Processor Information for processor 6
  Max Mhz: 2100, Current Mhz: 2100, Mhz Limit: 2100
Processor Information for processor 7
  Max Mhz: 2100, Current Mhz: 2100, Mhz Limit: 2100
Processor Information for processor 8
  Max Mhz: 2100, Current Mhz: 2100, Mhz Limit: 2100
Processor Information for processor 9
  Max Mhz: 2100, Current Mhz: 1988, Mhz Limit: 2100
Processor Information for processor 10
  Max Mhz: 2100, Current Mhz: 1988, Mhz Limit: 2100
Processor Information for processor 11
  Max Mhz: 2100, Current Mhz: 1988, Mhz Limit: 2100

Memory: 4k page, system-wide physical 6005M (384M free)
TotalPageFile size 24437M (AvailPageFile size 6M)
current process WorkingSet (physical memory assigned to process): 58M, peak: 209M
current process commit charge ("private bytes"): 265M, peak: 283M

vm_info: OpenJDK 64-Bit Server VM (17.0.9+9) for windows-amd64 JRE (17.0.9+9), built on Oct 26 2023 14:01:42 by "admin" with MS VC++ 16.10 / 16.11 (VS2019)

END.
