#
# There is insufficient memory for the Java Runtime Environment to continue.
# Native memory allocation (malloc) failed to allocate 262160 bytes for Chunk::new
# Possible reasons:
#   The system is out of physical RAM or swap space
#   The process is running with CompressedOops enabled, and the Java Heap may be blocking the growth of the native heap
# Possible solutions:
#   Reduce memory load on the system
#   Increase physical memory or swap space
#   Check if swap backing store is full
#   Decrease Java heap size (-Xmx/-Xms)
#   Decrease number of Java threads
#   Decrease Java thread stack sizes (-Xss)
#   Set larger code cache with -XX:ReservedCodeCacheSize=
#   JVM is running with Unscaled Compressed Oops mode in which the Java heap is
#     placed in the first 4GB address space. The Java Heap base address is the
#     maximum limit for the native heap growth. Please use -XX:HeapBaseMinAddress
#     to set the Java Heap base and to place the Java Heap above 4GB virtual address.
# This output file may be truncated or incomplete.
#
#  Out of Memory Error (arena.cpp:191), pid=22560, tid=3376
#
# JRE version: OpenJDK Runtime Environment Corretto-17.0.9.8.1 (17.0.9+8) (build 17.0.9+8-LTS)
# Java VM: OpenJDK 64-Bit Server VM Corretto-17.0.9.8.1 (17.0.9+8-LTS, mixed mode, sharing, tiered, compressed oops, compressed class ptrs, g1 gc, windows-amd64)
# No core dump will be written. Minidumps are not enabled by default on client versions of Windows
#

---------------  S U M M A R Y ------------

Command Line: -javaagent:C:\Program Files\JetBrains\IntelliJ IDEA Community Edition 2021.2.2\lib\idea_rt.jar=58008:C:\Program Files\JetBrains\IntelliJ IDEA Community Edition 2021.2.2\bin -Dfile.encoding=UTF-8 com.example.demo.ScraperApplication

Host: AMD Ryzen 5 5500U with Radeon Graphics         , 12 cores, 5G,  Windows 11 , 64 bit Build 22621 (10.0.22621.2506)
Time: Fri Feb 16 12:22:34 2024 Mitteleuropäische Zeit elapsed time: 43506.249887 seconds (0d 12h 5m 6s)

---------------  T H R E A D  ---------------

Current thread (0x000002f9e45feec0):  JavaThread "C2 CompilerThread0" daemon [_thread_in_native, id=3376, stack(0x000000f9f2000000,0x000000f9f2100000)]


Current CompileTask:
C2:43506250 7421       4       sun.security.ec.ECOperations::setSum (815 bytes)

Stack: [0x000000f9f2000000,0x000000f9f2100000]
Native frames: (J=compiled Java code, j=interpreted, Vv=VM code, C=native code)
V  [jvm.dll+0x67cb49]
V  [jvm.dll+0x8344da]
V  [jvm.dll+0x835f9e]
V  [jvm.dll+0x836603]
V  [jvm.dll+0x247b5f]
V  [jvm.dll+0xac43c]
V  [jvm.dll+0xaca8c]
V  [jvm.dll+0xac54b]
V  [jvm.dll+0x6a1f58]
V  [jvm.dll+0x1a9d63]
V  [jvm.dll+0x6a2890]
V  [jvm.dll+0x575433]
V  [jvm.dll+0x577c7c]
V  [jvm.dll+0x581308]
V  [jvm.dll+0x57a97a]
V  [jvm.dll+0x57e587]
V  [jvm.dll+0x57dcdd]
V  [jvm.dll+0x57dbc0]
V  [jvm.dll+0x57dd49]
V  [jvm.dll+0x57dd49]
V  [jvm.dll+0x57dd49]
V  [jvm.dll+0x57dd49]
V  [jvm.dll+0x57dd49]
V  [jvm.dll+0x57dd49]
V  [jvm.dll+0x57dd49]
V  [jvm.dll+0x57dd49]
V  [jvm.dll+0x57dd49]
V  [jvm.dll+0x57dd49]
V  [jvm.dll+0x57dd49]
V  [jvm.dll+0x57dd49]
V  [jvm.dll+0x57dd49]
V  [jvm.dll+0x57dd49]
V  [jvm.dll+0x57dd49]
V  [jvm.dll+0x57dd49]
V  [jvm.dll+0x57dd49]
V  [jvm.dll+0x57dd49]
V  [jvm.dll+0x57dd49]
V  [jvm.dll+0x57dd49]
V  [jvm.dll+0x57dd49]
V  [jvm.dll+0x57dd49]
V  [jvm.dll+0x5858f4]
V  [jvm.dll+0x222bb2]
V  [jvm.dll+0x21be52]
V  [jvm.dll+0x219511]
V  [jvm.dll+0x1a56cd]
V  [jvm.dll+0x2293ee]
V  [jvm.dll+0x2275bc]
V  [jvm.dll+0x7e95a7]
V  [jvm.dll+0x7e396a]
V  [jvm.dll+0x67ba35]
C  [ucrtbase.dll+0x29363]
C  [KERNEL32.DLL+0x1257d]
C  [ntdll.dll+0x5aa58]


---------------  P R O C E S S  ---------------

Threads class SMR info:
_java_thread_list=0x000002f9ec4c7900, length=32, elements={
0x000002f9e45e72f0, 0x000002f9e45e8170, 0x000002f9e45fa0c0, 0x000002f9e45fab90,
0x000002f9e45fb750, 0x000002f9e45fe120, 0x000002f9e45feec0, 0x000002f9e46088a0,
0x000002f9e460b1c0, 0x000002f9e484ea50, 0x000002f9e4a58800, 0x000002f9e4a58ce0,
0x000002f9e93b8c50, 0x000002f9eae6f8a0, 0x000002f9e9b08bc0, 0x000002f9e9ae6fa0,
0x000002f9e9ae74b0, 0x000002f9eb767af0, 0x000002f9eb768f30, 0x000002f9eb766bc0,
0x000002f9eb769950, 0x000002f9eb76a370, 0x000002f9eb765270, 0x000002f9eb769440,
0x000002f9eb7670d0, 0x000002f9eb76c6e0, 0x000002f9eb76b7b0, 0x000002f9eb768000,
0x000002f9eb7675e0, 0x000002f9eb76cbf0, 0x000002f9eb768a20, 0x000002f9eb765c90
}

Java Threads: ( => current thread )
  0x000002f9e45e72f0 JavaThread "Reference Handler" daemon [_thread_blocked, id=27412, stack(0x000000f9f1a00000,0x000000f9f1b00000)]
  0x000002f9e45e8170 JavaThread "Finalizer" daemon [_thread_blocked, id=28152, stack(0x000000f9f1b00000,0x000000f9f1c00000)]
  0x000002f9e45fa0c0 JavaThread "Signal Dispatcher" daemon [_thread_blocked, id=18416, stack(0x000000f9f1c00000,0x000000f9f1d00000)]
  0x000002f9e45fab90 JavaThread "Attach Listener" daemon [_thread_blocked, id=17776, stack(0x000000f9f1d00000,0x000000f9f1e00000)]
  0x000002f9e45fb750 JavaThread "Service Thread" daemon [_thread_blocked, id=24440, stack(0x000000f9f1e00000,0x000000f9f1f00000)]
  0x000002f9e45fe120 JavaThread "Monitor Deflation Thread" daemon [_thread_blocked, id=17792, stack(0x000000f9f1f00000,0x000000f9f2000000)]
=>0x000002f9e45feec0 JavaThread "C2 CompilerThread0" daemon [_thread_in_native, id=3376, stack(0x000000f9f2000000,0x000000f9f2100000)]
  0x000002f9e46088a0 JavaThread "C1 CompilerThread0" daemon [_thread_in_vm, id=7676, stack(0x000000f9f2100000,0x000000f9f2200000)]
  0x000002f9e460b1c0 JavaThread "Sweeper thread" daemon [_thread_blocked, id=13736, stack(0x000000f9f2200000,0x000000f9f2300000)]
  0x000002f9e484ea50 JavaThread "Common-Cleaner" daemon [_thread_blocked, id=5504, stack(0x000000f9f2300000,0x000000f9f2400000)]
  0x000002f9e4a58800 JavaThread "Monitor Ctrl-Break" daemon [_thread_in_native, id=29652, stack(0x000000f9f2400000,0x000000f9f2500000)]
  0x000002f9e4a58ce0 JavaThread "Notification Thread" daemon [_thread_blocked, id=24784, stack(0x000000f9f2500000,0x000000f9f2600000)]
  0x000002f9e93b8c50 JavaThread "Catalina-utility-1" [_thread_blocked, id=28060, stack(0x000000f9f3200000,0x000000f9f3300000)]
  0x000002f9eae6f8a0 JavaThread "Catalina-utility-2" [_thread_blocked, id=22016, stack(0x000000f9f3300000,0x000000f9f3400000)]
  0x000002f9e9b08bc0 JavaThread "container-0" [_thread_blocked, id=23364, stack(0x000000f9f3400000,0x000000f9f3500000)]
  0x000002f9e9ae6fa0 JavaThread "mysql-cj-abandoned-connection-cleanup" daemon [_thread_blocked, id=3172, stack(0x000000f9f3500000,0x000000f9f3600000)]
  0x000002f9e9ae74b0 JavaThread "HikariPool-1 housekeeper" daemon [_thread_blocked, id=8080, stack(0x000000f9f3700000,0x000000f9f3800000)]
  0x000002f9eb767af0 JavaThread "http-nio-8080-exec-1" daemon [_thread_blocked, id=12364, stack(0x000000f9f3900000,0x000000f9f3a00000)]
  0x000002f9eb768f30 JavaThread "http-nio-8080-exec-2" daemon [_thread_blocked, id=6916, stack(0x000000f9f3a00000,0x000000f9f3b00000)]
  0x000002f9eb766bc0 JavaThread "http-nio-8080-exec-3" daemon [_thread_blocked, id=27436, stack(0x000000f9f3b00000,0x000000f9f3c00000)]
  0x000002f9eb769950 JavaThread "http-nio-8080-exec-4" daemon [_thread_blocked, id=24388, stack(0x000000f9f3c00000,0x000000f9f3d00000)]
  0x000002f9eb76a370 JavaThread "http-nio-8080-exec-5" daemon [_thread_blocked, id=15260, stack(0x000000f9f3d00000,0x000000f9f3e00000)]
  0x000002f9eb765270 JavaThread "http-nio-8080-exec-6" daemon [_thread_blocked, id=25192, stack(0x000000f9f3e00000,0x000000f9f3f00000)]
  0x000002f9eb769440 JavaThread "http-nio-8080-exec-7" daemon [_thread_blocked, id=21848, stack(0x000000f9f3f00000,0x000000f9f4000000)]
  0x000002f9eb7670d0 JavaThread "http-nio-8080-exec-8" daemon [_thread_blocked, id=8748, stack(0x000000f9f4000000,0x000000f9f4100000)]
  0x000002f9eb76c6e0 JavaThread "http-nio-8080-exec-9" daemon [_thread_blocked, id=27472, stack(0x000000f9f4100000,0x000000f9f4200000)]
  0x000002f9eb76b7b0 JavaThread "http-nio-8080-exec-10" daemon [_thread_blocked, id=2036, stack(0x000000f9f4200000,0x000000f9f4300000)]
  0x000002f9eb768000 JavaThread "http-nio-8080-Poller" daemon [_thread_in_native, id=27164, stack(0x000000f9f4300000,0x000000f9f4400000)]
  0x000002f9eb7675e0 JavaThread "http-nio-8080-Acceptor" daemon [_thread_in_native, id=1948, stack(0x000000f9f4400000,0x000000f9f4500000)]
  0x000002f9eb76cbf0 JavaThread "DestroyJavaVM" [_thread_blocked, id=12312, stack(0x000000f9f1300000,0x000000f9f1400000)]
  0x000002f9eb768a20 JavaThread "HikariPool-1 connection closer" daemon [_thread_blocked, id=26480, stack(0x000000f9f1200000,0x000000f9f1300000)]
  0x000002f9eb765c90 JavaThread "HikariPool-1 connection adder" daemon [_thread_in_native, id=30832, stack(0x000000f9f3600000,0x000000f9f3700000)]

Other Threads:
  0x000002f9e45e26e0 VMThread "VM Thread" [stack: 0x000000f9f1900000,0x000000f9f1a00000] [id=17124]
  0x000002f9e4b03670 WatcherThread [stack: 0x000000f9f2600000,0x000000f9f2700000] [id=1480]
  0x000002f9c71d5da0 GCTaskThread "GC Thread#0" [stack: 0x000000f9f1400000,0x000000f9f1500000] [id=17108]
  0x000002f9e9827110 GCTaskThread "GC Thread#1" [stack: 0x000000f9f2700000,0x000000f9f2800000] [id=18708]
  0x000002f9e985bd50 GCTaskThread "GC Thread#2" [stack: 0x000000f9f2800000,0x000000f9f2900000] [id=23408]
  0x000002f9e985c010 GCTaskThread "GC Thread#3" [stack: 0x000000f9f2900000,0x000000f9f2a00000] [id=13128]
  0x000002f9e985e6e0 GCTaskThread "GC Thread#4" [stack: 0x000000f9f2a00000,0x000000f9f2b00000] [id=5164]
  0x000002f9e985e9a0 GCTaskThread "GC Thread#5" [stack: 0x000000f9f2b00000,0x000000f9f2c00000] [id=23036]
  0x000002f9e99aa8d0 GCTaskThread "GC Thread#6" [stack: 0x000000f9f2d00000,0x000000f9f2e00000] [id=19376]
  0x000002f9e99aab90 GCTaskThread "GC Thread#7" [stack: 0x000000f9f2e00000,0x000000f9f2f00000] [id=28376]
  0x000002f9e99aae50 GCTaskThread "GC Thread#8" [stack: 0x000000f9f2f00000,0x000000f9f3000000] [id=26824]
  0x000002f9e9ccc030 GCTaskThread "GC Thread#9" [stack: 0x000000f9f3000000,0x000000f9f3100000] [id=27672]
  0x000002f9c71e28b0 ConcurrentGCThread "G1 Main Marker" [stack: 0x000000f9f1500000,0x000000f9f1600000] [id=7288]
  0x000002f9c71e42e0 ConcurrentGCThread "G1 Conc#0" [stack: 0x000000f9f1600000,0x000000f9f1700000] [id=2600]
  0x000002f9ead33fc0 ConcurrentGCThread "G1 Conc#1" [stack: 0x000000f9f2c00000,0x000000f9f2d00000] [id=17728]
  0x000002f9ea09b950 ConcurrentGCThread "G1 Conc#2" [stack: 0x000000f9f3100000,0x000000f9f3200000] [id=9492]
  0x000002f9e44a0f10 ConcurrentGCThread "G1 Refine#0" [stack: 0x000000f9f1700000,0x000000f9f1800000] [id=16540]
  0x000002f9e44a1940 ConcurrentGCThread "G1 Service" [stack: 0x000000f9f1800000,0x000000f9f1900000] [id=13132]

Threads with active compile tasks:
C2 CompilerThread0  43506388 7421       4       sun.security.ec.ECOperations::setSum (815 bytes)
C1 CompilerThread0  43506388 7448       3       javax.crypto.Cipher$Transform::<init> (49 bytes)

VM state: not at safepoint (normal execution)

VM Mutex/Monitor currently owned by a thread: None

Heap address: 0x00000000a2200000, size: 1502 MB, Compressed Oops mode: 32-bit

CDS archive(s) mapped at: [0x000002f980000000-0x000002f980ba0000-0x000002f980ba0000), size 12189696, SharedBaseAddress: 0x000002f980000000, ArchiveRelocationMode: 1.
Compressed class space mapped at: 0x000002f981000000-0x000002f9c1000000, reserved size: 1073741824
Narrow klass base: 0x000002f980000000, Narrow klass shift: 0, Narrow klass range: 0x100000000

GC Precious Log:
 CPUs: 12 total, 12 available
 Memory: 6005M
 Large Page Support: Disabled
 NUMA Support: Disabled
 Compressed Oops: Enabled (32-bit)
 Heap Region Size: 1M
 Heap Min Capacity: 8M
 Heap Initial Capacity: 94M
 Heap Max Capacity: 1502M
 Pre-touch: Disabled
 Parallel Workers: 10
 Concurrent Workers: 3
 Concurrent Refinement Workers: 10
 Periodic GC: Disabled

Heap:
 garbage-first heap   total 97280K, used 55591K [0x00000000a2200000, 0x0000000100000000)
  region size 1024K, 29 young (29696K), 6 survivors (6144K)
 Metaspace       used 77479K, committed 78080K, reserved 1179648K
  class space    used 10649K, committed 10944K, reserved 1048576K

Heap Regions: E=young(eden), S=young(survivor), O=old, HS=humongous(starts), HC=humongous(continues), CS=collection set, F=free, OA=open archive, CA=closed archive, TAMS=top-at-mark-start (previous, next)
|   0|0x00000000a2200000, 0x00000000a2300000, 0x00000000a2300000|100%|HS|  |TAMS 0x00000000a2300000, 0x00000000a2200000| Complete 
|   1|0x00000000a2300000, 0x00000000a2400000, 0x00000000a2400000|100%| O|  |TAMS 0x00000000a2400000, 0x00000000a2300000| Untracked 
|   2|0x00000000a2400000, 0x00000000a2500000, 0x00000000a2500000|100%| O|  |TAMS 0x00000000a2500000, 0x00000000a2400000| Untracked 
|   3|0x00000000a2500000, 0x00000000a2600000, 0x00000000a2600000|100%| O|  |TAMS 0x00000000a2600000, 0x00000000a2500000| Untracked 
|   4|0x00000000a2600000, 0x00000000a2700000, 0x00000000a2700000|100%| O|  |TAMS 0x00000000a2700000, 0x00000000a2600000| Untracked 
|   5|0x00000000a2700000, 0x00000000a2800000, 0x00000000a2800000|100%| O|  |TAMS 0x00000000a2800000, 0x00000000a2700000| Untracked 
|   6|0x00000000a2800000, 0x00000000a2900000, 0x00000000a2900000|100%| O|  |TAMS 0x00000000a2900000, 0x00000000a2800000| Untracked 
|   7|0x00000000a2900000, 0x00000000a2a00000, 0x00000000a2a00000|100%| O|  |TAMS 0x00000000a2a00000, 0x00000000a2900000| Untracked 
|   8|0x00000000a2a00000, 0x00000000a2b00000, 0x00000000a2b00000|100%| O|  |TAMS 0x00000000a2b00000, 0x00000000a2a00000| Untracked 
|   9|0x00000000a2b00000, 0x00000000a2c00000, 0x00000000a2c00000|100%| O|  |TAMS 0x00000000a2c00000, 0x00000000a2b00000| Untracked 
|  10|0x00000000a2c00000, 0x00000000a2d00000, 0x00000000a2d00000|100%| O|  |TAMS 0x00000000a2d00000, 0x00000000a2c00000| Untracked 
|  11|0x00000000a2d00000, 0x00000000a2e00000, 0x00000000a2e00000|100%| O|  |TAMS 0x00000000a2e00000, 0x00000000a2d00000| Untracked 
|  12|0x00000000a2e00000, 0x00000000a2f00000, 0x00000000a2f00000|100%| O|  |TAMS 0x00000000a2f00000, 0x00000000a2e00000| Untracked 
|  13|0x00000000a2f00000, 0x00000000a3000000, 0x00000000a3000000|100%| O|  |TAMS 0x00000000a3000000, 0x00000000a2f00000| Untracked 
|  14|0x00000000a3000000, 0x00000000a3100000, 0x00000000a3100000|100%| O|  |TAMS 0x00000000a3100000, 0x00000000a3000000| Untracked 
|  15|0x00000000a3100000, 0x00000000a3200000, 0x00000000a3200000|100%| O|  |TAMS 0x00000000a3100000, 0x00000000a3100000| Untracked 
|  16|0x00000000a3200000, 0x00000000a3300000, 0x00000000a3300000|100%| O|  |TAMS 0x00000000a3300000, 0x00000000a3200000| Untracked 
|  17|0x00000000a3300000, 0x00000000a3400000, 0x00000000a3400000|100%| O|  |TAMS 0x00000000a3400000, 0x00000000a3300000| Untracked 
|  18|0x00000000a3400000, 0x00000000a3500000, 0x00000000a3500000|100%| O|  |TAMS 0x00000000a3400000, 0x00000000a3400000| Untracked 
|  19|0x00000000a3500000, 0x00000000a3600000, 0x00000000a3600000|100%| O|  |TAMS 0x00000000a3600000, 0x00000000a3500000| Untracked 
|  20|0x00000000a3600000, 0x00000000a3700000, 0x00000000a3700000|100%| O|  |TAMS 0x00000000a3700000, 0x00000000a3600000| Untracked 
|  21|0x00000000a3700000, 0x00000000a3800000, 0x00000000a3800000|100%| O|  |TAMS 0x00000000a3727a00, 0x00000000a3700000| Untracked 
|  22|0x00000000a3800000, 0x00000000a3900000, 0x00000000a3900000|100%| O|  |TAMS 0x00000000a3800000, 0x00000000a3800000| Untracked 
|  23|0x00000000a3900000, 0x00000000a3a00000, 0x00000000a3a00000|100%| O|  |TAMS 0x00000000a3900000, 0x00000000a3900000| Untracked 
|  24|0x00000000a3a00000, 0x00000000a3b00000, 0x00000000a3b00000|100%| O|  |TAMS 0x00000000a3a00000, 0x00000000a3a00000| Untracked 
|  25|0x00000000a3b00000, 0x00000000a3c00000, 0x00000000a3c00000|100%| O|  |TAMS 0x00000000a3b00000, 0x00000000a3b00000| Untracked 
|  26|0x00000000a3c00000, 0x00000000a3d00000, 0x00000000a3d00000|100%| O|  |TAMS 0x00000000a3c00000, 0x00000000a3c00000| Untracked 
|  27|0x00000000a3d00000, 0x00000000a3d49e00, 0x00000000a3e00000| 28%| O|  |TAMS 0x00000000a3d00000, 0x00000000a3d00000| Untracked 
|  28|0x00000000a3e00000, 0x00000000a3e00000, 0x00000000a3f00000|  0%| F|  |TAMS 0x00000000a3e00000, 0x00000000a3e00000| Untracked 
|  29|0x00000000a3f00000, 0x00000000a3f00000, 0x00000000a4000000|  0%| F|  |TAMS 0x00000000a3f00000, 0x00000000a3f00000| Untracked 
|  30|0x00000000a4000000, 0x00000000a4000000, 0x00000000a4100000|  0%| F|  |TAMS 0x00000000a4000000, 0x00000000a4000000| Untracked 
|  31|0x00000000a4100000, 0x00000000a4100000, 0x00000000a4200000|  0%| F|  |TAMS 0x00000000a4100000, 0x00000000a4100000| Untracked 
|  32|0x00000000a4200000, 0x00000000a4200000, 0x00000000a4300000|  0%| F|  |TAMS 0x00000000a4200000, 0x00000000a4200000| Untracked 
|  33|0x00000000a4300000, 0x00000000a4300000, 0x00000000a4400000|  0%| F|  |TAMS 0x00000000a4300000, 0x00000000a4300000| Untracked 
|  34|0x00000000a4400000, 0x00000000a4400000, 0x00000000a4500000|  0%| F|  |TAMS 0x00000000a4400000, 0x00000000a4400000| Untracked 
|  35|0x00000000a4500000, 0x00000000a4500000, 0x00000000a4600000|  0%| F|  |TAMS 0x00000000a4500000, 0x00000000a4500000| Untracked 
|  36|0x00000000a4600000, 0x00000000a4600000, 0x00000000a4700000|  0%| F|  |TAMS 0x00000000a4600000, 0x00000000a4600000| Untracked 
|  37|0x00000000a4700000, 0x00000000a4700000, 0x00000000a4800000|  0%| F|  |TAMS 0x00000000a4700000, 0x00000000a4700000| Untracked 
|  38|0x00000000a4800000, 0x00000000a4800000, 0x00000000a4900000|  0%| F|  |TAMS 0x00000000a4800000, 0x00000000a4800000| Untracked 
|  39|0x00000000a4900000, 0x00000000a4900000, 0x00000000a4a00000|  0%| F|  |TAMS 0x00000000a4900000, 0x00000000a4900000| Untracked 
|  40|0x00000000a4a00000, 0x00000000a4a00000, 0x00000000a4b00000|  0%| F|  |TAMS 0x00000000a4a00000, 0x00000000a4a00000| Untracked 
|  41|0x00000000a4b00000, 0x00000000a4b00000, 0x00000000a4c00000|  0%| F|  |TAMS 0x00000000a4b00000, 0x00000000a4b00000| Untracked 
|  42|0x00000000a4c00000, 0x00000000a4c00000, 0x00000000a4d00000|  0%| F|  |TAMS 0x00000000a4c00000, 0x00000000a4c00000| Untracked 
|  43|0x00000000a4d00000, 0x00000000a4d00000, 0x00000000a4e00000|  0%| F|  |TAMS 0x00000000a4d00000, 0x00000000a4d00000| Untracked 
|  44|0x00000000a4e00000, 0x00000000a4e00000, 0x00000000a4f00000|  0%| F|  |TAMS 0x00000000a4e00000, 0x00000000a4e00000| Untracked 
|  45|0x00000000a4f00000, 0x00000000a5000000, 0x00000000a5000000|100%| S|CS|TAMS 0x00000000a4f00000, 0x00000000a4f00000| Complete 
|  46|0x00000000a5000000, 0x00000000a5100000, 0x00000000a5100000|100%| S|CS|TAMS 0x00000000a5000000, 0x00000000a5000000| Complete 
|  47|0x00000000a5100000, 0x00000000a5200000, 0x00000000a5200000|100%| S|CS|TAMS 0x00000000a5100000, 0x00000000a5100000| Complete 
|  48|0x00000000a5200000, 0x00000000a5300000, 0x00000000a5300000|100%| S|CS|TAMS 0x00000000a5200000, 0x00000000a5200000| Complete 
|  49|0x00000000a5300000, 0x00000000a5400000, 0x00000000a5400000|100%| S|CS|TAMS 0x00000000a5300000, 0x00000000a5300000| Complete 
|  50|0x00000000a5400000, 0x00000000a5500000, 0x00000000a5500000|100%| S|CS|TAMS 0x00000000a5400000, 0x00000000a5400000| Complete 
|  51|0x00000000a5500000, 0x00000000a5500000, 0x00000000a5600000|  0%| F|  |TAMS 0x00000000a5500000, 0x00000000a5500000| Untracked 
|  52|0x00000000a5600000, 0x00000000a5600000, 0x00000000a5700000|  0%| F|  |TAMS 0x00000000a5600000, 0x00000000a5600000| Untracked 
|  53|0x00000000a5700000, 0x00000000a5700000, 0x00000000a5800000|  0%| F|  |TAMS 0x00000000a5700000, 0x00000000a5700000| Untracked 
|  54|0x00000000a5800000, 0x00000000a5800000, 0x00000000a5900000|  0%| F|  |TAMS 0x00000000a5800000, 0x00000000a5800000| Untracked 
|  55|0x00000000a5900000, 0x00000000a5900000, 0x00000000a5a00000|  0%| F|  |TAMS 0x00000000a5900000, 0x00000000a5900000| Untracked 
|  56|0x00000000a5a00000, 0x00000000a5a00000, 0x00000000a5b00000|  0%| F|  |TAMS 0x00000000a5a00000, 0x00000000a5a00000| Untracked 
|  57|0x00000000a5b00000, 0x00000000a5b00000, 0x00000000a5c00000|  0%| F|  |TAMS 0x00000000a5b00000, 0x00000000a5b00000| Untracked 
|  58|0x00000000a5c00000, 0x00000000a5c00000, 0x00000000a5d00000|  0%| F|  |TAMS 0x00000000a5c00000, 0x00000000a5c00000| Untracked 
|  59|0x00000000a5d00000, 0x00000000a5d00000, 0x00000000a5e00000|  0%| F|  |TAMS 0x00000000a5d00000, 0x00000000a5d00000| Untracked 
|  60|0x00000000a5e00000, 0x00000000a5e00000, 0x00000000a5f00000|  0%| F|  |TAMS 0x00000000a5e00000, 0x00000000a5e00000| Untracked 
|  61|0x00000000a5f00000, 0x00000000a5f00000, 0x00000000a6000000|  0%| F|  |TAMS 0x00000000a5f00000, 0x00000000a5f00000| Untracked 
|  62|0x00000000a6000000, 0x00000000a6000000, 0x00000000a6100000|  0%| F|  |TAMS 0x00000000a6000000, 0x00000000a6000000| Untracked 
|  63|0x00000000a6100000, 0x00000000a6100000, 0x00000000a6200000|  0%| F|  |TAMS 0x00000000a6100000, 0x00000000a6100000| Untracked 
|  64|0x00000000a6200000, 0x00000000a6200000, 0x00000000a6300000|  0%| F|  |TAMS 0x00000000a6200000, 0x00000000a6200000| Untracked 
|  65|0x00000000a6300000, 0x00000000a6300000, 0x00000000a6400000|  0%| F|  |TAMS 0x00000000a6300000, 0x00000000a6300000| Untracked 
|  66|0x00000000a6400000, 0x00000000a6400000, 0x00000000a6500000|  0%| F|  |TAMS 0x00000000a6400000, 0x00000000a6400000| Untracked 
|  67|0x00000000a6500000, 0x00000000a6500000, 0x00000000a6600000|  0%| F|  |TAMS 0x00000000a6500000, 0x00000000a6500000| Untracked 
|  68|0x00000000a6600000, 0x00000000a6600000, 0x00000000a6700000|  0%| F|  |TAMS 0x00000000a6600000, 0x00000000a6600000| Untracked 
|  69|0x00000000a6700000, 0x00000000a6700000, 0x00000000a6800000|  0%| F|  |TAMS 0x00000000a6700000, 0x00000000a6700000| Untracked 
|  70|0x00000000a6800000, 0x00000000a6800000, 0x00000000a6900000|  0%| F|  |TAMS 0x00000000a6800000, 0x00000000a6800000| Untracked 
|  71|0x00000000a6900000, 0x00000000a6900000, 0x00000000a6a00000|  0%| F|  |TAMS 0x00000000a6900000, 0x00000000a6900000| Untracked 
|  72|0x00000000a6a00000, 0x00000000a6aed7c0, 0x00000000a6b00000| 92%| E|  |TAMS 0x00000000a6a00000, 0x00000000a6a00000| Complete 
|  73|0x00000000a6b00000, 0x00000000a6c00000, 0x00000000a6c00000|100%| E|CS|TAMS 0x00000000a6b00000, 0x00000000a6b00000| Complete 
|  74|0x00000000a6c00000, 0x00000000a6d00000, 0x00000000a6d00000|100%| E|CS|TAMS 0x00000000a6c00000, 0x00000000a6c00000| Complete 
|  75|0x00000000a6d00000, 0x00000000a6e00000, 0x00000000a6e00000|100%| E|  |TAMS 0x00000000a6d00000, 0x00000000a6d00000| Complete 
|  76|0x00000000a6e00000, 0x00000000a6f00000, 0x00000000a6f00000|100%| E|CS|TAMS 0x00000000a6e00000, 0x00000000a6e00000| Complete 
|  77|0x00000000a6f00000, 0x00000000a7000000, 0x00000000a7000000|100%| E|CS|TAMS 0x00000000a6f00000, 0x00000000a6f00000| Complete 
|  78|0x00000000a7000000, 0x00000000a7100000, 0x00000000a7100000|100%| E|CS|TAMS 0x00000000a7000000, 0x00000000a7000000| Complete 
|  79|0x00000000a7100000, 0x00000000a7200000, 0x00000000a7200000|100%| E|CS|TAMS 0x00000000a7100000, 0x00000000a7100000| Complete 
|  80|0x00000000a7200000, 0x00000000a7300000, 0x00000000a7300000|100%| E|CS|TAMS 0x00000000a7200000, 0x00000000a7200000| Complete 
|  81|0x00000000a7300000, 0x00000000a7400000, 0x00000000a7400000|100%| E|CS|TAMS 0x00000000a7300000, 0x00000000a7300000| Complete 
|  82|0x00000000a7400000, 0x00000000a7500000, 0x00000000a7500000|100%| E|CS|TAMS 0x00000000a7400000, 0x00000000a7400000| Complete 
|  83|0x00000000a7500000, 0x00000000a7600000, 0x00000000a7600000|100%| E|CS|TAMS 0x00000000a7500000, 0x00000000a7500000| Complete 
|  84|0x00000000a7600000, 0x00000000a7700000, 0x00000000a7700000|100%| E|CS|TAMS 0x00000000a7600000, 0x00000000a7600000| Complete 
|  85|0x00000000a7700000, 0x00000000a7800000, 0x00000000a7800000|100%| E|CS|TAMS 0x00000000a7700000, 0x00000000a7700000| Complete 
|  86|0x00000000a7800000, 0x00000000a7900000, 0x00000000a7900000|100%| E|CS|TAMS 0x00000000a7800000, 0x00000000a7800000| Complete 
|  87|0x00000000a7900000, 0x00000000a7a00000, 0x00000000a7a00000|100%| E|CS|TAMS 0x00000000a7900000, 0x00000000a7900000| Complete 
|  88|0x00000000a7a00000, 0x00000000a7b00000, 0x00000000a7b00000|100%| E|CS|TAMS 0x00000000a7a00000, 0x00000000a7a00000| Complete 
|  89|0x00000000a7b00000, 0x00000000a7c00000, 0x00000000a7c00000|100%| E|CS|TAMS 0x00000000a7b00000, 0x00000000a7b00000| Complete 
|  90|0x00000000a7c00000, 0x00000000a7d00000, 0x00000000a7d00000|100%| E|CS|TAMS 0x00000000a7c00000, 0x00000000a7c00000| Complete 
|  91|0x00000000a7d00000, 0x00000000a7e00000, 0x00000000a7e00000|100%| E|CS|TAMS 0x00000000a7d00000, 0x00000000a7d00000| Complete 
|  92|0x00000000a7e00000, 0x00000000a7f00000, 0x00000000a7f00000|100%| E|CS|TAMS 0x00000000a7e00000, 0x00000000a7e00000| Complete 
|  93|0x00000000a7f00000, 0x00000000a8000000, 0x00000000a8000000|100%| E|CS|TAMS 0x00000000a7f00000, 0x00000000a7f00000| Complete 
|  94|0x00000000a8000000, 0x00000000a8100000, 0x00000000a8100000|100%| E|CS|TAMS 0x00000000a8000000, 0x00000000a8000000| Complete 

Card table byte_map: [0x000002f9de4d0000,0x000002f9de7c0000] _byte_map_base: 0x000002f9ddfbf000

Marking Bits (Prev, Next): (CMBitMap*) 0x000002f9c71d6400, (CMBitMap*) 0x000002f9c71d63c0
 Prev Bits: [0x000002f9e0230000, 0x000002f9e19a8000)
 Next Bits: [0x000002f9deab0000, 0x000002f9e0228000)

Polling page: 0x000002f9c6930000

Metaspace:

Usage:
  Non-class:     65.26 MB used.
      Class:     10.40 MB used.
       Both:     75.66 MB used.

Virtual space:
  Non-class space:      128.00 MB reserved,      65.56 MB ( 51%) committed,  2 nodes.
      Class space:        1.00 GB reserved,      10.69 MB (  1%) committed,  1 nodes.
             Both:        1.12 GB reserved,      76.25 MB (  7%) committed. 

Chunk freelists:
   Non-Class:  13.92 MB
       Class:  5.24 MB
        Both:  19.17 MB

MaxMetaspaceSize: unlimited
CompressedClassSpaceSize: 1.00 GB
Initial GC threshold: 21.00 MB
Current GC threshold: 98.25 MB
CDS: on
MetaspaceReclaimPolicy: balanced
 - commit_granule_bytes: 65536.
 - commit_granule_words: 8192.
 - virtual_space_node_default_size: 8388608.
 - enlarge_chunks_in_place: 1.
 - new_chunks_are_fully_committed: 0.
 - uncommit_free_chunks: 1.
 - use_allocation_guard: 0.
 - handle_deallocations: 1.


Internal statistics:

num_allocs_failed_limit: 9.
num_arena_births: 772.
num_arena_deaths: 0.
num_vsnodes_births: 3.
num_vsnodes_deaths: 0.
num_space_committed: 1220.
num_space_uncommitted: 0.
num_chunks_returned_to_freelist: 9.
num_chunks_taken_from_freelist: 3464.
num_chunk_merges: 9.
num_chunk_splits: 2563.
num_chunks_enlarged: 2055.
num_inconsistent_stats: 0.

CodeHeap 'non-profiled nmethods': size=120000Kb used=3685Kb max_used=3685Kb free=116314Kb
 bounds [0x000002f9d6750000, 0x000002f9d6af0000, 0x000002f9ddc80000]
CodeHeap 'profiled nmethods': size=120000Kb used=12456Kb max_used=12456Kb free=107543Kb
 bounds [0x000002f9cec80000, 0x000002f9cf8b0000, 0x000002f9d61b0000]
CodeHeap 'non-nmethods': size=5760Kb used=1368Kb max_used=1407Kb free=4391Kb
 bounds [0x000002f9d61b0000, 0x000002f9d6420000, 0x000002f9d6750000]
 total_blobs=7272 nmethods=6566 adapters=618
 compilation: enabled
              stopped_count=0, restarted_count=0
 full_count=0

Compilation events (20 events):
Event: 43505.986 Thread 0x000002f9e45feec0 7419       4       java.util.stream.AbstractPipeline::evaluate (94 bytes)
Event: 43505.991 Thread 0x000002f9e45feec0 nmethod 7419 0x000002f9d6ae7510 code [0x000002f9d6ae76a0, 0x000002f9d6ae7898]
Event: 43505.992 Thread 0x000002f9e45feec0 7420       4       java.util.stream.Collectors$$Lambda$472/0x000002f9810faa70::accept (14 bytes)
Event: 43506.032 Thread 0x000002f9e45feec0 nmethod 7420 0x000002f9d6ae7a90 code [0x000002f9d6ae7c20, 0x000002f9d6ae83f8]
Event: 43506.032 Thread 0x000002f9e45feec0 7421       4       sun.security.ec.ECOperations::setSum (815 bytes)
Event: 43506.039 Thread 0x000002f9e46088a0 7422       3       sun.security.util.AlgorithmDecomposer::decomposeImpl (128 bytes)
Event: 43506.048 Thread 0x000002f9e46088a0 nmethod 7422 0x000002f9cf89d410 code [0x000002f9cf89d680, 0x000002f9cf89e348]
Event: 43506.151 Thread 0x000002f9e46088a0 7425       3       com.zaxxer.hikari.pool.PoolEntry::getState (8 bytes)
Event: 43506.163 Thread 0x000002f9e46088a0 nmethod 7425 0x000002f9cf89e910 code [0x000002f9cf89eac0, 0x000002f9cf89ed88]
Event: 43506.163 Thread 0x000002f9e46088a0 7426       3       java.util.concurrent.atomic.AtomicIntegerFieldUpdater$AtomicIntegerFieldUpdaterImpl::get (17 bytes)
Event: 43506.164 Thread 0x000002f9e46088a0 nmethod 7426 0x000002f9cf89ee90 code [0x000002f9cf89f040, 0x000002f9cf89f268]
Event: 43506.164 Thread 0x000002f9e46088a0 7427       3       java.util.HashMap$KeySpliterator::characteristics (30 bytes)
Event: 43506.166 Thread 0x000002f9e46088a0 nmethod 7427 0x000002f9cf89f390 code [0x000002f9cf89f520, 0x000002f9cf89f6d8]
Event: 43506.166 Thread 0x000002f9e46088a0 7428       1       sun.net.ext.ExtendedSocketOptions::options (5 bytes)
Event: 43506.166 Thread 0x000002f9e46088a0 nmethod 7428 0x000002f9d6ae8690 code [0x000002f9d6ae8820, 0x000002f9d6ae88f8]
Event: 43506.166 Thread 0x000002f9e46088a0 7429       1       sun.nio.ch.OptionKey::name (5 bytes)
Event: 43506.166 Thread 0x000002f9e46088a0 nmethod 7429 0x000002f9d6ae8990 code [0x000002f9d6ae8b20, 0x000002f9d6ae8bf8]
Event: 43506.179 Thread 0x000002f9e46088a0 7430       3       sun.security.action.GetPropertyAction::privilegedGetProperty (26 bytes)
Event: 43506.190 Thread 0x000002f9e46088a0 nmethod 7430 0x000002f9cf89f790 code [0x000002f9cf89fa00, 0x000002f9cf8a0568]
Event: 43506.226 Thread 0x000002f9e46088a0 7432       3       sun.security.ssl.ContentType::values (10 bytes)

GC Heap History (20 events):
Event: 8.401 GC heap before
{Heap before GC invocations=9 (full 0):
 garbage-first heap   total 51200K, used 38255K [0x00000000a2200000, 0x0000000100000000)
  region size 1024K, 21 young (21504K), 2 survivors (2048K)
 Metaspace       used 43672K, committed 44096K, reserved 1114112K
  class space    used 5714K, committed 5888K, reserved 1048576K
}
Event: 8.405 GC heap after
{Heap after GC invocations=10 (full 0):
 garbage-first heap   total 51200K, used 21031K [0x00000000a2200000, 0x0000000100000000)
  region size 1024K, 3 young (3072K), 3 survivors (3072K)
 Metaspace       used 43672K, committed 44096K, reserved 1114112K
  class space    used 5714K, committed 5888K, reserved 1048576K
}
Event: 8.436 GC heap before
{Heap before GC invocations=10 (full 0):
 garbage-first heap   total 51200K, used 22055K [0x00000000a2200000, 0x0000000100000000)
  region size 1024K, 4 young (4096K), 3 survivors (3072K)
 Metaspace       used 43958K, committed 44416K, reserved 1114112K
  class space    used 5750K, committed 5952K, reserved 1048576K
}
Event: 8.440 GC heap after
{Heap after GC invocations=11 (full 0):
 garbage-first heap   total 51200K, used 21141K [0x00000000a2200000, 0x0000000100000000)
  region size 1024K, 1 young (1024K), 1 survivors (1024K)
 Metaspace       used 43958K, committed 44416K, reserved 1114112K
  class space    used 5750K, committed 5952K, reserved 1048576K
}
Event: 8.986 GC heap before
{Heap before GC invocations=11 (full 0):
 garbage-first heap   total 51200K, used 37525K [0x00000000a2200000, 0x0000000100000000)
  region size 1024K, 18 young (18432K), 1 survivors (1024K)
 Metaspace       used 47967K, committed 48448K, reserved 1114112K
  class space    used 6244K, committed 6464K, reserved 1048576K
}
Event: 8.988 GC heap after
{Heap after GC invocations=12 (full 0):
 garbage-first heap   total 68608K, used 21711K [0x00000000a2200000, 0x0000000100000000)
  region size 1024K, 2 young (2048K), 2 survivors (2048K)
 Metaspace       used 47967K, committed 48448K, reserved 1114112K
  class space    used 6244K, committed 6464K, reserved 1048576K
}
Event: 9.799 GC heap before
{Heap before GC invocations=12 (full 0):
 garbage-first heap   total 68608K, used 51407K [0x00000000a2200000, 0x0000000100000000)
  region size 1024K, 31 young (31744K), 2 survivors (2048K)
 Metaspace       used 55913K, committed 56448K, reserved 1114112K
  class space    used 7559K, committed 7808K, reserved 1048576K
}
Event: 9.802 GC heap after
{Heap after GC invocations=13 (full 0):
 garbage-first heap   total 68608K, used 22805K [0x00000000a2200000, 0x0000000100000000)
  region size 1024K, 3 young (3072K), 3 survivors (3072K)
 Metaspace       used 55913K, committed 56448K, reserved 1114112K
  class space    used 7559K, committed 7808K, reserved 1048576K
}
Event: 10.406 GC heap before
{Heap before GC invocations=13 (full 0):
 garbage-first heap   total 68608K, used 45333K [0x00000000a2200000, 0x0000000100000000)
  region size 1024K, 26 young (26624K), 3 survivors (3072K)
 Metaspace       used 59637K, committed 60096K, reserved 1114112K
  class space    used 8030K, committed 8256K, reserved 1048576K
}
Event: 10.410 GC heap after
{Heap after GC invocations=14 (full 0):
 garbage-first heap   total 68608K, used 24537K [0x00000000a2200000, 0x0000000100000000)
  region size 1024K, 4 young (4096K), 4 survivors (4096K)
 Metaspace       used 59637K, committed 60096K, reserved 1114112K
  class space    used 8030K, committed 8256K, reserved 1048576K
}
Event: 10.875 GC heap before
{Heap before GC invocations=15 (full 0):
 garbage-first heap   total 68608K, used 54233K [0x00000000a2200000, 0x0000000100000000)
  region size 1024K, 33 young (33792K), 4 survivors (4096K)
 Metaspace       used 62434K, committed 62912K, reserved 1114112K
  class space    used 8542K, committed 8768K, reserved 1048576K
}
Event: 10.880 GC heap after
{Heap after GC invocations=16 (full 0):
 garbage-first heap   total 68608K, used 26491K [0x00000000a2200000, 0x0000000100000000)
  region size 1024K, 4 young (4096K), 4 survivors (4096K)
 Metaspace       used 62434K, committed 62912K, reserved 1114112K
  class space    used 8542K, committed 8768K, reserved 1048576K
}
Event: 10.902 GC heap before
{Heap before GC invocations=16 (full 0):
 garbage-first heap   total 68608K, used 26491K [0x00000000a2200000, 0x0000000100000000)
  region size 1024K, 5 young (5120K), 4 survivors (4096K)
 Metaspace       used 62648K, committed 63168K, reserved 1114112K
  class space    used 8573K, committed 8832K, reserved 1048576K
}
Event: 10.905 GC heap after
{Heap after GC invocations=17 (full 0):
 garbage-first heap   total 68608K, used 26638K [0x00000000a2200000, 0x0000000100000000)
  region size 1024K, 1 young (1024K), 1 survivors (1024K)
 Metaspace       used 62648K, committed 63168K, reserved 1114112K
  class space    used 8573K, committed 8832K, reserved 1048576K
}
Event: 11.071 GC heap before
{Heap before GC invocations=17 (full 0):
 garbage-first heap   total 68608K, used 54286K [0x00000000a2200000, 0x0000000100000000)
  region size 1024K, 28 young (28672K), 1 survivors (1024K)
 Metaspace       used 63907K, committed 64448K, reserved 1114112K
  class space    used 8888K, committed 9152K, reserved 1048576K
}
Event: 11.074 GC heap after
{Heap after GC invocations=18 (full 0):
 garbage-first heap   total 68608K, used 28105K [0x00000000a2200000, 0x0000000100000000)
  region size 1024K, 3 young (3072K), 3 survivors (3072K)
 Metaspace       used 63907K, committed 64448K, reserved 1114112K
  class space    used 8888K, committed 9152K, reserved 1048576K
}
Event: 11.598 GC heap before
{Heap before GC invocations=18 (full 0):
 garbage-first heap   total 68608K, used 52681K [0x00000000a2200000, 0x0000000100000000)
  region size 1024K, 28 young (28672K), 3 survivors (3072K)
 Metaspace       used 67454K, committed 67904K, reserved 1114112K
  class space    used 9366K, committed 9600K, reserved 1048576K
}
Event: 11.601 GC heap after
{Heap after GC invocations=19 (full 0):
 garbage-first heap   total 97280K, used 29224K [0x00000000a2200000, 0x0000000100000000)
  region size 1024K, 2 young (2048K), 2 survivors (2048K)
 Metaspace       used 67454K, committed 67904K, reserved 1114112K
  class space    used 9366K, committed 9600K, reserved 1048576K
}
Event: 48.707 GC heap before
{Heap before GC invocations=19 (full 0):
 garbage-first heap   total 97280K, used 73256K [0x00000000a2200000, 0x0000000100000000)
  region size 1024K, 46 young (47104K), 2 survivors (2048K)
 Metaspace       used 75169K, committed 75776K, reserved 1179648K
  class space    used 10396K, committed 10688K, reserved 1048576K
}
Event: 48.720 GC heap after
{Heap after GC invocations=20 (full 0):
 garbage-first heap   total 97280K, used 34087K [0x00000000a2200000, 0x0000000100000000)
  region size 1024K, 6 young (6144K), 6 survivors (6144K)
 Metaspace       used 75169K, committed 75776K, reserved 1179648K
  class space    used 10396K, committed 10688K, reserved 1048576K
}

Dll operation events (13 events):
Event: 0.028 Loaded shared library C:\Users\samue\.jdks\corretto-17.0.9\bin\java.dll
Event: 0.046 Loaded shared library C:\Users\samue\.jdks\corretto-17.0.9\bin\jsvml.dll
Event: 0.133 Loaded shared library C:\Users\samue\.jdks\corretto-17.0.9\bin\zip.dll
Event: 0.136 Loaded shared library C:\Users\samue\.jdks\corretto-17.0.9\bin\instrument.dll
Event: 0.145 Loaded shared library C:\Users\samue\.jdks\corretto-17.0.9\bin\net.dll
Event: 0.147 Loaded shared library C:\Users\samue\.jdks\corretto-17.0.9\bin\nio.dll
Event: 0.150 Loaded shared library C:\Users\samue\.jdks\corretto-17.0.9\bin\zip.dll
Event: 0.262 Loaded shared library C:\Program Files\JetBrains\IntelliJ IDEA Community Edition 2021.2.2\bin\breakgen64.dll
Event: 0.325 Loaded shared library C:\Users\samue\.jdks\corretto-17.0.9\bin\jimage.dll
Event: 1.905 Loaded shared library C:\Users\samue\.jdks\corretto-17.0.9\bin\sunmscapi.dll
Event: 5.414 Loaded shared library C:\Users\samue\.jdks\corretto-17.0.9\bin\management.dll
Event: 5.421 Loaded shared library C:\Users\samue\.jdks\corretto-17.0.9\bin\management_ext.dll
Event: 6.476 Loaded shared library C:\Users\samue\.jdks\corretto-17.0.9\bin\verify.dll

Deoptimization events (20 events):
Event: 43505.561 Thread 0x000002f9eb765c90 Uncommon trap: trap_request=0xffffffbe fr.pc=0x000002f9d6ae00f8 relative=0x0000000000000538
Event: 43505.561 Thread 0x000002f9eb765c90 Uncommon trap: reason=profile_predicate action=maybe_recompile pc=0x000002f9d6ae00f8 method=com.sun.crypto.provider.HmacCore.engineInit(Ljava/security/Key;Ljava/security/spec/AlgorithmParameterSpec;)V @ 88 c2
Event: 43505.563 Thread 0x000002f9eb765c90 DEOPT PACKING pc=0x000002f9d6ae00f8 sp=0x000000f9f36fe070
Event: 43505.563 Thread 0x000002f9eb765c90 DEOPT UNPACKING pc=0x000002f9d62069a3 sp=0x000000f9f36fe020 mode 2
Event: 43505.563 Thread 0x000002f9eb765c90 Uncommon trap: trap_request=0xffffffbe fr.pc=0x000002f9d6ae00f8 relative=0x0000000000000538
Event: 43505.563 Thread 0x000002f9eb765c90 Uncommon trap: reason=profile_predicate action=maybe_recompile pc=0x000002f9d6ae00f8 method=com.sun.crypto.provider.HmacCore.engineInit(Ljava/security/Key;Ljava/security/spec/AlgorithmParameterSpec;)V @ 88 c2
Event: 43505.563 Thread 0x000002f9eb765c90 DEOPT PACKING pc=0x000002f9d6ae00f8 sp=0x000000f9f36fdfa0
Event: 43505.564 Thread 0x000002f9eb765c90 DEOPT UNPACKING pc=0x000002f9d62069a3 sp=0x000000f9f36fdf50 mode 2
Event: 43505.565 Thread 0x000002f9eb765c90 Uncommon trap: trap_request=0xffffffbe fr.pc=0x000002f9d6ae00f8 relative=0x0000000000000538
Event: 43505.565 Thread 0x000002f9eb765c90 Uncommon trap: reason=profile_predicate action=maybe_recompile pc=0x000002f9d6ae00f8 method=com.sun.crypto.provider.HmacCore.engineInit(Ljava/security/Key;Ljava/security/spec/AlgorithmParameterSpec;)V @ 88 c2
Event: 43505.565 Thread 0x000002f9eb765c90 DEOPT PACKING pc=0x000002f9d6ae00f8 sp=0x000000f9f36fe0e0
Event: 43505.565 Thread 0x000002f9eb765c90 DEOPT UNPACKING pc=0x000002f9d62069a3 sp=0x000000f9f36fe090 mode 2
Event: 43505.565 Thread 0x000002f9eb765c90 Uncommon trap: trap_request=0xffffffbe fr.pc=0x000002f9d6ae00f8 relative=0x0000000000000538
Event: 43505.565 Thread 0x000002f9eb765c90 Uncommon trap: reason=profile_predicate action=maybe_recompile pc=0x000002f9d6ae00f8 method=com.sun.crypto.provider.HmacCore.engineInit(Ljava/security/Key;Ljava/security/spec/AlgorithmParameterSpec;)V @ 88 c2
Event: 43505.565 Thread 0x000002f9eb765c90 DEOPT PACKING pc=0x000002f9d6ae00f8 sp=0x000000f9f36fe0c0
Event: 43505.565 Thread 0x000002f9eb765c90 DEOPT UNPACKING pc=0x000002f9d62069a3 sp=0x000000f9f36fe070 mode 2
Event: 43505.733 Thread 0x000002f9eb765c90 DEOPT PACKING pc=0x000002f9cf803933 sp=0x000000f9f36fdd50
Event: 43505.733 Thread 0x000002f9eb765c90 DEOPT UNPACKING pc=0x000002f9d6207143 sp=0x000000f9f36fd1c0 mode 0
Event: 43506.043 Thread 0x000002f9eb765c90 DEOPT PACKING pc=0x000002f9cf831948 sp=0x000000f9f36fddd0
Event: 43506.043 Thread 0x000002f9eb765c90 DEOPT UNPACKING pc=0x000002f9d6207143 sp=0x000000f9f36fd250 mode 0

Classes unloaded (0 events):
No events

Classes redefined (0 events):
No events

Internal exceptions (20 events):
Event: 11.583 Thread 0x000002f9c718a320 Exception <a 'java/lang/IncompatibleClassChangeError'{0x00000000a4c31820}: Found class java.lang.Object, but interface was expected> (0x00000000a4c31820) 
thrown [s\src\hotspot\share\interpreter\linkResolver.cpp, line 826]
Event: 11.753 Thread 0x000002f9c718a320 Exception <a 'java/lang/NoSuchMethodError'{0x00000000a7b57a88}: 'void java.lang.invoke.DirectMethodHandle$Holder.invokeVirtual(java.lang.Object, java.lang.Object, long)'> (0x00000000a7b57a88) 
thrown [s\src\hotspot\share\interpreter\linkResolver.cpp, line 759]
Event: 11.887 Thread 0x000002f9c718a320 Exception <a 'java/lang/IncompatibleClassChangeError'{0x00000000a7512778}: Found class java.lang.Object, but interface was expected> (0x00000000a7512778) 
thrown [s\src\hotspot\share\interpreter\linkResolver.cpp, line 826]
Event: 11.897 Thread 0x000002f9c718a320 Implicit null exception at 0x000002f9d688ca3a to 0x000002f9d688cc28
Event: 11.978 Thread 0x000002f9c718a320 Exception <a 'java/lang/NoSuchMethodError'{0x00000000a71909d8}: 'java.lang.Object java.lang.invoke.DirectMethodHandle$Holder.newInvokeSpecial(java.lang.Object, java.lang.Object, int, java.lang.Object, java.lang.Object)'> (0x00000000a71909d8) 
thrown [s\src\hotspot\share\interpreter\linkResolver.cpp, line 759]
Event: 11.979 Thread 0x000002f9c718a320 Exception <a 'java/lang/NoSuchMethodError'{0x00000000a719c050}: 'java.lang.Object java.lang.invoke.DirectMethodHandle$Holder.invokeSpecial(java.lang.Object, java.lang.Object, int, java.lang.Object, int, java.lang.Object)'> (0x00000000a719c050) 
thrown [s\src\hotspot\share\interpreter\linkResolver.cpp, line 759]
Event: 11.980 Thread 0x000002f9c718a320 Exception <a 'java/lang/NoSuchMethodError'{0x00000000a71a3e58}: 'java.lang.Object java.lang.invoke.DirectMethodHandle$Holder.newInvokeSpecial(java.lang.Object, java.lang.Object, int, java.lang.Object, int)'> (0x00000000a71a3e58) 
thrown [s\src\hotspot\share\interpreter\linkResolver.cpp, line 759]
Event: 11.980 Thread 0x000002f9c718a320 Exception <a 'java/lang/NoSuchMethodError'{0x00000000a71a7f58}: 'java.lang.Object java.lang.invoke.DirectMethodHandle$Holder.invokeSpecial(java.lang.Object, java.lang.Object, java.lang.Object, int, java.lang.Object, int)'> (0x00000000a71a7f58) 
thrown [s\src\hotspot\share\interpreter\linkResolver.cpp, line 759]
Event: 22.619 Thread 0x000002f9eb767af0 Exception <a 'java/lang/NoSuchMethodError'{0x00000000a6ce31b8}: 'java.lang.Object java.lang.invoke.DirectMethodHandle$Holder.invokeSpecial(java.lang.Object, java.lang.Object, java.lang.Object, java.lang.Object, java.lang.Object, long)'> (0x00000000a6ce31b8) 
thrown [s\src\hotspot\share\interpreter\linkResolver.cpp, line 759]
Event: 22.619 Thread 0x000002f9eb767af0 Exception <a 'java/lang/NoSuchMethodError'{0x00000000a6ce6bf8}: 'java.lang.Object java.lang.invoke.Invokers$Holder.linkToTargetMethod(java.lang.Object, java.lang.Object, java.lang.Object, long, java.lang.Object)'> (0x00000000a6ce6bf8) 
thrown [s\src\hotspot\share\interpreter\linkResolver.cpp, line 759]
Event: 38.678 Thread 0x000002f9eb765270 Exception <a 'java/lang/NoSuchMethodError'{0x00000000a5741180}: 'int java.lang.invoke.DirectMethodHandle$Holder.invokeStatic(java.lang.Object, java.lang.Object, int, int)'> (0x00000000a5741180) 
thrown [s\src\hotspot\share\interpreter\linkResolver.cpp, line 759]
Event: 48.600 Thread 0x000002f9eb768f30 Exception <a 'java/lang/NoSuchMethodError'{0x00000000a5653e70}: 'java.lang.Object java.lang.invoke.DirectMethodHandle$Holder.invokeStatic(java.lang.Object, int, int)'> (0x00000000a5653e70) 
thrown [s\src\hotspot\share\interpreter\linkResolver.cpp, line 759]
Event: 48.810 Thread 0x000002f9eb768f30 Exception <a 'java/lang/NoSuchMethodError'{0x00000000a7b2c808}: 'void java.lang.invoke.DirectMethodHandle$Holder.invokeSpecialIFC(java.lang.Object, java.lang.Object, int, java.lang.Object, java.lang.Object, java.lang.Object, java.lang.Object)'> (0x00000000a7b2c808) 
thrown [s\src\hotspot\share\interpreter\linkResolver.cpp, line 759]
Event: 48.973 Thread 0x000002f9eb766bc0 Exception <a 'java/lang/NoSuchMethodError'{0x00000000a7956a78}: 'java.lang.Object java.lang.invoke.DirectMethodHandle$Holder.invokeInterface(java.lang.Object, java.lang.Object, java.lang.Object, java.lang.Object)'> (0x00000000a7956a78) 
thrown [s\src\hotspot\share\interpreter\linkResolver.cpp, line 759]
Event: 48.992 Thread 0x000002f9eb766bc0 Exception <a 'java/lang/IncompatibleClassChangeError'{0x00000000a799ad00}: Found class java.lang.Object, but interface was expected> (0x00000000a799ad00) 
thrown [s\src\hotspot\share\interpreter\linkResolver.cpp, line 826]
Event: 13908.099 Thread 0x000002f9e93b8c50 Implicit null exception at 0x000002f9d6acf815 to 0x000002f9d6acfaa8
Event: 13908.160 Thread 0x000002f9e93b8c50 Implicit null exception at 0x000002f9d6acf815 to 0x000002f9d6acfaa8
Event: 13908.167 Thread 0x000002f9e93b8c50 Implicit null exception at 0x000002f9d6acf815 to 0x000002f9d6acfaa8
Event: 13908.179 Thread 0x000002f9e93b8c50 Implicit null exception at 0x000002f9d6acf815 to 0x000002f9d6acfaa8
Event: 13908.180 Thread 0x000002f9e93b8c50 Implicit null exception at 0x000002f9d6ad0113 to 0x000002f9d6ad039c

VM Operations (20 events):
Event: 13909.161 Executing VM operation: Cleanup
Event: 13909.161 Executing VM operation: Cleanup done
Event: 13916.227 Executing VM operation: Cleanup
Event: 13916.231 Executing VM operation: Cleanup done
Event: 43490.051 Executing VM operation: Cleanup
Event: 43490.051 Executing VM operation: Cleanup done
Event: 43498.108 Executing VM operation: Cleanup
Event: 43498.141 Executing VM operation: Cleanup done
Event: 43499.141 Executing VM operation: Cleanup
Event: 43499.171 Executing VM operation: Cleanup done
Event: 43501.186 Executing VM operation: Cleanup
Event: 43501.201 Executing VM operation: Cleanup done
Event: 43502.215 Executing VM operation: Cleanup
Event: 43502.215 Executing VM operation: Cleanup done
Event: 43503.229 Executing VM operation: Cleanup
Event: 43503.245 Executing VM operation: Cleanup done
Event: 43504.258 Executing VM operation: Cleanup
Event: 43504.258 Executing VM operation: Cleanup done
Event: 43505.259 Executing VM operation: Cleanup
Event: 43505.259 Executing VM operation: Cleanup done

Events (20 events):
Event: 1768.304 loading class sun/security/ssl/Alert$AlertConsumer
Event: 1768.351 loading class sun/security/ssl/Alert$AlertConsumer done
Event: 1768.363 loading class sun/security/ssl/Alert$Level
Event: 1768.375 loading class sun/security/ssl/Alert$Level done
Event: 1781.196 Thread 0x000002f9eb76ad90 Thread exited: 0x000002f9eb76ad90
Event: 1781.228 Thread 0x000002f9eb765c90 Thread exited: 0x000002f9eb765c90
Event: 1782.796 Thread 0x000002f9eb76ad90 Thread added: 0x000002f9eb76ad90
Event: 1782.797 Thread 0x000002f9eb76bcc0 Thread added: 0x000002f9eb76bcc0
Event: 1794.464 Thread 0x000002f9eb76ad90 Thread exited: 0x000002f9eb76ad90
Event: 1794.498 Thread 0x000002f9eb76bcc0 Thread exited: 0x000002f9eb76bcc0
Event: 1799.447 Thread 0x000002f9eb768a20 Thread added: 0x000002f9eb768a20
Event: 1799.447 Thread 0x000002f9eb76bcc0 Thread added: 0x000002f9eb76bcc0
Event: 1804.462 Thread 0x000002f9eb768a20 Thread exited: 0x000002f9eb768a20
Event: 1804.515 Thread 0x000002f9eb76bcc0 Thread exited: 0x000002f9eb76bcc0
Event: 1807.763 Thread 0x000002f9eb768a20 Thread added: 0x000002f9eb768a20
Event: 1807.763 Thread 0x000002f9eb76ad90 Thread added: 0x000002f9eb76ad90
Event: 1812.780 Thread 0x000002f9eb768a20 Thread exited: 0x000002f9eb768a20
Event: 1812.830 Thread 0x000002f9eb76ad90 Thread exited: 0x000002f9eb76ad90
Event: 43497.412 Thread 0x000002f9eb768a20 Thread added: 0x000002f9eb768a20
Event: 43497.431 Thread 0x000002f9eb765c90 Thread added: 0x000002f9eb765c90


Dynamic libraries:
0x00007ff7b00f0000 - 0x00007ff7b00fe000 	C:\Users\samue\.jdks\corretto-17.0.9\bin\java.exe
0x00007fff62b90000 - 0x00007fff62da7000 	C:\WINDOWS\SYSTEM32\ntdll.dll
0x00007fff61fe0000 - 0x00007fff620a4000 	C:\WINDOWS\System32\KERNEL32.DLL
0x00007fff603e0000 - 0x00007fff60786000 	C:\WINDOWS\System32\KERNELBASE.dll
0x00007fff60060000 - 0x00007fff60171000 	C:\WINDOWS\System32\ucrtbase.dll
0x00007fff55720000 - 0x00007fff55737000 	C:\Users\samue\.jdks\corretto-17.0.9\bin\jli.dll
0x00007fff59de0000 - 0x00007fff59dfb000 	C:\Users\samue\.jdks\corretto-17.0.9\bin\VCRUNTIME140.dll
0x00007fff624b0000 - 0x00007fff6265e000 	C:\WINDOWS\System32\USER32.dll
0x00007fff44830000 - 0x00007fff44ac3000 	C:\WINDOWS\WinSxS\amd64_microsoft.windows.common-controls_6595b64144ccf1df_6.0.22621.2506_none_270c5ae97388e100\COMCTL32.dll
0x00007fff620b0000 - 0x00007fff62157000 	C:\WINDOWS\System32\msvcrt.dll
0x00007fff60030000 - 0x00007fff60056000 	C:\WINDOWS\System32\win32u.dll
0x00007fff62970000 - 0x00007fff62999000 	C:\WINDOWS\System32\GDI32.dll
0x00007fff607c0000 - 0x00007fff608d8000 	C:\WINDOWS\System32\gdi32full.dll
0x00007fff5ff90000 - 0x00007fff6002a000 	C:\WINDOWS\System32\msvcp_win.dll
0x00007fff62180000 - 0x00007fff621b1000 	C:\WINDOWS\System32\IMM32.DLL
0x00007fff560d0000 - 0x00007fff560dc000 	C:\Users\samue\.jdks\corretto-17.0.9\bin\vcruntime140_1.dll
0x00007fff462c0000 - 0x00007fff4634d000 	C:\Users\samue\.jdks\corretto-17.0.9\bin\msvcp140.dll
0x00007ffee5030000 - 0x00007ffee5c91000 	C:\Users\samue\.jdks\corretto-17.0.9\bin\server\jvm.dll
0x00007fff608e0000 - 0x00007fff60993000 	C:\WINDOWS\System32\ADVAPI32.dll
0x00007fff62760000 - 0x00007fff62808000 	C:\WINDOWS\System32\sechost.dll
0x00007fff60790000 - 0x00007fff607b8000 	C:\WINDOWS\System32\bcrypt.dll
0x00007fff61d50000 - 0x00007fff61e67000 	C:\WINDOWS\System32\RPCRT4.dll
0x00007fff5fbf0000 - 0x00007fff5fc3d000 	C:\WINDOWS\SYSTEM32\POWRPROF.dll
0x00007fff46ce0000 - 0x00007fff46ce9000 	C:\WINDOWS\SYSTEM32\WSOCK32.dll
0x00007fff628f0000 - 0x00007fff62961000 	C:\WINDOWS\System32\WS2_32.dll
0x00007fff58950000 - 0x00007fff58984000 	C:\WINDOWS\SYSTEM32\WINMM.dll
0x00007fff554b0000 - 0x00007fff554ba000 	C:\WINDOWS\SYSTEM32\VERSION.dll
0x00007fff5fb20000 - 0x00007fff5fb33000 	C:\WINDOWS\SYSTEM32\UMPDC.dll
0x00007fff5eed0000 - 0x00007fff5eee8000 	C:\WINDOWS\SYSTEM32\kernel.appcore.dll
0x00007fff55a80000 - 0x00007fff55a8a000 	C:\Users\samue\.jdks\corretto-17.0.9\bin\jimage.dll
0x00007fff5d960000 - 0x00007fff5db93000 	C:\WINDOWS\SYSTEM32\DBGHELP.DLL
0x00007fff619c0000 - 0x00007fff61d49000 	C:\WINDOWS\System32\combase.dll
0x00007fff62810000 - 0x00007fff628e7000 	C:\WINDOWS\System32\OLEAUT32.dll
0x00007fff51e00000 - 0x00007fff51e32000 	C:\WINDOWS\SYSTEM32\dbgcore.DLL
0x00007fff60180000 - 0x00007fff601fa000 	C:\WINDOWS\System32\bcryptPrimitives.dll
0x00007fff55710000 - 0x00007fff5571e000 	C:\Users\samue\.jdks\corretto-17.0.9\bin\instrument.dll
0x00007fff509b0000 - 0x00007fff509d5000 	C:\Users\samue\.jdks\corretto-17.0.9\bin\java.dll
0x00007fff3f110000 - 0x00007fff3f1e7000 	C:\Users\samue\.jdks\corretto-17.0.9\bin\jsvml.dll
0x00007fff610d0000 - 0x00007fff6192a000 	C:\WINDOWS\System32\SHELL32.dll
0x00007fff5ddd0000 - 0x00007fff5e6c6000 	C:\WINDOWS\SYSTEM32\windows.storage.dll
0x00007fff5dc90000 - 0x00007fff5ddce000 	C:\WINDOWS\SYSTEM32\wintypes.dll
0x00007fff62660000 - 0x00007fff62753000 	C:\WINDOWS\System32\SHCORE.dll
0x00007fff60bf0000 - 0x00007fff60c4e000 	C:\WINDOWS\System32\shlwapi.dll
0x00007fff5fe00000 - 0x00007fff5fe26000 	C:\WINDOWS\SYSTEM32\profapi.dll
0x00007fff4bea0000 - 0x00007fff4beb8000 	C:\Users\samue\.jdks\corretto-17.0.9\bin\zip.dll
0x00007fff4f9e0000 - 0x00007fff4f9f9000 	C:\Users\samue\.jdks\corretto-17.0.9\bin\net.dll
0x00007fff59420000 - 0x00007fff59557000 	C:\WINDOWS\SYSTEM32\WINHTTP.dll
0x00007fff5f380000 - 0x00007fff5f3e9000 	C:\WINDOWS\system32\mswsock.dll
0x00007fff4bec0000 - 0x00007fff4bed6000 	C:\Users\samue\.jdks\corretto-17.0.9\bin\nio.dll
0x00007fff468d0000 - 0x00007fff468ea000 	C:\Program Files\JetBrains\IntelliJ IDEA Community Edition 2021.2.2\bin\breakgen64.dll
0x00007fff4ee70000 - 0x00007fff4ee7e000 	C:\Users\samue\.jdks\corretto-17.0.9\bin\sunmscapi.dll
0x00007fff60200000 - 0x00007fff60366000 	C:\WINDOWS\System32\CRYPT32.dll
0x00007fff5f800000 - 0x00007fff5f82e000 	C:\WINDOWS\SYSTEM32\ncrypt.dll
0x00007fff5f7c0000 - 0x00007fff5f7f7000 	C:\WINDOWS\SYSTEM32\NTASN1.dll
0x00007fff5f5d0000 - 0x00007fff5f5eb000 	C:\WINDOWS\SYSTEM32\CRYPTSP.dll
0x00007fff5ee30000 - 0x00007fff5ee65000 	C:\WINDOWS\system32\rsaenh.dll
0x00007fff5f470000 - 0x00007fff5f49c000 	C:\WINDOWS\SYSTEM32\USERENV.dll
0x00007fff5f5f0000 - 0x00007fff5f5fc000 	C:\WINDOWS\SYSTEM32\CRYPTBASE.dll
0x00007fff5e920000 - 0x00007fff5e94d000 	C:\WINDOWS\SYSTEM32\IPHLPAPI.DLL
0x00007fff61fd0000 - 0x00007fff61fd9000 	C:\WINDOWS\System32\NSI.dll
0x00007fff596a0000 - 0x00007fff596b9000 	C:\WINDOWS\SYSTEM32\dhcpcsvc6.DLL
0x00007fff58d20000 - 0x00007fff58d3f000 	C:\WINDOWS\SYSTEM32\dhcpcsvc.DLL
0x00007fff5e990000 - 0x00007fff5ea89000 	C:\WINDOWS\SYSTEM32\DNSAPI.dll
0x00007fff4bef0000 - 0x00007fff4bef9000 	C:\Users\samue\.jdks\corretto-17.0.9\bin\management.dll
0x00007fff4be90000 - 0x00007fff4be9b000 	C:\Users\samue\.jdks\corretto-17.0.9\bin\management_ext.dll
0x00007fff621c0000 - 0x00007fff621c8000 	C:\WINDOWS\System32\PSAPI.DLL
0x00007fff51c30000 - 0x00007fff51c40000 	C:\Users\samue\.jdks\corretto-17.0.9\bin\verify.dll
0x00007fff56320000 - 0x00007fff5632a000 	C:\Windows\System32\rasadhlp.dll
0x00007fff57df0000 - 0x00007fff57e73000 	C:\WINDOWS\System32\fwpuclnt.dll
0x00007fff4be80000 - 0x00007fff4be88000 	C:\WINDOWS\system32\wshunix.dll

dbghelp: loaded successfully - version: 4.0.5 - missing functions: none
symbol engine: initialized successfully - sym options: 0x614 - pdb path: .;C:\Users\samue\.jdks\corretto-17.0.9\bin;C:\WINDOWS\SYSTEM32;C:\WINDOWS\WinSxS\amd64_microsoft.windows.common-controls_6595b64144ccf1df_6.0.22621.2506_none_270c5ae97388e100;C:\Users\samue\.jdks\corretto-17.0.9\bin\server;C:\Program Files\JetBrains\IntelliJ IDEA Community Edition 2021.2.2\bin

VM Arguments:
jvm_args: -javaagent:C:\Program Files\JetBrains\IntelliJ IDEA Community Edition 2021.2.2\lib\idea_rt.jar=58008:C:\Program Files\JetBrains\IntelliJ IDEA Community Edition 2021.2.2\bin -Dfile.encoding=UTF-8 
java_command: com.example.demo.ScraperApplication
java_class_path (initial): C:\Users\samue\OneDrive\Bureau\Skripts\Angewandet Informatiks\Semester 5\Cloud Engineering\demo (3)\demo\target\classes;C:\Users\samue\.m2\repository\org\springframework\boot\spring-boot-starter-thymeleaf\3.2.1\spring-boot-starter-thymeleaf-3.2.1.jar;C:\Users\samue\.m2\repository\org\springframework\boot\spring-boot-starter\3.2.1\spring-boot-starter-3.2.1.jar;C:\Users\samue\.m2\repository\org\springframework\boot\spring-boot\3.2.1\spring-boot-3.2.1.jar;C:\Users\samue\.m2\repository\org\springframework\boot\spring-boot-autoconfigure\3.2.1\spring-boot-autoconfigure-3.2.1.jar;C:\Users\samue\.m2\repository\jakarta\annotation\jakarta.annotation-api\2.1.1\jakarta.annotation-api-2.1.1.jar;C:\Users\samue\.m2\repository\org\yaml\snakeyaml\2.2\snakeyaml-2.2.jar;C:\Users\samue\.m2\repository\org\thymeleaf\thymeleaf-spring6\3.1.2.RELEASE\thymeleaf-spring6-3.1.2.RELEASE.jar;C:\Users\samue\.m2\repository\org\thymeleaf\thymeleaf\3.1.2.RELEASE\thymeleaf-3.1.2.RELEASE.jar;C:\Users\samue\.m2\repository\org\attoparser\attoparser\2.0.7.RELEASE\attoparser-2.0.7.RELEASE.jar;C:\Users\samue\.m2\repository\org\unbescape\unbescape\1.1.6.RELEASE\unbescape-1.1.6.RELEASE.jar;C:\Users\samue\.m2\repository\com\mysql\mysql-connector-j\8.0.33\mysql-connector-j-8.0.33.jar;C:\Users\samue\.m2\repository\org\springframework\boot\spring-boot-starter-web\3.2.1\spring-boot-starter-web-3.2.1.jar;C:\Users\samue\.m2\repository\org\springframework\boot\spring-boot-starter-json\3.2.1\spring-boot-starter-json-3.2.1.jar;C:\Users\samue\.m2\repository\com\fasterxml\jackson\datatype\jackson-datatype-jdk8\2.15.3\jackson-datatype-jdk8-2.15.3.jar;C:\Users\samue\.m2\repository\com\fasterxml\jackson\datatype\jackson-datatype-jsr310\2.15.3\jackson-datatype-jsr310-2.15.3.jar;C:\Users\samue\.m2\repository\com\fasterxml\jackson\module\jackson-module-parameter-names\2.15.3\jackson-module-parameter-names-2.15.3.jar;C:\Users\samue\.m2\repository\org\springframework\boot\spring-boot-starter-tomcat\3
Launcher Type: SUN_STANDARD

[Global flags]
     intx CICompilerCount                          = 4                                         {product} {ergonomic}
     uint ConcGCThreads                            = 3                                         {product} {ergonomic}
     uint G1ConcRefinementThreads                  = 10                                        {product} {ergonomic}
   size_t G1HeapRegionSize                         = 1048576                                   {product} {ergonomic}
    uintx GCDrainStackTargetSize                   = 64                                        {product} {ergonomic}
   size_t InitialHeapSize                          = 98566144                                  {product} {ergonomic}
   size_t MarkStackSize                            = 4194304                                   {product} {ergonomic}
   size_t MaxHeapSize                              = 1574961152                                {product} {ergonomic}
   size_t MaxNewSize                               = 944766976                                 {product} {ergonomic}
   size_t MinHeapDeltaBytes                        = 1048576                                   {product} {ergonomic}
   size_t MinHeapSize                              = 8388608                                   {product} {ergonomic}
    uintx NonNMethodCodeHeapSize                   = 5839372                                {pd product} {ergonomic}
    uintx NonProfiledCodeHeapSize                  = 122909434                              {pd product} {ergonomic}
    uintx ProfiledCodeHeapSize                     = 122909434                              {pd product} {ergonomic}
    uintx ReservedCodeCacheSize                    = 251658240                              {pd product} {ergonomic}
     bool SegmentedCodeCache                       = true                                      {product} {ergonomic}
   size_t SoftMaxHeapSize                          = 1574961152                             {manageable} {ergonomic}
     bool UseCompressedClassPointers               = true                           {product lp64_product} {ergonomic}
     bool UseCompressedOops                        = true                           {product lp64_product} {ergonomic}
     bool UseG1GC                                  = true                                      {product} {ergonomic}
     bool UseLargePagesIndividualAllocation        = false                                  {pd product} {ergonomic}

Logging:
Log output configuration:
 #0: stdout all=warning uptime,level,tags
 #1: stderr all=off uptime,level,tags

Environment Variables:
JAVA_HOME=C:\Program Files\Java\jdk-17
PATH=C:\Program Files\Eclipse Adoptium\jdk-17.0.9.9-hotspot\bin;C:\Program Files\Common Files\Oracle\Java\javapath;C:\Program Files (x86)\Common Files\Oracle\Java\javapath;C:\WINDOWS\system32;C:\WINDOWS;C:\WINDOWS\System32\Wbem;C:\WINDOWS\System32\WindowsPowerShell\v1.0\;C:\WINDOWS\System32\OpenSSH\;C:\Program Files\Git\cmd;C:\Program Files\dotnet\;C:\Program Files\apache-maven-3.8.8\bin;C:\Program Files\Docker\Docker\resources\bin;C:\Program Files\PuTTY\;C:\Program Files\Java\jdk-17\bin;C:\Users\samue\AppData\Local\Programs\Python\Python38\Scripts\;C:\Users\samue\AppData\Local\Programs\Python\Python38\;C:\Program Files\MySQL\MySQL Shell 8.0\bin\;C:\Users\samue\AppData\Local\Microsoft\WindowsApps;C:\Program Files\JetBrains\IntelliJ IDEA Community Edition 2021.2.2\bin;;C:\Users\samue\AppData\Local\Programs\Microsoft VS Code\bin;C:\Program Files\CodeBlocks\MinGW\bin;C:\MinGW\bin;C:\Program Files\javafx-sdk-17.0.0.1\lib;C:\Users\samue\AppData\Local\GitHubDesktop\bin;C:\Users\samue\AppData\Local\Google\Cloud SDK\google-cloud-sdk\bin;C:\Program Files\Java\jdk-17\bin;
USERNAME=samue
OS=Windows_NT
PROCESSOR_IDENTIFIER=AMD64 Family 23 Model 104 Stepping 1, AuthenticAMD
TMP=C:\Users\samue\AppData\Local\Temp
TEMP=C:\Users\samue\AppData\Local\Temp



Periodic native trim disabled


---------------  S Y S T E M  ---------------

OS:
 Windows 11 , 64 bit Build 22621 (10.0.22621.2506)
OS uptime: 7 days 2:34 hours
Hyper-V role detected

CPU: total 12 (initial active 12) (12 cores per cpu, 2 threads per core) family 23 model 104 stepping 1 microcode 0x0, cx8, cmov, fxsr, ht, mmx, 3dnowpref, sse, sse2, sse3, ssse3, sse4a, sse4.1, sse4.2, popcnt, lzcnt, tsc, tscinvbit, avx, avx2, aes, clmul, bmi1, bmi2, adx, sha, fma, vzeroupper, clflush, clflushopt, hv
Processor Information for all 12 processors :
  Max Mhz: 2100, Current Mhz: 2100, Mhz Limit: 2100

Memory: 4k page, system-wide physical 6005M (18M free)
TotalPageFile size 24437M (AvailPageFile size 12M)
current process WorkingSet (physical memory assigned to process): 61M, peak: 277M
current process commit charge ("private bytes"): 322M, peak: 333M

vm_info: OpenJDK 64-Bit Server VM (17.0.9+8-LTS) for windows-amd64 JRE (17.0.9+8-LTS), built on Oct 12 2023 16:15:33 by "Administrator" with MS VC++ 16.10 / 16.11 (VS2019)

END.
