#
# There is insufficient memory for the Java Runtime Environment to continue.
# Native memory allocation (malloc) failed to allocate 2097152 bytes for AllocateHeap
# Possible reasons:
#   The system is out of physical RAM or swap space
#   The process is running with CompressedOops enabled, and the Java Heap may be blocking the growth of the native heap
# Possible solutions:
#   Reduce memory load on the system
#   Increase physical memory or swap space
#   Check if swap backing store is full
#   Decrease Java heap size (-Xmx/-Xms)
#   Decrease number of Java threads
#   Decrease Java thread stack sizes (-Xss)
#   Set larger code cache with -XX:ReservedCodeCacheSize=
#   JVM is running with Unscaled Compressed Oops mode in which the Java heap is
#     placed in the first 4GB address space. The Java Heap base address is the
#     maximum limit for the native heap growth. Please use -XX:HeapBaseMinAddress
#     to set the Java Heap base and to place the Java Heap above 4GB virtual address.
# This output file may be truncated or incomplete.
#
#  Out of Memory Error (allocation.cpp:44), pid=28304, tid=14800
#
# JRE version: OpenJDK Runtime Environment Temurin-17.0.10+7 (17.0.10+7) (build 17.0.10+7)
# Java VM: OpenJDK 64-Bit Server VM Temurin-17.0.10+7 (17.0.10+7, mixed mode, emulated-client, tiered, compressed oops, compressed class ptrs, g1 gc, windows-amd64)
# No core dump will be written. Minidumps are not enabled by default on client versions of Windows
#

---------------  S U M M A R Y ------------

Command Line: -XX:+HeapDumpOnOutOfMemoryError -Xmx1024m -Dsts.lsp.client=vscode -Dsts.log.file=/dev/null -XX:TieredStopAtLevel=1 -Xlog:jni+resolve=off -Dspring.config.location=file:c:\Users\samue\.vscode\extensions\vmware.vscode-spring-boot-1.52.0\language-server\BOOT-INF\classes\application.properties org.springframework.ide.vscode.boot.app.BootLanguageServerBootApp

Host: AMD Ryzen 5 5500U with Radeon Graphics         , 12 cores, 5G,  Windows 11 , 64 bit Build 22621 (10.0.22621.2506)
Time: Tue Feb 27 20:45:09 2024 Mitteleuropäische Zeit elapsed time: 6833.703673 seconds (0d 1h 53m 53s)

---------------  T H R E A D  ---------------

Current thread (0x000002bdfe6f33b0):  VMThread "VM Thread" [stack: 0x000000d85c000000,0x000000d85c100000] [id=14800]

Stack: [0x000000d85c000000,0x000000d85c100000]
Native frames: (J=compiled Java code, j=interpreted, Vv=VM code, C=native code)
V  [jvm.dll+0x67d2c9]
V  [jvm.dll+0x834afa]
V  [jvm.dll+0x8365be]
V  [jvm.dll+0x836c23]
V  [jvm.dll+0x2477ff]
V  [jvm.dll+0xa6c93]
V  [jvm.dll+0x2f86f1]
V  [jvm.dll+0x2f42e0]
V  [jvm.dll+0x2dc8c7]
V  [jvm.dll+0x31fb87]
V  [jvm.dll+0x83b11b]
V  [jvm.dll+0x83be61]
V  [jvm.dll+0x83c37d]
V  [jvm.dll+0x83c754]
V  [jvm.dll+0x83c820]
V  [jvm.dll+0x7e3fba]
V  [jvm.dll+0x67c1b5]
C  [ucrtbase.dll+0x29363]
C  [KERNEL32.DLL+0x1257d]
C  [ntdll.dll+0x5aa58]

VM_Operation (0x000000d85d8fef50): G1CollectFull, mode: safepoint, requested by thread 0x000002bd84b6a870


---------------  P R O C E S S  ---------------

Threads class SMR info:
_java_thread_list=0x000002bd8470fca0, length=23, elements={
0x000002bdfe709380, 0x000002bdfe70a110, 0x000002bdfea77130, 0x000002bdfea79b10,
0x000002bdfea7a3e0, 0x000002bdfea7acb0, 0x000002bdfea7f5a0, 0x000002bdfea81ec0,
0x000002bdfec84b40, 0x000002bdfec99010, 0x000002bd8481a500, 0x000002bd84b6a870,
0x000002bd84ab27e0, 0x000002bdf155e270, 0x000002bd84c06050, 0x000002bd84c48fb0,
0x000002bd84c49490, 0x000002bd84b076b0, 0x000002bd84b05340, 0x000002bd84b05850,
0x000002bd84b07bc0, 0x000002bd84b05d60, 0x000002bd84b04920
}

Java Threads: ( => current thread )
  0x000002bdfe709380 JavaThread "Reference Handler" daemon [_thread_blocked, id=12772, stack(0x000000d85c100000,0x000000d85c200000)]
  0x000002bdfe70a110 JavaThread "Finalizer" daemon [_thread_blocked, id=20832, stack(0x000000d85c200000,0x000000d85c300000)]
  0x000002bdfea77130 JavaThread "Signal Dispatcher" daemon [_thread_blocked, id=20308, stack(0x000000d85c300000,0x000000d85c400000)]
  0x000002bdfea79b10 JavaThread "Attach Listener" daemon [_thread_blocked, id=18148, stack(0x000000d85c400000,0x000000d85c500000)]
  0x000002bdfea7a3e0 JavaThread "Service Thread" daemon [_thread_blocked, id=3016, stack(0x000000d85c500000,0x000000d85c600000)]
  0x000002bdfea7acb0 JavaThread "Monitor Deflation Thread" daemon [_thread_blocked, id=18412, stack(0x000000d85c600000,0x000000d85c700000)]
  0x000002bdfea7f5a0 JavaThread "C1 CompilerThread0" daemon [_thread_blocked, id=6240, stack(0x000000d85c700000,0x000000d85c800000)]
  0x000002bdfea81ec0 JavaThread "Sweeper thread" daemon [_thread_blocked, id=17204, stack(0x000000d85c800000,0x000000d85c900000)]
  0x000002bdfec84b40 JavaThread "Notification Thread" daemon [_thread_blocked, id=26036, stack(0x000000d85c900000,0x000000d85ca00000)]
  0x000002bdfec99010 JavaThread "Common-Cleaner" daemon [_thread_blocked, id=21752, stack(0x000000d85cb00000,0x000000d85cc00000)]
  0x000002bd8481a500 JavaThread "boundedElastic-evictor-1" daemon [_thread_blocked, id=4084, stack(0x000000d85d400000,0x000000d85d500000)]
  0x000002bd84b6a870 JavaThread "pool-12-thread-1" [_thread_blocked, id=15636, stack(0x000000d85d800000,0x000000d85d900000)]
  0x000002bd84ab27e0 JavaThread "LanguageServerApp-lifecycle" [_thread_blocked, id=19640, stack(0x000000d85d900000,0x000000d85da00000)]
  0x000002bdf155e270 JavaThread "DestroyJavaVM" [_thread_blocked, id=27556, stack(0x000000d85ba00000,0x000000d85bb00000)]
  0x000002bd84c06050 JavaThread "pool-13-thread-1" [_thread_in_native, id=23268, stack(0x000000d85da00000,0x000000d85db00000)]
  0x000002bd84c48fb0 JavaThread "Simple-Language-Server main thread" daemon [_thread_blocked, id=19284, stack(0x000000d85db00000,0x000000d85dc00000)]
  0x000002bd84c49490 JavaThread "pool-8-thread-1" [_thread_blocked, id=17284, stack(0x000000d85dc00000,0x000000d85dd00000)]
  0x000002bd84b076b0 JavaThread "parallel-1" daemon [_thread_blocked, id=27220, stack(0x000000d85dd00000,0x000000d85de00000)]
  0x000002bd84b05340 JavaThread "parallel-2" daemon [_thread_blocked, id=19916, stack(0x000000d85de00000,0x000000d85df00000)]
  0x000002bd84b05850 JavaThread "pool-6-thread-1" [_thread_blocked, id=25888, stack(0x000000d85df00000,0x000000d85e000000)]
  0x000002bd84b07bc0 JavaThread "parallel-3" daemon [_thread_blocked, id=1468, stack(0x000000d85e000000,0x000000d85e100000)]
  0x000002bd84b05d60 JavaThread "parallel-4" daemon [_thread_blocked, id=24004, stack(0x000000d85e100000,0x000000d85e200000)]
  0x000002bd84b04920 JavaThread "Reconciler-1" daemon [_thread_blocked, id=28904, stack(0x000000d85e200000,0x000000d85e300000)]

Other Threads:
=>0x000002bdfe6f33b0 VMThread "VM Thread" [stack: 0x000000d85c000000,0x000000d85c100000] [id=14800]
  0x000002bdfec85020 WatcherThread [stack: 0x000000d85ca00000,0x000000d85cb00000] [id=27276]
  0x000002bdf37b7ed0 GCTaskThread "GC Thread#0" [stack: 0x000000d85bb00000,0x000000d85bc00000] [id=23384]
  0x000002bd840c7ee0 GCTaskThread "GC Thread#1" [stack: 0x000000d85cc00000,0x000000d85cd00000] [id=28368]
  0x000002bd841101e0 GCTaskThread "GC Thread#2" [stack: 0x000000d85cd00000,0x000000d85ce00000] [id=29548]
  0x000002bd841104a0 GCTaskThread "GC Thread#3" [stack: 0x000000d85ce00000,0x000000d85cf00000] [id=29536]
  0x000002bd8429c2e0 GCTaskThread "GC Thread#4" [stack: 0x000000d85cf00000,0x000000d85d000000] [id=24788]
  0x000002bd8429c5a0 GCTaskThread "GC Thread#5" [stack: 0x000000d85d000000,0x000000d85d100000] [id=18604]
  0x000002bdff60a790 GCTaskThread "GC Thread#6" [stack: 0x000000d85d100000,0x000000d85d200000] [id=24500]
  0x000002bdff74a470 GCTaskThread "GC Thread#7" [stack: 0x000000d85d200000,0x000000d85d300000] [id=15744]
  0x000002bdff74a940 GCTaskThread "GC Thread#8" [stack: 0x000000d85d300000,0x000000d85d400000] [id=20700]
  0x000002bd84050780 GCTaskThread "GC Thread#9" [stack: 0x000000d85d500000,0x000000d85d600000] [id=28064]
  0x000002bdf37c0d30 ConcurrentGCThread "G1 Main Marker" [stack: 0x000000d85bc00000,0x000000d85bd00000] [id=7648]
  0x000002bdf37c1660 ConcurrentGCThread "G1 Conc#0" [stack: 0x000000d85bd00000,0x000000d85be00000] [id=9696]
  0x000002bd843d44b0 ConcurrentGCThread "G1 Conc#1" [stack: 0x000000d85d600000,0x000000d85d700000] [id=16276]
  0x000002bd8441a040 ConcurrentGCThread "G1 Conc#2" [stack: 0x000000d85d700000,0x000000d85d800000] [id=17684]
  0x000002bdf381d170 ConcurrentGCThread "G1 Refine#0" [stack: 0x000000d85be00000,0x000000d85bf00000] [id=6608]
  0x000002bdf381e860 ConcurrentGCThread "G1 Service" [stack: 0x000000d85bf00000,0x000000d85c000000] [id=11080]

Threads with active compile tasks:

VM state: at safepoint (normal execution)

VM Mutex/Monitor currently owned by a thread:  ([mutex/lock_event])
[0x000002bdf14a6440] Threads_lock - owner thread: 0x000002bdfe6f33b0
[0x000002bdf14a0e70] Heap_lock - owner thread: 0x000002bd84b6a870

Heap address: 0x00000000c0000000, size: 1024 MB, Compressed Oops mode: 32-bit

CDS archive(s) not mapped
Compressed class space mapped at: 0x0000000100000000-0x0000000140000000, reserved size: 1073741824
Narrow klass base: 0x0000000000000000, Narrow klass shift: 3, Narrow klass range: 0x140000000

GC Precious Log:
 CPUs: 12 total, 12 available
 Memory: 6005M
 Large Page Support: Disabled
 NUMA Support: Disabled
 Compressed Oops: Enabled (32-bit)
 Heap Region Size: 1M
 Heap Min Capacity: 8M
 Heap Initial Capacity: 94M
 Heap Max Capacity: 1G
 Pre-touch: Disabled
 Parallel Workers: 10
 Concurrent Workers: 3
 Concurrent Refinement Workers: 10
 Periodic GC: Disabled

Heap:
 garbage-first heap   total 81920K, used 24131K [0x00000000c0000000, 0x0000000100000000)
  region size 1024K, 1 young (1024K), 0 survivors (0K)
 Metaspace       used 38734K, committed 39296K, reserved 1114112K
  class space    used 5090K, committed 5312K, reserved 1048576K

Heap Regions: E=young(eden), S=young(survivor), O=old, HS=humongous(starts), HC=humongous(continues), CS=collection set, F=free, OA=open archive, CA=closed archive, TAMS=top-at-mark-start (previous, next)
|   0|0x00000000c0000000, 0x00000000c0100000, 0x00000000c0100000|100%|HS|  |TAMS 0x00000000c0100000, 0x00000000c0000000| Untracked 
|   1|0x00000000c0100000, 0x00000000c0200000, 0x00000000c0200000|100%|HC|  |TAMS 0x00000000c0200000, 0x00000000c0100000| Untracked 
|   2|0x00000000c0200000, 0x00000000c0300000, 0x00000000c0300000|100%|HC|  |TAMS 0x00000000c0300000, 0x00000000c0200000| Untracked 
|   3|0x00000000c0300000, 0x00000000c0400000, 0x00000000c0400000|100%|HC|  |TAMS 0x00000000c0400000, 0x00000000c0300000| Untracked 
|   4|0x00000000c0400000, 0x00000000c0500000, 0x00000000c0500000|100%|HS|  |TAMS 0x00000000c0500000, 0x00000000c0400000| Untracked 
|   5|0x00000000c0500000, 0x00000000c0600000, 0x00000000c0600000|100%|HC|  |TAMS 0x00000000c0600000, 0x00000000c0500000| Untracked 
|   6|0x00000000c0600000, 0x00000000c0700000, 0x00000000c0700000|100%| O|  |TAMS 0x00000000c0700000, 0x00000000c0600000| Untracked 
|   7|0x00000000c0700000, 0x00000000c07f83b0, 0x00000000c0800000| 96%| O|  |TAMS 0x00000000c07f83b0, 0x00000000c0700000| Untracked 
|   8|0x00000000c0800000, 0x00000000c08fe940, 0x00000000c0900000| 99%| O|  |TAMS 0x00000000c08fe940, 0x00000000c0800000| Untracked 
|   9|0x00000000c0900000, 0x00000000c0a00000, 0x00000000c0a00000|100%| O|  |TAMS 0x00000000c0a00000, 0x00000000c0900000| Untracked 
|  10|0x00000000c0a00000, 0x00000000c0b00000, 0x00000000c0b00000|100%| O|  |TAMS 0x00000000c0b00000, 0x00000000c0a00000| Untracked 
|  11|0x00000000c0b00000, 0x00000000c0c00000, 0x00000000c0c00000|100%| O|  |TAMS 0x00000000c0c00000, 0x00000000c0b00000| Untracked 
|  12|0x00000000c0c00000, 0x00000000c0cffff8, 0x00000000c0d00000| 99%| O|  |TAMS 0x00000000c0cffff8, 0x00000000c0c00000| Untracked 
|  13|0x00000000c0d00000, 0x00000000c0e00000, 0x00000000c0e00000|100%| O|  |TAMS 0x00000000c0e00000, 0x00000000c0d00000| Untracked 
|  14|0x00000000c0e00000, 0x00000000c0f00000, 0x00000000c0f00000|100%| O|  |TAMS 0x00000000c0f00000, 0x00000000c0e00000| Untracked 
|  15|0x00000000c0f00000, 0x00000000c0ffffe0, 0x00000000c1000000| 99%| O|  |TAMS 0x00000000c0ffffe0, 0x00000000c0f00000| Untracked 
|  16|0x00000000c1000000, 0x00000000c10fff00, 0x00000000c1100000| 99%| O|  |TAMS 0x00000000c10fff00, 0x00000000c1000000| Untracked 
|  17|0x00000000c1100000, 0x00000000c11ffff8, 0x00000000c1200000| 99%| O|  |TAMS 0x00000000c11ffff8, 0x00000000c1100000| Untracked 
|  18|0x00000000c1200000, 0x00000000c12fffb0, 0x00000000c1300000| 99%| O|  |TAMS 0x00000000c12fffb0, 0x00000000c1200000| Untracked 
|  19|0x00000000c1300000, 0x00000000c13fffd8, 0x00000000c1400000| 99%| O|  |TAMS 0x00000000c13fffd8, 0x00000000c1300000| Untracked 
|  20|0x00000000c1400000, 0x00000000c14ffff8, 0x00000000c1500000| 99%| O|  |TAMS 0x00000000c14ffff8, 0x00000000c1400000| Untracked 
|  21|0x00000000c1500000, 0x00000000c15fffc8, 0x00000000c1600000| 99%| O|  |TAMS 0x00000000c15fffc8, 0x00000000c1500000| Untracked 
|  22|0x00000000c1600000, 0x00000000c1700000, 0x00000000c1700000|100%| O|  |TAMS 0x00000000c1700000, 0x00000000c1600000| Untracked 
|  23|0x00000000c1700000, 0x00000000c179a3e0, 0x00000000c1800000| 60%| O|  |TAMS 0x00000000c1700000, 0x00000000c1700000| Untracked 
|  24|0x00000000c1800000, 0x00000000c1800068, 0x00000000c1900000|  0%| O|  |TAMS 0x00000000c1800000, 0x00000000c1800000| Untracked 
|  25|0x00000000c1900000, 0x00000000c1900000, 0x00000000c1a00000|  0%| F|  |TAMS 0x00000000c1900000, 0x00000000c1900000| Untracked 
|  26|0x00000000c1a00000, 0x00000000c1a00000, 0x00000000c1b00000|  0%| F|  |TAMS 0x00000000c1a00000, 0x00000000c1a00000| Untracked 
|  27|0x00000000c1b00000, 0x00000000c1b00000, 0x00000000c1c00000|  0%| F|  |TAMS 0x00000000c1b00000, 0x00000000c1b00000| Untracked 
|  28|0x00000000c1c00000, 0x00000000c1c00000, 0x00000000c1d00000|  0%| F|  |TAMS 0x00000000c1c00000, 0x00000000c1c00000| Untracked 
|  29|0x00000000c1d00000, 0x00000000c1d00000, 0x00000000c1e00000|  0%| F|  |TAMS 0x00000000c1d00000, 0x00000000c1d00000| Untracked 
|  30|0x00000000c1e00000, 0x00000000c1e00000, 0x00000000c1f00000|  0%| F|  |TAMS 0x00000000c1e00000, 0x00000000c1e00000| Untracked 
|  31|0x00000000c1f00000, 0x00000000c1f00000, 0x00000000c2000000|  0%| F|  |TAMS 0x00000000c1f00000, 0x00000000c1f00000| Untracked 
|  32|0x00000000c2000000, 0x00000000c2000000, 0x00000000c2100000|  0%| F|  |TAMS 0x00000000c2000000, 0x00000000c2000000| Untracked 
|  33|0x00000000c2100000, 0x00000000c2100000, 0x00000000c2200000|  0%| F|  |TAMS 0x00000000c2100000, 0x00000000c2100000| Untracked 
|  34|0x00000000c2200000, 0x00000000c2200000, 0x00000000c2300000|  0%| F|  |TAMS 0x00000000c2200000, 0x00000000c2200000| Untracked 
|  35|0x00000000c2300000, 0x00000000c2300000, 0x00000000c2400000|  0%| F|  |TAMS 0x00000000c2300000, 0x00000000c2300000| Untracked 
|  36|0x00000000c2400000, 0x00000000c2400000, 0x00000000c2500000|  0%| F|  |TAMS 0x00000000c2400000, 0x00000000c2400000| Untracked 
|  37|0x00000000c2500000, 0x00000000c2500000, 0x00000000c2600000|  0%| F|  |TAMS 0x00000000c2500000, 0x00000000c2500000| Untracked 
|  38|0x00000000c2600000, 0x00000000c2600000, 0x00000000c2700000|  0%| F|  |TAMS 0x00000000c2600000, 0x00000000c2600000| Untracked 
|  39|0x00000000c2700000, 0x00000000c2700000, 0x00000000c2800000|  0%| F|  |TAMS 0x00000000c2700000, 0x00000000c2700000| Untracked 
|  40|0x00000000c2800000, 0x00000000c2800000, 0x00000000c2900000|  0%| F|  |TAMS 0x00000000c2800000, 0x00000000c2800000| Untracked 
|  41|0x00000000c2900000, 0x00000000c2900000, 0x00000000c2a00000|  0%| F|  |TAMS 0x00000000c2900000, 0x00000000c2900000| Untracked 
|  42|0x00000000c2a00000, 0x00000000c2a00000, 0x00000000c2b00000|  0%| F|  |TAMS 0x00000000c2a00000, 0x00000000c2a00000| Untracked 
|  43|0x00000000c2b00000, 0x00000000c2b00000, 0x00000000c2c00000|  0%| F|  |TAMS 0x00000000c2b00000, 0x00000000c2b00000| Untracked 
|  44|0x00000000c2c00000, 0x00000000c2c00000, 0x00000000c2d00000|  0%| F|  |TAMS 0x00000000c2c00000, 0x00000000c2c00000| Untracked 
|  45|0x00000000c2d00000, 0x00000000c2d00000, 0x00000000c2e00000|  0%| F|  |TAMS 0x00000000c2d00000, 0x00000000c2d00000| Untracked 
|  46|0x00000000c2e00000, 0x00000000c2e00000, 0x00000000c2f00000|  0%| F|  |TAMS 0x00000000c2e00000, 0x00000000c2e00000| Untracked 
|  47|0x00000000c2f00000, 0x00000000c2f00000, 0x00000000c3000000|  0%| F|  |TAMS 0x00000000c2f00000, 0x00000000c2f00000| Untracked 
|  48|0x00000000c3000000, 0x00000000c3000000, 0x00000000c3100000|  0%| F|  |TAMS 0x00000000c3000000, 0x00000000c3000000| Untracked 
|  49|0x00000000c3100000, 0x00000000c3100000, 0x00000000c3200000|  0%| F|  |TAMS 0x00000000c3100000, 0x00000000c3100000| Untracked 
|  50|0x00000000c3200000, 0x00000000c3200000, 0x00000000c3300000|  0%| F|  |TAMS 0x00000000c3200000, 0x00000000c3200000| Untracked 
|  51|0x00000000c3300000, 0x00000000c3300000, 0x00000000c3400000|  0%| F|  |TAMS 0x00000000c3300000, 0x00000000c3300000| Untracked 
|  52|0x00000000c3400000, 0x00000000c3400000, 0x00000000c3500000|  0%| F|  |TAMS 0x00000000c3400000, 0x00000000c3400000| Untracked 
|  53|0x00000000c3500000, 0x00000000c3500000, 0x00000000c3600000|  0%| F|  |TAMS 0x00000000c3500000, 0x00000000c3500000| Untracked 
|  54|0x00000000c3600000, 0x00000000c3600000, 0x00000000c3700000|  0%| F|  |TAMS 0x00000000c3600000, 0x00000000c3600000| Untracked 
|  55|0x00000000c3700000, 0x00000000c3700000, 0x00000000c3800000|  0%| F|  |TAMS 0x00000000c3700000, 0x00000000c3700000| Untracked 
|  56|0x00000000c3800000, 0x00000000c3800000, 0x00000000c3900000|  0%| F|  |TAMS 0x00000000c3800000, 0x00000000c3800000| Untracked 
|  57|0x00000000c3900000, 0x00000000c3900000, 0x00000000c3a00000|  0%| F|  |TAMS 0x00000000c3900000, 0x00000000c3900000| Untracked 
|  58|0x00000000c3a00000, 0x00000000c3a00000, 0x00000000c3b00000|  0%| F|  |TAMS 0x00000000c3a00000, 0x00000000c3a00000| Untracked 
|  59|0x00000000c3b00000, 0x00000000c3b00000, 0x00000000c3c00000|  0%| F|  |TAMS 0x00000000c3b00000, 0x00000000c3b00000| Untracked 
|  60|0x00000000c3c00000, 0x00000000c3c00000, 0x00000000c3d00000|  0%| F|  |TAMS 0x00000000c3c00000, 0x00000000c3c00000| Untracked 
|  61|0x00000000c3d00000, 0x00000000c3d00000, 0x00000000c3e00000|  0%| F|  |TAMS 0x00000000c3d00000, 0x00000000c3d00000| Untracked 
|  62|0x00000000c3e00000, 0x00000000c3e00000, 0x00000000c3f00000|  0%| F|  |TAMS 0x00000000c3e00000, 0x00000000c3e00000| Untracked 
|  63|0x00000000c3f00000, 0x00000000c3f00000, 0x00000000c4000000|  0%| F|  |TAMS 0x00000000c3f00000, 0x00000000c3f00000| Untracked 
|  64|0x00000000c4000000, 0x00000000c4000000, 0x00000000c4100000|  0%| F|  |TAMS 0x00000000c4000000, 0x00000000c4000000| Untracked 
|  65|0x00000000c4100000, 0x00000000c4100000, 0x00000000c4200000|  0%| F|  |TAMS 0x00000000c4100000, 0x00000000c4100000| Untracked 
|  66|0x00000000c4200000, 0x00000000c4200000, 0x00000000c4300000|  0%| F|  |TAMS 0x00000000c4200000, 0x00000000c4200000| Untracked 
|  67|0x00000000c4300000, 0x00000000c4300000, 0x00000000c4400000|  0%| F|  |TAMS 0x00000000c4300000, 0x00000000c4300000| Untracked 
|  68|0x00000000c4400000, 0x00000000c4400000, 0x00000000c4500000|  0%| F|  |TAMS 0x00000000c4400000, 0x00000000c4400000| Untracked 
|  69|0x00000000c4500000, 0x00000000c4500000, 0x00000000c4600000|  0%| F|  |TAMS 0x00000000c4500000, 0x00000000c4500000| Untracked 
|  70|0x00000000c4600000, 0x00000000c4600000, 0x00000000c4700000|  0%| F|  |TAMS 0x00000000c4600000, 0x00000000c4600000| Untracked 
|  71|0x00000000c4700000, 0x00000000c4700000, 0x00000000c4800000|  0%| F|  |TAMS 0x00000000c4700000, 0x00000000c4700000| Untracked 
|  72|0x00000000c4800000, 0x00000000c4800000, 0x00000000c4900000|  0%| F|  |TAMS 0x00000000c4800000, 0x00000000c4800000| Untracked 
|  73|0x00000000c4900000, 0x00000000c4900000, 0x00000000c4a00000|  0%| F|  |TAMS 0x00000000c4900000, 0x00000000c4900000| Untracked 
|  74|0x00000000c4a00000, 0x00000000c4a00000, 0x00000000c4b00000|  0%| F|  |TAMS 0x00000000c4a00000, 0x00000000c4a00000| Untracked 
|  75|0x00000000c4b00000, 0x00000000c4b00000, 0x00000000c4c00000|  0%| F|  |TAMS 0x00000000c4b00000, 0x00000000c4b00000| Untracked 
|  76|0x00000000c4c00000, 0x00000000c4c00000, 0x00000000c4d00000|  0%| F|  |TAMS 0x00000000c4c00000, 0x00000000c4c00000| Untracked 
|  77|0x00000000c4d00000, 0x00000000c4d00000, 0x00000000c4e00000|  0%| F|  |TAMS 0x00000000c4d00000, 0x00000000c4d00000| Untracked 
|  78|0x00000000c4e00000, 0x00000000c4e00000, 0x00000000c4f00000|  0%| F|  |TAMS 0x00000000c4e00000, 0x00000000c4e00000| Untracked 
|  79|0x00000000c4f00000, 0x00000000c4f62920, 0x00000000c5000000| 38%| E|  |TAMS 0x00000000c4f00000, 0x00000000c4f00000| Complete 

Card table byte_map: [0x000002bdf9930000,0x000002bdf9b30000] _byte_map_base: 0x000002bdf9330000

Marking Bits (Prev, Next): (CMBitMap*) 0x000002bdf37b8400, (CMBitMap*) 0x000002bdf37b8440
 Prev Bits: [0x000002bdf9d30000, 0x000002bdfad30000)
 Next Bits: [0x000002bdfad30000, 0x000002bdfbd30000)

Polling page: 0x000002bdf2f20000

Metaspace:

Usage:
  Non-class:     32.86 MB used.
      Class:      4.97 MB used.
       Both:     37.83 MB used.

Virtual space:
  Non-class space:       64.00 MB reserved,      33.19 MB ( 52%) committed,  1 nodes.
      Class space:        1.00 GB reserved,       5.19 MB ( <1%) committed,  1 nodes.
             Both:        1.06 GB reserved,      38.38 MB (  4%) committed. 

Chunk freelists:
   Non-Class:  14.47 MB
       Class:  10.83 MB
        Both:  25.29 MB

MaxMetaspaceSize: unlimited
CompressedClassSpaceSize: 1.00 GB
Initial GC threshold: 21.00 MB
Current GC threshold: 64.00 MB
CDS: off
MetaspaceReclaimPolicy: balanced
 - commit_granule_bytes: 65536.
 - commit_granule_words: 8192.
 - virtual_space_node_default_size: 8388608.
 - enlarge_chunks_in_place: 1.
 - new_chunks_are_fully_committed: 0.
 - uncommit_free_chunks: 1.
 - use_allocation_guard: 0.
 - handle_deallocations: 1.


Internal statistics:

num_allocs_failed_limit: 10.
num_arena_births: 502.
num_arena_deaths: 152.
num_vsnodes_births: 2.
num_vsnodes_deaths: 0.
num_space_committed: 614.
num_space_uncommitted: 0.
num_chunks_returned_to_freelist: 177.
num_chunks_taken_from_freelist: 1652.
num_chunk_merges: 60.
num_chunk_splits: 1150.
num_chunks_enlarged: 864.
num_inconsistent_stats: 0.

CodeCache: size=49152Kb used=6830Kb max_used=6830Kb free=42321Kb
 bounds [0x000002bdf6400000, 0x000002bdf6b10000, 0x000002bdf9400000]
 total_blobs=4188 nmethods=3644 adapters=471
 compilation: enabled
              stopped_count=0, restarted_count=0
 full_count=0

Compilation events (20 events):
Event: 2676.273 Thread 0x000002bdfea7f5a0 3676       1       java.lang.invoke.LambdaForm$DMH/0x000000010053cc00::newInvokeSpecial (23 bytes)
Event: 2676.274 Thread 0x000002bdfea7f5a0 nmethod 3676 0x000002bdf6a40910 code [0x000002bdf6a40ac0, 0x000002bdf6a40c48]
Event: 2676.405 Thread 0x000002bdfea7f5a0 3677   !   1       java.io.FilterOutputStream::close (183 bytes)
Event: 2676.427 Thread 0x000002bdfea7f5a0 nmethod 3677 0x000002bdf6a3f790 code [0x000002bdf6a3f9a0, 0x000002bdf6a3fe78]
Event: 2676.427 Thread 0x000002bdfea7f5a0 3678   !   1       java.io.FileOutputStream::close (69 bytes)
Event: 2676.429 Thread 0x000002bdfea7f5a0 nmethod 3678 0x000002bdf6a3f110 code [0x000002bdf6a3f2e0, 0x000002bdf6a3f658]
Event: 2676.429 Thread 0x000002bdfea7f5a0 3679       1       java.io.FileOutputStream$1::<init> (10 bytes)
Event: 2676.429 Thread 0x000002bdfea7f5a0 nmethod 3679 0x000002bdf6a3ee10 code [0x000002bdf6a3efa0, 0x000002bdf6a3f0b8]
Event: 2676.429 Thread 0x000002bdfea7f5a0 3680       1       java.io.FileOutputStream$1::close (11 bytes)
Event: 2676.430 Thread 0x000002bdfea7f5a0 nmethod 3680 0x000002bdf6a3e790 code [0x000002bdf6a3e940, 0x000002bdf6a3ec58]
Event: 2676.430 Thread 0x000002bdfea7f5a0 3682       1       java.lang.ProcessImpl$$Lambda$748/0x00000001003e2a98::run (8 bytes)
Event: 2676.430 Thread 0x000002bdfea7f5a0 nmethod 3682 0x000002bdf6a3e490 code [0x000002bdf6a3e620, 0x000002bdf6a3e708]
Event: 2676.430 Thread 0x000002bdfea7f5a0 3683       1       java.lang.ProcessImpl::lambda$new$0 (6 bytes)
Event: 2676.430 Thread 0x000002bdfea7f5a0 nmethod 3683 0x000002bdf6a3e190 code [0x000002bdf6a3e320, 0x000002bdf6a3e3e8]
Event: 3985.799 Thread 0x000002bdfea7f5a0 3686       1       java.lang.ProcessImpl$2::run (242 bytes)
Event: 3985.825 Thread 0x000002bdfea7f5a0 nmethod 3686 0x000002bdf6a3c310 code [0x000002bdf6a3c5c0, 0x000002bdf6a3d358]
Event: 3985.825 Thread 0x000002bdfea7f5a0 3687       1       java.io.BufferedOutputStream::<init> (9 bytes)
Event: 3985.826 Thread 0x000002bdfea7f5a0 nmethod 3687 0x000002bdf6a3bd90 code [0x000002bdf6a3bf20, 0x000002bdf6a3c1f8]
Event: 3985.826 Thread 0x000002bdfea7f5a0 3688       1       java.lang.ProcessImpl::waitFor (136 bytes)
Event: 3985.833 Thread 0x000002bdfea7f5a0 nmethod 3688 0x000002bdf6a3b510 code [0x000002bdf6a3b720, 0x000002bdf6a3bb58]

GC Heap History (20 events):
Event: 6731.630 GC heap before
{Heap before GC invocations=662 (full 652):
 garbage-first heap   total 81920K, used 24131K [0x00000000c0000000, 0x0000000100000000)
  region size 1024K, 1 young (1024K), 0 survivors (0K)
 Metaspace       used 38734K, committed 39296K, reserved 1114112K
  class space    used 5090K, committed 5312K, reserved 1048576K
}
Event: 6731.650 GC heap after
{Heap after GC invocations=663 (full 653):
 garbage-first heap   total 81920K, used 24131K [0x00000000c0000000, 0x0000000100000000)
  region size 1024K, 0 young (0K), 0 survivors (0K)
 Metaspace       used 38734K, committed 39296K, reserved 1114112K
  class space    used 5090K, committed 5312K, reserved 1048576K
}
Event: 6741.837 GC heap before
{Heap before GC invocations=663 (full 653):
 garbage-first heap   total 81920K, used 24131K [0x00000000c0000000, 0x0000000100000000)
  region size 1024K, 1 young (1024K), 0 survivors (0K)
 Metaspace       used 38734K, committed 39296K, reserved 1114112K
  class space    used 5090K, committed 5312K, reserved 1048576K
}
Event: 6741.856 GC heap after
{Heap after GC invocations=664 (full 654):
 garbage-first heap   total 81920K, used 24131K [0x00000000c0000000, 0x0000000100000000)
  region size 1024K, 0 young (0K), 0 survivors (0K)
 Metaspace       used 38734K, committed 39296K, reserved 1114112K
  class space    used 5090K, committed 5312K, reserved 1048576K
}
Event: 6752.055 GC heap before
{Heap before GC invocations=664 (full 654):
 garbage-first heap   total 81920K, used 24131K [0x00000000c0000000, 0x0000000100000000)
  region size 1024K, 1 young (1024K), 0 survivors (0K)
 Metaspace       used 38734K, committed 39296K, reserved 1114112K
  class space    used 5090K, committed 5312K, reserved 1048576K
}
Event: 6752.077 GC heap after
{Heap after GC invocations=665 (full 655):
 garbage-first heap   total 81920K, used 24131K [0x00000000c0000000, 0x0000000100000000)
  region size 1024K, 0 young (0K), 0 survivors (0K)
 Metaspace       used 38734K, committed 39296K, reserved 1114112K
  class space    used 5090K, committed 5312K, reserved 1048576K
}
Event: 6762.243 GC heap before
{Heap before GC invocations=665 (full 655):
 garbage-first heap   total 81920K, used 24131K [0x00000000c0000000, 0x0000000100000000)
  region size 1024K, 1 young (1024K), 0 survivors (0K)
 Metaspace       used 38734K, committed 39296K, reserved 1114112K
  class space    used 5090K, committed 5312K, reserved 1048576K
}
Event: 6762.259 GC heap after
{Heap after GC invocations=666 (full 656):
 garbage-first heap   total 81920K, used 24131K [0x00000000c0000000, 0x0000000100000000)
  region size 1024K, 0 young (0K), 0 survivors (0K)
 Metaspace       used 38734K, committed 39296K, reserved 1114112K
  class space    used 5090K, committed 5312K, reserved 1048576K
}
Event: 6772.423 GC heap before
{Heap before GC invocations=666 (full 656):
 garbage-first heap   total 81920K, used 24131K [0x00000000c0000000, 0x0000000100000000)
  region size 1024K, 1 young (1024K), 0 survivors (0K)
 Metaspace       used 38734K, committed 39296K, reserved 1114112K
  class space    used 5090K, committed 5312K, reserved 1048576K
}
Event: 6772.440 GC heap after
{Heap after GC invocations=667 (full 657):
 garbage-first heap   total 81920K, used 24131K [0x00000000c0000000, 0x0000000100000000)
  region size 1024K, 0 young (0K), 0 survivors (0K)
 Metaspace       used 38734K, committed 39296K, reserved 1114112K
  class space    used 5090K, committed 5312K, reserved 1048576K
}
Event: 6782.592 GC heap before
{Heap before GC invocations=667 (full 657):
 garbage-first heap   total 81920K, used 24131K [0x00000000c0000000, 0x0000000100000000)
  region size 1024K, 1 young (1024K), 0 survivors (0K)
 Metaspace       used 38734K, committed 39296K, reserved 1114112K
  class space    used 5090K, committed 5312K, reserved 1048576K
}
Event: 6782.610 GC heap after
{Heap after GC invocations=668 (full 658):
 garbage-first heap   total 81920K, used 24131K [0x00000000c0000000, 0x0000000100000000)
  region size 1024K, 0 young (0K), 0 survivors (0K)
 Metaspace       used 38734K, committed 39296K, reserved 1114112K
  class space    used 5090K, committed 5312K, reserved 1048576K
}
Event: 6792.775 GC heap before
{Heap before GC invocations=668 (full 658):
 garbage-first heap   total 81920K, used 24131K [0x00000000c0000000, 0x0000000100000000)
  region size 1024K, 1 young (1024K), 0 survivors (0K)
 Metaspace       used 38734K, committed 39296K, reserved 1114112K
  class space    used 5090K, committed 5312K, reserved 1048576K
}
Event: 6792.792 GC heap after
{Heap after GC invocations=669 (full 659):
 garbage-first heap   total 81920K, used 24131K [0x00000000c0000000, 0x0000000100000000)
  region size 1024K, 0 young (0K), 0 survivors (0K)
 Metaspace       used 38734K, committed 39296K, reserved 1114112K
  class space    used 5090K, committed 5312K, reserved 1048576K
}
Event: 6802.953 GC heap before
{Heap before GC invocations=669 (full 659):
 garbage-first heap   total 81920K, used 24131K [0x00000000c0000000, 0x0000000100000000)
  region size 1024K, 1 young (1024K), 0 survivors (0K)
 Metaspace       used 38734K, committed 39296K, reserved 1114112K
  class space    used 5090K, committed 5312K, reserved 1048576K
}
Event: 6802.970 GC heap after
{Heap after GC invocations=670 (full 660):
 garbage-first heap   total 81920K, used 24131K [0x00000000c0000000, 0x0000000100000000)
  region size 1024K, 0 young (0K), 0 survivors (0K)
 Metaspace       used 38734K, committed 39296K, reserved 1114112K
  class space    used 5090K, committed 5312K, reserved 1048576K
}
Event: 6813.154 GC heap before
{Heap before GC invocations=670 (full 660):
 garbage-first heap   total 81920K, used 24131K [0x00000000c0000000, 0x0000000100000000)
  region size 1024K, 1 young (1024K), 0 survivors (0K)
 Metaspace       used 38734K, committed 39296K, reserved 1114112K
  class space    used 5090K, committed 5312K, reserved 1048576K
}
Event: 6813.173 GC heap after
{Heap after GC invocations=671 (full 661):
 garbage-first heap   total 81920K, used 24131K [0x00000000c0000000, 0x0000000100000000)
  region size 1024K, 0 young (0K), 0 survivors (0K)
 Metaspace       used 38734K, committed 39296K, reserved 1114112K
  class space    used 5090K, committed 5312K, reserved 1048576K
}
Event: 6823.433 GC heap before
{Heap before GC invocations=671 (full 661):
 garbage-first heap   total 81920K, used 24131K [0x00000000c0000000, 0x0000000100000000)
  region size 1024K, 1 young (1024K), 0 survivors (0K)
 Metaspace       used 38734K, committed 39296K, reserved 1114112K
  class space    used 5090K, committed 5312K, reserved 1048576K
}
Event: 6823.453 GC heap after
{Heap after GC invocations=672 (full 662):
 garbage-first heap   total 81920K, used 24131K [0x00000000c0000000, 0x0000000100000000)
  region size 1024K, 0 young (0K), 0 survivors (0K)
 Metaspace       used 38734K, committed 39296K, reserved 1114112K
  class space    used 5090K, committed 5312K, reserved 1048576K
}

Dll operation events (8 events):
Event: 0.011 Loaded shared library c:\Users\samue\.vscode\extensions\redhat.java-1.27.0-win32-x64\jre\17.0.10-win32-x86_64\bin\java.dll
Event: 0.178 Loaded shared library C:\Users\samue\.vscode\extensions\redhat.java-1.27.0-win32-x64\jre\17.0.10-win32-x86_64\bin\net.dll
Event: 0.180 Loaded shared library C:\Users\samue\.vscode\extensions\redhat.java-1.27.0-win32-x64\jre\17.0.10-win32-x86_64\bin\nio.dll
Event: 0.189 Loaded shared library C:\Users\samue\.vscode\extensions\redhat.java-1.27.0-win32-x64\jre\17.0.10-win32-x86_64\bin\zip.dll
Event: 0.791 Loaded shared library C:\Users\samue\.vscode\extensions\redhat.java-1.27.0-win32-x64\jre\17.0.10-win32-x86_64\bin\jimage.dll
Event: 9.751 Loaded shared library c:\Users\samue\.vscode\extensions\redhat.java-1.27.0-win32-x64\jre\17.0.10-win32-x86_64\bin\verify.dll
Event: 24.914 Loaded shared library C:\Users\samue\.vscode\extensions\redhat.java-1.27.0-win32-x64\jre\17.0.10-win32-x86_64\bin\management.dll
Event: 24.927 Loaded shared library C:\Users\samue\.vscode\extensions\redhat.java-1.27.0-win32-x64\jre\17.0.10-win32-x86_64\bin\management_ext.dll

Deoptimization events (4 events):
Event: 25.682 Thread 0x000002bd84c06050 DEOPT PACKING pc=0x000002bdf67df501 sp=0x000000d85dafdc20
Event: 25.682 Thread 0x000002bd84c06050 DEOPT UNPACKING pc=0x000002bdf6457143 sp=0x000000d85dafd0b0 mode 3
Event: 25.694 Thread 0x000002bd84c48fb0 DEOPT PACKING pc=0x000002bdf67df017 sp=0x000000d85dbfef80
Event: 25.694 Thread 0x000002bd84c48fb0 DEOPT UNPACKING pc=0x000002bdf6457143 sp=0x000000d85dbfe3d8 mode 3

Classes unloaded (20 events):
Event: 105.991 Thread 0x000002bdfe6f33b0 Unloading class 0x00000001003a5400 'java/lang/invoke/LambdaForm$MH+0x00000001003a5400'
Event: 105.991 Thread 0x000002bdfe6f33b0 Unloading class 0x00000001003a5000 'java/lang/invoke/LambdaForm$MH+0x00000001003a5000'
Event: 105.991 Thread 0x000002bdfe6f33b0 Unloading class 0x0000000100096000 'java/lang/invoke/LambdaForm$MH+0x0000000100096000'
Event: 105.991 Thread 0x000002bdfe6f33b0 Unloading class 0x0000000100095c00 'java/lang/invoke/LambdaForm$MH+0x0000000100095c00'
Event: 105.991 Thread 0x000002bdfe6f33b0 Unloading class 0x0000000100095800 'java/lang/invoke/LambdaForm$MH+0x0000000100095800'
Event: 105.991 Thread 0x000002bdfe6f33b0 Unloading class 0x0000000100095400 'java/lang/invoke/LambdaForm$MH+0x0000000100095400'
Event: 105.991 Thread 0x000002bdfe6f33b0 Unloading class 0x0000000100095000 'java/lang/invoke/LambdaForm$MH+0x0000000100095000'
Event: 105.991 Thread 0x000002bdfe6f33b0 Unloading class 0x0000000100094c00 'java/lang/invoke/LambdaForm$MH+0x0000000100094c00'
Event: 105.991 Thread 0x000002bdfe6f33b0 Unloading class 0x0000000100094800 'java/lang/invoke/LambdaForm$MH+0x0000000100094800'
Event: 105.991 Thread 0x000002bdfe6f33b0 Unloading class 0x0000000100094400 'java/lang/invoke/LambdaForm$MH+0x0000000100094400'
Event: 105.991 Thread 0x000002bdfe6f33b0 Unloading class 0x000000010008e800 'java/lang/invoke/LambdaForm$MH+0x000000010008e800'
Event: 105.991 Thread 0x000002bdfe6f33b0 Unloading class 0x000000010008e400 'java/lang/invoke/LambdaForm$MH+0x000000010008e400'
Event: 105.991 Thread 0x000002bdfe6f33b0 Unloading class 0x000000010008e000 'java/lang/invoke/LambdaForm$MH+0x000000010008e000'
Event: 105.991 Thread 0x000002bdfe6f33b0 Unloading class 0x000000010008dc00 'java/lang/invoke/LambdaForm$MH+0x000000010008dc00'
Event: 105.991 Thread 0x000002bdfe6f33b0 Unloading class 0x000000010008d800 'java/lang/invoke/LambdaForm$MH+0x000000010008d800'
Event: 105.991 Thread 0x000002bdfe6f33b0 Unloading class 0x000000010008d400 'java/lang/invoke/LambdaForm$MH+0x000000010008d400'
Event: 105.991 Thread 0x000002bdfe6f33b0 Unloading class 0x000000010008cc00 'java/lang/invoke/LambdaForm$MH+0x000000010008cc00'
Event: 105.991 Thread 0x000002bdfe6f33b0 Unloading class 0x000000010008c800 'java/lang/invoke/LambdaForm$MH+0x000000010008c800'
Event: 105.991 Thread 0x000002bdfe6f33b0 Unloading class 0x000000010008c000 'java/lang/invoke/LambdaForm$MH+0x000000010008c000'
Event: 105.991 Thread 0x000002bdfe6f33b0 Unloading class 0x000000010008bc00 'java/lang/invoke/LambdaForm$MH+0x000000010008bc00'

Classes redefined (0 events):
No events

Internal exceptions (20 events):
Event: 19.124 Thread 0x000002bdf155e270 Exception <a 'java/lang/NoSuchMethodError'{0x00000000c638e838}: 'java.lang.Object java.lang.invoke.Invokers$Holder.invoke_MT(java.lang.Object, java.lang.Object, java.lang.Object, java.lang.Object, java.lang.Object, java.lang.Object, java.lang.Object, java.lang.Object, java.lang.Object, java.lang.Object)'> (0x00000000c638e838) 
thrown [s\src\hotspot\share\interpreter\linkResolver.cpp, line 759]
Event: 19.128 Thread 0x000002bdf155e270 Exception <a 'java/lang/NoSuchMethodError'{0x00000000c63d94b8}: 'java.lang.Object java.lang.invoke.DirectMethodHandle$Holder.invokeSpecial(java.lang.Object, java.lang.Object, int, java.lang.Object, java.lang.Object)'> (0x00000000c63d94b8) 
thrown [s\src\hotspot\share\interpreter\linkResolver.cpp, line 759]
Event: 19.128 Thread 0x000002bdf155e270 Exception <a 'java/lang/NoSuchMethodError'{0x00000000c63dd160}: 'java.lang.Object java.lang.invoke.DelegatingMethodHandle$Holder.delegate(java.lang.Object, int, java.lang.Object, java.lang.Object)'> (0x00000000c63dd160) 
thrown [s\src\hotspot\share\interpreter\linkResolver.cpp, line 759]
Event: 19.129 Thread 0x000002bdf155e270 Exception <a 'java/lang/NoSuchMethodError'{0x00000000c63edfe8}: 'int java.lang.invoke.Invokers$Holder.linkToTargetMethod(java.lang.Object, java.lang.Object, java.lang.Object)'> (0x00000000c63edfe8) 
thrown [s\src\hotspot\share\interpreter\linkResolver.cpp, line 759]
Event: 20.352 Thread 0x000002bdf155e270 Exception <a 'java/lang/NoSuchMethodError'{0x00000000c5ea4678}: 'java.lang.Object java.lang.invoke.DirectMethodHandle$Holder.invokeStaticInit(java.lang.Object, int, int, int, int)'> (0x00000000c5ea4678) 
thrown [s\src\hotspot\share\interpreter\linkResolver.cpp, line 759]
Event: 23.522 Thread 0x000002bdf155e270 Exception <a 'java/lang/NoSuchMethodError'{0x00000000c5dddd28}: 'java.lang.Object java.lang.invoke.DirectMethodHandle$Holder.invokeStaticInit(java.lang.Object, java.lang.Object, int, int, int, int)'> (0x00000000c5dddd28) 
thrown [s\src\hotspot\share\interpreter\linkResolver.cpp, line 759]
Event: 23.817 Thread 0x000002bdf155e270 Exception <a 'java/lang/NoSuchMethodError'{0x00000000c6bfa400}: 'void java.lang.invoke.DirectMethodHandle$Holder.invokeSpecialIFC(java.lang.Object, java.lang.Object, java.lang.Object)'> (0x00000000c6bfa400) 
thrown [s\src\hotspot\share\interpreter\linkResolver.cpp, line 759]
Event: 24.233 Thread 0x000002bdf155e270 Exception <a 'java/lang/NoSuchMethodError'{0x00000000c5a6bba8}: 'int java.lang.invoke.DirectMethodHandle$Holder.invokeStaticInit(java.lang.Object, java.lang.Object, int, java.lang.Object)'> (0x00000000c5a6bba8) 
thrown [s\src\hotspot\share\interpreter\linkResolver.cpp, line 759]
Event: 24.296 Thread 0x000002bdf155e270 Exception <a 'java/lang/NoSuchMethodError'{0x00000000c5679108}: 'void java.lang.invoke.DirectMethodHandle$Holder.invokeSpecial(java.lang.Object, java.lang.Object, java.lang.Object, java.lang.Object, java.lang.Object, java.lang.Object, java.lang.Object)'> (0x00000000c5679108) 
thrown [s\src\hotspot\share\interpreter\linkResolver.cpp, line 759]
Event: 24.495 Thread 0x000002bdf155e270 Exception <a 'java/lang/NoSuchMethodError'{0x00000000c52830e0}: 'java.lang.Object java.lang.invoke.DirectMethodHandle$Holder.invokeInterface(java.lang.Object, java.lang.Object, int)'> (0x00000000c52830e0) 
thrown [s\src\hotspot\share\interpreter\linkResolver.cpp, line 759]
Event: 24.499 Thread 0x000002bdf155e270 Exception <a 'java/lang/IncompatibleClassChangeError'{0x00000000c52966e0}: Found class java.lang.Object, but interface was expected> (0x00000000c52966e0) 
thrown [s\src\hotspot\share\interpreter\linkResolver.cpp, line 826]
Event: 24.899 Thread 0x000002bdf155e270 Exception <a 'java/lang/NoSuchMethodError'{0x00000000c6eb6550}: 'java.lang.Object java.lang.invoke.DirectMethodHandle$Holder.newInvokeSpecial(java.lang.Object, java.lang.Object, int, java.lang.Object, java.lang.Object)'> (0x00000000c6eb6550) 
thrown [s\src\hotspot\share\interpreter\linkResolver.cpp, line 759]
Event: 24.901 Thread 0x000002bdf155e270 Exception <a 'java/lang/NoSuchMethodError'{0x00000000c6ec9380}: 'java.lang.Object java.lang.invoke.DirectMethodHandle$Holder.invokeSpecial(java.lang.Object, java.lang.Object, int, java.lang.Object, int, java.lang.Object)'> (0x00000000c6ec9380) 
thrown [s\src\hotspot\share\interpreter\linkResolver.cpp, line 759]
Event: 24.901 Thread 0x000002bdf155e270 Exception <a 'java/lang/NoSuchMethodError'{0x00000000c6ed11a0}: 'java.lang.Object java.lang.invoke.DirectMethodHandle$Holder.newInvokeSpecial(java.lang.Object, java.lang.Object, int, java.lang.Object, int)'> (0x00000000c6ed11a0) 
thrown [s\src\hotspot\share\interpreter\linkResolver.cpp, line 759]
Event: 24.901 Thread 0x000002bdf155e270 Exception <a 'java/lang/NoSuchMethodError'{0x00000000c6ed52a0}: 'java.lang.Object java.lang.invoke.DirectMethodHandle$Holder.invokeSpecial(java.lang.Object, java.lang.Object, java.lang.Object, int, java.lang.Object, int)'> (0x00000000c6ed52a0) 
thrown [s\src\hotspot\share\interpreter\linkResolver.cpp, line 759]
Event: 25.634 Thread 0x000002bd84c06050 Exception <a 'java/lang/NoSuchMethodError'{0x00000000c6342ae0}: 'java.lang.Object java.lang.invoke.DirectMethodHandle$Holder.invokeStatic(java.lang.Object, java.lang.Object, java.lang.Object, int, java.lang.Object, java.lang.Object)'> (0x00000000c6342ae0) 
thrown [s\src\hotspot\share\interpreter\linkResolver.cpp, line 759]
Event: 26.332 Thread 0x000002bd84b04920 Exception <a 'java/lang/NoSuchMethodError'{0x00000000c5c9a110}: 'int java.lang.invoke.DirectMethodHandle$Holder.invokeStatic(java.lang.Object)'> (0x00000000c5c9a110) 
thrown [s\src\hotspot\share\interpreter\linkResolver.cpp, line 759]
Event: 26.333 Thread 0x000002bd84b04920 Exception <a 'java/lang/NoSuchMethodError'{0x00000000c5c9d510}: 'int java.lang.invoke.DirectMethodHandle$Holder.invokeStaticInit(java.lang.Object)'> (0x00000000c5c9d510) 
thrown [s\src\hotspot\share\interpreter\linkResolver.cpp, line 759]
Event: 64.904 Thread 0x000002bd84b6a870 Exception <a 'java/lang/NoSuchMethodError'{0x00000000c6e02aa8}: 'void java.lang.invoke.DirectMethodHandle$Holder.invokeStatic(java.lang.Object, long)'> (0x00000000c6e02aa8) 
thrown [s\src\hotspot\share\interpreter\linkResolver.cpp, line 759]
Event: 64.905 Thread 0x000002bd84b6a870 Exception <a 'java/lang/NoSuchMethodError'{0x00000000c6e07e50}: 'java.lang.Object java.lang.invoke.DirectMethodHandle$Holder.newInvokeSpecial(java.lang.Object, long)'> (0x00000000c6e07e50) 
thrown [s\src\hotspot\share\interpreter\linkResolver.cpp, line 759]

VM Operations (20 events):
Event: 6731.651 Executing VM operation: G1CollectFull done
Event: 6741.837 Executing VM operation: G1CollectFull
Event: 6741.856 Executing VM operation: G1CollectFull done
Event: 6752.055 Executing VM operation: G1CollectFull
Event: 6752.077 Executing VM operation: G1CollectFull done
Event: 6762.243 Executing VM operation: G1CollectFull
Event: 6762.260 Executing VM operation: G1CollectFull done
Event: 6772.423 Executing VM operation: G1CollectFull
Event: 6772.440 Executing VM operation: G1CollectFull done
Event: 6782.592 Executing VM operation: G1CollectFull
Event: 6782.610 Executing VM operation: G1CollectFull done
Event: 6792.775 Executing VM operation: G1CollectFull
Event: 6792.792 Executing VM operation: G1CollectFull done
Event: 6802.953 Executing VM operation: G1CollectFull
Event: 6802.970 Executing VM operation: G1CollectFull done
Event: 6813.154 Executing VM operation: G1CollectFull
Event: 6813.173 Executing VM operation: G1CollectFull done
Event: 6823.433 Executing VM operation: G1CollectFull
Event: 6823.453 Executing VM operation: G1CollectFull done
Event: 6833.685 Executing VM operation: G1CollectFull

Events (20 events):
Event: 25.689 Thread 0x000002bd84b05d60 Thread added: 0x000002bd84b05d60
Event: 26.192 Thread 0x000002bd84b04920 Thread added: 0x000002bd84b04920
Event: 26.337 loading class java/util/concurrent/atomic/AtomicLongFieldUpdater
Event: 26.337 loading class java/util/concurrent/atomic/AtomicLongFieldUpdater done
Event: 26.337 loading class java/util/concurrent/atomic/AtomicLongFieldUpdater$CASUpdater
Event: 26.338 loading class java/util/concurrent/atomic/AtomicLongFieldUpdater$CASUpdater done
Event: 26.338 loading class java/util/concurrent/atomic/AtomicLongFieldUpdater$CASUpdater$1
Event: 26.338 loading class java/util/concurrent/atomic/AtomicLongFieldUpdater$CASUpdater$1 done
Event: 64.887 loading class java/lang/ProcessBuilder
Event: 64.887 loading class java/lang/ProcessBuilder done
Event: 64.888 loading class java/lang/ProcessImpl
Event: 64.888 loading class java/lang/ProcessImpl done
Event: 64.905 loading class java/lang/ProcessImpl$2
Event: 64.905 loading class java/lang/ProcessImpl$2 done
Event: 64.905 loading class java/lang/Process$PipeInputStream
Event: 64.906 loading class java/lang/Process$PipeInputStream done
Event: 64.907 loading class jdk/internal/event/ProcessStartEvent
Event: 64.908 loading class jdk/internal/event/ProcessStartEvent done
Event: 65.214 loading class java/io/FileOutputStream$1
Event: 65.214 loading class java/io/FileOutputStream$1 done


Dynamic libraries:
0x00007ff6f6830000 - 0x00007ff6f683e000 	c:\Users\samue\.vscode\extensions\redhat.java-1.27.0-win32-x64\jre\17.0.10-win32-x86_64\bin\java.exe
0x00007ffdea8f0000 - 0x00007ffdeab07000 	C:\WINDOWS\SYSTEM32\ntdll.dll
0x00007ffde9630000 - 0x00007ffde96f4000 	C:\WINDOWS\System32\KERNEL32.DLL
0x00007ffde7d50000 - 0x00007ffde80f6000 	C:\WINDOWS\System32\KERNELBASE.dll
0x00007ffde81c0000 - 0x00007ffde82d1000 	C:\WINDOWS\System32\ucrtbase.dll
0x00007ffdbbf60000 - 0x00007ffdbbf77000 	c:\Users\samue\.vscode\extensions\redhat.java-1.27.0-win32-x64\jre\17.0.10-win32-x86_64\bin\jli.dll
0x00007ffdb9f80000 - 0x00007ffdb9f9b000 	c:\Users\samue\.vscode\extensions\redhat.java-1.27.0-win32-x64\jre\17.0.10-win32-x86_64\bin\VCRUNTIME140.dll
0x00007ffde9260000 - 0x00007ffde940e000 	C:\WINDOWS\System32\USER32.dll
0x00007ffde82e0000 - 0x00007ffde8306000 	C:\WINDOWS\System32\win32u.dll
0x00007ffde90a0000 - 0x00007ffde90c9000 	C:\WINDOWS\System32\GDI32.dll
0x00007ffdd5930000 - 0x00007ffdd5bc3000 	C:\WINDOWS\WinSxS\amd64_microsoft.windows.common-controls_6595b64144ccf1df_6.0.22621.2506_none_270c5ae97388e100\COMCTL32.dll
0x00007ffde7c30000 - 0x00007ffde7d48000 	C:\WINDOWS\System32\gdi32full.dll
0x00007ffde9930000 - 0x00007ffde99d7000 	C:\WINDOWS\System32\msvcrt.dll
0x00007ffde8480000 - 0x00007ffde851a000 	C:\WINDOWS\System32\msvcp_win.dll
0x00007ffde8ab0000 - 0x00007ffde8ae1000 	C:\WINDOWS\System32\IMM32.DLL
0x00007ffdd4fb0000 - 0x00007ffdd4fbc000 	c:\Users\samue\.vscode\extensions\redhat.java-1.27.0-win32-x64\jre\17.0.10-win32-x86_64\bin\vcruntime140_1.dll
0x00007ffdaa790000 - 0x00007ffdaa81d000 	c:\Users\samue\.vscode\extensions\redhat.java-1.27.0-win32-x64\jre\17.0.10-win32-x86_64\bin\msvcp140.dll
0x00007ffd46e00000 - 0x00007ffd47a62000 	c:\Users\samue\.vscode\extensions\redhat.java-1.27.0-win32-x64\jre\17.0.10-win32-x86_64\bin\server\jvm.dll
0x00007ffde91a0000 - 0x00007ffde9253000 	C:\WINDOWS\System32\ADVAPI32.dll
0x00007ffde90d0000 - 0x00007ffde9178000 	C:\WINDOWS\System32\sechost.dll
0x00007ffde8610000 - 0x00007ffde8638000 	C:\WINDOWS\System32\bcrypt.dll
0x00007ffde9700000 - 0x00007ffde9817000 	C:\WINDOWS\System32\RPCRT4.dll
0x00007ffdce730000 - 0x00007ffdce739000 	C:\WINDOWS\SYSTEM32\WSOCK32.dll
0x00007ffddd490000 - 0x00007ffddd49a000 	C:\WINDOWS\SYSTEM32\VERSION.dll
0x00007ffde0080000 - 0x00007ffde00b4000 	C:\WINDOWS\SYSTEM32\WINMM.dll
0x00007ffde78a0000 - 0x00007ffde78ed000 	C:\WINDOWS\SYSTEM32\POWRPROF.dll
0x00007ffde8730000 - 0x00007ffde87a1000 	C:\WINDOWS\System32\WS2_32.dll
0x00007ffde76a0000 - 0x00007ffde76b3000 	C:\WINDOWS\SYSTEM32\UMPDC.dll
0x00007ffde6c30000 - 0x00007ffde6c48000 	C:\WINDOWS\SYSTEM32\kernel.appcore.dll
0x00007ffdd4ee0000 - 0x00007ffdd4eea000 	c:\Users\samue\.vscode\extensions\redhat.java-1.27.0-win32-x64\jre\17.0.10-win32-x86_64\bin\jimage.dll
0x00007ffde5530000 - 0x00007ffde5763000 	C:\WINDOWS\SYSTEM32\DBGHELP.DLL
0x00007ffde8af0000 - 0x00007ffde8e79000 	C:\WINDOWS\System32\combase.dll
0x00007ffde8640000 - 0x00007ffde8717000 	C:\WINDOWS\System32\OLEAUT32.dll
0x00007ffdca0e0000 - 0x00007ffdca112000 	C:\WINDOWS\SYSTEM32\dbgcore.DLL
0x00007ffde8520000 - 0x00007ffde859a000 	C:\WINDOWS\System32\bcryptPrimitives.dll
0x00007ffdabbc0000 - 0x00007ffdabbe5000 	c:\Users\samue\.vscode\extensions\redhat.java-1.27.0-win32-x64\jre\17.0.10-win32-x86_64\bin\java.dll
0x00007ffdb05c0000 - 0x00007ffdb05d8000 	c:\Users\samue\.vscode\extensions\redhat.java-1.27.0-win32-x64\jre\17.0.10-win32-x86_64\bin\zip.dll
0x00007ffde9ee0000 - 0x00007ffdea73a000 	C:\WINDOWS\System32\SHELL32.dll
0x00007ffde5b30000 - 0x00007ffde6426000 	C:\WINDOWS\SYSTEM32\windows.storage.dll
0x00007ffde59f0000 - 0x00007ffde5b2e000 	C:\WINDOWS\SYSTEM32\wintypes.dll
0x00007ffdea7b0000 - 0x00007ffdea8a3000 	C:\WINDOWS\System32\SHCORE.dll
0x00007ffde9820000 - 0x00007ffde987e000 	C:\WINDOWS\System32\shlwapi.dll
0x00007ffde7b60000 - 0x00007ffde7b86000 	C:\WINDOWS\SYSTEM32\profapi.dll
0x00007ffdb0520000 - 0x00007ffdb0539000 	C:\Users\samue\.vscode\extensions\redhat.java-1.27.0-win32-x64\jre\17.0.10-win32-x86_64\bin\net.dll
0x00007ffde0b30000 - 0x00007ffde0c67000 	C:\WINDOWS\SYSTEM32\WINHTTP.dll
0x00007ffde70e0000 - 0x00007ffde7149000 	C:\WINDOWS\system32\mswsock.dll
0x00007ffdae4c0000 - 0x00007ffdae4d6000 	C:\Users\samue\.vscode\extensions\redhat.java-1.27.0-win32-x64\jre\17.0.10-win32-x86_64\bin\nio.dll
0x00007ffdbd020000 - 0x00007ffdbd030000 	c:\Users\samue\.vscode\extensions\redhat.java-1.27.0-win32-x64\jre\17.0.10-win32-x86_64\bin\verify.dll
0x00007ffde7330000 - 0x00007ffde734b000 	C:\WINDOWS\SYSTEM32\CRYPTSP.dll
0x00007ffde6b90000 - 0x00007ffde6bc5000 	C:\WINDOWS\system32\rsaenh.dll
0x00007ffde71d0000 - 0x00007ffde71fc000 	C:\WINDOWS\SYSTEM32\USERENV.dll
0x00007ffde7350000 - 0x00007ffde735c000 	C:\WINDOWS\SYSTEM32\CRYPTBASE.dll
0x00007ffde6690000 - 0x00007ffde66bd000 	C:\WINDOWS\SYSTEM32\IPHLPAPI.DLL
0x00007ffde8720000 - 0x00007ffde8729000 	C:\WINDOWS\System32\NSI.dll
0x00007ffde0670000 - 0x00007ffde0689000 	C:\WINDOWS\SYSTEM32\dhcpcsvc6.DLL
0x00007ffde0650000 - 0x00007ffde066f000 	C:\WINDOWS\SYSTEM32\dhcpcsvc.DLL
0x00007ffde6700000 - 0x00007ffde67f9000 	C:\WINDOWS\SYSTEM32\DNSAPI.dll
0x00007ffddbc70000 - 0x00007ffddbc79000 	C:\Users\samue\.vscode\extensions\redhat.java-1.27.0-win32-x64\jre\17.0.10-win32-x86_64\bin\management.dll
0x00007ffdd5190000 - 0x00007ffdd519b000 	C:\Users\samue\.vscode\extensions\redhat.java-1.27.0-win32-x64\jre\17.0.10-win32-x86_64\bin\management_ext.dll
0x00007ffde9090000 - 0x00007ffde9098000 	C:\WINDOWS\System32\PSAPI.DLL

dbghelp: loaded successfully - version: 4.0.5 - missing functions: none
symbol engine: initialized successfully - sym options: 0x614 - pdb path: .;c:\Users\samue\.vscode\extensions\redhat.java-1.27.0-win32-x64\jre\17.0.10-win32-x86_64\bin;C:\WINDOWS\SYSTEM32;C:\WINDOWS\WinSxS\amd64_microsoft.windows.common-controls_6595b64144ccf1df_6.0.22621.2506_none_270c5ae97388e100;c:\Users\samue\.vscode\extensions\redhat.java-1.27.0-win32-x64\jre\17.0.10-win32-x86_64\bin\server

VM Arguments:
jvm_args: -XX:+HeapDumpOnOutOfMemoryError -Xmx1024m -Dsts.lsp.client=vscode -Dsts.log.file=/dev/null -XX:TieredStopAtLevel=1 -Xlog:jni+resolve=off -Dspring.config.location=file:c:\Users\samue\.vscode\extensions\vmware.vscode-spring-boot-1.52.0\language-server\BOOT-INF\classes\application.properties 
java_command: org.springframework.ide.vscode.boot.app.BootLanguageServerBootApp
java_class_path (initial): c:\Users\samue\.vscode\extensions\vmware.vscode-spring-boot-1.52.0\language-server\BOOT-INF\classes;c:\Users\samue\.vscode\extensions\vmware.vscode-spring-boot-1.52.0\language-server\BOOT-INF\lib\annotations-24.1.0.jar;c:\Users\samue\.vscode\extensions\vmware.vscode-spring-boot-1.52.0\language-server\BOOT-INF\lib\antlr4-runtime-4.11.1.jar;c:\Users\samue\.vscode\extensions\vmware.vscode-spring-boot-1.52.0\language-server\BOOT-INF\lib\asm-9.6.jar;c:\Users\samue\.vscode\extensions\vmware.vscode-spring-boot-1.52.0\language-server\BOOT-INF\lib\asm-analysis-9.6.jar;c:\Users\samue\.vscode\extensions\vmware.vscode-spring-boot-1.52.0\language-server\BOOT-INF\lib\asm-tree-9.6.jar;c:\Users\samue\.vscode\extensions\vmware.vscode-spring-boot-1.52.0\language-server\BOOT-INF\lib\asm-util-9.6.jar;c:\Users\samue\.vscode\extensions\vmware.vscode-spring-boot-1.52.0\language-server\BOOT-INF\lib\caffeine-3.1.8.jar;c:\Users\samue\.vscode\extensions\vmware.vscode-spring-boot-1.52.0\language-server\BOOT-INF\lib\checker-qual-3.12.0.jar;c:\Users\samue\.vscode\extensions\vmware.vscode-spring-boot-1.52.0\language-server\BOOT-INF\lib\classgraph-4.8.149.jar;c:\Users\samue\.vscode\extensions\vmware.vscode-spring-boot-1.52.0\language-server\BOOT-INF\lib\commons-codec-1.16.0.jar;c:\Users\samue\.vscode\extensions\vmware.vscode-spring-boot-1.52.0\language-server\BOOT-INF\lib\commons-compress-1.25.0.jar;c:\Users\samue\.vscode\extensions\vmware.vscode-spring-boot-1.52.0\language-server\BOOT-INF\lib\commons-io-2.4.jar;c:\Users\samue\.vscode\extensions\vmware.vscode-spring-boot-1.52.0\language-server\BOOT-INF\lib\commons-java-1.52.0-SNAPSHOT.jar;c:\Users\samue\.vscode\extensions\vmware.vscode-spring-boot-1.52.0\language-server\BOOT-INF\lib\commons-lang3-3.13.0.jar;c:\Users\samue\.vscode\extensions\vmware.vscode-spring-boot-1.52.0\language-server\BOOT-INF\lib\commons-language-server-1.52.0-SNAPSHOT.jar;c:\Users\samue\.vscode\extensions\vmware.vscode-spring-boot-1.52.0\language
Launcher Type: SUN_STANDARD

[Global flags]
     intx CICompilerCount                          = 4                                         {product} {ergonomic}
     uint ConcGCThreads                            = 3                                         {product} {ergonomic}
     uint G1ConcRefinementThreads                  = 10                                        {product} {ergonomic}
   size_t G1HeapRegionSize                         = 1048576                                   {product} {ergonomic}
    uintx GCDrainStackTargetSize                   = 64                                        {product} {ergonomic}
     bool HeapDumpOnOutOfMemoryError               = true                                   {manageable} {command line}
   size_t InitialHeapSize                          = 98566144                                  {product} {ergonomic}
   size_t MarkStackSize                            = 4194304                                   {product} {ergonomic}
   size_t MaxHeapSize                              = 1073741824                                {product} {command line}
   size_t MaxNewSize                               = 643825664                                 {product} {ergonomic}
   size_t MinHeapDeltaBytes                        = 1048576                                   {product} {ergonomic}
   size_t MinHeapSize                              = 8388608                                   {product} {ergonomic}
    uintx NonProfiledCodeHeapSize                  = 0                                      {pd product} {ergonomic}
     bool ProfileInterpreter                       = false                                  {pd product} {command line}
    uintx ProfiledCodeHeapSize                     = 0                                      {pd product} {ergonomic}
   size_t SoftMaxHeapSize                          = 1073741824                             {manageable} {ergonomic}
     intx TieredStopAtLevel                        = 1                                         {product} {command line}
     bool UseCompressedClassPointers               = true                           {product lp64_product} {ergonomic}
     bool UseCompressedOops                        = true                           {product lp64_product} {ergonomic}
     bool UseG1GC                                  = true                                      {product} {ergonomic}
     bool UseLargePagesIndividualAllocation        = false                                  {pd product} {ergonomic}

Logging:
Log output configuration:
 #0: stdout all=warning,jni+resolve=off uptime,level,tags
 #1: stderr all=off uptime,level,tags

Environment Variables:
JAVA_HOME=C:\Program Files\Java\jdk-17
PATH=C:\Program Files\Eclipse Adoptium\jdk-17.0.9.9-hotspot\bin;C:\Program Files\Common Files\Oracle\Java\javapath;C:\Program Files (x86)\Common Files\Oracle\Java\javapath;C:\WINDOWS\system32;C:\WINDOWS;C:\WINDOWS\System32\Wbem;C:\WINDOWS\System32\WindowsPowerShell\v1.0\;C:\WINDOWS\System32\OpenSSH\;C:\Program Files\Git\cmd;C:\Program Files\dotnet\;C:\Program Files\apache-maven-3.8.8\bin;C:\Program Files\Docker\Docker\resources\bin;C:\Program Files\PuTTY\;C:\Program Files\Java\jdk-17\bin;C:\Users\samue\AppData\Local\Programs\Python\Python38\Scripts\;C:\Users\samue\AppData\Local\Programs\Python\Python38\;C:\Program Files\MySQL\MySQL Shell 8.0\bin\;C:\Users\samue\AppData\Local\Microsoft\WindowsApps;C:\Program Files\JetBrains\IntelliJ IDEA Community Edition 2021.2.2\bin;;C:\Users\samue\AppData\Local\Programs\Microsoft VS Code\bin;C:\Program Files\CodeBlocks\MinGW\bin;C:\MinGW\bin;C:\Program Files\javafx-sdk-17.0.0.1\lib;C:\Users\samue\AppData\Local\GitHubDesktop\bin;C:\Users\samue\AppData\Local\Google\Cloud SDK\google-cloud-sdk\bin;C:\Program Files\Java\jdk-17\bin;;C:\Users\samue\AppData\Local\Google\Cloud SDK\google-cloud-sdk\bin;C:\Program Files (x86)\Google\Cloud SDK\google-cloud-sdk\bin;C:\Program Files\Google\Cloud SDK\google-cloud-sdk\bin
USERNAME=samue
OS=Windows_NT
PROCESSOR_IDENTIFIER=AMD64 Family 23 Model 104 Stepping 1, AuthenticAMD
TMP=C:\Users\samue\AppData\Local\Temp
TEMP=C:\Users\samue\AppData\Local\Temp



Periodic native trim disabled


---------------  S Y S T E M  ---------------

OS:
 Windows 11 , 64 bit Build 22621 (10.0.22621.2506)
OS uptime: 10 days 6:53 hours
Hyper-V role detected

CPU: total 12 (initial active 12) (12 cores per cpu, 2 threads per core) family 23 model 104 stepping 1 microcode 0x0, cx8, cmov, fxsr, ht, mmx, 3dnowpref, sse, sse2, sse3, ssse3, sse4a, sse4.1, sse4.2, popcnt, lzcnt, tsc, tscinvbit, avx, avx2, aes, clmul, bmi1, bmi2, adx, sha, fma, vzeroupper, clflush, clflushopt, hv
Processor Information for processor 0
  Max Mhz: 2100, Current Mhz: 2100, Mhz Limit: 2100
Processor Information for processor 1
  Max Mhz: 2100, Current Mhz: 1988, Mhz Limit: 2100
Processor Information for processor 2
  Max Mhz: 2100, Current Mhz: 2100, Mhz Limit: 2100
Processor Information for processor 3
  Max Mhz: 2100, Current Mhz: 1988, Mhz Limit: 2100
Processor Information for processor 4
  Max Mhz: 2100, Current Mhz: 2100, Mhz Limit: 2100
Processor Information for processor 5
  Max Mhz: 2100, Current Mhz: 1988, Mhz Limit: 2100
Processor Information for processor 6
  Max Mhz: 2100, Current Mhz: 2100, Mhz Limit: 2100
Processor Information for processor 7
  Max Mhz: 2100, Current Mhz: 2100, Mhz Limit: 2100
Processor Information for processor 8
  Max Mhz: 2100, Current Mhz: 2100, Mhz Limit: 2100
Processor Information for processor 9
  Max Mhz: 2100, Current Mhz: 2100, Mhz Limit: 2100
Processor Information for processor 10
  Max Mhz: 2100, Current Mhz: 2100, Mhz Limit: 2100
Processor Information for processor 11
  Max Mhz: 2100, Current Mhz: 2100, Mhz Limit: 2100

Memory: 4k page, system-wide physical 6005M (487M free)
TotalPageFile size 24437M (AvailPageFile size 0M)
current process WorkingSet (physical memory assigned to process): 39M, peak: 122M
current process commit charge ("private bytes"): 220M, peak: 254M

vm_info: OpenJDK 64-Bit Server VM (17.0.10+7) for windows-amd64 JRE (17.0.10+7), built on Jan 16 2024 23:25:11 by "admin" with MS VC++ 16.10 / 16.11 (VS2019)

END.
