#
# There is insufficient memory for the Java Runtime Environment to continue.
# Native memory allocation (mmap) failed to map 65536 bytes for Failed to commit metaspace.
# Possible reasons:
#   The system is out of physical RAM or swap space
#   The process is running with CompressedOops enabled, and the Java Heap may be blocking the growth of the native heap
# Possible solutions:
#   Reduce memory load on the system
#   Increase physical memory or swap space
#   Check if swap backing store is full
#   Decrease Java heap size (-Xmx/-Xms)
#   Decrease number of Java threads
#   Decrease Java thread stack sizes (-Xss)
#   Set larger code cache with -XX:ReservedCodeCacheSize=
#   JVM is running with Unscaled Compressed Oops mode in which the Java heap is
#     placed in the first 4GB address space. The Java Heap base address is the
#     maximum limit for the native heap growth. Please use -XX:HeapBaseMinAddress
#     to set the Java Heap base and to place the Java Heap above 4GB virtual address.
# This output file may be truncated or incomplete.
#
#  Out of Memory Error (virtualSpaceNode.cpp:110), pid=25060, tid=7408
#
# JRE version: OpenJDK Runtime Environment Temurin-17.0.9+9 (17.0.9+9) (build 17.0.9+9)
# Java VM: OpenJDK 64-Bit Server VM Temurin-17.0.9+9 (17.0.9+9, mixed mode, tiered, compressed oops, compressed class ptrs, parallel gc, windows-amd64)
# No core dump will be written. Minidumps are not enabled by default on client versions of Windows
#

---------------  S U M M A R Y ------------

Command Line: --add-modules=ALL-SYSTEM --add-opens=java.base/java.util=ALL-UNNAMED --add-opens=java.base/java.lang=ALL-UNNAMED --add-opens=java.base/sun.nio.fs=ALL-UNNAMED -Declipse.application=org.eclipse.jdt.ls.core.id1 -Dosgi.bundles.defaultStartLevel=4 -Declipse.product=org.eclipse.jdt.ls.core.product -Djava.import.generatesMetadataFilesAtProjectRoot=false -DDetectVMInstallationsJob.disabled=true -Dfile.encoding=utf8 -XX:+UseParallelGC -XX:GCTimeRatio=4 -XX:AdaptiveSizePolicyWeight=90 -Dsun.zip.disableMemoryMapping=true -Xmx1G -Xms100m -Xlog:disable -javaagent:c:\Users\samue\.vscode\extensions\redhat.java-1.26.0-win32-x64\lombok\lombok-1.18.31-3454.jar c:\Users\samue\.vscode\extensions\redhat.java-1.26.0-win32-x64\server\plugins\org.eclipse.equinox.launcher_1.6.700.v20231214-2017.jar -configuration c:\Users\samue\AppData\Roaming\Code\User\globalStorage\redhat.java\1.26.0\config_ss_win -data c:\Users\samue\AppData\Roaming\Code\User\workspaceStorage\56351bc7bcbd1d74bf766ebbbfb55092\redhat.java\ss_ws --stdio

Host: AMD Ryzen 5 5500U with Radeon Graphics         , 12 cores, 5G,  Windows 11 , 64 bit Build 22621 (10.0.22621.2506)
Time: Thu Jan 25 18:16:18 2024 Mitteleuropäische Zeit elapsed time: 0.197605 seconds (0d 0h 0m 0s)

---------------  T H R E A D  ---------------

Current thread (0x000001af298e1690):  JavaThread "main" [_thread_in_vm, id=7408, stack(0x0000009170700000,0x0000009170800000)]

Stack: [0x0000009170700000,0x0000009170800000]
Native frames: (J=compiled Java code, j=interpreted, Vv=VM code, C=native code)
V  [jvm.dll+0x67cf49]
V  [jvm.dll+0x83478a]
V  [jvm.dll+0x83624e]
V  [jvm.dll+0x8368b3]
V  [jvm.dll+0x247f1f]
V  [jvm.dll+0x83044b]
V  [jvm.dll+0x621776]
V  [jvm.dll+0x1c1fee]
V  [jvm.dll+0x6240d1]
V  [jvm.dll+0x622116]
V  [jvm.dll+0x62c007]
V  [jvm.dll+0x1ebfdb]
V  [jvm.dll+0x1ec515]
V  [jvm.dll+0x1ecfd0]
V  [jvm.dll+0x1e23d1]
V  [jvm.dll+0x54305e]
V  [jvm.dll+0x1f2e27]
V  [jvm.dll+0x7adb8b]
V  [jvm.dll+0x7aef5c]
V  [jvm.dll+0x7af2a8]
V  [jvm.dll+0x2401ee]
V  [jvm.dll+0x382e4e]
C  0x000001af3528ae1b

The last pc belongs to new (printed below).
Java frames: (J=compiled Java code, j=interpreted, Vv=VM code)
j  java.net.URLEncoder.<clinit>()V+0 java.base@17.0.9
v  ~StubRoutines::call_stub
j  java.net.URLDecoder.<clinit>()V+0 java.base@17.0.9
v  ~StubRoutines::call_stub
j  lombok.launch.ShadowClassLoader.urlDecode(Ljava/lang/String;)Ljava/lang/String;+15
j  lombok.launch.ShadowClassLoader.<init>(Ljava/lang/ClassLoader;Ljava/lang/String;Ljava/lang/String;Ljava/util/List;Ljava/util/List;)V+393
j  lombok.launch.Main.getShadowClassLoader()Ljava/lang/ClassLoader;+37
j  lombok.launch.Agent.runLauncher(Ljava/lang/String;Ljava/lang/instrument/Instrumentation;Z)V+0
j  lombok.launch.Agent.premain(Ljava/lang/String;Ljava/lang/instrument/Instrumentation;)V+3
v  ~StubRoutines::call_stub
j  jdk.internal.reflect.NativeMethodAccessorImpl.invoke0(Ljava/lang/reflect/Method;Ljava/lang/Object;[Ljava/lang/Object;)Ljava/lang/Object;+0 java.base@17.0.9
j  jdk.internal.reflect.NativeMethodAccessorImpl.invoke(Ljava/lang/Object;[Ljava/lang/Object;)Ljava/lang/Object;+133 java.base@17.0.9
j  jdk.internal.reflect.DelegatingMethodAccessorImpl.invoke(Ljava/lang/Object;[Ljava/lang/Object;)Ljava/lang/Object;+6 java.base@17.0.9
j  java.lang.reflect.Method.invoke(Ljava/lang/Object;[Ljava/lang/Object;)Ljava/lang/Object;+59 java.base@17.0.9
j  sun.instrument.InstrumentationImpl.loadClassAndStartAgent(Ljava/lang/String;Ljava/lang/String;Ljava/lang/String;)V+166 java.instrument@17.0.9
j  sun.instrument.InstrumentationImpl.loadClassAndCallPremain(Ljava/lang/String;Ljava/lang/String;)V+6 java.instrument@17.0.9
v  ~StubRoutines::call_stub
new  187 new  [0x000001af3528ac80, 0x000001af3528aea0]  544 bytes
[MachCode]
  0x000001af3528ac80: 4883 ec08 | c5fa 1104 | 24eb 1f48 | 83ec 10c5 | fb11 0424 | eb14 4883 | ec10 4889 | 0424 48c7 
  0x000001af3528aca0: 4424 0800 | 0000 00eb | 0150 410f | b755 010f | cac1 ea10 | 488b 4de8 | 488b 4908 | 488b 4908 
  0x000001af3528acc0: 488b 4108 | 807c 1004 | 070f 85d6 | 0000 0066 | 8b54 d148 | 488b 4928 | 488b 4cd1 | 0851 80b9 
  0x000001af3528ace0: 3301 0000 | 040f 85b9 | 0000 008b | 5108 f7c2 | 0100 0000 | 0f85 aa00 | 0000 498b | 8708 0100 
  0x000001af3528ad00: 0048 8d1c | 1049 3b9f | 1801 0000 | 0f87 9200 | 0000 4989 | 9f08 0100 | 00e9 0000 | 0000 4883 
  0x000001af3528ad20: ea10 0f84 | 0f00 0000 | 33c9 c1ea | 0348 894c | d008 48ff | ca75 f648 | c700 0100 | 0000 5933 
  0x000001af3528ad40: f689 700c | 48c1 e903 | 8948 0849 | ba2f 3502 | 18f8 7f00 | 0041 803a | 000f 8440 | 0000 0050 
  0x000001af3528ad60: 488b c848 | 83ec 20f7 | c40f 0000 | 000f 841a | 0000 0048 | 83ec 0849 | bae0 2bb8 | 17f8 7f00 
  0x000001af3528ad80: 0041 ffd2 | 4883 c408 | e90d 0000 | 0049 bae0 | 2bb8 17f8 | 7f00 0041 | ffd2 4883 | c420 58e9 
  0x000001af3528ada0: cd00 0000 | 5948 8b55 | e848 8b52 | 0848 8b52 | 0845 0fb7 | 4501 410f | c841 c1e8 | 10e8 0500 
  0x000001af3528adc0: 0000 e9aa | 0000 0048 | 8d44 2408 | 4c89 6dc0 | 498b cfc5 | f877 4989 | afa8 0200 | 0049 8987 
  0x000001af3528ade0: 9802 0000 | 4883 ec20 | f7c4 0f00 | 0000 0f84 | 1a00 0000 | 4883 ec08 | 49ba 002e | 8217 f87f 
  0x000001af3528ae00: 0000 41ff | d248 83c4 | 08e9 0d00 | 0000 49ba | 002e 8217 | f87f 0000 | 41ff d248 | 83c4 2049 
  0x000001af3528ae20: c787 9802 | 0000 0000 | 0000 49c7 | 87a8 0200 | 0000 0000 | 0049 c787 | a002 0000 | 0000 0000 
  0x000001af3528ae40: c5f8 7749 | 817f 0800 | 0000 000f | 8405 0000 | 00e9 aa60 | feff 498b | 87f0 0200 | 0049 c787 
  0x000001af3528ae60: f002 0000 | 0000 0000 | 4c8b 6dc0 | 4c8b 75c8 | c341 0fb6 | 5d03 4983 | c503 49ba | 909a 0418 
  0x000001af3528ae80: f87f 0000 | 41ff 24da | 0000 0000 | 0000 0000 | 0000 0000 | 0000 0000 | 0000 0000 | 0000 0000 
[/MachCode]

---------------  P R O C E S S  ---------------

Threads class SMR info:
_java_thread_list=0x000001af4497bb20, length=11, elements={
0x000001af298e1690, 0x000001af3f6b4030, 0x000001af299894c0, 0x000001af3f6ba4d0,
0x000001af3f6bada0, 0x000001af3f6bbf10, 0x000001af3f6be7f0, 0x000001af44817e50,
0x000001af44826340, 0x000001af44827840, 0x000001af4497c1a0
}

Java Threads: ( => current thread )
=>0x000001af298e1690 JavaThread "main" [_thread_in_vm, id=7408, stack(0x0000009170700000,0x0000009170800000)]
  0x000001af3f6b4030 JavaThread "Reference Handler" daemon [_thread_blocked, id=3828, stack(0x0000009170a00000,0x0000009170b00000)]
  0x000001af299894c0 JavaThread "Finalizer" daemon [_thread_blocked, id=7136, stack(0x0000009170b00000,0x0000009170c00000)]
  0x000001af3f6ba4d0 JavaThread "Signal Dispatcher" daemon [_thread_blocked, id=23588, stack(0x0000009170c00000,0x0000009170d00000)]
  0x000001af3f6bada0 JavaThread "Attach Listener" daemon [_thread_blocked, id=29892, stack(0x0000009170d00000,0x0000009170e00000)]
  0x000001af3f6bbf10 JavaThread "Service Thread" daemon [_thread_blocked, id=27264, stack(0x0000009170e00000,0x0000009170f00000)]
  0x000001af3f6be7f0 JavaThread "Monitor Deflation Thread" daemon [_thread_blocked, id=27872, stack(0x0000009170f00000,0x0000009171000000)]
  0x000001af44817e50 JavaThread "C2 CompilerThread0" daemon [_thread_blocked, id=26000, stack(0x0000009171000000,0x0000009171100000)]
  0x000001af44826340 JavaThread "C1 CompilerThread0" daemon [_thread_blocked, id=27388, stack(0x0000009171100000,0x0000009171200000)]
  0x000001af44827840 JavaThread "Sweeper thread" daemon [_thread_blocked, id=25716, stack(0x0000009171200000,0x0000009171300000)]
  0x000001af4497c1a0 JavaThread "Common-Cleaner" daemon [_thread_blocked, id=7132, stack(0x0000009171300000,0x0000009171400000)]

Other Threads:
  0x000001af299668a0 VMThread "VM Thread" [stack: 0x0000009170900000,0x0000009170a00000] [id=7912]
  0x000001af298f6e10 GCTaskThread "GC Thread#0" [stack: 0x0000009170800000,0x0000009170900000] [id=26236]

Threads with active compile tasks:

VM state: not at safepoint (normal execution)

VM Mutex/Monitor currently owned by a thread:  ([mutex/lock_event])
[0x000001af298dc290] Metaspace_lock - owner thread: 0x000001af298e1690

Heap address: 0x00000000c0000000, size: 1024 MB, Compressed Oops mode: 32-bit

CDS archive(s) not mapped
Compressed class space mapped at: 0x0000000100000000-0x0000000140000000, reserved size: 1073741824
Narrow klass base: 0x0000000000000000, Narrow klass shift: 3, Narrow klass range: 0x140000000

GC Precious Log:
 CPUs: 12 total, 12 available
 Memory: 6005M
 Large Page Support: Disabled
 NUMA Support: Disabled
 Compressed Oops: Enabled (32-bit)
 Alignments: Space 512K, Generation 512K, Heap 2M
 Heap Min Capacity: 100M
 Heap Initial Capacity: 100M
 Heap Max Capacity: 1G
 Pre-touch: Disabled
 Parallel Workers: 10

Heap:
 PSYoungGen      total 29696K, used 3093K [0x00000000eab00000, 0x00000000ecc00000, 0x0000000100000000)
  eden space 25600K, 12% used [0x00000000eab00000,0x00000000eae05488,0x00000000ec400000)
  from space 4096K, 0% used [0x00000000ec800000,0x00000000ec800000,0x00000000ecc00000)
  to   space 4096K, 0% used [0x00000000ec400000,0x00000000ec400000,0x00000000ec800000)
 ParOldGen       total 68608K, used 0K [0x00000000c0000000, 0x00000000c4300000, 0x00000000eab00000)
  object space 68608K, 0% used [0x00000000c0000000,0x00000000c0000000,0x00000000c4300000)
 Metaspace       used 5701K, committed 5824K, reserved 1114112K
  class space    used 547K, committed 640K, reserved 1048576K

Card table byte_map: [0x000001af3cf30000,0x000001af3d140000] _byte_map_base: 0x000001af3c930000

Marking Bits: (ParMarkBitMap*) 0x00007ff81803d0b0
 Begin Bits: [0x000001af3d2a0000, 0x000001af3e2a0000)
 End Bits:   [0x000001af3e2a0000, 0x000001af3f2a0000)

Polling page: 0x000001af2dd20000

Metaspace:

Usage:
  Non-class:      5.03 MB used.
      Class:    547.44 KB used.
       Both:      5.57 MB used.

Virtual space:
  Non-class space:       64.00 MB reserved,       5.06 MB (  8%) committed,  1 nodes.
      Class space:        1.00 GB reserved,     640.00 KB ( <1%) committed,  1 nodes.
             Both:        1.06 GB reserved,       5.69 MB ( <1%) committed. 

Chunk freelists:
   Non-Class:  10.46 MB
       Class:  15.25 MB
        Both:  25.71 MB

MaxMetaspaceSize: unlimited
CompressedClassSpaceSize: 1.00 GB
Initial GC threshold: 21.00 MB
Current GC threshold: 21.00 MB
CDS: off
MetaspaceReclaimPolicy: balanced
 - commit_granule_bytes: 65536.
 - commit_granule_words: 8192.
 - virtual_space_node_default_size: 8388608.
 - enlarge_chunks_in_place: 1.
 - new_chunks_are_fully_committed: 0.
 - uncommit_free_chunks: 1.
 - use_allocation_guard: 0.
 - handle_deallocations: 1.


Internal statistics:

num_allocs_failed_limit: 0.
num_arena_births: 8.
num_arena_deaths: 0.
num_vsnodes_births: 2.
num_vsnodes_deaths: 0.
num_space_committed: 91.
num_space_uncommitted: 0.
num_chunks_returned_to_freelist: 0.
num_chunks_taken_from_freelist: 21.
num_chunk_merges: 0.
num_chunk_splits: 10.
num_chunks_enlarged: 6.
num_inconsistent_stats: 0.

CodeHeap 'non-profiled nmethods': size=120000Kb used=69Kb max_used=69Kb free=119930Kb
 bounds [0x000001af35810000, 0x000001af35a80000, 0x000001af3cd40000]
CodeHeap 'profiled nmethods': size=120000Kb used=268Kb max_used=268Kb free=119731Kb
 bounds [0x000001af2dd40000, 0x000001af2dfb0000, 0x000001af35270000]
CodeHeap 'non-nmethods': size=5760Kb used=1094Kb max_used=1107Kb free=4665Kb
 bounds [0x000001af35270000, 0x000001af354e0000, 0x000001af35810000]
 total_blobs=611 nmethods=239 adapters=287
 compilation: enabled
              stopped_count=0, restarted_count=0
 full_count=0

Compilation events (20 events):
Event: 0.193 Thread 0x000001af44826340 nmethod 225 0x000001af2dd7f910 code [0x000001af2dd7faa0, 0x000001af2dd7fbb8]
Event: 0.193 Thread 0x000001af44826340  226   !   3       jdk.internal.misc.ScopedMemoryAccess::getByte (20 bytes)
Event: 0.193 Thread 0x000001af44817e50 nmethod 229 0x000001af3581fe90 code [0x000001af35820000, 0x000001af35820058]
Event: 0.193 Thread 0x000001af44826340 nmethod 226 0x000001af2dd7fc90 code [0x000001af2dd7fe60, 0x000001af2dd80298]
Event: 0.193 Thread 0x000001af44826340  231       3       jdk.internal.jimage.ImageStringsReader::unmaskedHashCode (166 bytes)
Event: 0.193 Thread 0x000001af44826340 nmethod 231 0x000001af2dd80490 code [0x000001af2dd806e0, 0x000001af2dd812b8]
Event: 0.194 Thread 0x000001af44826340  227   !   3       jdk.internal.misc.ScopedMemoryAccess::getByteInternal (36 bytes)
Event: 0.194 Thread 0x000001af44826340 nmethod 227 0x000001af2dd81790 code [0x000001af2dd81940, 0x000001af2dd81ba8]
Event: 0.194 Thread 0x000001af44826340  230       1       java.nio.Buffer::limit (5 bytes)
Event: 0.194 Thread 0x000001af44826340 nmethod 230 0x000001af35820190 code [0x000001af35820320, 0x000001af358203f8]
Event: 0.194 Thread 0x000001af44826340  232       3       java.lang.Class::getName (18 bytes)
Event: 0.194 Thread 0x000001af44826340 nmethod 232 0x000001af2dd81d10 code [0x000001af2dd81ec0, 0x000001af2dd82048]
Event: 0.194 Thread 0x000001af44826340  234       3       java.util.Arrays::copyOf (19 bytes)
Event: 0.194 Thread 0x000001af44826340 nmethod 234 0x000001af2dd82110 code [0x000001af2dd822c0, 0x000001af2dd825a8]
Event: 0.194 Thread 0x000001af44826340  235       3       java.lang.invoke.MethodType::checkSlotCount (33 bytes)
Event: 0.194 Thread 0x000001af44817e50  238       4       java.util.Objects::requireNonNull (14 bytes)
Event: 0.195 Thread 0x000001af44826340 nmethod 235 0x000001af2dd82710 code [0x000001af2dd82940, 0x000001af2dd82fd8]
Event: 0.195 Thread 0x000001af44826340  236       1       java.lang.invoke.MethodType$ConcurrentWeakInternSet$WeakEntry::hashCode (5 bytes)
Event: 0.195 Thread 0x000001af44826340 nmethod 236 0x000001af35821090 code [0x000001af35821220, 0x000001af358212f8]
Event: 0.195 Thread 0x000001af44817e50 nmethod 238 0x000001af35821390 code [0x000001af35821500, 0x000001af35821578]

GC Heap History (0 events):
No events

Dll operation events (7 events):
Event: 0.010 Loaded shared library c:\Users\samue\.vscode\extensions\redhat.java-1.26.0-win32-x64\jre\17.0.9-win32-x86_64\bin\java.dll
Event: 0.154 Loaded shared library c:\Users\samue\.vscode\extensions\redhat.java-1.26.0-win32-x64\jre\17.0.9-win32-x86_64\bin\zip.dll
Event: 0.158 Loaded shared library C:\Users\samue\.vscode\extensions\redhat.java-1.26.0-win32-x64\jre\17.0.9-win32-x86_64\bin\instrument.dll
Event: 0.169 Loaded shared library C:\Users\samue\.vscode\extensions\redhat.java-1.26.0-win32-x64\jre\17.0.9-win32-x86_64\bin\net.dll
Event: 0.171 Loaded shared library C:\Users\samue\.vscode\extensions\redhat.java-1.26.0-win32-x64\jre\17.0.9-win32-x86_64\bin\nio.dll
Event: 0.176 Loaded shared library C:\Users\samue\.vscode\extensions\redhat.java-1.26.0-win32-x64\jre\17.0.9-win32-x86_64\bin\zip.dll
Event: 0.190 Loaded shared library C:\Users\samue\.vscode\extensions\redhat.java-1.26.0-win32-x64\jre\17.0.9-win32-x86_64\bin\jimage.dll

Deoptimization events (0 events):
No events

Classes unloaded (0 events):
No events

Classes redefined (0 events):
No events

Internal exceptions (1 events):
Event: 0.133 Thread 0x000001af298e1690 Exception <a 'java/lang/NoSuchMethodError'{0x00000000eacb26e0}: 'void java.lang.invoke.DirectMethodHandle$Holder.invokeStatic(java.lang.Object, java.lang.Object, java.lang.Object)'> (0x00000000eacb26e0) 
thrown [s\src\hotspot\share\interpreter\linkResolver.cpp, line 759]

VM Operations (2 events):
Event: 0.138 Executing VM operation: HandshakeAllThreads
Event: 0.138 Executing VM operation: HandshakeAllThreads done

Events (20 events):
Event: 0.195 loading class java/util/regex/Pattern$Slice done
Event: 0.195 loading class java/util/regex/Pattern$Begin
Event: 0.195 loading class java/util/regex/Pattern$Begin done
Event: 0.195 loading class java/util/regex/Pattern$First
Event: 0.195 loading class java/util/regex/Pattern$First done
Event: 0.195 loading class java/util/regex/Pattern$Start
Event: 0.195 loading class java/util/regex/Pattern$Start done
Event: 0.195 loading class java/util/regex/Pattern$TreeInfo
Event: 0.195 loading class java/util/regex/Pattern$TreeInfo done
Event: 0.195 loading class java/util/regex/Matcher
Event: 0.195 loading class java/util/regex/MatchResult
Event: 0.195 loading class java/util/regex/MatchResult done
Event: 0.195 loading class java/util/regex/Matcher done
Event: 0.195 loading class java/util/regex/IntHashSet
Event: 0.195 loading class java/util/regex/IntHashSet done
Event: 0.195 loading class java/net/URLDecoder
Event: 0.195 loading class java/net/URLDecoder done
Event: 0.195 loading class java/net/URLEncoder
Event: 0.196 loading class java/net/URLEncoder done
Event: 0.196 loading class java/util/BitSet


Dynamic libraries:
0x00007ff73bf00000 - 0x00007ff73bf0e000 	c:\Users\samue\.vscode\extensions\redhat.java-1.26.0-win32-x64\jre\17.0.9-win32-x86_64\bin\java.exe
0x00007ff907ab0000 - 0x00007ff907cc7000 	C:\WINDOWS\SYSTEM32\ntdll.dll
0x00007ff905980000 - 0x00007ff905a44000 	C:\WINDOWS\System32\KERNEL32.DLL
0x00007ff9051f0000 - 0x00007ff905596000 	C:\WINDOWS\System32\KERNELBASE.dll
0x00007ff9055a0000 - 0x00007ff9056b1000 	C:\WINDOWS\System32\ucrtbase.dll
0x00007ff8c6360000 - 0x00007ff8c6377000 	c:\Users\samue\.vscode\extensions\redhat.java-1.26.0-win32-x64\jre\17.0.9-win32-x86_64\bin\jli.dll
0x00007ff8dbbc0000 - 0x00007ff8dbbdb000 	c:\Users\samue\.vscode\extensions\redhat.java-1.26.0-win32-x64\jre\17.0.9-win32-x86_64\bin\VCRUNTIME140.dll
0x00007ff906100000 - 0x00007ff9062ae000 	C:\WINDOWS\System32\USER32.dll
0x00007ff8f2e70000 - 0x00007ff8f3103000 	C:\WINDOWS\WinSxS\amd64_microsoft.windows.common-controls_6595b64144ccf1df_6.0.22621.2506_none_270c5ae97388e100\COMCTL32.dll
0x00007ff904e20000 - 0x00007ff904e46000 	C:\WINDOWS\System32\win32u.dll
0x00007ff905ac0000 - 0x00007ff905b67000 	C:\WINDOWS\System32\msvcrt.dll
0x00007ff905fa0000 - 0x00007ff905fc9000 	C:\WINDOWS\System32\GDI32.dll
0x00007ff9050d0000 - 0x00007ff9051e8000 	C:\WINDOWS\System32\gdi32full.dll
0x00007ff904fc0000 - 0x00007ff90505a000 	C:\WINDOWS\System32\msvcp_win.dll
0x00007ff9062b0000 - 0x00007ff9062e1000 	C:\WINDOWS\System32\IMM32.DLL
0x00007ff8dc2b0000 - 0x00007ff8dc2bc000 	c:\Users\samue\.vscode\extensions\redhat.java-1.26.0-win32-x64\jre\17.0.9-win32-x86_64\bin\vcruntime140_1.dll
0x00007ff881150000 - 0x00007ff8811dd000 	c:\Users\samue\.vscode\extensions\redhat.java-1.26.0-win32-x64\jre\17.0.9-win32-x86_64\bin\msvcp140.dll
0x00007ff8174a0000 - 0x00007ff818101000 	c:\Users\samue\.vscode\extensions\redhat.java-1.26.0-win32-x64\jre\17.0.9-win32-x86_64\bin\server\jvm.dll
0x00007ff906320000 - 0x00007ff9063d1000 	C:\WINDOWS\System32\ADVAPI32.dll
0x00007ff9079c0000 - 0x00007ff907a65000 	C:\WINDOWS\System32\sechost.dll
0x00007ff905fd0000 - 0x00007ff9060e7000 	C:\WINDOWS\System32\RPCRT4.dll
0x00007ff904780000 - 0x00007ff9047cd000 	C:\WINDOWS\SYSTEM32\POWRPROF.dll
0x00007ff8fd410000 - 0x00007ff8fd444000 	C:\WINDOWS\SYSTEM32\WINMM.dll
0x00007ff8e5a10000 - 0x00007ff8e5a19000 	C:\WINDOWS\SYSTEM32\WSOCK32.dll
0x00007ff8f8dc0000 - 0x00007ff8f8dca000 	C:\WINDOWS\SYSTEM32\VERSION.dll
0x00007ff905b70000 - 0x00007ff905be1000 	C:\WINDOWS\System32\WS2_32.dll
0x00007ff9046f0000 - 0x00007ff904703000 	C:\WINDOWS\SYSTEM32\UMPDC.dll
0x00007ff903df0000 - 0x00007ff903e08000 	C:\WINDOWS\SYSTEM32\kernel.appcore.dll
0x00007ff8dbd90000 - 0x00007ff8dbd9a000 	c:\Users\samue\.vscode\extensions\redhat.java-1.26.0-win32-x64\jre\17.0.9-win32-x86_64\bin\jimage.dll
0x00007ff902720000 - 0x00007ff902953000 	C:\WINDOWS\SYSTEM32\DBGHELP.DLL
0x00007ff907120000 - 0x00007ff9074a9000 	C:\WINDOWS\System32\combase.dll
0x00007ff905dc0000 - 0x00007ff905e97000 	C:\WINDOWS\System32\OLEAUT32.dll
0x00007ff8e07f0000 - 0x00007ff8e0822000 	C:\WINDOWS\SYSTEM32\dbgcore.DLL
0x00007ff9056c0000 - 0x00007ff90573a000 	C:\WINDOWS\System32\bcryptPrimitives.dll
0x00007ff8dbb50000 - 0x00007ff8dbb5e000 	c:\Users\samue\.vscode\extensions\redhat.java-1.26.0-win32-x64\jre\17.0.9-win32-x86_64\bin\instrument.dll
0x00007ff8bafa0000 - 0x00007ff8bafc5000 	c:\Users\samue\.vscode\extensions\redhat.java-1.26.0-win32-x64\jre\17.0.9-win32-x86_64\bin\java.dll
0x00007ff8c5880000 - 0x00007ff8c5898000 	c:\Users\samue\.vscode\extensions\redhat.java-1.26.0-win32-x64\jre\17.0.9-win32-x86_64\bin\zip.dll
0x00007ff9063f0000 - 0x00007ff906c4a000 	C:\WINDOWS\System32\SHELL32.dll
0x00007ff902cf0000 - 0x00007ff9035e6000 	C:\WINDOWS\SYSTEM32\windows.storage.dll
0x00007ff902bb0000 - 0x00007ff902cee000 	C:\WINDOWS\SYSTEM32\wintypes.dll
0x00007ff9074b0000 - 0x00007ff9075a3000 	C:\WINDOWS\System32\SHCORE.dll
0x00007ff905920000 - 0x00007ff90597e000 	C:\WINDOWS\System32\shlwapi.dll
0x00007ff904d50000 - 0x00007ff904d76000 	C:\WINDOWS\SYSTEM32\profapi.dll
0x00007ff8c2a60000 - 0x00007ff8c2a79000 	C:\Users\samue\.vscode\extensions\redhat.java-1.26.0-win32-x64\jre\17.0.9-win32-x86_64\bin\net.dll
0x00007ff8fdf50000 - 0x00007ff8fe087000 	C:\WINDOWS\SYSTEM32\WINHTTP.dll
0x00007ff9042a0000 - 0x00007ff904309000 	C:\WINDOWS\system32\mswsock.dll
0x00007ff8c0020000 - 0x00007ff8c0036000 	C:\Users\samue\.vscode\extensions\redhat.java-1.26.0-win32-x64\jre\17.0.9-win32-x86_64\bin\nio.dll

dbghelp: loaded successfully - version: 4.0.5 - missing functions: none
symbol engine: initialized successfully - sym options: 0x614 - pdb path: .;c:\Users\samue\.vscode\extensions\redhat.java-1.26.0-win32-x64\jre\17.0.9-win32-x86_64\bin;C:\WINDOWS\SYSTEM32;C:\WINDOWS\WinSxS\amd64_microsoft.windows.common-controls_6595b64144ccf1df_6.0.22621.2506_none_270c5ae97388e100;c:\Users\samue\.vscode\extensions\redhat.java-1.26.0-win32-x64\jre\17.0.9-win32-x86_64\bin\server

VM Arguments:
jvm_args: --add-modules=ALL-SYSTEM --add-opens=java.base/java.util=ALL-UNNAMED --add-opens=java.base/java.lang=ALL-UNNAMED --add-opens=java.base/sun.nio.fs=ALL-UNNAMED -Declipse.application=org.eclipse.jdt.ls.core.id1 -Dosgi.bundles.defaultStartLevel=4 -Declipse.product=org.eclipse.jdt.ls.core.product -Djava.import.generatesMetadataFilesAtProjectRoot=false -DDetectVMInstallationsJob.disabled=true -Dfile.encoding=utf8 -XX:+UseParallelGC -XX:GCTimeRatio=4 -XX:AdaptiveSizePolicyWeight=90 -Dsun.zip.disableMemoryMapping=true -Xmx1G -Xms100m -Xlog:disable -javaagent:c:\Users\samue\.vscode\extensions\redhat.java-1.26.0-win32-x64\lombok\lombok-1.18.31-3454.jar 
java_command: c:\Users\samue\.vscode\extensions\redhat.java-1.26.0-win32-x64\server\plugins\org.eclipse.equinox.launcher_1.6.700.v20231214-2017.jar -configuration c:\Users\samue\AppData\Roaming\Code\User\globalStorage\redhat.java\1.26.0\config_ss_win -data c:\Users\samue\AppData\Roaming\Code\User\workspaceStorage\56351bc7bcbd1d74bf766ebbbfb55092\redhat.java\ss_ws --stdio
java_class_path (initial): c:\Users\samue\.vscode\extensions\redhat.java-1.26.0-win32-x64\server\plugins\org.eclipse.equinox.launcher_1.6.700.v20231214-2017.jar
Launcher Type: SUN_STANDARD

[Global flags]
    uintx AdaptiveSizePolicyWeight                 = 90                                        {product} {command line}
     intx CICompilerCount                          = 4                                         {product} {ergonomic}
    uintx GCTimeRatio                              = 4                                         {product} {command line}
   size_t InitialHeapSize                          = 104857600                                 {product} {command line}
   size_t MaxHeapSize                              = 1073741824                                {product} {command line}
   size_t MaxNewSize                               = 357564416                                 {product} {ergonomic}
   size_t MinHeapDeltaBytes                        = 524288                                    {product} {ergonomic}
   size_t MinHeapSize                              = 104857600                                 {product} {command line}
   size_t NewSize                                  = 34603008                                  {product} {ergonomic}
    uintx NonNMethodCodeHeapSize                   = 5839372                                {pd product} {ergonomic}
    uintx NonProfiledCodeHeapSize                  = 122909434                              {pd product} {ergonomic}
   size_t OldSize                                  = 70254592                                  {product} {ergonomic}
    uintx ProfiledCodeHeapSize                     = 122909434                              {pd product} {ergonomic}
    uintx ReservedCodeCacheSize                    = 251658240                              {pd product} {ergonomic}
     bool SegmentedCodeCache                       = true                                      {product} {ergonomic}
   size_t SoftMaxHeapSize                          = 1073741824                             {manageable} {ergonomic}
     bool UseCompressedClassPointers               = true                           {product lp64_product} {ergonomic}
     bool UseCompressedOops                        = true                           {product lp64_product} {ergonomic}
     bool UseLargePagesIndividualAllocation        = false                                  {pd product} {ergonomic}
     bool UseParallelGC                            = true                                      {product} {command line}

Logging:
Log output configuration:
 #0: stdout all=off uptime,level,tags
 #1: stderr all=off uptime,level,tags

Environment Variables:
JAVA_HOME=C:\Program Files\Java\jdk-17
PATH=C:\Program Files\Eclipse Adoptium\jdk-17.0.9.9-hotspot\bin;C:\Program Files\Common Files\Oracle\Java\javapath;C:\Program Files (x86)\Common Files\Oracle\Java\javapath;C:\WINDOWS\system32;C:\WINDOWS;C:\WINDOWS\System32\Wbem;C:\WINDOWS\System32\WindowsPowerShell\v1.0\;C:\WINDOWS\System32\OpenSSH\;C:\Program Files\Git\cmd;C:\Program Files\dotnet\;C:\Program Files\apache-maven-3.8.8\bin;C:\Program Files\Docker\Docker\resources\bin;C:\Program Files\PuTTY\;C:\Program Files\Java\jdk-17\bin;C:\Program Files\MySQL\MySQL Shell 8.0\bin\;C:\Users\samue\AppData\Local\Microsoft\WindowsApps;C:\Program Files\JetBrains\IntelliJ IDEA Community Edition 2021.2.2\bin;;C:\Users\samue\AppData\Local\Programs\Microsoft VS Code\bin;C:\Program Files\CodeBlocks\MinGW\bin;C:\MinGW\bin;C:\Program Files\javafx-sdk-17.0.0.1\lib;C:\Users\samue\AppData\Local\GitHubDesktop\bin;C:\Users\samue\AppData\Local\Google\Cloud SDK\google-cloud-sdk\bin;C:\Program Files\Java\jdk-17\bin;
USERNAME=samue
OS=Windows_NT
PROCESSOR_IDENTIFIER=AMD64 Family 23 Model 104 Stepping 1, AuthenticAMD
TMP=C:\Users\samue\AppData\Local\Temp
TEMP=C:\Users\samue\AppData\Local\Temp



Periodic native trim disabled


---------------  S Y S T E M  ---------------

OS:
 Windows 11 , 64 bit Build 22621 (10.0.22621.2506)
OS uptime: 4 days 22:41 hours
Hyper-V role detected

CPU: total 12 (initial active 12) (12 cores per cpu, 2 threads per core) family 23 model 104 stepping 1 microcode 0x0, cx8, cmov, fxsr, ht, mmx, 3dnowpref, sse, sse2, sse3, ssse3, sse4a, sse4.1, sse4.2, popcnt, lzcnt, tsc, tscinvbit, avx, avx2, aes, clmul, bmi1, bmi2, adx, sha, fma, vzeroupper, clflush, clflushopt, hv
Processor Information for processor 0
  Max Mhz: 2100, Current Mhz: 2100, Mhz Limit: 2100
Processor Information for processor 1
  Max Mhz: 2100, Current Mhz: 1988, Mhz Limit: 2100
Processor Information for processor 2
  Max Mhz: 2100, Current Mhz: 1988, Mhz Limit: 2100
Processor Information for processor 3
  Max Mhz: 2100, Current Mhz: 2100, Mhz Limit: 2100
Processor Information for processor 4
  Max Mhz: 2100, Current Mhz: 2100, Mhz Limit: 2100
Processor Information for processor 5
  Max Mhz: 2100, Current Mhz: 1988, Mhz Limit: 2100
Processor Information for processor 6
  Max Mhz: 2100, Current Mhz: 1988, Mhz Limit: 2100
Processor Information for processor 7
  Max Mhz: 2100, Current Mhz: 2100, Mhz Limit: 2100
Processor Information for processor 8
  Max Mhz: 2100, Current Mhz: 1988, Mhz Limit: 2100
Processor Information for processor 9
  Max Mhz: 2100, Current Mhz: 2100, Mhz Limit: 2100
Processor Information for processor 10
  Max Mhz: 2100, Current Mhz: 2100, Mhz Limit: 2100
Processor Information for processor 11
  Max Mhz: 2100, Current Mhz: 1988, Mhz Limit: 2100

Memory: 4k page, system-wide physical 6005M (328M free)
TotalPageFile size 24437M (AvailPageFile size 0M)
current process WorkingSet (physical memory assigned to process): 33M, peak: 33M
current process commit charge ("private bytes"): 191M, peak: 191M

vm_info: OpenJDK 64-Bit Server VM (17.0.9+9) for windows-amd64 JRE (17.0.9+9), built on Oct 26 2023 14:01:42 by "admin" with MS VC++ 16.10 / 16.11 (VS2019)

END.
